[2024-09-12T09:56:40.063+0000] {taskinstance.py:1979} INFO - Dependencies all met for dep_context=non-requeueable deps ti=<TaskInstance: shopeefood_crawl_and_report.crawl_list_restaurant manual__2024-09-12T09:56:38.509424+00:00 [queued]>
[2024-09-12T09:56:40.073+0000] {taskinstance.py:1979} INFO - Dependencies all met for dep_context=requeueable deps ti=<TaskInstance: shopeefood_crawl_and_report.crawl_list_restaurant manual__2024-09-12T09:56:38.509424+00:00 [queued]>
[2024-09-12T09:56:40.074+0000] {taskinstance.py:2193} INFO - Starting attempt 1 of 2
[2024-09-12T09:56:40.088+0000] {taskinstance.py:2217} INFO - Executing <Task(PythonOperator): crawl_list_restaurant> on 2024-09-12 09:56:38.509424+00:00
[2024-09-12T09:56:40.094+0000] {standard_task_runner.py:60} INFO - Started process 4028 to run task
[2024-09-12T09:56:40.097+0000] {standard_task_runner.py:87} INFO - Running: ['***', 'tasks', 'run', 'shopeefood_crawl_and_report', 'crawl_list_restaurant', 'manual__2024-09-12T09:56:38.509424+00:00', '--job-id', '56', '--raw', '--subdir', 'DAGS_FOLDER/main_dag.py', '--cfg-path', '/tmp/tmpdzfwxr2k']
[2024-09-12T09:56:40.099+0000] {standard_task_runner.py:88} INFO - Job 56: Subtask crawl_list_restaurant
[2024-09-12T09:56:40.150+0000] {task_command.py:423} INFO - Running <TaskInstance: shopeefood_crawl_and_report.crawl_list_restaurant manual__2024-09-12T09:56:38.509424+00:00 [running]> on host cde7247848aa
[2024-09-12T09:56:40.224+0000] {taskinstance.py:2513} INFO - Exporting env vars: AIRFLOW_CTX_DAG_OWNER='***' AIRFLOW_CTX_DAG_ID='shopeefood_crawl_and_report' AIRFLOW_CTX_TASK_ID='crawl_list_restaurant' AIRFLOW_CTX_EXECUTION_DATE='2024-09-12T09:56:38.509424+00:00' AIRFLOW_CTX_TRY_NUMBER='1' AIRFLOW_CTX_DAG_RUN_ID='manual__2024-09-12T09:56:38.509424+00:00'
[2024-09-12T09:56:53.586+0000] {logging_mixin.py:188} INFO - Lỗi khi chờ đợi sản phẩm: Message:
[2024-09-12T09:56:53.625+0000] {logging_mixin.py:188} INFO - Lỗi khi chuyển trang hoặc crawl trang: Message: no such element: Unable to locate element: {"method":"css selector","selector":"a[href="#"] .icon-paging-next"}
  (Session info: headless chrome=117.0.5938.132); For documentation on this error, please visit: https://www.selenium.dev/documentation/webdriver/troubleshooting/errors#no-such-element-exception
Stacktrace:
#0 0x55a8f6dae6b3 <unknown>
#1 0x55a8f6a841e7 <unknown>
#2 0x55a8f6acb566 <unknown>
#3 0x55a8f6acb651 <unknown>
#4 0x55a8f6b08a74 <unknown>
#5 0x55a8f6aed0ed <unknown>
#6 0x55a8f6b06322 <unknown>
#7 0x55a8f6aece93 <unknown>
#8 0x55a8f6abf934 <unknown>
#9 0x55a8f6ac071e <unknown>
#10 0x55a8f6d73cb8 <unknown>
#11 0x55a8f6d77bf0 <unknown>
#12 0x55a8f6d8219c <unknown>
#13 0x55a8f6d78808 <unknown>
#14 0x55a8f6d4527f <unknown>
#15 0x55a8f6d9ce88 <unknown>
#16 0x55a8f6d9d059 <unknown>
#17 0x55a8f6dad843 <unknown>
#18 0x7fdeb94d0609 start_thread
[2024-09-12T09:56:53.713+0000] {python.py:202} INFO - Done. Returned value was: []
[2024-09-12T09:56:53.838+0000] {taskinstance.py:1149} INFO - Marking task as SUCCESS. dag_id=shopeefood_crawl_and_report, task_id=crawl_list_restaurant, execution_date=20240912T095638, start_date=20240912T095640, end_date=20240912T095653
[2024-09-12T09:56:53.873+0000] {local_task_job_runner.py:234} INFO - Task exited with return code 0
[2024-09-12T09:56:53.892+0000] {taskinstance.py:3312} INFO - 1 downstream tasks scheduled from follow-on schedule check
