[2024-09-12T09:03:34.173+0000] {taskinstance.py:1979} INFO - Dependencies all met for dep_context=non-requeueable deps ti=<TaskInstance: shopeefood_crawl_and_report.process_report manual__2024-09-12T09:01:18.380693+00:00 [queued]>
[2024-09-12T09:03:34.182+0000] {taskinstance.py:1979} INFO - Dependencies all met for dep_context=requeueable deps ti=<TaskInstance: shopeefood_crawl_and_report.process_report manual__2024-09-12T09:01:18.380693+00:00 [queued]>
[2024-09-12T09:03:34.183+0000] {taskinstance.py:2193} INFO - Starting attempt 1 of 2
[2024-09-12T09:03:34.195+0000] {taskinstance.py:2217} INFO - Executing <Task(PythonOperator): process_report> on 2024-09-12 09:01:18.380693+00:00
[2024-09-12T09:03:34.201+0000] {standard_task_runner.py:60} INFO - Started process 816 to run task
[2024-09-12T09:03:34.203+0000] {standard_task_runner.py:87} INFO - Running: ['***', 'tasks', 'run', 'shopeefood_crawl_and_report', 'process_report', 'manual__2024-09-12T09:01:18.380693+00:00', '--job-id', '16', '--raw', '--subdir', 'DAGS_FOLDER/main_dag.py', '--cfg-path', '/tmp/tmpcvtie8wr']
[2024-09-12T09:03:34.206+0000] {standard_task_runner.py:88} INFO - Job 16: Subtask process_report
[2024-09-12T09:03:34.251+0000] {task_command.py:423} INFO - Running <TaskInstance: shopeefood_crawl_and_report.process_report manual__2024-09-12T09:01:18.380693+00:00 [running]> on host cde7247848aa
[2024-09-12T09:03:34.318+0000] {taskinstance.py:2513} INFO - Exporting env vars: AIRFLOW_CTX_DAG_OWNER='***' AIRFLOW_CTX_DAG_ID='shopeefood_crawl_and_report' AIRFLOW_CTX_TASK_ID='process_report' AIRFLOW_CTX_EXECUTION_DATE='2024-09-12T09:01:18.380693+00:00' AIRFLOW_CTX_TRY_NUMBER='1' AIRFLOW_CTX_DAG_RUN_ID='manual__2024-09-12T09:01:18.380693+00:00'
[2024-09-12T09:03:34.507+0000] {python.py:202} INFO - Done. Returned value was:            Khu vực  ...  Khoảng giá trung bình (Vnđ)
0.0        Ba Đình  ...             17,800 - 155,800
1.0    Bắc Từ Liêm  ...              22,000 - 50,000
2.0       Cầu Giấy  ...              27,571 - 80,714
3.0   Hai Bà Trưng  ...             36,800 - 304,000
4.0       Hoài Đức  ...              17,500 - 35,000
5.0      Hoàn Kiếm  ...              20,000 - 50,000
6.0      Hoàng Mai  ...              19,500 - 57,500
7.0        Hà Đông  ...             33,500 - 115,833
8.0      Long Biên  ...              30,000 - 50,000
9.0    Nam Từ Liêm  ...             24,250 - 342,250
10.0     Thanh Trì  ...             28,000 - 150,000
11.0    Thanh Xuân  ...              37,500 - 75,000
NaN         Tây Hồ  ...                          NaN
12.0       Đống Đa  ...             25,714 - 115,714

[14 rows x 5 columns]
[2024-09-12T09:03:34.560+0000] {taskinstance.py:1149} INFO - Marking task as SUCCESS. dag_id=shopeefood_crawl_and_report, task_id=process_report, execution_date=20240912T090118, start_date=20240912T090334, end_date=20240912T090334
[2024-09-12T09:03:34.618+0000] {local_task_job_runner.py:234} INFO - Task exited with return code 0
[2024-09-12T09:03:34.646+0000] {taskinstance.py:3312} INFO - 1 downstream tasks scheduled from follow-on schedule check
