[2024-09-12T14:40:56.049+0000] {taskinstance.py:1979} INFO - Dependencies all met for dep_context=non-requeueable deps ti=<TaskInstance: shopeefood_crawl_and_report.crawl_list_restaurant manual__2024-09-12T14:40:54.271983+00:00 [queued]>
[2024-09-12T14:40:56.058+0000] {taskinstance.py:1979} INFO - Dependencies all met for dep_context=requeueable deps ti=<TaskInstance: shopeefood_crawl_and_report.crawl_list_restaurant manual__2024-09-12T14:40:54.271983+00:00 [queued]>
[2024-09-12T14:40:56.059+0000] {taskinstance.py:2193} INFO - Starting attempt 1 of 2
[2024-09-12T14:40:56.076+0000] {taskinstance.py:2217} INFO - Executing <Task(PythonOperator): crawl_list_restaurant> on 2024-09-12 14:40:54.271983+00:00
[2024-09-12T14:40:56.084+0000] {standard_task_runner.py:60} INFO - Started process 15982 to run task
[2024-09-12T14:40:56.087+0000] {standard_task_runner.py:87} INFO - Running: ['***', 'tasks', 'run', 'shopeefood_crawl_and_report', 'crawl_list_restaurant', 'manual__2024-09-12T14:40:54.271983+00:00', '--job-id', '103', '--raw', '--subdir', 'DAGS_FOLDER/main_dag.py', '--cfg-path', '/tmp/tmpzsxjz9z5']
[2024-09-12T14:40:56.090+0000] {standard_task_runner.py:88} INFO - Job 103: Subtask crawl_list_restaurant
[2024-09-12T14:40:56.152+0000] {task_command.py:423} INFO - Running <TaskInstance: shopeefood_crawl_and_report.crawl_list_restaurant manual__2024-09-12T14:40:54.271983+00:00 [running]> on host bc7cb9c82b76
[2024-09-12T14:40:56.398+0000] {taskinstance.py:2513} INFO - Exporting env vars: AIRFLOW_CTX_DAG_OWNER='***' AIRFLOW_CTX_DAG_ID='shopeefood_crawl_and_report' AIRFLOW_CTX_TASK_ID='crawl_list_restaurant' AIRFLOW_CTX_EXECUTION_DATE='2024-09-12T14:40:54.271983+00:00' AIRFLOW_CTX_TRY_NUMBER='1' AIRFLOW_CTX_DAG_RUN_ID='manual__2024-09-12T14:40:54.271983+00:00'
[2024-09-12T14:41:25.375+0000] {logging_mixin.py:188} INFO - Lỗi khi chờ đợi sản phẩm: Message:
[2024-09-12T14:41:25.425+0000] {logging_mixin.py:188} INFO - Lỗi khi chuyển trang hoặc crawl trang: Message: no such element: Unable to locate element: {"method":"css selector","selector":"a[href="#"] .icon-paging-next"}
  (Session info: headless chrome=117.0.5938.132); For documentation on this error, please visit: https://www.selenium.dev/documentation/webdriver/troubleshooting/errors#no-such-element-exception
Stacktrace:
#0 0x55e07bc126b3 <unknown>
#1 0x55e07b8e81e7 <unknown>
#2 0x55e07b92f566 <unknown>
#3 0x55e07b92f651 <unknown>
#4 0x55e07b96ca74 <unknown>
#5 0x55e07b9510ed <unknown>
#6 0x55e07b96a322 <unknown>
#7 0x55e07b950e93 <unknown>
#8 0x55e07b923934 <unknown>
#9 0x55e07b92471e <unknown>
#10 0x55e07bbd7cb8 <unknown>
#11 0x55e07bbdbbf0 <unknown>
#12 0x55e07bbe619c <unknown>
#13 0x55e07bbdc808 <unknown>
#14 0x55e07bba927f <unknown>
#15 0x55e07bc00e88 <unknown>
#16 0x55e07bc01059 <unknown>
#17 0x55e07bc11843 <unknown>
#18 0x7fdfd0196609 start_thread
[2024-09-12T14:41:25.546+0000] {python.py:202} INFO - Done. Returned value was: []
[2024-09-12T14:41:25.572+0000] {taskinstance.py:1149} INFO - Marking task as SUCCESS. dag_id=shopeefood_crawl_and_report, task_id=crawl_list_restaurant, execution_date=20240912T144054, start_date=20240912T144056, end_date=20240912T144125
[2024-09-12T14:41:25.636+0000] {local_task_job_runner.py:234} INFO - Task exited with return code 0
[2024-09-12T14:41:25.662+0000] {taskinstance.py:3312} INFO - 0 downstream tasks scheduled from follow-on schedule check
