[2024-09-12T11:57:00.133+0000] {taskinstance.py:1979} INFO - Dependencies all met for dep_context=non-requeueable deps ti=<TaskInstance: shopeefood_crawl_and_report.process_report manual__2024-09-12T11:51:16.030557+00:00 [queued]>
[2024-09-12T11:57:00.144+0000] {taskinstance.py:1979} INFO - Dependencies all met for dep_context=requeueable deps ti=<TaskInstance: shopeefood_crawl_and_report.process_report manual__2024-09-12T11:51:16.030557+00:00 [queued]>
[2024-09-12T11:57:00.146+0000] {taskinstance.py:2193} INFO - Starting attempt 1 of 2
[2024-09-12T11:57:00.161+0000] {taskinstance.py:2217} INFO - Executing <Task(PythonOperator): process_report> on 2024-09-12 11:51:16.030557+00:00
[2024-09-12T11:57:00.175+0000] {standard_task_runner.py:60} INFO - Started process 4379 to run task
[2024-09-12T11:57:00.180+0000] {standard_task_runner.py:87} INFO - Running: ['***', 'tasks', 'run', 'shopeefood_crawl_and_report', 'process_report', 'manual__2024-09-12T11:51:16.030557+00:00', '--job-id', '31', '--raw', '--subdir', 'DAGS_FOLDER/main_dag.py', '--cfg-path', '/tmp/tmpwpj99tf0']
[2024-09-12T11:57:00.184+0000] {standard_task_runner.py:88} INFO - Job 31: Subtask process_report
[2024-09-12T11:57:00.267+0000] {task_command.py:423} INFO - Running <TaskInstance: shopeefood_crawl_and_report.process_report manual__2024-09-12T11:51:16.030557+00:00 [running]> on host bc7cb9c82b76
[2024-09-12T11:57:00.517+0000] {taskinstance.py:2513} INFO - Exporting env vars: AIRFLOW_CTX_DAG_OWNER='***' AIRFLOW_CTX_DAG_ID='shopeefood_crawl_and_report' AIRFLOW_CTX_TASK_ID='process_report' AIRFLOW_CTX_EXECUTION_DATE='2024-09-12T11:51:16.030557+00:00' AIRFLOW_CTX_TRY_NUMBER='1' AIRFLOW_CTX_DAG_RUN_ID='manual__2024-09-12T11:51:16.030557+00:00'
[2024-09-12T11:57:00.598+0000] {python.py:202} INFO - Done. Returned value was:          Khu vực  ...  Khoảng giá trung bình (Vnđ)
0        Ba Đình  ...             17,400 - 184,900
1    Bắc Từ Liêm  ...             24,125 - 133,750
2       Cầu Giấy  ...              34,923 - 90,038
3   Hai Bà Trưng  ...              31,222 - 99,556
4       Hoài Đức  ...              17,500 - 35,000
5      Hoàn Kiếm  ...              20,000 - 53,333
6      Hoàng Mai  ...             21,750 - 685,875
7        Hà Đông  ...              29,357 - 93,571
8      Long Biên  ...              23,750 - 42,500
9    Nam Từ Liêm  ...             23,545 - 185,364
10     Thanh Trì  ...             28,000 - 150,000
11    Thanh Xuân  ...              26,727 - 68,545
12        Tây Hồ  ...              22,500 - 52,500
13       Unknown  ...              20,000 - 50,000
14       Đống Đa  ...              20,625 - 79,850

[15 rows x 5 columns]
[2024-09-12T11:57:00.647+0000] {taskinstance.py:1149} INFO - Marking task as SUCCESS. dag_id=shopeefood_crawl_and_report, task_id=process_report, execution_date=20240912T115116, start_date=20240912T115700, end_date=20240912T115700
[2024-09-12T11:57:00.676+0000] {local_task_job_runner.py:234} INFO - Task exited with return code 0
[2024-09-12T11:57:00.706+0000] {taskinstance.py:3312} INFO - 1 downstream tasks scheduled from follow-on schedule check
