[2024-09-11T06:53:28.163+0000] {taskinstance.py:1979} INFO - Dependencies all met for dep_context=non-requeueable deps ti=<TaskInstance: shopeefood_crawl_and_report.process_report manual__2024-09-11T06:48:03.137805+00:00 [queued]>
[2024-09-11T06:53:28.177+0000] {taskinstance.py:1979} INFO - Dependencies all met for dep_context=requeueable deps ti=<TaskInstance: shopeefood_crawl_and_report.process_report manual__2024-09-11T06:48:03.137805+00:00 [queued]>
[2024-09-11T06:53:28.178+0000] {taskinstance.py:2193} INFO - Starting attempt 2 of 2
[2024-09-11T06:53:28.199+0000] {taskinstance.py:2217} INFO - Executing <Task(PythonOperator): process_report> on 2024-09-11 06:48:03.137805+00:00
[2024-09-11T06:53:28.206+0000] {standard_task_runner.py:60} INFO - Started process 638 to run task
[2024-09-11T06:53:28.211+0000] {standard_task_runner.py:87} INFO - Running: ['***', 'tasks', 'run', 'shopeefood_crawl_and_report', 'process_report', 'manual__2024-09-11T06:48:03.137805+00:00', '--job-id', '12', '--raw', '--subdir', 'DAGS_FOLDER/main_dag.py', '--cfg-path', '/tmp/tmpd4wat855']
[2024-09-11T06:53:28.214+0000] {standard_task_runner.py:88} INFO - Job 12: Subtask process_report
[2024-09-11T06:53:28.287+0000] {task_command.py:423} INFO - Running <TaskInstance: shopeefood_crawl_and_report.process_report manual__2024-09-11T06:48:03.137805+00:00 [running]> on host f432431e979d
[2024-09-11T06:53:28.396+0000] {taskinstance.py:2513} INFO - Exporting env vars: AIRFLOW_CTX_DAG_OWNER='***' AIRFLOW_CTX_DAG_ID='shopeefood_crawl_and_report' AIRFLOW_CTX_TASK_ID='process_report' AIRFLOW_CTX_EXECUTION_DATE='2024-09-11T06:48:03.137805+00:00' AIRFLOW_CTX_TRY_NUMBER='2' AIRFLOW_CTX_DAG_RUN_ID='manual__2024-09-11T06:48:03.137805+00:00'
[2024-09-11T06:53:28.655+0000] {python.py:202} INFO - Done. Returned value was:          Khu vực  ...  Khoảng giá trung bình (Vnđ)
0        Ba Đình  ...             20,571 - 126,286
1    Bắc Từ Liêm  ...             23,250 - 106,250
2       Cầu Giấy  ...              27,733 - 90,667
3   Hai Bà Trưng  ...             30,769 - 144,538
4       Hoài Đức  ...              17,500 - 35,000
5      Hoàn Kiếm  ...              20,000 - 53,333
6      Hoàng Mai  ...             25,333 - 163,444
7        Hà Đông  ...              29,600 - 93,000
8      Long Biên  ...              25,000 - 40,000
9    Nam Từ Liêm  ...             22,400 - 333,800
10     Thanh Trì  ...             28,000 - 150,000
11    Thanh Xuân  ...              31,667 - 81,667
12        Tây Hồ  ...              30,000 - 60,000
13       Đống Đa  ...              24,786 - 81,929

[14 rows x 5 columns]
[2024-09-11T06:53:28.720+0000] {taskinstance.py:1149} INFO - Marking task as SUCCESS. dag_id=shopeefood_crawl_and_report, task_id=process_report, execution_date=20240911T064803, start_date=20240911T065328, end_date=20240911T065328
[2024-09-11T06:53:28.786+0000] {local_task_job_runner.py:234} INFO - Task exited with return code 0
[2024-09-11T06:53:28.818+0000] {taskinstance.py:3312} INFO - 1 downstream tasks scheduled from follow-on schedule check
