[2024-09-12T10:01:58.015+0000] {taskinstance.py:1979} INFO - Dependencies all met for dep_context=non-requeueable deps ti=<TaskInstance: shopeefood_crawl_and_report.process_report manual__2024-09-12T09:56:38.509424+00:00 [queued]>
[2024-09-12T10:01:58.024+0000] {taskinstance.py:1979} INFO - Dependencies all met for dep_context=requeueable deps ti=<TaskInstance: shopeefood_crawl_and_report.process_report manual__2024-09-12T09:56:38.509424+00:00 [queued]>
[2024-09-12T10:01:58.026+0000] {taskinstance.py:2193} INFO - Starting attempt 2 of 2
[2024-09-12T10:01:58.041+0000] {taskinstance.py:2217} INFO - Executing <Task(PythonOperator): process_report> on 2024-09-12 09:56:38.509424+00:00
[2024-09-12T10:01:58.046+0000] {standard_task_runner.py:60} INFO - Started process 4373 to run task
[2024-09-12T10:01:58.049+0000] {standard_task_runner.py:87} INFO - Running: ['***', 'tasks', 'run', 'shopeefood_crawl_and_report', 'process_report', 'manual__2024-09-12T09:56:38.509424+00:00', '--job-id', '65', '--raw', '--subdir', 'DAGS_FOLDER/main_dag.py', '--cfg-path', '/tmp/tmpxxr07jc0']
[2024-09-12T10:01:58.051+0000] {standard_task_runner.py:88} INFO - Job 65: Subtask process_report
[2024-09-12T10:01:58.098+0000] {task_command.py:423} INFO - Running <TaskInstance: shopeefood_crawl_and_report.process_report manual__2024-09-12T09:56:38.509424+00:00 [running]> on host cde7247848aa
[2024-09-12T10:01:58.159+0000] {taskinstance.py:2513} INFO - Exporting env vars: AIRFLOW_CTX_DAG_OWNER='***' AIRFLOW_CTX_DAG_ID='shopeefood_crawl_and_report' AIRFLOW_CTX_TASK_ID='process_report' AIRFLOW_CTX_EXECUTION_DATE='2024-09-12T09:56:38.509424+00:00' AIRFLOW_CTX_TRY_NUMBER='2' AIRFLOW_CTX_DAG_RUN_ID='manual__2024-09-12T09:56:38.509424+00:00'
[2024-09-12T10:01:58.313+0000] {python.py:202} INFO - Done. Returned value was:          Khu vực  ...  Khoảng giá trung bình (Vnđ)
0        Ba Đình  ...             15,000 - 140,000
1    Bắc Từ Liêm  ...              10,000 - 35,000
2       Cầu Giấy  ...             28,111 - 112,778
3   Hai Bà Trưng  ...             34,143 - 230,000
4       Hoài Đức  ...              25,000 - 45,000
5      Hoàn Kiếm  ...              15,000 - 50,000
6      Hoàng Mai  ...              22,250 - 68,750
7        Hà Đông  ...             33,714 - 105,000
8      Long Biên  ...              30,000 - 50,000
9    Nam Từ Liêm  ...             19,750 - 222,250
10     Thanh Trì  ...             28,000 - 150,000
11    Thanh Xuân  ...              37,500 - 75,000
12        Tây Hồ  ...              30,000 - 60,000
13       Đống Đa  ...             21,667 - 101,667

[14 rows x 5 columns]
[2024-09-12T10:01:58.352+0000] {taskinstance.py:1149} INFO - Marking task as SUCCESS. dag_id=shopeefood_crawl_and_report, task_id=process_report, execution_date=20240912T095638, start_date=20240912T100158, end_date=20240912T100158
[2024-09-12T10:01:58.385+0000] {local_task_job_runner.py:234} INFO - Task exited with return code 0
[2024-09-12T10:01:58.405+0000] {taskinstance.py:3312} INFO - 1 downstream tasks scheduled from follow-on schedule check
