[2024-09-12T07:29:40.041+0000] {taskinstance.py:1979} INFO - Dependencies all met for dep_context=non-requeueable deps ti=<TaskInstance: shopeefood_crawl_and_report.crawl_list_restaurant manual__2024-09-12T07:29:39.047975+00:00 [queued]>
[2024-09-12T07:29:40.051+0000] {taskinstance.py:1979} INFO - Dependencies all met for dep_context=requeueable deps ti=<TaskInstance: shopeefood_crawl_and_report.crawl_list_restaurant manual__2024-09-12T07:29:39.047975+00:00 [queued]>
[2024-09-12T07:29:40.052+0000] {taskinstance.py:2193} INFO - Starting attempt 1 of 2
[2024-09-12T07:29:40.066+0000] {taskinstance.py:2217} INFO - Executing <Task(PythonOperator): crawl_list_restaurant> on 2024-09-12 07:29:39.047975+00:00
[2024-09-12T07:29:40.071+0000] {standard_task_runner.py:60} INFO - Started process 5310 to run task
[2024-09-12T07:29:40.073+0000] {standard_task_runner.py:87} INFO - Running: ['***', 'tasks', 'run', 'shopeefood_crawl_and_report', 'crawl_list_restaurant', 'manual__2024-09-12T07:29:39.047975+00:00', '--job-id', '80', '--raw', '--subdir', 'DAGS_FOLDER/main_dag.py', '--cfg-path', '/tmp/tmp2goqkjbg']
[2024-09-12T07:29:40.076+0000] {standard_task_runner.py:88} INFO - Job 80: Subtask crawl_list_restaurant
[2024-09-12T07:29:40.123+0000] {task_command.py:423} INFO - Running <TaskInstance: shopeefood_crawl_and_report.crawl_list_restaurant manual__2024-09-12T07:29:39.047975+00:00 [running]> on host f432431e979d
[2024-09-12T07:29:40.191+0000] {taskinstance.py:2513} INFO - Exporting env vars: AIRFLOW_CTX_DAG_OWNER='***' AIRFLOW_CTX_DAG_ID='shopeefood_crawl_and_report' AIRFLOW_CTX_TASK_ID='crawl_list_restaurant' AIRFLOW_CTX_EXECUTION_DATE='2024-09-12T07:29:39.047975+00:00' AIRFLOW_CTX_TRY_NUMBER='1' AIRFLOW_CTX_DAG_RUN_ID='manual__2024-09-12T07:29:39.047975+00:00'
[2024-09-12T07:29:51.609+0000] {logging_mixin.py:188} INFO - Lỗi khi chờ đợi sản phẩm: Message:
[2024-09-12T07:29:51.645+0000] {logging_mixin.py:188} INFO - Lỗi khi chuyển trang hoặc crawl trang: Message: no such element: Unable to locate element: {"method":"css selector","selector":"a[href="#"] .icon-paging-next"}
  (Session info: headless chrome=117.0.5938.132); For documentation on this error, please visit: https://www.selenium.dev/documentation/webdriver/troubleshooting/errors#no-such-element-exception
Stacktrace:
#0 0x559e412956b3 <unknown>
#1 0x559e40f6b1e7 <unknown>
#2 0x559e40fb2566 <unknown>
#3 0x559e40fb2651 <unknown>
#4 0x559e40fefa74 <unknown>
#5 0x559e40fd40ed <unknown>
#6 0x559e40fed322 <unknown>
#7 0x559e40fd3e93 <unknown>
#8 0x559e40fa6934 <unknown>
#9 0x559e40fa771e <unknown>
#10 0x559e4125acb8 <unknown>
#11 0x559e4125ebf0 <unknown>
#12 0x559e4126919c <unknown>
#13 0x559e4125f808 <unknown>
#14 0x559e4122c27f <unknown>
#15 0x559e41283e88 <unknown>
#16 0x559e41284059 <unknown>
#17 0x559e41294843 <unknown>
#18 0x7fc8f1ab9609 start_thread
[2024-09-12T07:29:51.715+0000] {python.py:202} INFO - Done. Returned value was: []
[2024-09-12T07:29:51.835+0000] {taskinstance.py:1149} INFO - Marking task as SUCCESS. dag_id=shopeefood_crawl_and_report, task_id=crawl_list_restaurant, execution_date=20240912T072939, start_date=20240912T072940, end_date=20240912T072951
[2024-09-12T07:29:51.856+0000] {local_task_job_runner.py:234} INFO - Task exited with return code 0
[2024-09-12T07:29:51.876+0000] {taskinstance.py:3312} INFO - 1 downstream tasks scheduled from follow-on schedule check
