[2024-09-10T18:19:34.675+0000] {processor.py:161} INFO - Started process (PID=197) to work on /opt/airflow/dags/report/process_data.py
[2024-09-10T18:19:34.681+0000] {processor.py:830} INFO - Processing file /opt/airflow/dags/report/process_data.py for tasks to queue
[2024-09-10T18:19:34.684+0000] {logging_mixin.py:188} INFO - [2024-09-10T18:19:34.683+0000] {dagbag.py:540} INFO - Filling up the DagBag from /opt/airflow/dags/report/process_data.py
[2024-09-10T18:19:35.476+0000] {processor.py:842} WARNING - No viable dags retrieved from /opt/airflow/dags/report/process_data.py
[2024-09-10T18:19:35.491+0000] {processor.py:183} INFO - Processing /opt/airflow/dags/report/process_data.py took 0.830 seconds
[2024-09-10T18:20:06.131+0000] {processor.py:161} INFO - Started process (PID=224) to work on /opt/airflow/dags/report/process_data.py
[2024-09-10T18:20:06.133+0000] {processor.py:830} INFO - Processing file /opt/airflow/dags/report/process_data.py for tasks to queue
[2024-09-10T18:20:06.135+0000] {logging_mixin.py:188} INFO - [2024-09-10T18:20:06.135+0000] {dagbag.py:540} INFO - Filling up the DagBag from /opt/airflow/dags/report/process_data.py
[2024-09-10T18:20:06.477+0000] {processor.py:842} WARNING - No viable dags retrieved from /opt/airflow/dags/report/process_data.py
[2024-09-10T18:20:06.493+0000] {processor.py:183} INFO - Processing /opt/airflow/dags/report/process_data.py took 0.366 seconds
[2024-09-10T18:20:37.104+0000] {processor.py:161} INFO - Started process (PID=252) to work on /opt/airflow/dags/report/process_data.py
[2024-09-10T18:20:37.105+0000] {processor.py:830} INFO - Processing file /opt/airflow/dags/report/process_data.py for tasks to queue
[2024-09-10T18:20:37.107+0000] {logging_mixin.py:188} INFO - [2024-09-10T18:20:37.106+0000] {dagbag.py:540} INFO - Filling up the DagBag from /opt/airflow/dags/report/process_data.py
[2024-09-10T18:20:37.331+0000] {processor.py:842} WARNING - No viable dags retrieved from /opt/airflow/dags/report/process_data.py
[2024-09-10T18:20:37.344+0000] {processor.py:183} INFO - Processing /opt/airflow/dags/report/process_data.py took 0.243 seconds
[2024-09-10T18:21:08.022+0000] {processor.py:161} INFO - Started process (PID=286) to work on /opt/airflow/dags/report/process_data.py
[2024-09-10T18:21:08.023+0000] {processor.py:830} INFO - Processing file /opt/airflow/dags/report/process_data.py for tasks to queue
[2024-09-10T18:21:08.024+0000] {logging_mixin.py:188} INFO - [2024-09-10T18:21:08.024+0000] {dagbag.py:540} INFO - Filling up the DagBag from /opt/airflow/dags/report/process_data.py
[2024-09-10T18:21:08.250+0000] {processor.py:842} WARNING - No viable dags retrieved from /opt/airflow/dags/report/process_data.py
[2024-09-10T18:21:08.263+0000] {processor.py:183} INFO - Processing /opt/airflow/dags/report/process_data.py took 0.244 seconds
[2024-09-10T18:21:39.010+0000] {processor.py:161} INFO - Started process (PID=314) to work on /opt/airflow/dags/report/process_data.py
[2024-09-10T18:21:39.012+0000] {processor.py:830} INFO - Processing file /opt/airflow/dags/report/process_data.py for tasks to queue
[2024-09-10T18:21:39.013+0000] {logging_mixin.py:188} INFO - [2024-09-10T18:21:39.013+0000] {dagbag.py:540} INFO - Filling up the DagBag from /opt/airflow/dags/report/process_data.py
[2024-09-10T18:21:39.264+0000] {processor.py:842} WARNING - No viable dags retrieved from /opt/airflow/dags/report/process_data.py
[2024-09-10T18:21:39.280+0000] {processor.py:183} INFO - Processing /opt/airflow/dags/report/process_data.py took 0.274 seconds
[2024-09-10T18:22:09.957+0000] {processor.py:161} INFO - Started process (PID=370) to work on /opt/airflow/dags/report/process_data.py
[2024-09-10T18:22:09.958+0000] {processor.py:830} INFO - Processing file /opt/airflow/dags/report/process_data.py for tasks to queue
[2024-09-10T18:22:09.959+0000] {logging_mixin.py:188} INFO - [2024-09-10T18:22:09.959+0000] {dagbag.py:540} INFO - Filling up the DagBag from /opt/airflow/dags/report/process_data.py
[2024-09-10T18:22:10.188+0000] {processor.py:842} WARNING - No viable dags retrieved from /opt/airflow/dags/report/process_data.py
[2024-09-10T18:22:10.201+0000] {processor.py:183} INFO - Processing /opt/airflow/dags/report/process_data.py took 0.246 seconds
[2024-09-10T18:22:40.402+0000] {processor.py:161} INFO - Started process (PID=418) to work on /opt/airflow/dags/report/process_data.py
[2024-09-10T18:22:40.403+0000] {processor.py:830} INFO - Processing file /opt/airflow/dags/report/process_data.py for tasks to queue
[2024-09-10T18:22:40.404+0000] {logging_mixin.py:188} INFO - [2024-09-10T18:22:40.404+0000] {dagbag.py:540} INFO - Filling up the DagBag from /opt/airflow/dags/report/process_data.py
[2024-09-10T18:22:40.681+0000] {processor.py:842} WARNING - No viable dags retrieved from /opt/airflow/dags/report/process_data.py
[2024-09-10T18:22:40.694+0000] {processor.py:183} INFO - Processing /opt/airflow/dags/report/process_data.py took 0.295 seconds
[2024-09-10T18:23:10.884+0000] {processor.py:161} INFO - Started process (PID=447) to work on /opt/airflow/dags/report/process_data.py
[2024-09-10T18:23:10.886+0000] {processor.py:830} INFO - Processing file /opt/airflow/dags/report/process_data.py for tasks to queue
[2024-09-10T18:23:10.887+0000] {logging_mixin.py:188} INFO - [2024-09-10T18:23:10.886+0000] {dagbag.py:540} INFO - Filling up the DagBag from /opt/airflow/dags/report/process_data.py
[2024-09-10T18:23:11.137+0000] {processor.py:842} WARNING - No viable dags retrieved from /opt/airflow/dags/report/process_data.py
[2024-09-10T18:23:11.154+0000] {processor.py:183} INFO - Processing /opt/airflow/dags/report/process_data.py took 0.273 seconds
[2024-09-10T18:23:41.565+0000] {processor.py:161} INFO - Started process (PID=475) to work on /opt/airflow/dags/report/process_data.py
[2024-09-10T18:23:41.566+0000] {processor.py:830} INFO - Processing file /opt/airflow/dags/report/process_data.py for tasks to queue
[2024-09-10T18:23:41.567+0000] {logging_mixin.py:188} INFO - [2024-09-10T18:23:41.566+0000] {dagbag.py:540} INFO - Filling up the DagBag from /opt/airflow/dags/report/process_data.py
[2024-09-10T18:23:41.784+0000] {processor.py:842} WARNING - No viable dags retrieved from /opt/airflow/dags/report/process_data.py
[2024-09-10T18:23:41.798+0000] {processor.py:183} INFO - Processing /opt/airflow/dags/report/process_data.py took 0.236 seconds
[2024-09-10T18:24:12.461+0000] {processor.py:161} INFO - Started process (PID=503) to work on /opt/airflow/dags/report/process_data.py
[2024-09-10T18:24:12.462+0000] {processor.py:830} INFO - Processing file /opt/airflow/dags/report/process_data.py for tasks to queue
[2024-09-10T18:24:12.463+0000] {logging_mixin.py:188} INFO - [2024-09-10T18:24:12.463+0000] {dagbag.py:540} INFO - Filling up the DagBag from /opt/airflow/dags/report/process_data.py
[2024-09-10T18:24:12.701+0000] {processor.py:842} WARNING - No viable dags retrieved from /opt/airflow/dags/report/process_data.py
[2024-09-10T18:24:12.714+0000] {processor.py:183} INFO - Processing /opt/airflow/dags/report/process_data.py took 0.255 seconds
[2024-09-10T18:24:43.327+0000] {processor.py:161} INFO - Started process (PID=531) to work on /opt/airflow/dags/report/process_data.py
[2024-09-10T18:24:43.329+0000] {processor.py:830} INFO - Processing file /opt/airflow/dags/report/process_data.py for tasks to queue
[2024-09-10T18:24:43.330+0000] {logging_mixin.py:188} INFO - [2024-09-10T18:24:43.330+0000] {dagbag.py:540} INFO - Filling up the DagBag from /opt/airflow/dags/report/process_data.py
[2024-09-10T18:24:43.576+0000] {processor.py:842} WARNING - No viable dags retrieved from /opt/airflow/dags/report/process_data.py
[2024-09-10T18:24:43.591+0000] {processor.py:183} INFO - Processing /opt/airflow/dags/report/process_data.py took 0.266 seconds
[2024-09-10T18:25:14.166+0000] {processor.py:161} INFO - Started process (PID=559) to work on /opt/airflow/dags/report/process_data.py
[2024-09-10T18:25:14.168+0000] {processor.py:830} INFO - Processing file /opt/airflow/dags/report/process_data.py for tasks to queue
[2024-09-10T18:25:14.168+0000] {logging_mixin.py:188} INFO - [2024-09-10T18:25:14.168+0000] {dagbag.py:540} INFO - Filling up the DagBag from /opt/airflow/dags/report/process_data.py
[2024-09-10T18:25:14.394+0000] {processor.py:842} WARNING - No viable dags retrieved from /opt/airflow/dags/report/process_data.py
[2024-09-10T18:25:14.407+0000] {processor.py:183} INFO - Processing /opt/airflow/dags/report/process_data.py took 0.243 seconds
[2024-09-10T18:25:45.068+0000] {processor.py:161} INFO - Started process (PID=587) to work on /opt/airflow/dags/report/process_data.py
[2024-09-10T18:25:45.070+0000] {processor.py:830} INFO - Processing file /opt/airflow/dags/report/process_data.py for tasks to queue
[2024-09-10T18:25:45.071+0000] {logging_mixin.py:188} INFO - [2024-09-10T18:25:45.071+0000] {dagbag.py:540} INFO - Filling up the DagBag from /opt/airflow/dags/report/process_data.py
[2024-09-10T18:25:45.297+0000] {processor.py:842} WARNING - No viable dags retrieved from /opt/airflow/dags/report/process_data.py
[2024-09-10T18:25:45.312+0000] {processor.py:183} INFO - Processing /opt/airflow/dags/report/process_data.py took 0.247 seconds
[2024-09-10T18:26:15.919+0000] {processor.py:161} INFO - Started process (PID=620) to work on /opt/airflow/dags/report/process_data.py
[2024-09-10T18:26:15.920+0000] {processor.py:830} INFO - Processing file /opt/airflow/dags/report/process_data.py for tasks to queue
[2024-09-10T18:26:15.921+0000] {logging_mixin.py:188} INFO - [2024-09-10T18:26:15.921+0000] {dagbag.py:540} INFO - Filling up the DagBag from /opt/airflow/dags/report/process_data.py
[2024-09-10T18:26:16.138+0000] {processor.py:842} WARNING - No viable dags retrieved from /opt/airflow/dags/report/process_data.py
[2024-09-10T18:26:16.152+0000] {processor.py:183} INFO - Processing /opt/airflow/dags/report/process_data.py took 0.236 seconds
[2024-09-10T18:26:46.843+0000] {processor.py:161} INFO - Started process (PID=648) to work on /opt/airflow/dags/report/process_data.py
[2024-09-10T18:26:46.844+0000] {processor.py:830} INFO - Processing file /opt/airflow/dags/report/process_data.py for tasks to queue
[2024-09-10T18:26:46.846+0000] {logging_mixin.py:188} INFO - [2024-09-10T18:26:46.845+0000] {dagbag.py:540} INFO - Filling up the DagBag from /opt/airflow/dags/report/process_data.py
[2024-09-10T18:26:47.080+0000] {processor.py:842} WARNING - No viable dags retrieved from /opt/airflow/dags/report/process_data.py
[2024-09-10T18:26:47.094+0000] {processor.py:183} INFO - Processing /opt/airflow/dags/report/process_data.py took 0.255 seconds
[2024-09-10T18:27:17.179+0000] {processor.py:161} INFO - Started process (PID=682) to work on /opt/airflow/dags/report/process_data.py
[2024-09-10T18:27:17.181+0000] {processor.py:830} INFO - Processing file /opt/airflow/dags/report/process_data.py for tasks to queue
[2024-09-10T18:27:17.183+0000] {logging_mixin.py:188} INFO - [2024-09-10T18:27:17.182+0000] {dagbag.py:540} INFO - Filling up the DagBag from /opt/airflow/dags/report/process_data.py
[2024-09-10T18:27:17.434+0000] {processor.py:842} WARNING - No viable dags retrieved from /opt/airflow/dags/report/process_data.py
[2024-09-10T18:27:17.448+0000] {processor.py:183} INFO - Processing /opt/airflow/dags/report/process_data.py took 0.272 seconds
[2024-09-10T18:27:47.848+0000] {processor.py:161} INFO - Started process (PID=711) to work on /opt/airflow/dags/report/process_data.py
[2024-09-10T18:27:47.849+0000] {processor.py:830} INFO - Processing file /opt/airflow/dags/report/process_data.py for tasks to queue
[2024-09-10T18:27:47.851+0000] {logging_mixin.py:188} INFO - [2024-09-10T18:27:47.850+0000] {dagbag.py:540} INFO - Filling up the DagBag from /opt/airflow/dags/report/process_data.py
[2024-09-10T18:27:48.128+0000] {processor.py:842} WARNING - No viable dags retrieved from /opt/airflow/dags/report/process_data.py
[2024-09-10T18:27:48.141+0000] {processor.py:183} INFO - Processing /opt/airflow/dags/report/process_data.py took 0.297 seconds
[2024-09-10T18:28:18.261+0000] {processor.py:161} INFO - Started process (PID=740) to work on /opt/airflow/dags/report/process_data.py
[2024-09-10T18:28:18.262+0000] {processor.py:830} INFO - Processing file /opt/airflow/dags/report/process_data.py for tasks to queue
[2024-09-10T18:28:18.263+0000] {logging_mixin.py:188} INFO - [2024-09-10T18:28:18.263+0000] {dagbag.py:540} INFO - Filling up the DagBag from /opt/airflow/dags/report/process_data.py
[2024-09-10T18:28:18.518+0000] {processor.py:842} WARNING - No viable dags retrieved from /opt/airflow/dags/report/process_data.py
[2024-09-10T18:28:18.533+0000] {processor.py:183} INFO - Processing /opt/airflow/dags/report/process_data.py took 0.275 seconds
[2024-09-10T18:28:49.229+0000] {processor.py:161} INFO - Started process (PID=769) to work on /opt/airflow/dags/report/process_data.py
[2024-09-10T18:28:49.231+0000] {processor.py:830} INFO - Processing file /opt/airflow/dags/report/process_data.py for tasks to queue
[2024-09-10T18:28:49.232+0000] {logging_mixin.py:188} INFO - [2024-09-10T18:28:49.232+0000] {dagbag.py:540} INFO - Filling up the DagBag from /opt/airflow/dags/report/process_data.py
[2024-09-10T18:28:49.479+0000] {processor.py:842} WARNING - No viable dags retrieved from /opt/airflow/dags/report/process_data.py
[2024-09-10T18:28:49.493+0000] {processor.py:183} INFO - Processing /opt/airflow/dags/report/process_data.py took 0.267 seconds
[2024-09-10T18:29:19.914+0000] {processor.py:161} INFO - Started process (PID=798) to work on /opt/airflow/dags/report/process_data.py
[2024-09-10T18:29:19.916+0000] {processor.py:830} INFO - Processing file /opt/airflow/dags/report/process_data.py for tasks to queue
[2024-09-10T18:29:19.917+0000] {logging_mixin.py:188} INFO - [2024-09-10T18:29:19.916+0000] {dagbag.py:540} INFO - Filling up the DagBag from /opt/airflow/dags/report/process_data.py
[2024-09-10T18:29:20.157+0000] {processor.py:842} WARNING - No viable dags retrieved from /opt/airflow/dags/report/process_data.py
[2024-09-10T18:29:20.172+0000] {processor.py:183} INFO - Processing /opt/airflow/dags/report/process_data.py took 0.261 seconds
[2024-09-10T18:29:50.589+0000] {processor.py:161} INFO - Started process (PID=827) to work on /opt/airflow/dags/report/process_data.py
[2024-09-10T18:29:50.590+0000] {processor.py:830} INFO - Processing file /opt/airflow/dags/report/process_data.py for tasks to queue
[2024-09-10T18:29:50.592+0000] {logging_mixin.py:188} INFO - [2024-09-10T18:29:50.591+0000] {dagbag.py:540} INFO - Filling up the DagBag from /opt/airflow/dags/report/process_data.py
[2024-09-10T18:29:50.839+0000] {processor.py:842} WARNING - No viable dags retrieved from /opt/airflow/dags/report/process_data.py
[2024-09-10T18:29:50.857+0000] {processor.py:183} INFO - Processing /opt/airflow/dags/report/process_data.py took 0.270 seconds
[2024-09-10T18:30:21.267+0000] {processor.py:161} INFO - Started process (PID=855) to work on /opt/airflow/dags/report/process_data.py
[2024-09-10T18:30:21.268+0000] {processor.py:830} INFO - Processing file /opt/airflow/dags/report/process_data.py for tasks to queue
[2024-09-10T18:30:21.269+0000] {logging_mixin.py:188} INFO - [2024-09-10T18:30:21.269+0000] {dagbag.py:540} INFO - Filling up the DagBag from /opt/airflow/dags/report/process_data.py
[2024-09-10T18:30:21.521+0000] {processor.py:842} WARNING - No viable dags retrieved from /opt/airflow/dags/report/process_data.py
[2024-09-10T18:30:21.536+0000] {processor.py:183} INFO - Processing /opt/airflow/dags/report/process_data.py took 0.271 seconds
[2024-09-10T18:30:52.257+0000] {processor.py:161} INFO - Started process (PID=883) to work on /opt/airflow/dags/report/process_data.py
[2024-09-10T18:30:52.258+0000] {processor.py:830} INFO - Processing file /opt/airflow/dags/report/process_data.py for tasks to queue
[2024-09-10T18:30:52.259+0000] {logging_mixin.py:188} INFO - [2024-09-10T18:30:52.259+0000] {dagbag.py:540} INFO - Filling up the DagBag from /opt/airflow/dags/report/process_data.py
[2024-09-10T18:30:52.519+0000] {processor.py:842} WARNING - No viable dags retrieved from /opt/airflow/dags/report/process_data.py
[2024-09-10T18:30:52.532+0000] {processor.py:183} INFO - Processing /opt/airflow/dags/report/process_data.py took 0.278 seconds
[2024-09-10T18:31:23.246+0000] {processor.py:161} INFO - Started process (PID=911) to work on /opt/airflow/dags/report/process_data.py
[2024-09-10T18:31:23.248+0000] {processor.py:830} INFO - Processing file /opt/airflow/dags/report/process_data.py for tasks to queue
[2024-09-10T18:31:23.249+0000] {logging_mixin.py:188} INFO - [2024-09-10T18:31:23.248+0000] {dagbag.py:540} INFO - Filling up the DagBag from /opt/airflow/dags/report/process_data.py
[2024-09-10T18:31:23.507+0000] {processor.py:842} WARNING - No viable dags retrieved from /opt/airflow/dags/report/process_data.py
[2024-09-10T18:31:23.522+0000] {processor.py:183} INFO - Processing /opt/airflow/dags/report/process_data.py took 0.279 seconds
[2024-09-10T18:31:53.938+0000] {processor.py:161} INFO - Started process (PID=939) to work on /opt/airflow/dags/report/process_data.py
[2024-09-10T18:31:53.939+0000] {processor.py:830} INFO - Processing file /opt/airflow/dags/report/process_data.py for tasks to queue
[2024-09-10T18:31:53.940+0000] {logging_mixin.py:188} INFO - [2024-09-10T18:31:53.940+0000] {dagbag.py:540} INFO - Filling up the DagBag from /opt/airflow/dags/report/process_data.py
[2024-09-10T18:31:54.195+0000] {processor.py:842} WARNING - No viable dags retrieved from /opt/airflow/dags/report/process_data.py
[2024-09-10T18:31:54.209+0000] {processor.py:183} INFO - Processing /opt/airflow/dags/report/process_data.py took 0.273 seconds
[2024-09-10T18:32:24.615+0000] {processor.py:161} INFO - Started process (PID=967) to work on /opt/airflow/dags/report/process_data.py
[2024-09-10T18:32:24.616+0000] {processor.py:830} INFO - Processing file /opt/airflow/dags/report/process_data.py for tasks to queue
[2024-09-10T18:32:24.617+0000] {logging_mixin.py:188} INFO - [2024-09-10T18:32:24.617+0000] {dagbag.py:540} INFO - Filling up the DagBag from /opt/airflow/dags/report/process_data.py
[2024-09-10T18:32:25.033+0000] {processor.py:842} WARNING - No viable dags retrieved from /opt/airflow/dags/report/process_data.py
[2024-09-10T18:32:25.049+0000] {processor.py:183} INFO - Processing /opt/airflow/dags/report/process_data.py took 0.440 seconds
[2024-09-10T18:32:55.310+0000] {processor.py:161} INFO - Started process (PID=995) to work on /opt/airflow/dags/report/process_data.py
[2024-09-10T18:32:55.312+0000] {processor.py:830} INFO - Processing file /opt/airflow/dags/report/process_data.py for tasks to queue
[2024-09-10T18:32:55.313+0000] {logging_mixin.py:188} INFO - [2024-09-10T18:32:55.312+0000] {dagbag.py:540} INFO - Filling up the DagBag from /opt/airflow/dags/report/process_data.py
[2024-09-10T18:32:55.576+0000] {processor.py:842} WARNING - No viable dags retrieved from /opt/airflow/dags/report/process_data.py
[2024-09-10T18:32:55.591+0000] {processor.py:183} INFO - Processing /opt/airflow/dags/report/process_data.py took 0.284 seconds
[2024-09-10T18:33:26.015+0000] {processor.py:161} INFO - Started process (PID=1023) to work on /opt/airflow/dags/report/process_data.py
[2024-09-10T18:33:26.016+0000] {processor.py:830} INFO - Processing file /opt/airflow/dags/report/process_data.py for tasks to queue
[2024-09-10T18:33:26.017+0000] {logging_mixin.py:188} INFO - [2024-09-10T18:33:26.017+0000] {dagbag.py:540} INFO - Filling up the DagBag from /opt/airflow/dags/report/process_data.py
[2024-09-10T18:33:26.280+0000] {processor.py:842} WARNING - No viable dags retrieved from /opt/airflow/dags/report/process_data.py
[2024-09-10T18:33:26.296+0000] {processor.py:183} INFO - Processing /opt/airflow/dags/report/process_data.py took 0.284 seconds
[2024-09-10T18:33:56.770+0000] {processor.py:161} INFO - Started process (PID=1051) to work on /opt/airflow/dags/report/process_data.py
[2024-09-10T18:33:56.771+0000] {processor.py:830} INFO - Processing file /opt/airflow/dags/report/process_data.py for tasks to queue
[2024-09-10T18:33:56.772+0000] {logging_mixin.py:188} INFO - [2024-09-10T18:33:56.772+0000] {dagbag.py:540} INFO - Filling up the DagBag from /opt/airflow/dags/report/process_data.py
[2024-09-10T18:33:57.069+0000] {processor.py:842} WARNING - No viable dags retrieved from /opt/airflow/dags/report/process_data.py
[2024-09-10T18:33:57.087+0000] {processor.py:183} INFO - Processing /opt/airflow/dags/report/process_data.py took 0.321 seconds
[2024-09-10T18:34:27.883+0000] {processor.py:161} INFO - Started process (PID=1094) to work on /opt/airflow/dags/report/process_data.py
[2024-09-10T18:34:27.884+0000] {processor.py:830} INFO - Processing file /opt/airflow/dags/report/process_data.py for tasks to queue
[2024-09-10T18:34:27.886+0000] {logging_mixin.py:188} INFO - [2024-09-10T18:34:27.886+0000] {dagbag.py:540} INFO - Filling up the DagBag from /opt/airflow/dags/report/process_data.py
[2024-09-10T18:34:28.247+0000] {processor.py:842} WARNING - No viable dags retrieved from /opt/airflow/dags/report/process_data.py
[2024-09-10T18:34:28.259+0000] {processor.py:183} INFO - Processing /opt/airflow/dags/report/process_data.py took 0.379 seconds
[2024-09-10T18:34:58.939+0000] {processor.py:161} INFO - Started process (PID=1122) to work on /opt/airflow/dags/report/process_data.py
[2024-09-10T18:34:58.941+0000] {processor.py:830} INFO - Processing file /opt/airflow/dags/report/process_data.py for tasks to queue
[2024-09-10T18:34:58.942+0000] {logging_mixin.py:188} INFO - [2024-09-10T18:34:58.942+0000] {dagbag.py:540} INFO - Filling up the DagBag from /opt/airflow/dags/report/process_data.py
[2024-09-10T18:34:59.183+0000] {processor.py:842} WARNING - No viable dags retrieved from /opt/airflow/dags/report/process_data.py
[2024-09-10T18:34:59.197+0000] {processor.py:183} INFO - Processing /opt/airflow/dags/report/process_data.py took 0.261 seconds
[2024-09-10T18:35:29.641+0000] {processor.py:161} INFO - Started process (PID=1150) to work on /opt/airflow/dags/report/process_data.py
[2024-09-10T18:35:29.642+0000] {processor.py:830} INFO - Processing file /opt/airflow/dags/report/process_data.py for tasks to queue
[2024-09-10T18:35:29.643+0000] {logging_mixin.py:188} INFO - [2024-09-10T18:35:29.643+0000] {dagbag.py:540} INFO - Filling up the DagBag from /opt/airflow/dags/report/process_data.py
[2024-09-10T18:35:30.060+0000] {processor.py:842} WARNING - No viable dags retrieved from /opt/airflow/dags/report/process_data.py
[2024-09-10T18:35:30.075+0000] {processor.py:183} INFO - Processing /opt/airflow/dags/report/process_data.py took 0.436 seconds
[2024-09-10T18:36:00.946+0000] {processor.py:161} INFO - Started process (PID=1178) to work on /opt/airflow/dags/report/process_data.py
[2024-09-10T18:36:00.947+0000] {processor.py:830} INFO - Processing file /opt/airflow/dags/report/process_data.py for tasks to queue
[2024-09-10T18:36:00.948+0000] {logging_mixin.py:188} INFO - [2024-09-10T18:36:00.948+0000] {dagbag.py:540} INFO - Filling up the DagBag from /opt/airflow/dags/report/process_data.py
[2024-09-10T18:36:01.176+0000] {processor.py:842} WARNING - No viable dags retrieved from /opt/airflow/dags/report/process_data.py
[2024-09-10T18:36:01.190+0000] {processor.py:183} INFO - Processing /opt/airflow/dags/report/process_data.py took 0.249 seconds
[2024-09-10T18:36:31.675+0000] {processor.py:161} INFO - Started process (PID=1206) to work on /opt/airflow/dags/report/process_data.py
[2024-09-10T18:36:31.677+0000] {processor.py:830} INFO - Processing file /opt/airflow/dags/report/process_data.py for tasks to queue
[2024-09-10T18:36:31.678+0000] {logging_mixin.py:188} INFO - [2024-09-10T18:36:31.678+0000] {dagbag.py:540} INFO - Filling up the DagBag from /opt/airflow/dags/report/process_data.py
[2024-09-10T18:36:31.930+0000] {processor.py:842} WARNING - No viable dags retrieved from /opt/airflow/dags/report/process_data.py
[2024-09-10T18:36:31.944+0000] {processor.py:183} INFO - Processing /opt/airflow/dags/report/process_data.py took 0.272 seconds
[2024-09-10T18:37:02.480+0000] {processor.py:161} INFO - Started process (PID=1234) to work on /opt/airflow/dags/report/process_data.py
[2024-09-10T18:37:02.481+0000] {processor.py:830} INFO - Processing file /opt/airflow/dags/report/process_data.py for tasks to queue
[2024-09-10T18:37:02.482+0000] {logging_mixin.py:188} INFO - [2024-09-10T18:37:02.482+0000] {dagbag.py:540} INFO - Filling up the DagBag from /opt/airflow/dags/report/process_data.py
[2024-09-10T18:37:02.709+0000] {processor.py:842} WARNING - No viable dags retrieved from /opt/airflow/dags/report/process_data.py
[2024-09-10T18:37:02.722+0000] {processor.py:183} INFO - Processing /opt/airflow/dags/report/process_data.py took 0.244 seconds
[2024-09-10T18:37:33.487+0000] {processor.py:161} INFO - Started process (PID=1268) to work on /opt/airflow/dags/report/process_data.py
[2024-09-10T18:37:33.488+0000] {processor.py:830} INFO - Processing file /opt/airflow/dags/report/process_data.py for tasks to queue
[2024-09-10T18:37:33.489+0000] {logging_mixin.py:188} INFO - [2024-09-10T18:37:33.489+0000] {dagbag.py:540} INFO - Filling up the DagBag from /opt/airflow/dags/report/process_data.py
[2024-09-10T18:37:33.712+0000] {processor.py:842} WARNING - No viable dags retrieved from /opt/airflow/dags/report/process_data.py
[2024-09-10T18:37:33.726+0000] {processor.py:183} INFO - Processing /opt/airflow/dags/report/process_data.py took 0.242 seconds
[2024-09-10T18:38:03.834+0000] {processor.py:161} INFO - Started process (PID=1297) to work on /opt/airflow/dags/report/process_data.py
[2024-09-10T18:38:03.835+0000] {processor.py:830} INFO - Processing file /opt/airflow/dags/report/process_data.py for tasks to queue
[2024-09-10T18:38:03.836+0000] {logging_mixin.py:188} INFO - [2024-09-10T18:38:03.836+0000] {dagbag.py:540} INFO - Filling up the DagBag from /opt/airflow/dags/report/process_data.py
[2024-09-10T18:38:04.111+0000] {processor.py:842} WARNING - No viable dags retrieved from /opt/airflow/dags/report/process_data.py
[2024-09-10T18:38:04.128+0000] {processor.py:183} INFO - Processing /opt/airflow/dags/report/process_data.py took 0.300 seconds
[2024-09-10T18:38:34.716+0000] {processor.py:161} INFO - Started process (PID=1326) to work on /opt/airflow/dags/report/process_data.py
[2024-09-10T18:38:34.717+0000] {processor.py:830} INFO - Processing file /opt/airflow/dags/report/process_data.py for tasks to queue
[2024-09-10T18:38:34.718+0000] {logging_mixin.py:188} INFO - [2024-09-10T18:38:34.718+0000] {dagbag.py:540} INFO - Filling up the DagBag from /opt/airflow/dags/report/process_data.py
[2024-09-10T18:38:34.970+0000] {processor.py:842} WARNING - No viable dags retrieved from /opt/airflow/dags/report/process_data.py
[2024-09-10T18:38:34.985+0000] {processor.py:183} INFO - Processing /opt/airflow/dags/report/process_data.py took 0.272 seconds
[2024-09-10T18:39:05.329+0000] {processor.py:161} INFO - Started process (PID=1358) to work on /opt/airflow/dags/report/process_data.py
[2024-09-10T18:39:05.331+0000] {processor.py:830} INFO - Processing file /opt/airflow/dags/report/process_data.py for tasks to queue
[2024-09-10T18:39:05.332+0000] {logging_mixin.py:188} INFO - [2024-09-10T18:39:05.331+0000] {dagbag.py:540} INFO - Filling up the DagBag from /opt/airflow/dags/report/process_data.py
[2024-09-10T18:39:05.540+0000] {processor.py:842} WARNING - No viable dags retrieved from /opt/airflow/dags/report/process_data.py
[2024-09-10T18:39:05.554+0000] {processor.py:183} INFO - Processing /opt/airflow/dags/report/process_data.py took 0.228 seconds
[2024-09-10T18:39:35.871+0000] {processor.py:161} INFO - Started process (PID=1387) to work on /opt/airflow/dags/report/process_data.py
[2024-09-10T18:39:35.873+0000] {processor.py:830} INFO - Processing file /opt/airflow/dags/report/process_data.py for tasks to queue
[2024-09-10T18:39:35.875+0000] {logging_mixin.py:188} INFO - [2024-09-10T18:39:35.874+0000] {dagbag.py:540} INFO - Filling up the DagBag from /opt/airflow/dags/report/process_data.py
[2024-09-10T18:39:36.122+0000] {processor.py:842} WARNING - No viable dags retrieved from /opt/airflow/dags/report/process_data.py
[2024-09-10T18:39:36.134+0000] {processor.py:183} INFO - Processing /opt/airflow/dags/report/process_data.py took 0.266 seconds
[2024-09-10T18:40:06.547+0000] {processor.py:161} INFO - Started process (PID=1432) to work on /opt/airflow/dags/report/process_data.py
[2024-09-10T18:40:06.548+0000] {processor.py:830} INFO - Processing file /opt/airflow/dags/report/process_data.py for tasks to queue
[2024-09-10T18:40:06.551+0000] {logging_mixin.py:188} INFO - [2024-09-10T18:40:06.550+0000] {dagbag.py:540} INFO - Filling up the DagBag from /opt/airflow/dags/report/process_data.py
[2024-09-10T18:40:06.859+0000] {processor.py:842} WARNING - No viable dags retrieved from /opt/airflow/dags/report/process_data.py
[2024-09-10T18:40:06.878+0000] {processor.py:183} INFO - Processing /opt/airflow/dags/report/process_data.py took 0.337 seconds
[2024-09-10T18:40:37.378+0000] {processor.py:161} INFO - Started process (PID=1461) to work on /opt/airflow/dags/report/process_data.py
[2024-09-10T18:40:37.379+0000] {processor.py:830} INFO - Processing file /opt/airflow/dags/report/process_data.py for tasks to queue
[2024-09-10T18:40:37.380+0000] {logging_mixin.py:188} INFO - [2024-09-10T18:40:37.380+0000] {dagbag.py:540} INFO - Filling up the DagBag from /opt/airflow/dags/report/process_data.py
[2024-09-10T18:40:37.645+0000] {processor.py:842} WARNING - No viable dags retrieved from /opt/airflow/dags/report/process_data.py
[2024-09-10T18:40:37.660+0000] {processor.py:183} INFO - Processing /opt/airflow/dags/report/process_data.py took 0.285 seconds
[2024-09-10T18:41:07.944+0000] {processor.py:161} INFO - Started process (PID=1490) to work on /opt/airflow/dags/report/process_data.py
[2024-09-10T18:41:07.945+0000] {processor.py:830} INFO - Processing file /opt/airflow/dags/report/process_data.py for tasks to queue
[2024-09-10T18:41:07.946+0000] {logging_mixin.py:188} INFO - [2024-09-10T18:41:07.946+0000] {dagbag.py:540} INFO - Filling up the DagBag from /opt/airflow/dags/report/process_data.py
[2024-09-10T18:41:08.229+0000] {processor.py:842} WARNING - No viable dags retrieved from /opt/airflow/dags/report/process_data.py
[2024-09-10T18:41:08.245+0000] {processor.py:183} INFO - Processing /opt/airflow/dags/report/process_data.py took 0.305 seconds
[2024-09-10T18:41:38.873+0000] {processor.py:161} INFO - Started process (PID=1519) to work on /opt/airflow/dags/report/process_data.py
[2024-09-10T18:41:38.874+0000] {processor.py:830} INFO - Processing file /opt/airflow/dags/report/process_data.py for tasks to queue
[2024-09-10T18:41:38.876+0000] {logging_mixin.py:188} INFO - [2024-09-10T18:41:38.875+0000] {dagbag.py:540} INFO - Filling up the DagBag from /opt/airflow/dags/report/process_data.py
[2024-09-10T18:41:39.186+0000] {processor.py:842} WARNING - No viable dags retrieved from /opt/airflow/dags/report/process_data.py
[2024-09-10T18:41:39.205+0000] {processor.py:183} INFO - Processing /opt/airflow/dags/report/process_data.py took 0.335 seconds
[2024-09-10T18:42:09.512+0000] {processor.py:161} INFO - Started process (PID=1551) to work on /opt/airflow/dags/report/process_data.py
[2024-09-10T18:42:09.514+0000] {processor.py:830} INFO - Processing file /opt/airflow/dags/report/process_data.py for tasks to queue
[2024-09-10T18:42:09.515+0000] {logging_mixin.py:188} INFO - [2024-09-10T18:42:09.515+0000] {dagbag.py:540} INFO - Filling up the DagBag from /opt/airflow/dags/report/process_data.py
[2024-09-10T18:42:09.996+0000] {processor.py:842} WARNING - No viable dags retrieved from /opt/airflow/dags/report/process_data.py
[2024-09-10T18:42:10.029+0000] {processor.py:183} INFO - Processing /opt/airflow/dags/report/process_data.py took 0.522 seconds
[2024-09-10T18:42:40.548+0000] {processor.py:161} INFO - Started process (PID=1587) to work on /opt/airflow/dags/report/process_data.py
[2024-09-10T18:42:40.550+0000] {processor.py:830} INFO - Processing file /opt/airflow/dags/report/process_data.py for tasks to queue
[2024-09-10T18:42:40.553+0000] {logging_mixin.py:188} INFO - [2024-09-10T18:42:40.552+0000] {dagbag.py:540} INFO - Filling up the DagBag from /opt/airflow/dags/report/process_data.py
[2024-09-10T18:42:41.042+0000] {processor.py:842} WARNING - No viable dags retrieved from /opt/airflow/dags/report/process_data.py
[2024-09-10T18:42:41.075+0000] {processor.py:183} INFO - Processing /opt/airflow/dags/report/process_data.py took 0.531 seconds
[2024-09-10T18:43:11.196+0000] {processor.py:161} INFO - Started process (PID=1621) to work on /opt/airflow/dags/report/process_data.py
[2024-09-10T18:43:11.198+0000] {processor.py:830} INFO - Processing file /opt/airflow/dags/report/process_data.py for tasks to queue
[2024-09-10T18:43:11.200+0000] {logging_mixin.py:188} INFO - [2024-09-10T18:43:11.199+0000] {dagbag.py:540} INFO - Filling up the DagBag from /opt/airflow/dags/report/process_data.py
[2024-09-10T18:43:11.687+0000] {processor.py:842} WARNING - No viable dags retrieved from /opt/airflow/dags/report/process_data.py
[2024-09-10T18:43:11.723+0000] {processor.py:183} INFO - Processing /opt/airflow/dags/report/process_data.py took 0.532 seconds
[2024-09-10T18:43:42.408+0000] {processor.py:161} INFO - Started process (PID=1650) to work on /opt/airflow/dags/report/process_data.py
[2024-09-10T18:43:42.410+0000] {processor.py:830} INFO - Processing file /opt/airflow/dags/report/process_data.py for tasks to queue
[2024-09-10T18:43:42.413+0000] {logging_mixin.py:188} INFO - [2024-09-10T18:43:42.413+0000] {dagbag.py:540} INFO - Filling up the DagBag from /opt/airflow/dags/report/process_data.py
[2024-09-10T18:43:43.099+0000] {processor.py:842} WARNING - No viable dags retrieved from /opt/airflow/dags/report/process_data.py
[2024-09-10T18:43:43.128+0000] {processor.py:183} INFO - Processing /opt/airflow/dags/report/process_data.py took 0.726 seconds
[2024-09-10T18:44:13.344+0000] {processor.py:161} INFO - Started process (PID=1696) to work on /opt/airflow/dags/report/process_data.py
[2024-09-10T18:44:13.345+0000] {processor.py:830} INFO - Processing file /opt/airflow/dags/report/process_data.py for tasks to queue
[2024-09-10T18:44:13.347+0000] {logging_mixin.py:188} INFO - [2024-09-10T18:44:13.346+0000] {dagbag.py:540} INFO - Filling up the DagBag from /opt/airflow/dags/report/process_data.py
[2024-09-10T18:44:13.694+0000] {processor.py:842} WARNING - No viable dags retrieved from /opt/airflow/dags/report/process_data.py
[2024-09-10T18:44:13.717+0000] {processor.py:183} INFO - Processing /opt/airflow/dags/report/process_data.py took 0.376 seconds
[2024-09-10T18:44:44.228+0000] {processor.py:161} INFO - Started process (PID=1725) to work on /opt/airflow/dags/report/process_data.py
[2024-09-10T18:44:44.229+0000] {processor.py:830} INFO - Processing file /opt/airflow/dags/report/process_data.py for tasks to queue
[2024-09-10T18:44:44.231+0000] {logging_mixin.py:188} INFO - [2024-09-10T18:44:44.230+0000] {dagbag.py:540} INFO - Filling up the DagBag from /opt/airflow/dags/report/process_data.py
[2024-09-10T18:44:44.568+0000] {processor.py:842} WARNING - No viable dags retrieved from /opt/airflow/dags/report/process_data.py
[2024-09-10T18:44:44.597+0000] {processor.py:183} INFO - Processing /opt/airflow/dags/report/process_data.py took 0.372 seconds
[2024-09-10T18:45:14.850+0000] {processor.py:161} INFO - Started process (PID=1771) to work on /opt/airflow/dags/report/process_data.py
[2024-09-10T18:45:14.851+0000] {processor.py:830} INFO - Processing file /opt/airflow/dags/report/process_data.py for tasks to queue
[2024-09-10T18:45:14.852+0000] {logging_mixin.py:188} INFO - [2024-09-10T18:45:14.852+0000] {dagbag.py:540} INFO - Filling up the DagBag from /opt/airflow/dags/report/process_data.py
[2024-09-10T18:45:15.209+0000] {processor.py:842} WARNING - No viable dags retrieved from /opt/airflow/dags/report/process_data.py
[2024-09-10T18:45:15.232+0000] {processor.py:183} INFO - Processing /opt/airflow/dags/report/process_data.py took 0.387 seconds
[2024-09-10T18:45:45.325+0000] {processor.py:161} INFO - Started process (PID=1800) to work on /opt/airflow/dags/report/process_data.py
[2024-09-10T18:45:45.327+0000] {processor.py:830} INFO - Processing file /opt/airflow/dags/report/process_data.py for tasks to queue
[2024-09-10T18:45:45.328+0000] {logging_mixin.py:188} INFO - [2024-09-10T18:45:45.328+0000] {dagbag.py:540} INFO - Filling up the DagBag from /opt/airflow/dags/report/process_data.py
[2024-09-10T18:45:45.679+0000] {processor.py:842} WARNING - No viable dags retrieved from /opt/airflow/dags/report/process_data.py
[2024-09-10T18:45:45.699+0000] {processor.py:183} INFO - Processing /opt/airflow/dags/report/process_data.py took 0.378 seconds
[2024-09-10T18:46:16.228+0000] {processor.py:161} INFO - Started process (PID=1829) to work on /opt/airflow/dags/report/process_data.py
[2024-09-10T18:46:16.230+0000] {processor.py:830} INFO - Processing file /opt/airflow/dags/report/process_data.py for tasks to queue
[2024-09-10T18:46:16.233+0000] {logging_mixin.py:188} INFO - [2024-09-10T18:46:16.232+0000] {dagbag.py:540} INFO - Filling up the DagBag from /opt/airflow/dags/report/process_data.py
[2024-09-10T18:46:16.767+0000] {processor.py:842} WARNING - No viable dags retrieved from /opt/airflow/dags/report/process_data.py
[2024-09-10T18:46:16.793+0000] {processor.py:183} INFO - Processing /opt/airflow/dags/report/process_data.py took 0.569 seconds
[2024-09-10T18:46:47.339+0000] {processor.py:161} INFO - Started process (PID=1858) to work on /opt/airflow/dags/report/process_data.py
[2024-09-10T18:46:47.342+0000] {processor.py:830} INFO - Processing file /opt/airflow/dags/report/process_data.py for tasks to queue
[2024-09-10T18:46:47.345+0000] {logging_mixin.py:188} INFO - [2024-09-10T18:46:47.344+0000] {dagbag.py:540} INFO - Filling up the DagBag from /opt/airflow/dags/report/process_data.py
[2024-09-10T18:46:48.067+0000] {processor.py:842} WARNING - No viable dags retrieved from /opt/airflow/dags/report/process_data.py
[2024-09-10T18:46:48.104+0000] {processor.py:183} INFO - Processing /opt/airflow/dags/report/process_data.py took 0.772 seconds
[2024-09-10T18:47:18.418+0000] {processor.py:161} INFO - Started process (PID=1887) to work on /opt/airflow/dags/report/process_data.py
[2024-09-10T18:47:18.420+0000] {processor.py:830} INFO - Processing file /opt/airflow/dags/report/process_data.py for tasks to queue
[2024-09-10T18:47:18.422+0000] {logging_mixin.py:188} INFO - [2024-09-10T18:47:18.421+0000] {dagbag.py:540} INFO - Filling up the DagBag from /opt/airflow/dags/report/process_data.py
[2024-09-10T18:47:18.881+0000] {processor.py:842} WARNING - No viable dags retrieved from /opt/airflow/dags/report/process_data.py
[2024-09-10T18:47:18.907+0000] {processor.py:183} INFO - Processing /opt/airflow/dags/report/process_data.py took 0.494 seconds
[2024-09-10T18:47:49.348+0000] {processor.py:161} INFO - Started process (PID=1916) to work on /opt/airflow/dags/report/process_data.py
[2024-09-10T18:47:49.352+0000] {processor.py:830} INFO - Processing file /opt/airflow/dags/report/process_data.py for tasks to queue
[2024-09-10T18:47:49.355+0000] {logging_mixin.py:188} INFO - [2024-09-10T18:47:49.354+0000] {dagbag.py:540} INFO - Filling up the DagBag from /opt/airflow/dags/report/process_data.py
[2024-09-10T18:47:49.861+0000] {processor.py:842} WARNING - No viable dags retrieved from /opt/airflow/dags/report/process_data.py
[2024-09-10T18:47:49.885+0000] {processor.py:183} INFO - Processing /opt/airflow/dags/report/process_data.py took 0.547 seconds
[2024-09-10T18:48:20.211+0000] {processor.py:161} INFO - Started process (PID=1945) to work on /opt/airflow/dags/report/process_data.py
[2024-09-10T18:48:20.213+0000] {processor.py:830} INFO - Processing file /opt/airflow/dags/report/process_data.py for tasks to queue
[2024-09-10T18:48:20.214+0000] {logging_mixin.py:188} INFO - [2024-09-10T18:48:20.214+0000] {dagbag.py:540} INFO - Filling up the DagBag from /opt/airflow/dags/report/process_data.py
[2024-09-10T18:48:20.608+0000] {processor.py:842} WARNING - No viable dags retrieved from /opt/airflow/dags/report/process_data.py
[2024-09-10T18:48:20.636+0000] {processor.py:183} INFO - Processing /opt/airflow/dags/report/process_data.py took 0.429 seconds
[2024-09-10T18:48:51.176+0000] {processor.py:161} INFO - Started process (PID=1974) to work on /opt/airflow/dags/report/process_data.py
[2024-09-10T18:48:51.177+0000] {processor.py:830} INFO - Processing file /opt/airflow/dags/report/process_data.py for tasks to queue
[2024-09-10T18:48:51.179+0000] {logging_mixin.py:188} INFO - [2024-09-10T18:48:51.179+0000] {dagbag.py:540} INFO - Filling up the DagBag from /opt/airflow/dags/report/process_data.py
[2024-09-10T18:48:51.535+0000] {processor.py:842} WARNING - No viable dags retrieved from /opt/airflow/dags/report/process_data.py
[2024-09-10T18:48:51.560+0000] {processor.py:183} INFO - Processing /opt/airflow/dags/report/process_data.py took 0.388 seconds
[2024-09-10T18:49:21.969+0000] {processor.py:161} INFO - Started process (PID=2008) to work on /opt/airflow/dags/report/process_data.py
[2024-09-10T18:49:21.971+0000] {processor.py:830} INFO - Processing file /opt/airflow/dags/report/process_data.py for tasks to queue
[2024-09-10T18:49:21.972+0000] {logging_mixin.py:188} INFO - [2024-09-10T18:49:21.972+0000] {dagbag.py:540} INFO - Filling up the DagBag from /opt/airflow/dags/report/process_data.py
[2024-09-10T18:49:22.365+0000] {processor.py:842} WARNING - No viable dags retrieved from /opt/airflow/dags/report/process_data.py
[2024-09-10T18:49:22.388+0000] {processor.py:183} INFO - Processing /opt/airflow/dags/report/process_data.py took 0.422 seconds
[2024-09-10T18:49:52.548+0000] {processor.py:161} INFO - Started process (PID=2049) to work on /opt/airflow/dags/report/process_data.py
[2024-09-10T18:49:52.550+0000] {processor.py:830} INFO - Processing file /opt/airflow/dags/report/process_data.py for tasks to queue
[2024-09-10T18:49:52.551+0000] {logging_mixin.py:188} INFO - [2024-09-10T18:49:52.550+0000] {dagbag.py:540} INFO - Filling up the DagBag from /opt/airflow/dags/report/process_data.py
[2024-09-10T18:49:52.813+0000] {processor.py:842} WARNING - No viable dags retrieved from /opt/airflow/dags/report/process_data.py
[2024-09-10T18:49:52.831+0000] {processor.py:183} INFO - Processing /opt/airflow/dags/report/process_data.py took 0.286 seconds
[2024-09-10T18:50:23.522+0000] {processor.py:161} INFO - Started process (PID=2078) to work on /opt/airflow/dags/report/process_data.py
[2024-09-10T18:50:23.523+0000] {processor.py:830} INFO - Processing file /opt/airflow/dags/report/process_data.py for tasks to queue
[2024-09-10T18:50:23.524+0000] {logging_mixin.py:188} INFO - [2024-09-10T18:50:23.524+0000] {dagbag.py:540} INFO - Filling up the DagBag from /opt/airflow/dags/report/process_data.py
[2024-09-10T18:50:23.741+0000] {processor.py:842} WARNING - No viable dags retrieved from /opt/airflow/dags/report/process_data.py
[2024-09-10T18:50:23.756+0000] {processor.py:183} INFO - Processing /opt/airflow/dags/report/process_data.py took 0.236 seconds
[2024-09-10T18:50:54.224+0000] {processor.py:161} INFO - Started process (PID=2107) to work on /opt/airflow/dags/report/process_data.py
[2024-09-10T18:50:54.226+0000] {processor.py:830} INFO - Processing file /opt/airflow/dags/report/process_data.py for tasks to queue
[2024-09-10T18:50:54.229+0000] {logging_mixin.py:188} INFO - [2024-09-10T18:50:54.228+0000] {dagbag.py:540} INFO - Filling up the DagBag from /opt/airflow/dags/report/process_data.py
[2024-09-10T18:50:54.527+0000] {processor.py:842} WARNING - No viable dags retrieved from /opt/airflow/dags/report/process_data.py
[2024-09-10T18:50:54.542+0000] {processor.py:183} INFO - Processing /opt/airflow/dags/report/process_data.py took 0.324 seconds
[2024-09-10T18:51:24.894+0000] {processor.py:161} INFO - Started process (PID=2136) to work on /opt/airflow/dags/report/process_data.py
[2024-09-10T18:51:24.896+0000] {processor.py:830} INFO - Processing file /opt/airflow/dags/report/process_data.py for tasks to queue
[2024-09-10T18:51:24.897+0000] {logging_mixin.py:188} INFO - [2024-09-10T18:51:24.897+0000] {dagbag.py:540} INFO - Filling up the DagBag from /opt/airflow/dags/report/process_data.py
[2024-09-10T18:51:25.126+0000] {processor.py:842} WARNING - No viable dags retrieved from /opt/airflow/dags/report/process_data.py
[2024-09-10T18:51:25.142+0000] {processor.py:183} INFO - Processing /opt/airflow/dags/report/process_data.py took 0.251 seconds
[2024-09-10T18:51:55.719+0000] {processor.py:161} INFO - Started process (PID=2165) to work on /opt/airflow/dags/report/process_data.py
[2024-09-10T18:51:55.720+0000] {processor.py:830} INFO - Processing file /opt/airflow/dags/report/process_data.py for tasks to queue
[2024-09-10T18:51:55.722+0000] {logging_mixin.py:188} INFO - [2024-09-10T18:51:55.721+0000] {dagbag.py:540} INFO - Filling up the DagBag from /opt/airflow/dags/report/process_data.py
[2024-09-10T18:51:55.951+0000] {processor.py:842} WARNING - No viable dags retrieved from /opt/airflow/dags/report/process_data.py
[2024-09-10T18:51:55.964+0000] {processor.py:183} INFO - Processing /opt/airflow/dags/report/process_data.py took 0.248 seconds
[2024-09-10T18:52:26.430+0000] {processor.py:161} INFO - Started process (PID=2194) to work on /opt/airflow/dags/report/process_data.py
[2024-09-10T18:52:26.431+0000] {processor.py:830} INFO - Processing file /opt/airflow/dags/report/process_data.py for tasks to queue
[2024-09-10T18:52:26.432+0000] {logging_mixin.py:188} INFO - [2024-09-10T18:52:26.432+0000] {dagbag.py:540} INFO - Filling up the DagBag from /opt/airflow/dags/report/process_data.py
[2024-09-10T18:52:26.671+0000] {processor.py:842} WARNING - No viable dags retrieved from /opt/airflow/dags/report/process_data.py
[2024-09-10T18:52:26.686+0000] {processor.py:183} INFO - Processing /opt/airflow/dags/report/process_data.py took 0.259 seconds
[2024-09-10T18:52:57.369+0000] {processor.py:161} INFO - Started process (PID=2226) to work on /opt/airflow/dags/report/process_data.py
[2024-09-10T18:52:57.370+0000] {processor.py:830} INFO - Processing file /opt/airflow/dags/report/process_data.py for tasks to queue
[2024-09-10T18:52:57.371+0000] {logging_mixin.py:188} INFO - [2024-09-10T18:52:57.371+0000] {dagbag.py:540} INFO - Filling up the DagBag from /opt/airflow/dags/report/process_data.py
[2024-09-10T18:52:57.763+0000] {processor.py:842} WARNING - No viable dags retrieved from /opt/airflow/dags/report/process_data.py
[2024-09-10T18:52:57.777+0000] {processor.py:183} INFO - Processing /opt/airflow/dags/report/process_data.py took 0.411 seconds
[2024-09-10T18:53:28.218+0000] {processor.py:161} INFO - Started process (PID=2260) to work on /opt/airflow/dags/report/process_data.py
[2024-09-10T18:53:28.219+0000] {processor.py:830} INFO - Processing file /opt/airflow/dags/report/process_data.py for tasks to queue
[2024-09-10T18:53:28.220+0000] {logging_mixin.py:188} INFO - [2024-09-10T18:53:28.220+0000] {dagbag.py:540} INFO - Filling up the DagBag from /opt/airflow/dags/report/process_data.py
[2024-09-10T18:53:28.441+0000] {processor.py:842} WARNING - No viable dags retrieved from /opt/airflow/dags/report/process_data.py
[2024-09-10T18:53:28.456+0000] {processor.py:183} INFO - Processing /opt/airflow/dags/report/process_data.py took 0.241 seconds
[2024-09-10T18:53:58.881+0000] {processor.py:161} INFO - Started process (PID=2289) to work on /opt/airflow/dags/report/process_data.py
[2024-09-10T18:53:58.882+0000] {processor.py:830} INFO - Processing file /opt/airflow/dags/report/process_data.py for tasks to queue
[2024-09-10T18:53:58.883+0000] {logging_mixin.py:188} INFO - [2024-09-10T18:53:58.883+0000] {dagbag.py:540} INFO - Filling up the DagBag from /opt/airflow/dags/report/process_data.py
[2024-09-10T18:53:59.114+0000] {processor.py:842} WARNING - No viable dags retrieved from /opt/airflow/dags/report/process_data.py
[2024-09-10T18:53:59.128+0000] {processor.py:183} INFO - Processing /opt/airflow/dags/report/process_data.py took 0.250 seconds
[2024-09-10T18:54:29.581+0000] {processor.py:161} INFO - Started process (PID=2324) to work on /opt/airflow/dags/report/process_data.py
[2024-09-10T18:54:29.582+0000] {processor.py:830} INFO - Processing file /opt/airflow/dags/report/process_data.py for tasks to queue
[2024-09-10T18:54:29.584+0000] {logging_mixin.py:188} INFO - [2024-09-10T18:54:29.584+0000] {dagbag.py:540} INFO - Filling up the DagBag from /opt/airflow/dags/report/process_data.py
[2024-09-10T18:54:29.823+0000] {processor.py:842} WARNING - No viable dags retrieved from /opt/airflow/dags/report/process_data.py
[2024-09-10T18:54:29.835+0000] {processor.py:183} INFO - Processing /opt/airflow/dags/report/process_data.py took 0.257 seconds
[2024-09-10T18:54:59.934+0000] {processor.py:161} INFO - Started process (PID=2359) to work on /opt/airflow/dags/report/process_data.py
[2024-09-10T18:54:59.937+0000] {processor.py:830} INFO - Processing file /opt/airflow/dags/report/process_data.py for tasks to queue
[2024-09-10T18:54:59.939+0000] {logging_mixin.py:188} INFO - [2024-09-10T18:54:59.938+0000] {dagbag.py:540} INFO - Filling up the DagBag from /opt/airflow/dags/report/process_data.py
[2024-09-10T18:55:00.499+0000] {processor.py:842} WARNING - No viable dags retrieved from /opt/airflow/dags/report/process_data.py
[2024-09-10T18:55:00.532+0000] {processor.py:183} INFO - Processing /opt/airflow/dags/report/process_data.py took 0.604 seconds
[2024-09-10T18:55:30.854+0000] {processor.py:161} INFO - Started process (PID=2391) to work on /opt/airflow/dags/report/process_data.py
[2024-09-10T18:55:30.857+0000] {processor.py:830} INFO - Processing file /opt/airflow/dags/report/process_data.py for tasks to queue
[2024-09-10T18:55:30.860+0000] {logging_mixin.py:188} INFO - [2024-09-10T18:55:30.859+0000] {dagbag.py:540} INFO - Filling up the DagBag from /opt/airflow/dags/report/process_data.py
[2024-09-10T18:55:31.518+0000] {processor.py:842} WARNING - No viable dags retrieved from /opt/airflow/dags/report/process_data.py
[2024-09-10T18:55:31.557+0000] {processor.py:183} INFO - Processing /opt/airflow/dags/report/process_data.py took 0.713 seconds
[2024-09-10T18:56:02.125+0000] {processor.py:161} INFO - Started process (PID=2425) to work on /opt/airflow/dags/report/process_data.py
[2024-09-10T18:56:02.128+0000] {processor.py:830} INFO - Processing file /opt/airflow/dags/report/process_data.py for tasks to queue
[2024-09-10T18:56:02.130+0000] {logging_mixin.py:188} INFO - [2024-09-10T18:56:02.130+0000] {dagbag.py:540} INFO - Filling up the DagBag from /opt/airflow/dags/report/process_data.py
[2024-09-10T18:56:02.885+0000] {processor.py:842} WARNING - No viable dags retrieved from /opt/airflow/dags/report/process_data.py
[2024-09-10T18:56:02.915+0000] {processor.py:183} INFO - Processing /opt/airflow/dags/report/process_data.py took 0.798 seconds
[2024-09-10T18:56:33.744+0000] {processor.py:161} INFO - Started process (PID=2464) to work on /opt/airflow/dags/report/process_data.py
[2024-09-10T18:56:33.747+0000] {processor.py:830} INFO - Processing file /opt/airflow/dags/report/process_data.py for tasks to queue
[2024-09-10T18:56:33.750+0000] {logging_mixin.py:188} INFO - [2024-09-10T18:56:33.749+0000] {dagbag.py:540} INFO - Filling up the DagBag from /opt/airflow/dags/report/process_data.py
[2024-09-10T18:56:34.553+0000] {processor.py:842} WARNING - No viable dags retrieved from /opt/airflow/dags/report/process_data.py
[2024-09-10T18:56:34.606+0000] {processor.py:183} INFO - Processing /opt/airflow/dags/report/process_data.py took 0.867 seconds
[2024-09-10T18:57:05.517+0000] {processor.py:161} INFO - Started process (PID=2493) to work on /opt/airflow/dags/report/process_data.py
[2024-09-10T18:57:05.520+0000] {processor.py:830} INFO - Processing file /opt/airflow/dags/report/process_data.py for tasks to queue
[2024-09-10T18:57:05.522+0000] {logging_mixin.py:188} INFO - [2024-09-10T18:57:05.522+0000] {dagbag.py:540} INFO - Filling up the DagBag from /opt/airflow/dags/report/process_data.py
[2024-09-10T18:57:06.100+0000] {processor.py:842} WARNING - No viable dags retrieved from /opt/airflow/dags/report/process_data.py
[2024-09-10T18:57:06.126+0000] {processor.py:183} INFO - Processing /opt/airflow/dags/report/process_data.py took 0.615 seconds
[2024-09-10T18:57:36.618+0000] {processor.py:161} INFO - Started process (PID=2522) to work on /opt/airflow/dags/report/process_data.py
[2024-09-10T18:57:36.621+0000] {processor.py:830} INFO - Processing file /opt/airflow/dags/report/process_data.py for tasks to queue
[2024-09-10T18:57:36.623+0000] {logging_mixin.py:188} INFO - [2024-09-10T18:57:36.623+0000] {dagbag.py:540} INFO - Filling up the DagBag from /opt/airflow/dags/report/process_data.py
[2024-09-10T18:57:37.360+0000] {processor.py:842} WARNING - No viable dags retrieved from /opt/airflow/dags/report/process_data.py
[2024-09-10T18:57:37.397+0000] {processor.py:183} INFO - Processing /opt/airflow/dags/report/process_data.py took 0.786 seconds
[2024-09-10T18:58:08.012+0000] {processor.py:161} INFO - Started process (PID=2551) to work on /opt/airflow/dags/report/process_data.py
[2024-09-10T18:58:08.015+0000] {processor.py:830} INFO - Processing file /opt/airflow/dags/report/process_data.py for tasks to queue
[2024-09-10T18:58:08.019+0000] {logging_mixin.py:188} INFO - [2024-09-10T18:58:08.018+0000] {dagbag.py:540} INFO - Filling up the DagBag from /opt/airflow/dags/report/process_data.py
[2024-09-10T18:58:08.737+0000] {processor.py:842} WARNING - No viable dags retrieved from /opt/airflow/dags/report/process_data.py
[2024-09-10T18:58:08.774+0000] {processor.py:183} INFO - Processing /opt/airflow/dags/report/process_data.py took 0.772 seconds
[2024-09-10T18:58:39.211+0000] {processor.py:161} INFO - Started process (PID=2580) to work on /opt/airflow/dags/report/process_data.py
[2024-09-10T18:58:39.213+0000] {processor.py:830} INFO - Processing file /opt/airflow/dags/report/process_data.py for tasks to queue
[2024-09-10T18:58:39.215+0000] {logging_mixin.py:188} INFO - [2024-09-10T18:58:39.214+0000] {dagbag.py:540} INFO - Filling up the DagBag from /opt/airflow/dags/report/process_data.py
[2024-09-10T18:58:39.588+0000] {processor.py:842} WARNING - No viable dags retrieved from /opt/airflow/dags/report/process_data.py
[2024-09-10T18:58:39.606+0000] {processor.py:183} INFO - Processing /opt/airflow/dags/report/process_data.py took 0.400 seconds
[2024-09-10T18:59:10.215+0000] {processor.py:161} INFO - Started process (PID=2612) to work on /opt/airflow/dags/report/process_data.py
[2024-09-10T18:59:10.217+0000] {processor.py:830} INFO - Processing file /opt/airflow/dags/report/process_data.py for tasks to queue
[2024-09-10T18:59:10.219+0000] {logging_mixin.py:188} INFO - [2024-09-10T18:59:10.218+0000] {dagbag.py:540} INFO - Filling up the DagBag from /opt/airflow/dags/report/process_data.py
[2024-09-10T18:59:10.627+0000] {processor.py:842} WARNING - No viable dags retrieved from /opt/airflow/dags/report/process_data.py
[2024-09-10T18:59:10.648+0000] {processor.py:183} INFO - Processing /opt/airflow/dags/report/process_data.py took 0.437 seconds
[2024-09-10T18:59:41.327+0000] {processor.py:161} INFO - Started process (PID=2647) to work on /opt/airflow/dags/report/process_data.py
[2024-09-10T18:59:41.328+0000] {processor.py:830} INFO - Processing file /opt/airflow/dags/report/process_data.py for tasks to queue
[2024-09-10T18:59:41.330+0000] {logging_mixin.py:188} INFO - [2024-09-10T18:59:41.330+0000] {dagbag.py:540} INFO - Filling up the DagBag from /opt/airflow/dags/report/process_data.py
[2024-09-10T18:59:41.635+0000] {processor.py:842} WARNING - No viable dags retrieved from /opt/airflow/dags/report/process_data.py
[2024-09-10T18:59:41.651+0000] {processor.py:183} INFO - Processing /opt/airflow/dags/report/process_data.py took 0.327 seconds
[2024-09-10T19:00:12.198+0000] {processor.py:161} INFO - Started process (PID=2676) to work on /opt/airflow/dags/report/process_data.py
[2024-09-10T19:00:12.200+0000] {processor.py:830} INFO - Processing file /opt/airflow/dags/report/process_data.py for tasks to queue
[2024-09-10T19:00:12.202+0000] {logging_mixin.py:188} INFO - [2024-09-10T19:00:12.201+0000] {dagbag.py:540} INFO - Filling up the DagBag from /opt/airflow/dags/report/process_data.py
[2024-09-10T19:00:12.605+0000] {processor.py:842} WARNING - No viable dags retrieved from /opt/airflow/dags/report/process_data.py
[2024-09-10T19:00:12.627+0000] {processor.py:183} INFO - Processing /opt/airflow/dags/report/process_data.py took 0.433 seconds
[2024-09-10T19:00:43.291+0000] {processor.py:161} INFO - Started process (PID=2713) to work on /opt/airflow/dags/report/process_data.py
[2024-09-10T19:00:43.293+0000] {processor.py:830} INFO - Processing file /opt/airflow/dags/report/process_data.py for tasks to queue
[2024-09-10T19:00:43.294+0000] {logging_mixin.py:188} INFO - [2024-09-10T19:00:43.294+0000] {dagbag.py:540} INFO - Filling up the DagBag from /opt/airflow/dags/report/process_data.py
[2024-09-10T19:00:43.611+0000] {processor.py:842} WARNING - No viable dags retrieved from /opt/airflow/dags/report/process_data.py
[2024-09-10T19:00:43.630+0000] {processor.py:183} INFO - Processing /opt/airflow/dags/report/process_data.py took 0.343 seconds
[2024-09-10T19:01:14.272+0000] {processor.py:161} INFO - Started process (PID=2744) to work on /opt/airflow/dags/report/process_data.py
[2024-09-10T19:01:14.275+0000] {processor.py:830} INFO - Processing file /opt/airflow/dags/report/process_data.py for tasks to queue
[2024-09-10T19:01:14.279+0000] {logging_mixin.py:188} INFO - [2024-09-10T19:01:14.278+0000] {dagbag.py:540} INFO - Filling up the DagBag from /opt/airflow/dags/report/process_data.py
[2024-09-10T19:01:14.839+0000] {processor.py:842} WARNING - No viable dags retrieved from /opt/airflow/dags/report/process_data.py
[2024-09-10T19:01:14.863+0000] {processor.py:183} INFO - Processing /opt/airflow/dags/report/process_data.py took 0.599 seconds
[2024-09-10T19:01:45.067+0000] {processor.py:161} INFO - Started process (PID=2771) to work on /opt/airflow/dags/report/process_data.py
[2024-09-10T19:01:45.070+0000] {processor.py:830} INFO - Processing file /opt/airflow/dags/report/process_data.py for tasks to queue
[2024-09-10T19:01:45.072+0000] {logging_mixin.py:188} INFO - [2024-09-10T19:01:45.071+0000] {dagbag.py:540} INFO - Filling up the DagBag from /opt/airflow/dags/report/process_data.py
[2024-09-10T19:01:45.614+0000] {processor.py:842} WARNING - No viable dags retrieved from /opt/airflow/dags/report/process_data.py
[2024-09-10T19:01:45.650+0000] {processor.py:183} INFO - Processing /opt/airflow/dags/report/process_data.py took 0.590 seconds
[2024-09-10T19:02:16.611+0000] {processor.py:161} INFO - Started process (PID=2804) to work on /opt/airflow/dags/report/process_data.py
[2024-09-10T19:02:16.612+0000] {processor.py:830} INFO - Processing file /opt/airflow/dags/report/process_data.py for tasks to queue
[2024-09-10T19:02:16.614+0000] {logging_mixin.py:188} INFO - [2024-09-10T19:02:16.613+0000] {dagbag.py:540} INFO - Filling up the DagBag from /opt/airflow/dags/report/process_data.py
[2024-09-10T19:02:16.955+0000] {processor.py:842} WARNING - No viable dags retrieved from /opt/airflow/dags/report/process_data.py
[2024-09-10T19:02:16.978+0000] {processor.py:183} INFO - Processing /opt/airflow/dags/report/process_data.py took 0.370 seconds
[2024-09-10T19:02:48.003+0000] {processor.py:161} INFO - Started process (PID=2833) to work on /opt/airflow/dags/report/process_data.py
[2024-09-10T19:02:48.005+0000] {processor.py:830} INFO - Processing file /opt/airflow/dags/report/process_data.py for tasks to queue
[2024-09-10T19:02:48.006+0000] {logging_mixin.py:188} INFO - [2024-09-10T19:02:48.006+0000] {dagbag.py:540} INFO - Filling up the DagBag from /opt/airflow/dags/report/process_data.py
[2024-09-10T19:02:48.476+0000] {processor.py:842} WARNING - No viable dags retrieved from /opt/airflow/dags/report/process_data.py
[2024-09-10T19:02:48.503+0000] {processor.py:183} INFO - Processing /opt/airflow/dags/report/process_data.py took 0.504 seconds
[2024-09-10T19:03:19.397+0000] {processor.py:161} INFO - Started process (PID=2864) to work on /opt/airflow/dags/report/process_data.py
[2024-09-10T19:03:19.399+0000] {processor.py:830} INFO - Processing file /opt/airflow/dags/report/process_data.py for tasks to queue
[2024-09-10T19:03:19.400+0000] {logging_mixin.py:188} INFO - [2024-09-10T19:03:19.400+0000] {dagbag.py:540} INFO - Filling up the DagBag from /opt/airflow/dags/report/process_data.py
[2024-09-10T19:03:19.687+0000] {processor.py:842} WARNING - No viable dags retrieved from /opt/airflow/dags/report/process_data.py
[2024-09-10T19:03:19.707+0000] {processor.py:183} INFO - Processing /opt/airflow/dags/report/process_data.py took 0.315 seconds
[2024-09-10T19:03:23.246+0000] {processor.py:161} INFO - Started process (PID=2878) to work on /opt/airflow/dags/report/process_data.py
[2024-09-10T19:03:23.255+0000] {processor.py:830} INFO - Processing file /opt/airflow/dags/report/process_data.py for tasks to queue
[2024-09-10T19:03:23.259+0000] {logging_mixin.py:188} INFO - [2024-09-10T19:03:23.258+0000] {dagbag.py:540} INFO - Filling up the DagBag from /opt/airflow/dags/report/process_data.py
[2024-09-10T19:03:23.902+0000] {processor.py:842} WARNING - No viable dags retrieved from /opt/airflow/dags/report/process_data.py
[2024-09-10T19:03:23.929+0000] {processor.py:183} INFO - Processing /opt/airflow/dags/report/process_data.py took 0.697 seconds
[2024-09-10T19:03:37.487+0000] {processor.py:161} INFO - Started process (PID=2895) to work on /opt/airflow/dags/report/process_data.py
[2024-09-10T19:03:37.489+0000] {processor.py:830} INFO - Processing file /opt/airflow/dags/report/process_data.py for tasks to queue
[2024-09-10T19:03:37.491+0000] {logging_mixin.py:188} INFO - [2024-09-10T19:03:37.490+0000] {dagbag.py:540} INFO - Filling up the DagBag from /opt/airflow/dags/report/process_data.py
[2024-09-10T19:03:37.932+0000] {processor.py:842} WARNING - No viable dags retrieved from /opt/airflow/dags/report/process_data.py
[2024-09-10T19:03:37.962+0000] {processor.py:183} INFO - Processing /opt/airflow/dags/report/process_data.py took 0.480 seconds
[2024-09-10T19:04:08.151+0000] {processor.py:161} INFO - Started process (PID=2927) to work on /opt/airflow/dags/report/process_data.py
[2024-09-10T19:04:08.154+0000] {processor.py:830} INFO - Processing file /opt/airflow/dags/report/process_data.py for tasks to queue
[2024-09-10T19:04:08.157+0000] {logging_mixin.py:188} INFO - [2024-09-10T19:04:08.156+0000] {dagbag.py:540} INFO - Filling up the DagBag from /opt/airflow/dags/report/process_data.py
[2024-09-10T19:04:09.333+0000] {processor.py:842} WARNING - No viable dags retrieved from /opt/airflow/dags/report/process_data.py
[2024-09-10T19:04:09.435+0000] {processor.py:183} INFO - Processing /opt/airflow/dags/report/process_data.py took 1.294 seconds
[2024-09-10T19:04:39.804+0000] {processor.py:161} INFO - Started process (PID=2961) to work on /opt/airflow/dags/report/process_data.py
[2024-09-10T19:04:39.807+0000] {processor.py:830} INFO - Processing file /opt/airflow/dags/report/process_data.py for tasks to queue
[2024-09-10T19:04:39.809+0000] {logging_mixin.py:188} INFO - [2024-09-10T19:04:39.808+0000] {dagbag.py:540} INFO - Filling up the DagBag from /opt/airflow/dags/report/process_data.py
[2024-09-10T19:04:40.535+0000] {processor.py:842} WARNING - No viable dags retrieved from /opt/airflow/dags/report/process_data.py
[2024-09-10T19:04:40.570+0000] {processor.py:183} INFO - Processing /opt/airflow/dags/report/process_data.py took 0.772 seconds
[2024-09-10T19:05:10.891+0000] {processor.py:161} INFO - Started process (PID=2991) to work on /opt/airflow/dags/report/process_data.py
[2024-09-10T19:05:10.892+0000] {processor.py:830} INFO - Processing file /opt/airflow/dags/report/process_data.py for tasks to queue
[2024-09-10T19:05:10.894+0000] {logging_mixin.py:188} INFO - [2024-09-10T19:05:10.894+0000] {dagbag.py:540} INFO - Filling up the DagBag from /opt/airflow/dags/report/process_data.py
[2024-09-10T19:05:11.287+0000] {processor.py:842} WARNING - No viable dags retrieved from /opt/airflow/dags/report/process_data.py
[2024-09-10T19:05:11.311+0000] {processor.py:183} INFO - Processing /opt/airflow/dags/report/process_data.py took 0.424 seconds
[2024-09-10T19:05:41.896+0000] {processor.py:161} INFO - Started process (PID=3020) to work on /opt/airflow/dags/report/process_data.py
[2024-09-10T19:05:41.898+0000] {processor.py:830} INFO - Processing file /opt/airflow/dags/report/process_data.py for tasks to queue
[2024-09-10T19:05:41.901+0000] {logging_mixin.py:188} INFO - [2024-09-10T19:05:41.900+0000] {dagbag.py:540} INFO - Filling up the DagBag from /opt/airflow/dags/report/process_data.py
[2024-09-10T19:05:42.314+0000] {processor.py:842} WARNING - No viable dags retrieved from /opt/airflow/dags/report/process_data.py
[2024-09-10T19:05:42.333+0000] {processor.py:183} INFO - Processing /opt/airflow/dags/report/process_data.py took 0.443 seconds
[2024-09-10T19:06:12.738+0000] {processor.py:161} INFO - Started process (PID=3055) to work on /opt/airflow/dags/report/process_data.py
[2024-09-10T19:06:12.739+0000] {processor.py:830} INFO - Processing file /opt/airflow/dags/report/process_data.py for tasks to queue
[2024-09-10T19:06:12.741+0000] {logging_mixin.py:188} INFO - [2024-09-10T19:06:12.741+0000] {dagbag.py:540} INFO - Filling up the DagBag from /opt/airflow/dags/report/process_data.py
[2024-09-10T19:06:13.133+0000] {processor.py:842} WARNING - No viable dags retrieved from /opt/airflow/dags/report/process_data.py
[2024-09-10T19:06:13.164+0000] {processor.py:183} INFO - Processing /opt/airflow/dags/report/process_data.py took 0.430 seconds
[2024-09-10T19:06:43.416+0000] {processor.py:161} INFO - Started process (PID=3089) to work on /opt/airflow/dags/report/process_data.py
[2024-09-10T19:06:43.417+0000] {processor.py:830} INFO - Processing file /opt/airflow/dags/report/process_data.py for tasks to queue
[2024-09-10T19:06:43.419+0000] {logging_mixin.py:188} INFO - [2024-09-10T19:06:43.418+0000] {dagbag.py:540} INFO - Filling up the DagBag from /opt/airflow/dags/report/process_data.py
[2024-09-10T19:06:43.774+0000] {processor.py:842} WARNING - No viable dags retrieved from /opt/airflow/dags/report/process_data.py
[2024-09-10T19:06:43.799+0000] {processor.py:183} INFO - Processing /opt/airflow/dags/report/process_data.py took 0.387 seconds
[2024-09-10T19:07:14.130+0000] {processor.py:161} INFO - Started process (PID=3118) to work on /opt/airflow/dags/report/process_data.py
[2024-09-10T19:07:14.132+0000] {processor.py:830} INFO - Processing file /opt/airflow/dags/report/process_data.py for tasks to queue
[2024-09-10T19:07:14.135+0000] {logging_mixin.py:188} INFO - [2024-09-10T19:07:14.134+0000] {dagbag.py:540} INFO - Filling up the DagBag from /opt/airflow/dags/report/process_data.py
[2024-09-10T19:07:14.814+0000] {processor.py:842} WARNING - No viable dags retrieved from /opt/airflow/dags/report/process_data.py
[2024-09-10T19:07:14.844+0000] {processor.py:183} INFO - Processing /opt/airflow/dags/report/process_data.py took 0.719 seconds
[2024-09-10T19:07:45.200+0000] {processor.py:161} INFO - Started process (PID=3147) to work on /opt/airflow/dags/report/process_data.py
[2024-09-10T19:07:45.205+0000] {processor.py:830} INFO - Processing file /opt/airflow/dags/report/process_data.py for tasks to queue
[2024-09-10T19:07:45.215+0000] {logging_mixin.py:188} INFO - [2024-09-10T19:07:45.213+0000] {dagbag.py:540} INFO - Filling up the DagBag from /opt/airflow/dags/report/process_data.py
[2024-09-10T19:07:45.694+0000] {processor.py:842} WARNING - No viable dags retrieved from /opt/airflow/dags/report/process_data.py
[2024-09-10T19:07:45.725+0000] {processor.py:183} INFO - Processing /opt/airflow/dags/report/process_data.py took 0.546 seconds
[2024-09-10T19:08:15.987+0000] {processor.py:161} INFO - Started process (PID=3179) to work on /opt/airflow/dags/report/process_data.py
[2024-09-10T19:08:15.990+0000] {processor.py:830} INFO - Processing file /opt/airflow/dags/report/process_data.py for tasks to queue
[2024-09-10T19:08:15.992+0000] {logging_mixin.py:188} INFO - [2024-09-10T19:08:15.991+0000] {dagbag.py:540} INFO - Filling up the DagBag from /opt/airflow/dags/report/process_data.py
[2024-09-10T19:08:16.473+0000] {processor.py:842} WARNING - No viable dags retrieved from /opt/airflow/dags/report/process_data.py
[2024-09-10T19:08:16.497+0000] {processor.py:183} INFO - Processing /opt/airflow/dags/report/process_data.py took 0.516 seconds
[2024-09-10T19:08:47.041+0000] {processor.py:161} INFO - Started process (PID=3208) to work on /opt/airflow/dags/report/process_data.py
[2024-09-10T19:08:47.043+0000] {processor.py:830} INFO - Processing file /opt/airflow/dags/report/process_data.py for tasks to queue
[2024-09-10T19:08:47.045+0000] {logging_mixin.py:188} INFO - [2024-09-10T19:08:47.045+0000] {dagbag.py:540} INFO - Filling up the DagBag from /opt/airflow/dags/report/process_data.py
[2024-09-10T19:08:47.492+0000] {processor.py:842} WARNING - No viable dags retrieved from /opt/airflow/dags/report/process_data.py
[2024-09-10T19:08:47.516+0000] {processor.py:183} INFO - Processing /opt/airflow/dags/report/process_data.py took 0.479 seconds
[2024-09-10T19:09:18.019+0000] {processor.py:161} INFO - Started process (PID=3237) to work on /opt/airflow/dags/report/process_data.py
[2024-09-10T19:09:18.022+0000] {processor.py:830} INFO - Processing file /opt/airflow/dags/report/process_data.py for tasks to queue
[2024-09-10T19:09:18.024+0000] {logging_mixin.py:188} INFO - [2024-09-10T19:09:18.023+0000] {dagbag.py:540} INFO - Filling up the DagBag from /opt/airflow/dags/report/process_data.py
[2024-09-10T19:09:18.573+0000] {processor.py:842} WARNING - No viable dags retrieved from /opt/airflow/dags/report/process_data.py
[2024-09-10T19:09:18.610+0000] {processor.py:183} INFO - Processing /opt/airflow/dags/report/process_data.py took 0.597 seconds
[2024-09-10T19:09:49.255+0000] {processor.py:161} INFO - Started process (PID=3266) to work on /opt/airflow/dags/report/process_data.py
[2024-09-10T19:09:49.258+0000] {processor.py:830} INFO - Processing file /opt/airflow/dags/report/process_data.py for tasks to queue
[2024-09-10T19:09:49.260+0000] {logging_mixin.py:188} INFO - [2024-09-10T19:09:49.260+0000] {dagbag.py:540} INFO - Filling up the DagBag from /opt/airflow/dags/report/process_data.py
[2024-09-10T19:09:49.885+0000] {processor.py:842} WARNING - No viable dags retrieved from /opt/airflow/dags/report/process_data.py
[2024-09-10T19:09:49.916+0000] {processor.py:183} INFO - Processing /opt/airflow/dags/report/process_data.py took 0.666 seconds
[2024-09-10T19:10:20.201+0000] {processor.py:161} INFO - Started process (PID=3298) to work on /opt/airflow/dags/report/process_data.py
[2024-09-10T19:10:20.204+0000] {processor.py:830} INFO - Processing file /opt/airflow/dags/report/process_data.py for tasks to queue
[2024-09-10T19:10:20.207+0000] {logging_mixin.py:188} INFO - [2024-09-10T19:10:20.206+0000] {dagbag.py:540} INFO - Filling up the DagBag from /opt/airflow/dags/report/process_data.py
[2024-09-10T19:10:20.814+0000] {processor.py:842} WARNING - No viable dags retrieved from /opt/airflow/dags/report/process_data.py
[2024-09-10T19:10:20.851+0000] {processor.py:183} INFO - Processing /opt/airflow/dags/report/process_data.py took 0.656 seconds
[2024-09-10T19:10:51.153+0000] {processor.py:161} INFO - Started process (PID=3327) to work on /opt/airflow/dags/report/process_data.py
[2024-09-10T19:10:51.156+0000] {processor.py:830} INFO - Processing file /opt/airflow/dags/report/process_data.py for tasks to queue
[2024-09-10T19:10:51.159+0000] {logging_mixin.py:188} INFO - [2024-09-10T19:10:51.158+0000] {dagbag.py:540} INFO - Filling up the DagBag from /opt/airflow/dags/report/process_data.py
[2024-09-10T19:10:51.719+0000] {processor.py:842} WARNING - No viable dags retrieved from /opt/airflow/dags/report/process_data.py
[2024-09-10T19:10:51.761+0000] {processor.py:183} INFO - Processing /opt/airflow/dags/report/process_data.py took 0.614 seconds
[2024-09-10T19:11:22.101+0000] {processor.py:161} INFO - Started process (PID=3359) to work on /opt/airflow/dags/report/process_data.py
[2024-09-10T19:11:22.103+0000] {processor.py:830} INFO - Processing file /opt/airflow/dags/report/process_data.py for tasks to queue
[2024-09-10T19:11:22.105+0000] {logging_mixin.py:188} INFO - [2024-09-10T19:11:22.104+0000] {dagbag.py:540} INFO - Filling up the DagBag from /opt/airflow/dags/report/process_data.py
[2024-09-10T19:11:22.449+0000] {processor.py:842} WARNING - No viable dags retrieved from /opt/airflow/dags/report/process_data.py
[2024-09-10T19:11:22.471+0000] {processor.py:183} INFO - Processing /opt/airflow/dags/report/process_data.py took 0.374 seconds
[2024-09-10T19:11:53.157+0000] {processor.py:161} INFO - Started process (PID=3388) to work on /opt/airflow/dags/report/process_data.py
[2024-09-10T19:11:53.158+0000] {processor.py:830} INFO - Processing file /opt/airflow/dags/report/process_data.py for tasks to queue
[2024-09-10T19:11:53.160+0000] {logging_mixin.py:188} INFO - [2024-09-10T19:11:53.160+0000] {dagbag.py:540} INFO - Filling up the DagBag from /opt/airflow/dags/report/process_data.py
[2024-09-10T19:11:53.422+0000] {processor.py:842} WARNING - No viable dags retrieved from /opt/airflow/dags/report/process_data.py
[2024-09-10T19:11:53.440+0000] {processor.py:183} INFO - Processing /opt/airflow/dags/report/process_data.py took 0.286 seconds
[2024-09-10T19:12:23.991+0000] {processor.py:161} INFO - Started process (PID=3418) to work on /opt/airflow/dags/report/process_data.py
[2024-09-10T19:12:23.993+0000] {processor.py:830} INFO - Processing file /opt/airflow/dags/report/process_data.py for tasks to queue
[2024-09-10T19:12:23.995+0000] {logging_mixin.py:188} INFO - [2024-09-10T19:12:23.995+0000] {dagbag.py:540} INFO - Filling up the DagBag from /opt/airflow/dags/report/process_data.py
[2024-09-10T19:12:24.346+0000] {processor.py:842} WARNING - No viable dags retrieved from /opt/airflow/dags/report/process_data.py
[2024-09-10T19:12:24.363+0000] {processor.py:183} INFO - Processing /opt/airflow/dags/report/process_data.py took 0.376 seconds
[2024-09-10T19:12:25.445+0000] {processor.py:161} INFO - Started process (PID=3424) to work on /opt/airflow/dags/report/process_data.py
[2024-09-10T19:12:25.446+0000] {processor.py:830} INFO - Processing file /opt/airflow/dags/report/process_data.py for tasks to queue
[2024-09-10T19:12:25.448+0000] {logging_mixin.py:188} INFO - [2024-09-10T19:12:25.448+0000] {dagbag.py:540} INFO - Filling up the DagBag from /opt/airflow/dags/report/process_data.py
[2024-09-10T19:12:25.811+0000] {processor.py:842} WARNING - No viable dags retrieved from /opt/airflow/dags/report/process_data.py
[2024-09-10T19:12:25.833+0000] {processor.py:183} INFO - Processing /opt/airflow/dags/report/process_data.py took 0.392 seconds
[2024-09-10T19:12:56.477+0000] {processor.py:161} INFO - Started process (PID=3456) to work on /opt/airflow/dags/report/process_data.py
[2024-09-10T19:12:56.480+0000] {processor.py:830} INFO - Processing file /opt/airflow/dags/report/process_data.py for tasks to queue
[2024-09-10T19:12:56.483+0000] {logging_mixin.py:188} INFO - [2024-09-10T19:12:56.482+0000] {dagbag.py:540} INFO - Filling up the DagBag from /opt/airflow/dags/report/process_data.py
[2024-09-10T19:12:57.021+0000] {processor.py:842} WARNING - No viable dags retrieved from /opt/airflow/dags/report/process_data.py
[2024-09-10T19:12:57.047+0000] {processor.py:183} INFO - Processing /opt/airflow/dags/report/process_data.py took 0.575 seconds
[2024-09-10T19:13:27.171+0000] {processor.py:161} INFO - Started process (PID=3485) to work on /opt/airflow/dags/report/process_data.py
[2024-09-10T19:13:27.173+0000] {processor.py:830} INFO - Processing file /opt/airflow/dags/report/process_data.py for tasks to queue
[2024-09-10T19:13:27.175+0000] {logging_mixin.py:188} INFO - [2024-09-10T19:13:27.175+0000] {dagbag.py:540} INFO - Filling up the DagBag from /opt/airflow/dags/report/process_data.py
[2024-09-10T19:13:27.536+0000] {processor.py:842} WARNING - No viable dags retrieved from /opt/airflow/dags/report/process_data.py
[2024-09-10T19:13:27.555+0000] {processor.py:183} INFO - Processing /opt/airflow/dags/report/process_data.py took 0.390 seconds
[2024-09-10T19:13:57.663+0000] {processor.py:161} INFO - Started process (PID=3519) to work on /opt/airflow/dags/report/process_data.py
[2024-09-10T19:13:57.666+0000] {processor.py:830} INFO - Processing file /opt/airflow/dags/report/process_data.py for tasks to queue
[2024-09-10T19:13:57.668+0000] {logging_mixin.py:188} INFO - [2024-09-10T19:13:57.667+0000] {dagbag.py:540} INFO - Filling up the DagBag from /opt/airflow/dags/report/process_data.py
[2024-09-10T19:13:58.270+0000] {processor.py:842} WARNING - No viable dags retrieved from /opt/airflow/dags/report/process_data.py
[2024-09-10T19:13:58.306+0000] {processor.py:183} INFO - Processing /opt/airflow/dags/report/process_data.py took 0.648 seconds
[2024-09-10T19:14:28.638+0000] {processor.py:161} INFO - Started process (PID=3548) to work on /opt/airflow/dags/report/process_data.py
[2024-09-10T19:14:28.639+0000] {processor.py:830} INFO - Processing file /opt/airflow/dags/report/process_data.py for tasks to queue
[2024-09-10T19:14:28.642+0000] {logging_mixin.py:188} INFO - [2024-09-10T19:14:28.641+0000] {dagbag.py:540} INFO - Filling up the DagBag from /opt/airflow/dags/report/process_data.py
[2024-09-10T19:14:29.193+0000] {processor.py:842} WARNING - No viable dags retrieved from /opt/airflow/dags/report/process_data.py
[2024-09-10T19:14:29.226+0000] {processor.py:183} INFO - Processing /opt/airflow/dags/report/process_data.py took 0.593 seconds
[2024-09-10T19:14:59.598+0000] {processor.py:161} INFO - Started process (PID=3577) to work on /opt/airflow/dags/report/process_data.py
[2024-09-10T19:14:59.600+0000] {processor.py:830} INFO - Processing file /opt/airflow/dags/report/process_data.py for tasks to queue
[2024-09-10T19:14:59.603+0000] {logging_mixin.py:188} INFO - [2024-09-10T19:14:59.602+0000] {dagbag.py:540} INFO - Filling up the DagBag from /opt/airflow/dags/report/process_data.py
[2024-09-10T19:15:00.080+0000] {processor.py:842} WARNING - No viable dags retrieved from /opt/airflow/dags/report/process_data.py
[2024-09-10T19:15:00.103+0000] {processor.py:183} INFO - Processing /opt/airflow/dags/report/process_data.py took 0.510 seconds
[2024-09-10T19:15:31.040+0000] {processor.py:161} INFO - Started process (PID=3623) to work on /opt/airflow/dags/report/process_data.py
[2024-09-10T19:15:31.043+0000] {processor.py:830} INFO - Processing file /opt/airflow/dags/report/process_data.py for tasks to queue
[2024-09-10T19:15:31.045+0000] {logging_mixin.py:188} INFO - [2024-09-10T19:15:31.045+0000] {dagbag.py:540} INFO - Filling up the DagBag from /opt/airflow/dags/report/process_data.py
[2024-09-10T19:15:31.549+0000] {processor.py:842} WARNING - No viable dags retrieved from /opt/airflow/dags/report/process_data.py
[2024-09-10T19:15:31.573+0000] {processor.py:183} INFO - Processing /opt/airflow/dags/report/process_data.py took 0.543 seconds
[2024-09-10T19:16:01.872+0000] {processor.py:161} INFO - Started process (PID=3652) to work on /opt/airflow/dags/report/process_data.py
[2024-09-10T19:16:01.875+0000] {processor.py:830} INFO - Processing file /opt/airflow/dags/report/process_data.py for tasks to queue
[2024-09-10T19:16:01.878+0000] {logging_mixin.py:188} INFO - [2024-09-10T19:16:01.877+0000] {dagbag.py:540} INFO - Filling up the DagBag from /opt/airflow/dags/report/process_data.py
[2024-09-10T19:16:02.455+0000] {processor.py:842} WARNING - No viable dags retrieved from /opt/airflow/dags/report/process_data.py
[2024-09-10T19:16:02.479+0000] {processor.py:183} INFO - Processing /opt/airflow/dags/report/process_data.py took 0.614 seconds
[2024-09-10T19:16:33.455+0000] {processor.py:161} INFO - Started process (PID=3695) to work on /opt/airflow/dags/report/process_data.py
[2024-09-10T19:16:33.459+0000] {processor.py:830} INFO - Processing file /opt/airflow/dags/report/process_data.py for tasks to queue
[2024-09-10T19:16:33.464+0000] {logging_mixin.py:188} INFO - [2024-09-10T19:16:33.462+0000] {dagbag.py:540} INFO - Filling up the DagBag from /opt/airflow/dags/report/process_data.py
[2024-09-10T19:16:34.432+0000] {processor.py:842} WARNING - No viable dags retrieved from /opt/airflow/dags/report/process_data.py
[2024-09-10T19:16:34.497+0000] {processor.py:183} INFO - Processing /opt/airflow/dags/report/process_data.py took 1.053 seconds
[2024-09-10T19:17:05.154+0000] {processor.py:161} INFO - Started process (PID=3744) to work on /opt/airflow/dags/report/process_data.py
[2024-09-10T19:17:05.156+0000] {processor.py:830} INFO - Processing file /opt/airflow/dags/report/process_data.py for tasks to queue
[2024-09-10T19:17:05.158+0000] {logging_mixin.py:188} INFO - [2024-09-10T19:17:05.158+0000] {dagbag.py:540} INFO - Filling up the DagBag from /opt/airflow/dags/report/process_data.py
[2024-09-10T19:17:05.521+0000] {processor.py:842} WARNING - No viable dags retrieved from /opt/airflow/dags/report/process_data.py
[2024-09-10T19:17:05.540+0000] {processor.py:183} INFO - Processing /opt/airflow/dags/report/process_data.py took 0.394 seconds
[2024-09-10T19:17:36.100+0000] {processor.py:161} INFO - Started process (PID=3772) to work on /opt/airflow/dags/report/process_data.py
[2024-09-10T19:17:36.102+0000] {processor.py:830} INFO - Processing file /opt/airflow/dags/report/process_data.py for tasks to queue
[2024-09-10T19:17:36.103+0000] {logging_mixin.py:188} INFO - [2024-09-10T19:17:36.103+0000] {dagbag.py:540} INFO - Filling up the DagBag from /opt/airflow/dags/report/process_data.py
[2024-09-10T19:17:36.447+0000] {processor.py:842} WARNING - No viable dags retrieved from /opt/airflow/dags/report/process_data.py
[2024-09-10T19:17:36.466+0000] {processor.py:183} INFO - Processing /opt/airflow/dags/report/process_data.py took 0.370 seconds
[2024-09-10T19:18:07.222+0000] {processor.py:161} INFO - Started process (PID=3801) to work on /opt/airflow/dags/report/process_data.py
[2024-09-10T19:18:07.224+0000] {processor.py:830} INFO - Processing file /opt/airflow/dags/report/process_data.py for tasks to queue
[2024-09-10T19:18:07.226+0000] {logging_mixin.py:188} INFO - [2024-09-10T19:18:07.225+0000] {dagbag.py:540} INFO - Filling up the DagBag from /opt/airflow/dags/report/process_data.py
[2024-09-10T19:18:07.643+0000] {processor.py:842} WARNING - No viable dags retrieved from /opt/airflow/dags/report/process_data.py
[2024-09-10T19:18:07.665+0000] {processor.py:183} INFO - Processing /opt/airflow/dags/report/process_data.py took 0.448 seconds
[2024-09-10T19:18:38.120+0000] {processor.py:161} INFO - Started process (PID=3830) to work on /opt/airflow/dags/report/process_data.py
[2024-09-10T19:18:38.122+0000] {processor.py:830} INFO - Processing file /opt/airflow/dags/report/process_data.py for tasks to queue
[2024-09-10T19:18:38.123+0000] {logging_mixin.py:188} INFO - [2024-09-10T19:18:38.123+0000] {dagbag.py:540} INFO - Filling up the DagBag from /opt/airflow/dags/report/process_data.py
[2024-09-10T19:18:38.461+0000] {processor.py:842} WARNING - No viable dags retrieved from /opt/airflow/dags/report/process_data.py
[2024-09-10T19:18:38.480+0000] {processor.py:183} INFO - Processing /opt/airflow/dags/report/process_data.py took 0.364 seconds
[2024-09-10T19:19:08.756+0000] {processor.py:161} INFO - Started process (PID=3860) to work on /opt/airflow/dags/report/process_data.py
[2024-09-10T19:19:08.758+0000] {processor.py:830} INFO - Processing file /opt/airflow/dags/report/process_data.py for tasks to queue
[2024-09-10T19:19:08.759+0000] {logging_mixin.py:188} INFO - [2024-09-10T19:19:08.759+0000] {dagbag.py:540} INFO - Filling up the DagBag from /opt/airflow/dags/report/process_data.py
[2024-09-10T19:19:09.184+0000] {processor.py:842} WARNING - No viable dags retrieved from /opt/airflow/dags/report/process_data.py
[2024-09-10T19:19:09.205+0000] {processor.py:183} INFO - Processing /opt/airflow/dags/report/process_data.py took 0.453 seconds
[2024-09-10T19:19:39.848+0000] {processor.py:161} INFO - Started process (PID=3890) to work on /opt/airflow/dags/report/process_data.py
[2024-09-10T19:19:39.849+0000] {processor.py:830} INFO - Processing file /opt/airflow/dags/report/process_data.py for tasks to queue
[2024-09-10T19:19:39.851+0000] {logging_mixin.py:188} INFO - [2024-09-10T19:19:39.851+0000] {dagbag.py:540} INFO - Filling up the DagBag from /opt/airflow/dags/report/process_data.py
[2024-09-10T19:19:40.360+0000] {processor.py:842} WARNING - No viable dags retrieved from /opt/airflow/dags/report/process_data.py
[2024-09-10T19:19:40.377+0000] {processor.py:183} INFO - Processing /opt/airflow/dags/report/process_data.py took 0.534 seconds
[2024-09-10T19:20:10.719+0000] {processor.py:161} INFO - Started process (PID=3919) to work on /opt/airflow/dags/report/process_data.py
[2024-09-10T19:20:10.721+0000] {processor.py:830} INFO - Processing file /opt/airflow/dags/report/process_data.py for tasks to queue
[2024-09-10T19:20:10.722+0000] {logging_mixin.py:188} INFO - [2024-09-10T19:20:10.721+0000] {dagbag.py:540} INFO - Filling up the DagBag from /opt/airflow/dags/report/process_data.py
[2024-09-10T19:20:11.091+0000] {processor.py:842} WARNING - No viable dags retrieved from /opt/airflow/dags/report/process_data.py
[2024-09-10T19:20:11.101+0000] {processor.py:183} INFO - Processing /opt/airflow/dags/report/process_data.py took 0.386 seconds
[2024-09-10T19:20:20.014+0000] {processor.py:161} INFO - Started process (PID=3948) to work on /opt/airflow/dags/report/process_data.py
[2024-09-10T19:20:20.015+0000] {processor.py:830} INFO - Processing file /opt/airflow/dags/report/process_data.py for tasks to queue
[2024-09-10T19:20:20.016+0000] {logging_mixin.py:188} INFO - [2024-09-10T19:20:20.016+0000] {dagbag.py:540} INFO - Filling up the DagBag from /opt/airflow/dags/report/process_data.py
[2024-09-10T19:20:20.263+0000] {processor.py:842} WARNING - No viable dags retrieved from /opt/airflow/dags/report/process_data.py
[2024-09-10T19:20:20.277+0000] {processor.py:183} INFO - Processing /opt/airflow/dags/report/process_data.py took 0.267 seconds
[2024-09-10T19:20:31.504+0000] {processor.py:161} INFO - Started process (PID=3959) to work on /opt/airflow/dags/report/process_data.py
[2024-09-10T19:20:31.505+0000] {processor.py:830} INFO - Processing file /opt/airflow/dags/report/process_data.py for tasks to queue
[2024-09-10T19:20:31.506+0000] {logging_mixin.py:188} INFO - [2024-09-10T19:20:31.506+0000] {dagbag.py:540} INFO - Filling up the DagBag from /opt/airflow/dags/report/process_data.py
[2024-09-10T19:20:31.767+0000] {processor.py:842} WARNING - No viable dags retrieved from /opt/airflow/dags/report/process_data.py
[2024-09-10T19:20:31.781+0000] {processor.py:183} INFO - Processing /opt/airflow/dags/report/process_data.py took 0.280 seconds
[2024-09-10T19:20:54.914+0000] {processor.py:161} INFO - Started process (PID=3988) to work on /opt/airflow/dags/report/process_data.py
[2024-09-10T19:20:54.915+0000] {processor.py:830} INFO - Processing file /opt/airflow/dags/report/process_data.py for tasks to queue
[2024-09-10T19:20:54.916+0000] {logging_mixin.py:188} INFO - [2024-09-10T19:20:54.916+0000] {dagbag.py:540} INFO - Filling up the DagBag from /opt/airflow/dags/report/process_data.py
[2024-09-10T19:20:55.205+0000] {processor.py:842} WARNING - No viable dags retrieved from /opt/airflow/dags/report/process_data.py
[2024-09-10T19:20:55.220+0000] {processor.py:183} INFO - Processing /opt/airflow/dags/report/process_data.py took 0.309 seconds
[2024-09-10T19:21:25.462+0000] {processor.py:161} INFO - Started process (PID=4017) to work on /opt/airflow/dags/report/process_data.py
[2024-09-10T19:21:25.463+0000] {processor.py:830} INFO - Processing file /opt/airflow/dags/report/process_data.py for tasks to queue
[2024-09-10T19:21:25.464+0000] {logging_mixin.py:188} INFO - [2024-09-10T19:21:25.464+0000] {dagbag.py:540} INFO - Filling up the DagBag from /opt/airflow/dags/report/process_data.py
[2024-09-10T19:21:25.806+0000] {processor.py:842} WARNING - No viable dags retrieved from /opt/airflow/dags/report/process_data.py
[2024-09-10T19:21:25.817+0000] {processor.py:183} INFO - Processing /opt/airflow/dags/report/process_data.py took 0.357 seconds
[2024-09-10T19:21:56.200+0000] {processor.py:161} INFO - Started process (PID=4046) to work on /opt/airflow/dags/report/process_data.py
[2024-09-10T19:21:56.202+0000] {processor.py:830} INFO - Processing file /opt/airflow/dags/report/process_data.py for tasks to queue
[2024-09-10T19:21:56.203+0000] {logging_mixin.py:188} INFO - [2024-09-10T19:21:56.202+0000] {dagbag.py:540} INFO - Filling up the DagBag from /opt/airflow/dags/report/process_data.py
[2024-09-10T19:21:56.549+0000] {processor.py:842} WARNING - No viable dags retrieved from /opt/airflow/dags/report/process_data.py
[2024-09-10T19:21:56.562+0000] {processor.py:183} INFO - Processing /opt/airflow/dags/report/process_data.py took 0.365 seconds
[2024-09-10T19:22:26.823+0000] {processor.py:161} INFO - Started process (PID=4083) to work on /opt/airflow/dags/report/process_data.py
[2024-09-10T19:22:26.824+0000] {processor.py:830} INFO - Processing file /opt/airflow/dags/report/process_data.py for tasks to queue
[2024-09-10T19:22:26.825+0000] {logging_mixin.py:188} INFO - [2024-09-10T19:22:26.825+0000] {dagbag.py:540} INFO - Filling up the DagBag from /opt/airflow/dags/report/process_data.py
[2024-09-10T19:22:27.331+0000] {processor.py:842} WARNING - No viable dags retrieved from /opt/airflow/dags/report/process_data.py
[2024-09-10T19:22:27.351+0000] {processor.py:183} INFO - Processing /opt/airflow/dags/report/process_data.py took 0.532 seconds
[2024-09-10T19:22:57.568+0000] {processor.py:161} INFO - Started process (PID=4112) to work on /opt/airflow/dags/report/process_data.py
[2024-09-10T19:22:57.569+0000] {processor.py:830} INFO - Processing file /opt/airflow/dags/report/process_data.py for tasks to queue
[2024-09-10T19:22:57.571+0000] {logging_mixin.py:188} INFO - [2024-09-10T19:22:57.570+0000] {dagbag.py:540} INFO - Filling up the DagBag from /opt/airflow/dags/report/process_data.py
[2024-09-10T19:22:57.836+0000] {processor.py:842} WARNING - No viable dags retrieved from /opt/airflow/dags/report/process_data.py
[2024-09-10T19:22:57.850+0000] {processor.py:183} INFO - Processing /opt/airflow/dags/report/process_data.py took 0.285 seconds
[2024-09-10T19:23:28.419+0000] {processor.py:161} INFO - Started process (PID=4141) to work on /opt/airflow/dags/report/process_data.py
[2024-09-10T19:23:28.420+0000] {processor.py:830} INFO - Processing file /opt/airflow/dags/report/process_data.py for tasks to queue
[2024-09-10T19:23:28.421+0000] {logging_mixin.py:188} INFO - [2024-09-10T19:23:28.421+0000] {dagbag.py:540} INFO - Filling up the DagBag from /opt/airflow/dags/report/process_data.py
[2024-09-10T19:23:28.787+0000] {processor.py:842} WARNING - No viable dags retrieved from /opt/airflow/dags/report/process_data.py
[2024-09-10T19:23:28.799+0000] {processor.py:183} INFO - Processing /opt/airflow/dags/report/process_data.py took 0.384 seconds
[2024-09-10T19:23:59.633+0000] {processor.py:161} INFO - Started process (PID=4170) to work on /opt/airflow/dags/report/process_data.py
[2024-09-10T19:23:59.634+0000] {processor.py:830} INFO - Processing file /opt/airflow/dags/report/process_data.py for tasks to queue
[2024-09-10T19:23:59.636+0000] {logging_mixin.py:188} INFO - [2024-09-10T19:23:59.636+0000] {dagbag.py:540} INFO - Filling up the DagBag from /opt/airflow/dags/report/process_data.py
[2024-09-10T19:24:00.106+0000] {processor.py:842} WARNING - No viable dags retrieved from /opt/airflow/dags/report/process_data.py
[2024-09-10T19:24:00.125+0000] {processor.py:183} INFO - Processing /opt/airflow/dags/report/process_data.py took 0.496 seconds
[2024-09-10T19:24:30.771+0000] {processor.py:161} INFO - Started process (PID=4200) to work on /opt/airflow/dags/report/process_data.py
[2024-09-10T19:24:30.773+0000] {processor.py:830} INFO - Processing file /opt/airflow/dags/report/process_data.py for tasks to queue
[2024-09-10T19:24:30.775+0000] {logging_mixin.py:188} INFO - [2024-09-10T19:24:30.774+0000] {dagbag.py:540} INFO - Filling up the DagBag from /opt/airflow/dags/report/process_data.py
[2024-09-10T19:24:31.254+0000] {processor.py:842} WARNING - No viable dags retrieved from /opt/airflow/dags/report/process_data.py
[2024-09-10T19:24:31.269+0000] {processor.py:183} INFO - Processing /opt/airflow/dags/report/process_data.py took 0.502 seconds
[2024-09-10T19:25:02.102+0000] {processor.py:161} INFO - Started process (PID=4229) to work on /opt/airflow/dags/report/process_data.py
[2024-09-10T19:25:02.104+0000] {processor.py:830} INFO - Processing file /opt/airflow/dags/report/process_data.py for tasks to queue
[2024-09-10T19:25:02.106+0000] {logging_mixin.py:188} INFO - [2024-09-10T19:25:02.106+0000] {dagbag.py:540} INFO - Filling up the DagBag from /opt/airflow/dags/report/process_data.py
[2024-09-10T19:25:02.720+0000] {processor.py:842} WARNING - No viable dags retrieved from /opt/airflow/dags/report/process_data.py
[2024-09-10T19:25:02.737+0000] {processor.py:183} INFO - Processing /opt/airflow/dags/report/process_data.py took 0.639 seconds
[2024-09-10T19:25:33.503+0000] {processor.py:161} INFO - Started process (PID=4258) to work on /opt/airflow/dags/report/process_data.py
[2024-09-10T19:25:33.505+0000] {processor.py:830} INFO - Processing file /opt/airflow/dags/report/process_data.py for tasks to queue
[2024-09-10T19:25:33.506+0000] {logging_mixin.py:188} INFO - [2024-09-10T19:25:33.506+0000] {dagbag.py:540} INFO - Filling up the DagBag from /opt/airflow/dags/report/process_data.py
[2024-09-10T19:25:33.954+0000] {processor.py:842} WARNING - No viable dags retrieved from /opt/airflow/dags/report/process_data.py
[2024-09-10T19:25:33.971+0000] {processor.py:183} INFO - Processing /opt/airflow/dags/report/process_data.py took 0.471 seconds
[2024-09-10T19:26:04.337+0000] {processor.py:161} INFO - Started process (PID=4304) to work on /opt/airflow/dags/report/process_data.py
[2024-09-10T19:26:04.339+0000] {processor.py:830} INFO - Processing file /opt/airflow/dags/report/process_data.py for tasks to queue
[2024-09-10T19:26:04.340+0000] {logging_mixin.py:188} INFO - [2024-09-10T19:26:04.340+0000] {dagbag.py:540} INFO - Filling up the DagBag from /opt/airflow/dags/report/process_data.py
[2024-09-10T19:26:04.719+0000] {processor.py:842} WARNING - No viable dags retrieved from /opt/airflow/dags/report/process_data.py
[2024-09-10T19:26:04.732+0000] {processor.py:183} INFO - Processing /opt/airflow/dags/report/process_data.py took 0.398 seconds
[2024-09-10T19:26:35.036+0000] {processor.py:161} INFO - Started process (PID=4333) to work on /opt/airflow/dags/report/process_data.py
[2024-09-10T19:26:35.038+0000] {processor.py:830} INFO - Processing file /opt/airflow/dags/report/process_data.py for tasks to queue
[2024-09-10T19:26:35.039+0000] {logging_mixin.py:188} INFO - [2024-09-10T19:26:35.039+0000] {dagbag.py:540} INFO - Filling up the DagBag from /opt/airflow/dags/report/process_data.py
[2024-09-10T19:26:35.395+0000] {processor.py:842} WARNING - No viable dags retrieved from /opt/airflow/dags/report/process_data.py
[2024-09-10T19:26:35.406+0000] {processor.py:183} INFO - Processing /opt/airflow/dags/report/process_data.py took 0.372 seconds
[2024-09-10T19:27:05.804+0000] {processor.py:161} INFO - Started process (PID=4362) to work on /opt/airflow/dags/report/process_data.py
[2024-09-10T19:27:05.806+0000] {processor.py:830} INFO - Processing file /opt/airflow/dags/report/process_data.py for tasks to queue
[2024-09-10T19:27:05.807+0000] {logging_mixin.py:188} INFO - [2024-09-10T19:27:05.807+0000] {dagbag.py:540} INFO - Filling up the DagBag from /opt/airflow/dags/report/process_data.py
[2024-09-10T19:27:06.135+0000] {processor.py:842} WARNING - No viable dags retrieved from /opt/airflow/dags/report/process_data.py
[2024-09-10T19:27:06.145+0000] {processor.py:183} INFO - Processing /opt/airflow/dags/report/process_data.py took 0.344 seconds
[2024-09-10T19:27:36.327+0000] {processor.py:161} INFO - Started process (PID=4397) to work on /opt/airflow/dags/report/process_data.py
[2024-09-10T19:27:36.329+0000] {processor.py:830} INFO - Processing file /opt/airflow/dags/report/process_data.py for tasks to queue
[2024-09-10T19:27:36.330+0000] {logging_mixin.py:188} INFO - [2024-09-10T19:27:36.330+0000] {dagbag.py:540} INFO - Filling up the DagBag from /opt/airflow/dags/report/process_data.py
[2024-09-10T19:27:36.705+0000] {processor.py:842} WARNING - No viable dags retrieved from /opt/airflow/dags/report/process_data.py
[2024-09-10T19:27:36.716+0000] {processor.py:183} INFO - Processing /opt/airflow/dags/report/process_data.py took 0.393 seconds
[2024-09-10T19:27:40.753+0000] {processor.py:161} INFO - Started process (PID=4403) to work on /opt/airflow/dags/report/process_data.py
[2024-09-10T19:27:40.755+0000] {processor.py:830} INFO - Processing file /opt/airflow/dags/report/process_data.py for tasks to queue
[2024-09-10T19:27:40.756+0000] {logging_mixin.py:188} INFO - [2024-09-10T19:27:40.756+0000] {dagbag.py:540} INFO - Filling up the DagBag from /opt/airflow/dags/report/process_data.py
[2024-09-10T19:27:41.136+0000] {processor.py:842} WARNING - No viable dags retrieved from /opt/airflow/dags/report/process_data.py
[2024-09-10T19:27:41.151+0000] {processor.py:183} INFO - Processing /opt/airflow/dags/report/process_data.py took 0.401 seconds
[2024-09-10T19:28:11.366+0000] {processor.py:161} INFO - Started process (PID=4432) to work on /opt/airflow/dags/report/process_data.py
[2024-09-10T19:28:11.367+0000] {processor.py:830} INFO - Processing file /opt/airflow/dags/report/process_data.py for tasks to queue
[2024-09-10T19:28:11.369+0000] {logging_mixin.py:188} INFO - [2024-09-10T19:28:11.368+0000] {dagbag.py:540} INFO - Filling up the DagBag from /opt/airflow/dags/report/process_data.py
[2024-09-10T19:28:11.700+0000] {processor.py:842} WARNING - No viable dags retrieved from /opt/airflow/dags/report/process_data.py
[2024-09-10T19:28:11.711+0000] {processor.py:183} INFO - Processing /opt/airflow/dags/report/process_data.py took 0.348 seconds
[2024-09-10T19:28:42.173+0000] {processor.py:161} INFO - Started process (PID=4461) to work on /opt/airflow/dags/report/process_data.py
[2024-09-10T19:28:42.175+0000] {processor.py:830} INFO - Processing file /opt/airflow/dags/report/process_data.py for tasks to queue
[2024-09-10T19:28:42.176+0000] {logging_mixin.py:188} INFO - [2024-09-10T19:28:42.176+0000] {dagbag.py:540} INFO - Filling up the DagBag from /opt/airflow/dags/report/process_data.py
[2024-09-10T19:28:42.635+0000] {processor.py:842} WARNING - No viable dags retrieved from /opt/airflow/dags/report/process_data.py
[2024-09-10T19:28:42.651+0000] {processor.py:183} INFO - Processing /opt/airflow/dags/report/process_data.py took 0.481 seconds
