[2024-09-12T11:10:21.494+0000] {taskinstance.py:1979} INFO - Dependencies all met for dep_context=non-requeueable deps ti=<TaskInstance: shopeefood_crawl_and_report.process_report manual__2024-09-12T11:01:23.030598+00:00 [queued]>
[2024-09-12T11:10:21.508+0000] {taskinstance.py:1979} INFO - Dependencies all met for dep_context=requeueable deps ti=<TaskInstance: shopeefood_crawl_and_report.process_report manual__2024-09-12T11:01:23.030598+00:00 [queued]>
[2024-09-12T11:10:21.509+0000] {taskinstance.py:2193} INFO - Starting attempt 1 of 2
[2024-09-12T11:10:21.532+0000] {taskinstance.py:2217} INFO - Executing <Task(PythonOperator): process_report> on 2024-09-12 11:01:23.030598+00:00
[2024-09-12T11:10:21.539+0000] {standard_task_runner.py:60} INFO - Started process 1040 to run task
[2024-09-12T11:10:21.545+0000] {standard_task_runner.py:87} INFO - Running: ['***', 'tasks', 'run', 'shopeefood_crawl_and_report', 'process_report', 'manual__2024-09-12T11:01:23.030598+00:00', '--job-id', '6', '--raw', '--subdir', 'DAGS_FOLDER/main_dag.py', '--cfg-path', '/tmp/tmpf7wa9yv_']
[2024-09-12T11:10:21.549+0000] {standard_task_runner.py:88} INFO - Job 6: Subtask process_report
[2024-09-12T11:10:21.629+0000] {task_command.py:423} INFO - Running <TaskInstance: shopeefood_crawl_and_report.process_report manual__2024-09-12T11:01:23.030598+00:00 [running]> on host bc7cb9c82b76
[2024-09-12T11:10:21.758+0000] {taskinstance.py:2513} INFO - Exporting env vars: AIRFLOW_CTX_DAG_OWNER='***' AIRFLOW_CTX_DAG_ID='shopeefood_crawl_and_report' AIRFLOW_CTX_TASK_ID='process_report' AIRFLOW_CTX_EXECUTION_DATE='2024-09-12T11:01:23.030598+00:00' AIRFLOW_CTX_TRY_NUMBER='1' AIRFLOW_CTX_DAG_RUN_ID='manual__2024-09-12T11:01:23.030598+00:00'
[2024-09-12T11:10:22.125+0000] {python.py:202} INFO - Done. Returned value was:            Khu vực  ...  Khoảng giá trung bình (Vnđ)
0.0        Ba Đình  ...             17,636 - 177,182
1.0    Bắc Từ Liêm  ...             28,000 - 161,250
2.0       Cầu Giấy  ...              37,522 - 90,696
3.0   Hai Bà Trưng  ...              35,615 - 94,000
4.0       Hoài Đức  ...              25,000 - 45,000
5.0      Hoàn Kiếm  ...              25,000 - 55,000
6.0      Hoàng Mai  ...             25,000 - 767,429
7.0        Hà Đông  ...              30,500 - 82,083
8.0      Long Biên  ...              25,000 - 40,000
9.0    Nam Từ Liêm  ...             24,333 - 196,556
NaN      Thanh Trì  ...                          NaN
10.0    Thanh Xuân  ...              24,857 - 78,429
NaN         Tây Hồ  ...                          NaN
11.0       Đống Đa  ...              21,458 - 82,083

[14 rows x 5 columns]
[2024-09-12T11:10:22.258+0000] {taskinstance.py:1149} INFO - Marking task as SUCCESS. dag_id=shopeefood_crawl_and_report, task_id=process_report, execution_date=20240912T110123, start_date=20240912T111021, end_date=20240912T111022
[2024-09-12T11:10:22.322+0000] {local_task_job_runner.py:234} INFO - Task exited with return code 0
[2024-09-12T11:10:22.356+0000] {taskinstance.py:3312} INFO - 1 downstream tasks scheduled from follow-on schedule check
