[2024-09-12T10:12:06.316+0000] {taskinstance.py:1979} INFO - Dependencies all met for dep_context=non-requeueable deps ti=<TaskInstance: shopeefood_crawl_and_report.process_report manual__2024-09-12T10:09:50.408826+00:00 [queued]>
[2024-09-12T10:12:06.327+0000] {taskinstance.py:1979} INFO - Dependencies all met for dep_context=requeueable deps ti=<TaskInstance: shopeefood_crawl_and_report.process_report manual__2024-09-12T10:09:50.408826+00:00 [queued]>
[2024-09-12T10:12:06.328+0000] {taskinstance.py:2193} INFO - Starting attempt 1 of 2
[2024-09-12T10:12:06.348+0000] {taskinstance.py:2217} INFO - Executing <Task(PythonOperator): process_report> on 2024-09-12 10:09:50.408826+00:00
[2024-09-12T10:12:06.357+0000] {standard_task_runner.py:60} INFO - Started process 5003 to run task
[2024-09-12T10:12:06.361+0000] {standard_task_runner.py:87} INFO - Running: ['***', 'tasks', 'run', 'shopeefood_crawl_and_report', 'process_report', 'manual__2024-09-12T10:09:50.408826+00:00', '--job-id', '72', '--raw', '--subdir', 'DAGS_FOLDER/main_dag.py', '--cfg-path', '/tmp/tmpcmkgkvzo']
[2024-09-12T10:12:06.364+0000] {standard_task_runner.py:88} INFO - Job 72: Subtask process_report
[2024-09-12T10:12:06.426+0000] {task_command.py:423} INFO - Running <TaskInstance: shopeefood_crawl_and_report.process_report manual__2024-09-12T10:09:50.408826+00:00 [running]> on host cde7247848aa
[2024-09-12T10:12:06.499+0000] {taskinstance.py:2513} INFO - Exporting env vars: AIRFLOW_CTX_DAG_OWNER='***' AIRFLOW_CTX_DAG_ID='shopeefood_crawl_and_report' AIRFLOW_CTX_TASK_ID='process_report' AIRFLOW_CTX_EXECUTION_DATE='2024-09-12T10:09:50.408826+00:00' AIRFLOW_CTX_TRY_NUMBER='1' AIRFLOW_CTX_DAG_RUN_ID='manual__2024-09-12T10:09:50.408826+00:00'
[2024-09-12T10:12:06.690+0000] {python.py:202} INFO - Done. Returned value was:            Khu vực  ...  Khoảng giá trung bình (Vnđ)
0.0        Ba Đình  ...             16,667 - 126,667
NaN    Bắc Từ Liêm  ...                          NaN
1.0       Cầu Giấy  ...              23,667 - 81,111
2.0   Hai Bà Trưng  ...             39,667 - 263,333
3.0       Hoài Đức  ...              17,500 - 35,000
4.0      Hoàn Kiếm  ...              20,000 - 50,000
5.0      Hoàng Mai  ...              19,667 - 71,667
6.0        Hà Đông  ...             33,714 - 105,000
7.0      Long Biên  ...              30,000 - 50,000
8.0    Nam Từ Liêm  ...             19,750 - 222,250
9.0      Thanh Trì  ...             28,000 - 150,000
10.0    Thanh Xuân  ...              37,500 - 75,000
11.0        Tây Hồ  ...              30,000 - 60,000
12.0       Đống Đa  ...             21,667 - 101,667

[14 rows x 5 columns]
[2024-09-12T10:12:06.735+0000] {taskinstance.py:1149} INFO - Marking task as SUCCESS. dag_id=shopeefood_crawl_and_report, task_id=process_report, execution_date=20240912T100950, start_date=20240912T101206, end_date=20240912T101206
[2024-09-12T10:12:06.776+0000] {local_task_job_runner.py:234} INFO - Task exited with return code 0
[2024-09-12T10:12:06.822+0000] {taskinstance.py:3312} INFO - 1 downstream tasks scheduled from follow-on schedule check
