[2024-09-11T06:22:05.902+0000] {taskinstance.py:1979} INFO - Dependencies all met for dep_context=non-requeueable deps ti=<TaskInstance: shopeefood_crawl_and_report.send_report scheduled__2024-09-10T00:00:00+00:00 [queued]>
[2024-09-11T06:22:05.911+0000] {taskinstance.py:1979} INFO - Dependencies all met for dep_context=requeueable deps ti=<TaskInstance: shopeefood_crawl_and_report.send_report scheduled__2024-09-10T00:00:00+00:00 [queued]>
[2024-09-11T06:22:05.912+0000] {taskinstance.py:2193} INFO - Starting attempt 1 of 2
[2024-09-11T06:22:05.924+0000] {taskinstance.py:2217} INFO - Executing <Task(PythonOperator): send_report> on 2024-09-10 00:00:00+00:00
[2024-09-11T06:22:05.929+0000] {standard_task_runner.py:60} INFO - Started process 796 to run task
[2024-09-11T06:22:05.932+0000] {standard_task_runner.py:87} INFO - Running: ['***', 'tasks', 'run', 'shopeefood_crawl_and_report', 'send_report', 'scheduled__2024-09-10T00:00:00+00:00', '--job-id', '87', '--raw', '--subdir', 'DAGS_FOLDER/main_dag.py', '--cfg-path', '/tmp/tmpe8hrofvz']
[2024-09-11T06:22:05.934+0000] {standard_task_runner.py:88} INFO - Job 87: Subtask send_report
[2024-09-11T06:22:05.981+0000] {task_command.py:423} INFO - Running <TaskInstance: shopeefood_crawl_and_report.send_report scheduled__2024-09-10T00:00:00+00:00 [running]> on host 32137a89b089
[2024-09-11T06:22:06.048+0000] {taskinstance.py:2513} INFO - Exporting env vars: AIRFLOW_CTX_DAG_OWNER='***' AIRFLOW_CTX_DAG_ID='shopeefood_crawl_and_report' AIRFLOW_CTX_TASK_ID='send_report' AIRFLOW_CTX_EXECUTION_DATE='2024-09-10T00:00:00+00:00' AIRFLOW_CTX_TRY_NUMBER='1' AIRFLOW_CTX_DAG_RUN_ID='scheduled__2024-09-10T00:00:00+00:00'
[2024-09-11T06:22:09.913+0000] {logging_mixin.py:188} INFO - Email vừa được gửi thành công!
[2024-09-11T06:22:09.914+0000] {python.py:202} INFO - Done. Returned value was: None
[2024-09-11T06:22:09.923+0000] {taskinstance.py:1149} INFO - Marking task as SUCCESS. dag_id=shopeefood_crawl_and_report, task_id=send_report, execution_date=20240910T000000, start_date=20240911T062205, end_date=20240911T062209
[2024-09-11T06:22:09.981+0000] {local_task_job_runner.py:234} INFO - Task exited with return code 0
[2024-09-11T06:22:09.999+0000] {taskinstance.py:3312} INFO - 1 downstream tasks scheduled from follow-on schedule check
[2024-09-11T06:52:47.599+0000] {taskinstance.py:1979} INFO - Dependencies all met for dep_context=non-requeueable deps ti=<TaskInstance: shopeefood_crawl_and_report.send_report scheduled__2024-09-10T00:00:00+00:00 [queued]>
[2024-09-11T06:52:47.612+0000] {taskinstance.py:1979} INFO - Dependencies all met for dep_context=requeueable deps ti=<TaskInstance: shopeefood_crawl_and_report.send_report scheduled__2024-09-10T00:00:00+00:00 [queued]>
[2024-09-11T06:52:47.613+0000] {taskinstance.py:2193} INFO - Starting attempt 1 of 2
[2024-09-11T06:52:47.630+0000] {taskinstance.py:2217} INFO - Executing <Task(PythonOperator): send_report> on 2024-09-10 00:00:00+00:00
[2024-09-11T06:52:47.638+0000] {standard_task_runner.py:60} INFO - Started process 591 to run task
[2024-09-11T06:52:47.642+0000] {standard_task_runner.py:87} INFO - Running: ['***', 'tasks', 'run', 'shopeefood_crawl_and_report', 'send_report', 'scheduled__2024-09-10T00:00:00+00:00', '--job-id', '10', '--raw', '--subdir', 'DAGS_FOLDER/main_dag.py', '--cfg-path', '/tmp/tmp8cuhudyx']
[2024-09-11T06:52:47.645+0000] {standard_task_runner.py:88} INFO - Job 10: Subtask send_report
[2024-09-11T06:52:47.711+0000] {task_command.py:423} INFO - Running <TaskInstance: shopeefood_crawl_and_report.send_report scheduled__2024-09-10T00:00:00+00:00 [running]> on host f432431e979d
[2024-09-11T06:52:47.828+0000] {taskinstance.py:2513} INFO - Exporting env vars: AIRFLOW_CTX_DAG_OWNER='***' AIRFLOW_CTX_DAG_ID='shopeefood_crawl_and_report' AIRFLOW_CTX_TASK_ID='send_report' AIRFLOW_CTX_EXECUTION_DATE='2024-09-10T00:00:00+00:00' AIRFLOW_CTX_TRY_NUMBER='1' AIRFLOW_CTX_DAG_RUN_ID='scheduled__2024-09-10T00:00:00+00:00'
[2024-09-11T06:52:51.937+0000] {logging_mixin.py:188} INFO - Email vừa được gửi thành công!
[2024-09-11T06:52:51.938+0000] {python.py:202} INFO - Done. Returned value was: None
[2024-09-11T06:52:51.950+0000] {taskinstance.py:1149} INFO - Marking task as SUCCESS. dag_id=shopeefood_crawl_and_report, task_id=send_report, execution_date=20240910T000000, start_date=20240911T065247, end_date=20240911T065251
[2024-09-11T06:52:52.003+0000] {local_task_job_runner.py:234} INFO - Task exited with return code 0
[2024-09-11T06:52:52.031+0000] {taskinstance.py:3312} INFO - 1 downstream tasks scheduled from follow-on schedule check
