[2024-09-12T13:05:44.984+0000] {taskinstance.py:1979} INFO - Dependencies all met for dep_context=non-requeueable deps ti=<TaskInstance: shopeefood_crawl_and_report.process_report manual__2024-09-12T13:00:27.475619+00:00 [queued]>
[2024-09-12T13:05:44.993+0000] {taskinstance.py:1979} INFO - Dependencies all met for dep_context=requeueable deps ti=<TaskInstance: shopeefood_crawl_and_report.process_report manual__2024-09-12T13:00:27.475619+00:00 [queued]>
[2024-09-12T13:05:44.994+0000] {taskinstance.py:2193} INFO - Starting attempt 1 of 2
[2024-09-12T13:05:45.011+0000] {taskinstance.py:2217} INFO - Executing <Task(PythonOperator): process_report> on 2024-09-12 13:00:27.475619+00:00
[2024-09-12T13:05:45.017+0000] {standard_task_runner.py:60} INFO - Started process 9320 to run task
[2024-09-12T13:05:45.020+0000] {standard_task_runner.py:87} INFO - Running: ['***', 'tasks', 'run', 'shopeefood_crawl_and_report', 'process_report', 'manual__2024-09-12T13:00:27.475619+00:00', '--job-id', '71', '--raw', '--subdir', 'DAGS_FOLDER/main_dag.py', '--cfg-path', '/tmp/tmphqjdbynb']
[2024-09-12T13:05:45.023+0000] {standard_task_runner.py:88} INFO - Job 71: Subtask process_report
[2024-09-12T13:05:45.074+0000] {task_command.py:423} INFO - Running <TaskInstance: shopeefood_crawl_and_report.process_report manual__2024-09-12T13:00:27.475619+00:00 [running]> on host bc7cb9c82b76
[2024-09-12T13:05:45.282+0000] {taskinstance.py:2513} INFO - Exporting env vars: AIRFLOW_CTX_DAG_OWNER='***' AIRFLOW_CTX_DAG_ID='shopeefood_crawl_and_report' AIRFLOW_CTX_TASK_ID='process_report' AIRFLOW_CTX_EXECUTION_DATE='2024-09-12T13:00:27.475619+00:00' AIRFLOW_CTX_TRY_NUMBER='1' AIRFLOW_CTX_DAG_RUN_ID='manual__2024-09-12T13:00:27.475619+00:00'
[2024-09-12T13:05:45.350+0000] {python.py:202} INFO - Done. Returned value was:          Khu vực  ...  Khoảng giá trung bình (Vnđ)
0        Ba Đình  ...             19,889 - 203,778
1    Bắc Từ Liêm  ...             28,000 - 164,167
2       Cầu Giấy  ...              27,519 - 78,185
3   Hai Bà Trưng  ...             31,696 - 126,043
4       Hoài Đức  ...              17,500 - 35,000
5      Hoàn Kiếm  ...              20,000 - 53,333
6      Hoàng Mai  ...              16,000 - 87,200
7        Hà Đông  ...              28,643 - 80,714
8      Long Biên  ...              26,667 - 43,333
9    Nam Từ Liêm  ...             20,700 - 146,000
10     Thanh Trì  ...             28,000 - 150,000
11    Thanh Xuân  ...              24,900 - 68,900
12        Tây Hồ  ...              30,000 - 60,000
13       Đống Đa  ...              24,579 - 88,526

[14 rows x 5 columns]
[2024-09-12T13:05:45.399+0000] {taskinstance.py:1149} INFO - Marking task as SUCCESS. dag_id=shopeefood_crawl_and_report, task_id=process_report, execution_date=20240912T130027, start_date=20240912T130544, end_date=20240912T130545
[2024-09-12T13:05:45.436+0000] {local_task_job_runner.py:234} INFO - Task exited with return code 0
[2024-09-12T13:05:45.463+0000] {taskinstance.py:3312} INFO - 1 downstream tasks scheduled from follow-on schedule check
