[2024-09-10T18:43:47.691+0000] {taskinstance.py:1979} INFO - Dependencies all met for dep_context=non-requeueable deps ti=<TaskInstance: shopeefood_crawl_and_report.process_report scheduled__2024-09-09T00:00:00+00:00 [queued]>
[2024-09-10T18:43:47.707+0000] {taskinstance.py:1979} INFO - Dependencies all met for dep_context=requeueable deps ti=<TaskInstance: shopeefood_crawl_and_report.process_report scheduled__2024-09-09T00:00:00+00:00 [queued]>
[2024-09-10T18:43:47.708+0000] {taskinstance.py:2193} INFO - Starting attempt 1 of 2
[2024-09-10T18:43:47.728+0000] {taskinstance.py:2217} INFO - Executing <Task(PythonOperator): process_report> on 2024-09-09 00:00:00+00:00
[2024-09-10T18:43:47.735+0000] {standard_task_runner.py:60} INFO - Started process 1661 to run task
[2024-09-10T18:43:47.739+0000] {standard_task_runner.py:87} INFO - Running: ['***', 'tasks', 'run', 'shopeefood_crawl_and_report', 'process_report', 'scheduled__2024-09-09T00:00:00+00:00', '--job-id', '9', '--raw', '--subdir', 'DAGS_FOLDER/main_dag.py', '--cfg-path', '/tmp/tmpra0i5uul']
[2024-09-10T18:43:47.743+0000] {standard_task_runner.py:88} INFO - Job 9: Subtask process_report
[2024-09-10T18:43:47.812+0000] {task_command.py:423} INFO - Running <TaskInstance: shopeefood_crawl_and_report.process_report scheduled__2024-09-09T00:00:00+00:00 [running]> on host 32137a89b089
[2024-09-10T18:43:47.919+0000] {taskinstance.py:2513} INFO - Exporting env vars: AIRFLOW_CTX_DAG_OWNER='***' AIRFLOW_CTX_DAG_ID='shopeefood_crawl_and_report' AIRFLOW_CTX_TASK_ID='process_report' AIRFLOW_CTX_EXECUTION_DATE='2024-09-09T00:00:00+00:00' AIRFLOW_CTX_TRY_NUMBER='1' AIRFLOW_CTX_DAG_RUN_ID='scheduled__2024-09-09T00:00:00+00:00'
[2024-09-10T18:43:48.150+0000] {python.py:202} INFO - Done. Returned value was:            Khu vực  ...  Khoảng giá trung bình (Vnđ)
0.0        Ba Đình  ...              13,750 - 52,500
1.0    Bắc Từ Liêm  ...              27,000 - 60,000
2.0       Cầu Giấy  ...              28,182 - 66,364
NaN        Gia Lâm  ...                          NaN
3.0   Hai Bà Trưng  ...              24,143 - 46,429
4.0      Hoàn Kiếm  ...             45,000 - 350,000
5.0      Hoàng Mai  ...              18,500 - 45,500
6.0        Hà Đông  ...              12,500 - 71,250
7.0      Long Biên  ...              23,333 - 50,000
8.0    Nam Từ Liêm  ...              17,800 - 59,200
9.0      Thanh Trì  ...             19,000 - 123,333
10.0    Thanh Xuân  ...              22,500 - 53,333
11.0        Tây Hồ  ...              5,000 - 500,000
12.0       Đống Đa  ...             34,375 - 171,500

[14 rows x 5 columns]
[2024-09-10T18:43:48.351+0000] {taskinstance.py:1149} INFO - Marking task as SUCCESS. dag_id=shopeefood_crawl_and_report, task_id=process_report, execution_date=20240909T000000, start_date=20240910T184347, end_date=20240910T184348
[2024-09-10T18:43:48.395+0000] {local_task_job_runner.py:234} INFO - Task exited with return code 0
[2024-09-10T18:43:48.446+0000] {taskinstance.py:3312} INFO - 1 downstream tasks scheduled from follow-on schedule check
