[2024-09-12T09:21:39.998+0000] {taskinstance.py:1979} INFO - Dependencies all met for dep_context=non-requeueable deps ti=<TaskInstance: shopeefood_crawl_and_report.process_report manual__2024-09-12T09:16:14.482870+00:00 [queued]>
[2024-09-12T09:21:40.006+0000] {taskinstance.py:1979} INFO - Dependencies all met for dep_context=requeueable deps ti=<TaskInstance: shopeefood_crawl_and_report.process_report manual__2024-09-12T09:16:14.482870+00:00 [queued]>
[2024-09-12T09:21:40.008+0000] {taskinstance.py:2193} INFO - Starting attempt 2 of 2
[2024-09-12T09:21:40.020+0000] {taskinstance.py:2217} INFO - Executing <Task(PythonOperator): process_report> on 2024-09-12 09:16:14.482870+00:00
[2024-09-12T09:21:40.026+0000] {standard_task_runner.py:60} INFO - Started process 1927 to run task
[2024-09-12T09:21:40.029+0000] {standard_task_runner.py:87} INFO - Running: ['***', 'tasks', 'run', 'shopeefood_crawl_and_report', 'process_report', 'manual__2024-09-12T09:16:14.482870+00:00', '--job-id', '34', '--raw', '--subdir', 'DAGS_FOLDER/main_dag.py', '--cfg-path', '/tmp/tmpzmamxi42']
[2024-09-12T09:21:40.031+0000] {standard_task_runner.py:88} INFO - Job 34: Subtask process_report
[2024-09-12T09:21:40.078+0000] {task_command.py:423} INFO - Running <TaskInstance: shopeefood_crawl_and_report.process_report manual__2024-09-12T09:16:14.482870+00:00 [running]> on host cde7247848aa
[2024-09-12T09:21:40.143+0000] {taskinstance.py:2513} INFO - Exporting env vars: AIRFLOW_CTX_DAG_OWNER='***' AIRFLOW_CTX_DAG_ID='shopeefood_crawl_and_report' AIRFLOW_CTX_TASK_ID='process_report' AIRFLOW_CTX_EXECUTION_DATE='2024-09-12T09:16:14.482870+00:00' AIRFLOW_CTX_TRY_NUMBER='2' AIRFLOW_CTX_DAG_RUN_ID='manual__2024-09-12T09:16:14.482870+00:00'
[2024-09-12T09:21:40.292+0000] {python.py:202} INFO - Done. Returned value was:            Khu vực  ...  Khoảng giá trung bình (Vnđ)
0.0        Ba Đình  ...             15,000 - 140,000
NaN    Bắc Từ Liêm  ...                          NaN
1.0       Cầu Giấy  ...             28,300 - 106,500
2.0   Hai Bà Trưng  ...             24,167 - 215,000
3.0       Hoài Đức  ...              17,500 - 35,000
4.0      Hoàn Kiếm  ...              20,000 - 50,000
5.0      Hoàng Mai  ...              21,000 - 66,250
6.0        Hà Đông  ...             33,714 - 105,000
7.0      Long Biên  ...              30,000 - 50,000
8.0    Nam Từ Liêm  ...             19,750 - 222,250
NaN      Thanh Trì  ...                          NaN
9.0     Thanh Xuân  ...             50,000 - 100,000
NaN         Tây Hồ  ...                          NaN
10.0       Đống Đa  ...             21,667 - 101,667

[14 rows x 5 columns]
[2024-09-12T09:21:40.331+0000] {taskinstance.py:1149} INFO - Marking task as SUCCESS. dag_id=shopeefood_crawl_and_report, task_id=process_report, execution_date=20240912T091614, start_date=20240912T092139, end_date=20240912T092140
[2024-09-12T09:21:40.364+0000] {local_task_job_runner.py:234} INFO - Task exited with return code 0
[2024-09-12T09:21:40.387+0000] {taskinstance.py:3312} INFO - 1 downstream tasks scheduled from follow-on schedule check
