[2024-09-10T19:20:12.836+0000] {taskinstance.py:1979} INFO - Dependencies all met for dep_context=non-requeueable deps ti=<TaskInstance: shopeefood_crawl_and_report.process_report manual__2024-09-10T19:12:31.641915+00:00 [queued]>
[2024-09-10T19:20:12.845+0000] {taskinstance.py:1979} INFO - Dependencies all met for dep_context=requeueable deps ti=<TaskInstance: shopeefood_crawl_and_report.process_report manual__2024-09-10T19:12:31.641915+00:00 [queued]>
[2024-09-10T19:20:12.847+0000] {taskinstance.py:2193} INFO - Starting attempt 1 of 2
[2024-09-10T19:20:12.861+0000] {taskinstance.py:2217} INFO - Executing <Task(PythonOperator): process_report> on 2024-09-10 19:12:31.641915+00:00
[2024-09-10T19:20:12.866+0000] {standard_task_runner.py:60} INFO - Started process 3927 to run task
[2024-09-10T19:20:12.870+0000] {standard_task_runner.py:87} INFO - Running: ['***', 'tasks', 'run', 'shopeefood_crawl_and_report', 'process_report', 'manual__2024-09-10T19:12:31.641915+00:00', '--job-id', '44', '--raw', '--subdir', 'DAGS_FOLDER/main_dag.py', '--cfg-path', '/tmp/tmpbg6dcqwj']
[2024-09-10T19:20:12.873+0000] {standard_task_runner.py:88} INFO - Job 44: Subtask process_report
[2024-09-10T19:20:12.918+0000] {task_command.py:423} INFO - Running <TaskInstance: shopeefood_crawl_and_report.process_report manual__2024-09-10T19:12:31.641915+00:00 [running]> on host 32137a89b089
[2024-09-10T19:20:13.104+0000] {taskinstance.py:2513} INFO - Exporting env vars: AIRFLOW_CTX_DAG_OWNER='***' AIRFLOW_CTX_DAG_ID='shopeefood_crawl_and_report' AIRFLOW_CTX_TASK_ID='process_report' AIRFLOW_CTX_EXECUTION_DATE='2024-09-10T19:12:31.641915+00:00' AIRFLOW_CTX_TRY_NUMBER='1' AIRFLOW_CTX_DAG_RUN_ID='manual__2024-09-10T19:12:31.641915+00:00'
[2024-09-10T19:20:13.169+0000] {python.py:202} INFO - Done. Returned value was:            Khu vực  ...  Khoảng giá trung bình (Vnđ)
0.0        Ba Đình  ...              19,444 - 63,333
1.0    Bắc Từ Liêm  ...              23,333 - 58,333
2.0       Cầu Giấy  ...              26,250 - 73,333
NaN        Gia Lâm  ...                          NaN
3.0   Hai Bà Trưng  ...              24,143 - 65,000
4.0       Hoài Đức  ...              25,000 - 45,000
5.0      Hoàn Kiếm  ...             35,000 - 200,000
6.0      Hoàng Mai  ...              18,375 - 45,875
7.0        Hà Đông  ...              16,500 - 95,417
8.0      Long Biên  ...              24,167 - 47,500
9.0    Nam Từ Liêm  ...              28,857 - 89,286
10.0     Thanh Trì  ...             22,800 - 102,000
11.0    Thanh Xuân  ...              21,818 - 51,364
12.0        Tây Hồ  ...              5,000 - 299,500
13.0       Đống Đa  ...             38,562 - 155,125

[15 rows x 5 columns]
[2024-09-10T19:20:13.209+0000] {taskinstance.py:1149} INFO - Marking task as SUCCESS. dag_id=shopeefood_crawl_and_report, task_id=process_report, execution_date=20240910T191231, start_date=20240910T192012, end_date=20240910T192013
[2024-09-10T19:20:13.244+0000] {local_task_job_runner.py:234} INFO - Task exited with return code 0
[2024-09-10T19:20:13.266+0000] {taskinstance.py:3312} INFO - 1 downstream tasks scheduled from follow-on schedule check
