[2024-09-11T06:48:04.593+0000] {taskinstance.py:1979} INFO - Dependencies all met for dep_context=non-requeueable deps ti=<TaskInstance: shopeefood_crawl_and_report.crawl_list_restaurant manual__2024-09-11T06:48:03.137805+00:00 [queued]>
[2024-09-11T06:48:04.604+0000] {taskinstance.py:1979} INFO - Dependencies all met for dep_context=requeueable deps ti=<TaskInstance: shopeefood_crawl_and_report.crawl_list_restaurant manual__2024-09-11T06:48:03.137805+00:00 [queued]>
[2024-09-11T06:48:04.605+0000] {taskinstance.py:2193} INFO - Starting attempt 1 of 2
[2024-09-11T06:48:04.618+0000] {taskinstance.py:2217} INFO - Executing <Task(PythonOperator): crawl_list_restaurant> on 2024-09-11 06:48:03.137805+00:00
[2024-09-11T06:48:04.623+0000] {standard_task_runner.py:60} INFO - Started process 296 to run task
[2024-09-11T06:48:04.627+0000] {standard_task_runner.py:87} INFO - Running: ['***', 'tasks', 'run', 'shopeefood_crawl_and_report', 'crawl_list_restaurant', 'manual__2024-09-11T06:48:03.137805+00:00', '--job-id', '2', '--raw', '--subdir', 'DAGS_FOLDER/main_dag.py', '--cfg-path', '/tmp/tmpsw28ypit']
[2024-09-11T06:48:04.629+0000] {standard_task_runner.py:88} INFO - Job 2: Subtask crawl_list_restaurant
[2024-09-11T06:48:04.674+0000] {task_command.py:423} INFO - Running <TaskInstance: shopeefood_crawl_and_report.crawl_list_restaurant manual__2024-09-11T06:48:03.137805+00:00 [running]> on host f432431e979d
[2024-09-11T06:48:04.749+0000] {taskinstance.py:2513} INFO - Exporting env vars: AIRFLOW_CTX_DAG_OWNER='***' AIRFLOW_CTX_DAG_ID='shopeefood_crawl_and_report' AIRFLOW_CTX_TASK_ID='crawl_list_restaurant' AIRFLOW_CTX_EXECUTION_DATE='2024-09-11T06:48:03.137805+00:00' AIRFLOW_CTX_TRY_NUMBER='1' AIRFLOW_CTX_DAG_RUN_ID='manual__2024-09-11T06:48:03.137805+00:00'
[2024-09-11T06:48:22.850+0000] {logging_mixin.py:188} INFO - Lỗi khi chờ đợi sản phẩm: Message:
[2024-09-11T06:48:22.913+0000] {logging_mixin.py:188} INFO - Lỗi khi chuyển trang hoặc crawl trang: Message: no such element: Unable to locate element: {"method":"css selector","selector":"a[href="#"] .icon-paging-next"}
  (Session info: headless chrome=117.0.5938.132); For documentation on this error, please visit: https://www.selenium.dev/documentation/webdriver/troubleshooting/errors#no-such-element-exception
Stacktrace:
#0 0x563b337ef6b3 <unknown>
#1 0x563b334c51e7 <unknown>
#2 0x563b3350c566 <unknown>
#3 0x563b3350c651 <unknown>
#4 0x563b33549a74 <unknown>
#5 0x563b3352e0ed <unknown>
#6 0x563b33547322 <unknown>
#7 0x563b3352de93 <unknown>
#8 0x563b33500934 <unknown>
#9 0x563b3350171e <unknown>
#10 0x563b337b4cb8 <unknown>
#11 0x563b337b8bf0 <unknown>
#12 0x563b337c319c <unknown>
#13 0x563b337b9808 <unknown>
#14 0x563b3378627f <unknown>
#15 0x563b337dde88 <unknown>
#16 0x563b337de059 <unknown>
#17 0x563b337ee843 <unknown>
#18 0x7fc2335ef609 start_thread
[2024-09-11T06:48:23.027+0000] {python.py:202} INFO - Done. Returned value was: []
[2024-09-11T06:48:23.183+0000] {taskinstance.py:1149} INFO - Marking task as SUCCESS. dag_id=shopeefood_crawl_and_report, task_id=crawl_list_restaurant, execution_date=20240911T064803, start_date=20240911T064804, end_date=20240911T064823
[2024-09-11T06:48:23.242+0000] {local_task_job_runner.py:234} INFO - Task exited with return code 0
[2024-09-11T06:48:23.264+0000] {taskinstance.py:3312} INFO - 1 downstream tasks scheduled from follow-on schedule check
