[2024-09-12T08:12:08.255+0000] {taskinstance.py:1979} INFO - Dependencies all met for dep_context=non-requeueable deps ti=<TaskInstance: shopeefood_crawl_and_report.process_report manual__2024-09-12T08:02:00.398094+00:00 [queued]>
[2024-09-12T08:12:08.271+0000] {taskinstance.py:1979} INFO - Dependencies all met for dep_context=requeueable deps ti=<TaskInstance: shopeefood_crawl_and_report.process_report manual__2024-09-12T08:02:00.398094+00:00 [queued]>
[2024-09-12T08:12:08.272+0000] {taskinstance.py:2193} INFO - Starting attempt 1 of 2
[2024-09-12T08:12:08.293+0000] {taskinstance.py:2217} INFO - Executing <Task(PythonOperator): process_report> on 2024-09-12 08:02:00.398094+00:00
[2024-09-12T08:12:08.303+0000] {standard_task_runner.py:60} INFO - Started process 949 to run task
[2024-09-12T08:12:08.307+0000] {standard_task_runner.py:87} INFO - Running: ['***', 'tasks', 'run', 'shopeefood_crawl_and_report', 'process_report', 'manual__2024-09-12T08:02:00.398094+00:00', '--job-id', '6', '--raw', '--subdir', 'DAGS_FOLDER/main_dag.py', '--cfg-path', '/tmp/tmpkf8ahkma']
[2024-09-12T08:12:08.311+0000] {standard_task_runner.py:88} INFO - Job 6: Subtask process_report
[2024-09-12T08:12:08.374+0000] {task_command.py:423} INFO - Running <TaskInstance: shopeefood_crawl_and_report.process_report manual__2024-09-12T08:02:00.398094+00:00 [running]> on host b944a8bf813f
[2024-09-12T08:12:08.493+0000] {taskinstance.py:2513} INFO - Exporting env vars: AIRFLOW_CTX_DAG_OWNER='***' AIRFLOW_CTX_DAG_ID='shopeefood_crawl_and_report' AIRFLOW_CTX_TASK_ID='process_report' AIRFLOW_CTX_EXECUTION_DATE='2024-09-12T08:02:00.398094+00:00' AIRFLOW_CTX_TRY_NUMBER='1' AIRFLOW_CTX_DAG_RUN_ID='manual__2024-09-12T08:02:00.398094+00:00'
[2024-09-12T08:12:08.974+0000] {python.py:202} INFO - Done. Returned value was:          Khu vực  ...  Khoảng giá trung bình (Vnđ)
0        Ba Đình  ...              19,000 - 89,000
1    Bắc Từ Liêm  ...              19,333 - 48,333
2       Cầu Giấy  ...              20,600 - 87,267
3   Hai Bà Trưng  ...             23,889 - 117,667
4      Hoàn Kiếm  ...              10,000 - 50,000
5      Hoàng Mai  ...           21,000 - 1,035,400
6        Hà Đông  ...              31,600 - 75,500
7      Long Biên  ...              10,000 - 50,000
8    Nam Từ Liêm  ...             28,143 - 263,429
9     Thanh Xuân  ...              25,000 - 39,000
10        Tây Hồ  ...             12,500 - 280,000
11       Đống Đa  ...              19,727 - 53,364

[12 rows x 5 columns]
[2024-09-12T08:12:09.106+0000] {taskinstance.py:1149} INFO - Marking task as SUCCESS. dag_id=shopeefood_crawl_and_report, task_id=process_report, execution_date=20240912T080200, start_date=20240912T081208, end_date=20240912T081209
[2024-09-12T08:12:09.166+0000] {local_task_job_runner.py:234} INFO - Task exited with return code 0
[2024-09-12T08:12:09.197+0000] {taskinstance.py:3312} INFO - 1 downstream tasks scheduled from follow-on schedule check
