[2024-09-12T07:36:04.521+0000] {taskinstance.py:1979} INFO - Dependencies all met for dep_context=non-requeueable deps ti=<TaskInstance: shopeefood_crawl_and_report.process_report manual__2024-09-12T07:30:42.843372+00:00 [queued]>
[2024-09-12T07:36:04.533+0000] {taskinstance.py:1979} INFO - Dependencies all met for dep_context=requeueable deps ti=<TaskInstance: shopeefood_crawl_and_report.process_report manual__2024-09-12T07:30:42.843372+00:00 [queued]>
[2024-09-12T07:36:04.534+0000] {taskinstance.py:2193} INFO - Starting attempt 1 of 2
[2024-09-12T07:36:04.548+0000] {taskinstance.py:2217} INFO - Executing <Task(PythonOperator): process_report> on 2024-09-12 07:30:42.843372+00:00
[2024-09-12T07:36:04.554+0000] {standard_task_runner.py:60} INFO - Started process 5681 to run task
[2024-09-12T07:36:04.557+0000] {standard_task_runner.py:87} INFO - Running: ['***', 'tasks', 'run', 'shopeefood_crawl_and_report', 'process_report', 'manual__2024-09-12T07:30:42.843372+00:00', '--job-id', '86', '--raw', '--subdir', 'DAGS_FOLDER/main_dag.py', '--cfg-path', '/tmp/tmptolwg6b_']
[2024-09-12T07:36:04.559+0000] {standard_task_runner.py:88} INFO - Job 86: Subtask process_report
[2024-09-12T07:36:04.615+0000] {task_command.py:423} INFO - Running <TaskInstance: shopeefood_crawl_and_report.process_report manual__2024-09-12T07:30:42.843372+00:00 [running]> on host f432431e979d
[2024-09-12T07:36:04.694+0000] {taskinstance.py:2513} INFO - Exporting env vars: AIRFLOW_CTX_DAG_OWNER='***' AIRFLOW_CTX_DAG_ID='shopeefood_crawl_and_report' AIRFLOW_CTX_TASK_ID='process_report' AIRFLOW_CTX_EXECUTION_DATE='2024-09-12T07:30:42.843372+00:00' AIRFLOW_CTX_TRY_NUMBER='1' AIRFLOW_CTX_DAG_RUN_ID='manual__2024-09-12T07:30:42.843372+00:00'
[2024-09-12T07:36:04.871+0000] {python.py:202} INFO - Done. Returned value was:            Khu vực  ...  Khoảng giá trung bình (Vnđ)
0.0        Ba Đình  ...             19,250 - 116,750
1.0    Bắc Từ Liêm  ...             28,600 - 185,000
2.0       Cầu Giấy  ...              25,381 - 84,714
3.0   Hai Bà Trưng  ...             29,000 - 136,600
4.0       Hoài Đức  ...              17,500 - 35,000
5.0      Hoàn Kiếm  ...              15,000 - 50,000
6.0      Hoàng Mai  ...             19,250 - 666,500
7.0        Hà Đông  ...              30,111 - 94,444
8.0      Long Biên  ...              25,000 - 40,000
9.0    Nam Từ Liêm  ...             22,000 - 196,286
NaN      Thanh Trì  ...                          NaN
10.0    Thanh Xuân  ...              29,857 - 77,000
NaN         Tây Hồ  ...                          NaN
11.0       Đống Đa  ...              23,500 - 96,467

[14 rows x 5 columns]
[2024-09-12T07:36:04.920+0000] {taskinstance.py:1149} INFO - Marking task as SUCCESS. dag_id=shopeefood_crawl_and_report, task_id=process_report, execution_date=20240912T073042, start_date=20240912T073604, end_date=20240912T073604
[2024-09-12T07:36:04.972+0000] {local_task_job_runner.py:234} INFO - Task exited with return code 0
[2024-09-12T07:36:05.012+0000] {taskinstance.py:3312} INFO - 1 downstream tasks scheduled from follow-on schedule check
