[2024-09-12T06:05:22.199+0000] {taskinstance.py:1979} INFO - Dependencies all met for dep_context=non-requeueable deps ti=<TaskInstance: shopeefood_crawl_and_report.crawl_restaurant_details scheduled__2024-09-11T00:00:00+00:00 [queued]>
[2024-09-12T06:05:22.209+0000] {taskinstance.py:1979} INFO - Dependencies all met for dep_context=requeueable deps ti=<TaskInstance: shopeefood_crawl_and_report.crawl_restaurant_details scheduled__2024-09-11T00:00:00+00:00 [queued]>
[2024-09-12T06:05:22.210+0000] {taskinstance.py:2193} INFO - Starting attempt 1 of 2
[2024-09-12T06:05:22.225+0000] {taskinstance.py:2217} INFO - Executing <Task(PythonOperator): crawl_restaurant_details> on 2024-09-11 00:00:00+00:00
[2024-09-12T06:05:22.231+0000] {standard_task_runner.py:60} INFO - Started process 275 to run task
[2024-09-12T06:05:22.234+0000] {standard_task_runner.py:87} INFO - Running: ['***', 'tasks', 'run', 'shopeefood_crawl_and_report', 'crawl_restaurant_details', 'scheduled__2024-09-11T00:00:00+00:00', '--job-id', '34', '--raw', '--subdir', 'DAGS_FOLDER/main_dag.py', '--cfg-path', '/tmp/tmpltqbh4xg']
[2024-09-12T06:05:22.236+0000] {standard_task_runner.py:88} INFO - Job 34: Subtask crawl_restaurant_details
[2024-09-12T06:05:22.286+0000] {task_command.py:423} INFO - Running <TaskInstance: shopeefood_crawl_and_report.crawl_restaurant_details scheduled__2024-09-11T00:00:00+00:00 [running]> on host f432431e979d
[2024-09-12T06:05:22.375+0000] {taskinstance.py:2513} INFO - Exporting env vars: AIRFLOW_CTX_DAG_OWNER='***' AIRFLOW_CTX_DAG_ID='shopeefood_crawl_and_report' AIRFLOW_CTX_TASK_ID='crawl_restaurant_details' AIRFLOW_CTX_EXECUTION_DATE='2024-09-11T00:00:00+00:00' AIRFLOW_CTX_TRY_NUMBER='1' AIRFLOW_CTX_DAG_RUN_ID='scheduled__2024-09-11T00:00:00+00:00'
[2024-09-12T06:11:41.589+0000] {python.py:202} INFO - Done. Returned value was: None
[2024-09-12T06:11:41.784+0000] {taskinstance.py:1149} INFO - Marking task as SUCCESS. dag_id=shopeefood_crawl_and_report, task_id=crawl_restaurant_details, execution_date=20240911T000000, start_date=20240912T060522, end_date=20240912T061141
[2024-09-12T06:11:41.816+0000] {local_task_job_runner.py:234} INFO - Task exited with return code 0
[2024-09-12T06:11:41.845+0000] {taskinstance.py:3312} INFO - 1 downstream tasks scheduled from follow-on schedule check
[2024-09-12T08:02:59.381+0000] {taskinstance.py:1979} INFO - Dependencies all met for dep_context=non-requeueable deps ti=<TaskInstance: shopeefood_crawl_and_report.crawl_restaurant_details scheduled__2024-09-11T00:00:00+00:00 [queued]>
[2024-09-12T08:02:59.394+0000] {taskinstance.py:1979} INFO - Dependencies all met for dep_context=requeueable deps ti=<TaskInstance: shopeefood_crawl_and_report.crawl_restaurant_details scheduled__2024-09-11T00:00:00+00:00 [queued]>
[2024-09-12T08:02:59.395+0000] {taskinstance.py:2193} INFO - Starting attempt 1 of 2
[2024-09-12T08:02:59.414+0000] {taskinstance.py:2217} INFO - Executing <Task(PythonOperator): crawl_restaurant_details> on 2024-09-11 00:00:00+00:00
[2024-09-12T08:02:59.424+0000] {standard_task_runner.py:60} INFO - Started process 420 to run task
[2024-09-12T08:02:59.427+0000] {standard_task_runner.py:87} INFO - Running: ['***', 'tasks', 'run', 'shopeefood_crawl_and_report', 'crawl_restaurant_details', 'scheduled__2024-09-11T00:00:00+00:00', '--job-id', '5', '--raw', '--subdir', 'DAGS_FOLDER/main_dag.py', '--cfg-path', '/tmp/tmpv1sx4jmb']
[2024-09-12T08:02:59.430+0000] {standard_task_runner.py:88} INFO - Job 5: Subtask crawl_restaurant_details
[2024-09-12T08:02:59.500+0000] {task_command.py:423} INFO - Running <TaskInstance: shopeefood_crawl_and_report.crawl_restaurant_details scheduled__2024-09-11T00:00:00+00:00 [running]> on host b944a8bf813f
[2024-09-12T08:02:59.598+0000] {taskinstance.py:2513} INFO - Exporting env vars: AIRFLOW_CTX_DAG_OWNER='***' AIRFLOW_CTX_DAG_ID='shopeefood_crawl_and_report' AIRFLOW_CTX_TASK_ID='crawl_restaurant_details' AIRFLOW_CTX_EXECUTION_DATE='2024-09-11T00:00:00+00:00' AIRFLOW_CTX_TRY_NUMBER='1' AIRFLOW_CTX_DAG_RUN_ID='scheduled__2024-09-11T00:00:00+00:00'
[2024-09-12T08:12:06.316+0000] {python.py:202} INFO - Done. Returned value was: None
[2024-09-12T08:12:06.350+0000] {taskinstance.py:1149} INFO - Marking task as SUCCESS. dag_id=shopeefood_crawl_and_report, task_id=crawl_restaurant_details, execution_date=20240911T000000, start_date=20240912T080259, end_date=20240912T081206
[2024-09-12T08:12:06.401+0000] {local_task_job_runner.py:234} INFO - Task exited with return code 0
[2024-09-12T08:12:06.455+0000] {taskinstance.py:3312} INFO - 1 downstream tasks scheduled from follow-on schedule check
[2024-09-12T08:24:38.960+0000] {taskinstance.py:1979} INFO - Dependencies all met for dep_context=non-requeueable deps ti=<TaskInstance: shopeefood_crawl_and_report.crawl_restaurant_details scheduled__2024-09-11T00:00:00+00:00 [queued]>
[2024-09-12T08:24:38.974+0000] {taskinstance.py:1979} INFO - Dependencies all met for dep_context=requeueable deps ti=<TaskInstance: shopeefood_crawl_and_report.crawl_restaurant_details scheduled__2024-09-11T00:00:00+00:00 [queued]>
[2024-09-12T08:24:38.975+0000] {taskinstance.py:2193} INFO - Starting attempt 1 of 2
[2024-09-12T08:24:38.997+0000] {taskinstance.py:2217} INFO - Executing <Task(PythonOperator): crawl_restaurant_details> on 2024-09-11 00:00:00+00:00
[2024-09-12T08:24:39.005+0000] {standard_task_runner.py:60} INFO - Started process 352 to run task
[2024-09-12T08:24:39.009+0000] {standard_task_runner.py:87} INFO - Running: ['***', 'tasks', 'run', 'shopeefood_crawl_and_report', 'crawl_restaurant_details', 'scheduled__2024-09-11T00:00:00+00:00', '--job-id', '4', '--raw', '--subdir', 'DAGS_FOLDER/main_dag.py', '--cfg-path', '/tmp/tmpznt16izh']
[2024-09-12T08:24:39.013+0000] {standard_task_runner.py:88} INFO - Job 4: Subtask crawl_restaurant_details
[2024-09-12T08:24:39.082+0000] {task_command.py:423} INFO - Running <TaskInstance: shopeefood_crawl_and_report.crawl_restaurant_details scheduled__2024-09-11T00:00:00+00:00 [running]> on host 7ad5c45efd02
[2024-09-12T08:24:39.192+0000] {taskinstance.py:2513} INFO - Exporting env vars: AIRFLOW_CTX_DAG_OWNER='***' AIRFLOW_CTX_DAG_ID='shopeefood_crawl_and_report' AIRFLOW_CTX_TASK_ID='crawl_restaurant_details' AIRFLOW_CTX_EXECUTION_DATE='2024-09-11T00:00:00+00:00' AIRFLOW_CTX_TRY_NUMBER='1' AIRFLOW_CTX_DAG_RUN_ID='scheduled__2024-09-11T00:00:00+00:00'
[2024-09-12T08:24:40.082+0000] {python.py:202} INFO - Done. Returned value was: None
[2024-09-12T08:24:40.100+0000] {taskinstance.py:1149} INFO - Marking task as SUCCESS. dag_id=shopeefood_crawl_and_report, task_id=crawl_restaurant_details, execution_date=20240911T000000, start_date=20240912T082438, end_date=20240912T082440
[2024-09-12T08:24:40.150+0000] {local_task_job_runner.py:234} INFO - Task exited with return code 0
[2024-09-12T08:24:40.198+0000] {taskinstance.py:3312} INFO - 1 downstream tasks scheduled from follow-on schedule check
[2024-09-12T08:37:55.110+0000] {taskinstance.py:1979} INFO - Dependencies all met for dep_context=non-requeueable deps ti=<TaskInstance: shopeefood_crawl_and_report.crawl_restaurant_details scheduled__2024-09-11T00:00:00+00:00 [queued]>
[2024-09-12T08:37:55.124+0000] {taskinstance.py:1979} INFO - Dependencies all met for dep_context=requeueable deps ti=<TaskInstance: shopeefood_crawl_and_report.crawl_restaurant_details scheduled__2024-09-11T00:00:00+00:00 [queued]>
[2024-09-12T08:37:55.125+0000] {taskinstance.py:2193} INFO - Starting attempt 1 of 2
[2024-09-12T08:37:55.142+0000] {taskinstance.py:2217} INFO - Executing <Task(PythonOperator): crawl_restaurant_details> on 2024-09-11 00:00:00+00:00
[2024-09-12T08:37:55.151+0000] {standard_task_runner.py:60} INFO - Started process 352 to run task
[2024-09-12T08:37:55.154+0000] {standard_task_runner.py:87} INFO - Running: ['***', 'tasks', 'run', 'shopeefood_crawl_and_report', 'crawl_restaurant_details', 'scheduled__2024-09-11T00:00:00+00:00', '--job-id', '4', '--raw', '--subdir', 'DAGS_FOLDER/main_dag.py', '--cfg-path', '/tmp/tmpa3c33b8r']
[2024-09-12T08:37:55.156+0000] {standard_task_runner.py:88} INFO - Job 4: Subtask crawl_restaurant_details
[2024-09-12T08:37:55.213+0000] {task_command.py:423} INFO - Running <TaskInstance: shopeefood_crawl_and_report.crawl_restaurant_details scheduled__2024-09-11T00:00:00+00:00 [running]> on host 329a68cb1c0e
[2024-09-12T08:37:55.293+0000] {taskinstance.py:2513} INFO - Exporting env vars: AIRFLOW_CTX_DAG_OWNER='***' AIRFLOW_CTX_DAG_ID='shopeefood_crawl_and_report' AIRFLOW_CTX_TASK_ID='crawl_restaurant_details' AIRFLOW_CTX_EXECUTION_DATE='2024-09-11T00:00:00+00:00' AIRFLOW_CTX_TRY_NUMBER='1' AIRFLOW_CTX_DAG_RUN_ID='scheduled__2024-09-11T00:00:00+00:00'
[2024-09-12T08:39:03.258+0000] {python.py:202} INFO - Done. Returned value was: None
[2024-09-12T08:39:03.270+0000] {taskinstance.py:1149} INFO - Marking task as SUCCESS. dag_id=shopeefood_crawl_and_report, task_id=crawl_restaurant_details, execution_date=20240911T000000, start_date=20240912T083755, end_date=20240912T083903
[2024-09-12T08:39:03.314+0000] {local_task_job_runner.py:234} INFO - Task exited with return code 0
[2024-09-12T08:39:03.347+0000] {taskinstance.py:3312} INFO - 1 downstream tasks scheduled from follow-on schedule check
[2024-09-12T08:56:06.239+0000] {taskinstance.py:1979} INFO - Dependencies all met for dep_context=non-requeueable deps ti=<TaskInstance: shopeefood_crawl_and_report.crawl_restaurant_details scheduled__2024-09-11T00:00:00+00:00 [queued]>
[2024-09-12T08:56:06.251+0000] {taskinstance.py:1979} INFO - Dependencies all met for dep_context=requeueable deps ti=<TaskInstance: shopeefood_crawl_and_report.crawl_restaurant_details scheduled__2024-09-11T00:00:00+00:00 [queued]>
[2024-09-12T08:56:06.252+0000] {taskinstance.py:2193} INFO - Starting attempt 1 of 2
[2024-09-12T08:56:06.269+0000] {taskinstance.py:2217} INFO - Executing <Task(PythonOperator): crawl_restaurant_details> on 2024-09-11 00:00:00+00:00
[2024-09-12T08:56:06.275+0000] {standard_task_runner.py:60} INFO - Started process 331 to run task
[2024-09-12T08:56:06.278+0000] {standard_task_runner.py:87} INFO - Running: ['***', 'tasks', 'run', 'shopeefood_crawl_and_report', 'crawl_restaurant_details', 'scheduled__2024-09-11T00:00:00+00:00', '--job-id', '4', '--raw', '--subdir', 'DAGS_FOLDER/main_dag.py', '--cfg-path', '/tmp/tmp3rpcvuy4']
[2024-09-12T08:56:06.281+0000] {standard_task_runner.py:88} INFO - Job 4: Subtask crawl_restaurant_details
[2024-09-12T08:56:06.341+0000] {task_command.py:423} INFO - Running <TaskInstance: shopeefood_crawl_and_report.crawl_restaurant_details scheduled__2024-09-11T00:00:00+00:00 [running]> on host cde7247848aa
[2024-09-12T08:56:06.429+0000] {taskinstance.py:2513} INFO - Exporting env vars: AIRFLOW_CTX_DAG_OWNER='***' AIRFLOW_CTX_DAG_ID='shopeefood_crawl_and_report' AIRFLOW_CTX_TASK_ID='crawl_restaurant_details' AIRFLOW_CTX_EXECUTION_DATE='2024-09-11T00:00:00+00:00' AIRFLOW_CTX_TRY_NUMBER='1' AIRFLOW_CTX_DAG_RUN_ID='scheduled__2024-09-11T00:00:00+00:00'
[2024-09-12T08:57:40.448+0000] {python.py:202} INFO - Done. Returned value was: None
[2024-09-12T08:57:40.476+0000] {taskinstance.py:1149} INFO - Marking task as SUCCESS. dag_id=shopeefood_crawl_and_report, task_id=crawl_restaurant_details, execution_date=20240911T000000, start_date=20240912T085606, end_date=20240912T085740
[2024-09-12T08:57:40.530+0000] {local_task_job_runner.py:234} INFO - Task exited with return code 0
[2024-09-12T08:57:40.573+0000] {taskinstance.py:3312} INFO - 1 downstream tasks scheduled from follow-on schedule check
[2024-09-12T11:02:18.372+0000] {taskinstance.py:1979} INFO - Dependencies all met for dep_context=non-requeueable deps ti=<TaskInstance: shopeefood_crawl_and_report.crawl_restaurant_details scheduled__2024-09-11T00:00:00+00:00 [queued]>
[2024-09-12T11:02:18.386+0000] {taskinstance.py:1979} INFO - Dependencies all met for dep_context=requeueable deps ti=<TaskInstance: shopeefood_crawl_and_report.crawl_restaurant_details scheduled__2024-09-11T00:00:00+00:00 [queued]>
[2024-09-12T11:02:18.387+0000] {taskinstance.py:2193} INFO - Starting attempt 1 of 2
[2024-09-12T11:02:18.405+0000] {taskinstance.py:2217} INFO - Executing <Task(PythonOperator): crawl_restaurant_details> on 2024-09-11 00:00:00+00:00
[2024-09-12T11:02:18.412+0000] {standard_task_runner.py:60} INFO - Started process 487 to run task
[2024-09-12T11:02:18.417+0000] {standard_task_runner.py:87} INFO - Running: ['***', 'tasks', 'run', 'shopeefood_crawl_and_report', 'crawl_restaurant_details', 'scheduled__2024-09-11T00:00:00+00:00', '--job-id', '4', '--raw', '--subdir', 'DAGS_FOLDER/main_dag.py', '--cfg-path', '/tmp/tmppleri97l']
[2024-09-12T11:02:18.420+0000] {standard_task_runner.py:88} INFO - Job 4: Subtask crawl_restaurant_details
[2024-09-12T11:02:18.485+0000] {task_command.py:423} INFO - Running <TaskInstance: shopeefood_crawl_and_report.crawl_restaurant_details scheduled__2024-09-11T00:00:00+00:00 [running]> on host bc7cb9c82b76
[2024-09-12T11:02:18.588+0000] {taskinstance.py:2513} INFO - Exporting env vars: AIRFLOW_CTX_DAG_OWNER='***' AIRFLOW_CTX_DAG_ID='shopeefood_crawl_and_report' AIRFLOW_CTX_TASK_ID='crawl_restaurant_details' AIRFLOW_CTX_EXECUTION_DATE='2024-09-11T00:00:00+00:00' AIRFLOW_CTX_TRY_NUMBER='1' AIRFLOW_CTX_DAG_RUN_ID='scheduled__2024-09-11T00:00:00+00:00'
[2024-09-12T11:10:20.146+0000] {python.py:202} INFO - Done. Returned value was: None
[2024-09-12T11:10:20.167+0000] {taskinstance.py:1149} INFO - Marking task as SUCCESS. dag_id=shopeefood_crawl_and_report, task_id=crawl_restaurant_details, execution_date=20240911T000000, start_date=20240912T110218, end_date=20240912T111020
[2024-09-12T11:10:20.207+0000] {local_task_job_runner.py:234} INFO - Task exited with return code 0
[2024-09-12T11:10:20.253+0000] {taskinstance.py:3312} INFO - 1 downstream tasks scheduled from follow-on schedule check
