[2024-09-12T10:45:22.538+0000] {taskinstance.py:1979} INFO - Dependencies all met for dep_context=non-requeueable deps ti=<TaskInstance: shopeefood_crawl_and_report.process_report manual__2024-09-12T10:38:10.753778+00:00 [queued]>
[2024-09-12T10:45:22.550+0000] {taskinstance.py:1979} INFO - Dependencies all met for dep_context=requeueable deps ti=<TaskInstance: shopeefood_crawl_and_report.process_report manual__2024-09-12T10:38:10.753778+00:00 [queued]>
[2024-09-12T10:45:22.551+0000] {taskinstance.py:2193} INFO - Starting attempt 1 of 2
[2024-09-12T10:45:22.570+0000] {taskinstance.py:2217} INFO - Executing <Task(PythonOperator): process_report> on 2024-09-12 10:38:10.753778+00:00
[2024-09-12T10:45:22.577+0000] {standard_task_runner.py:60} INFO - Started process 7293 to run task
[2024-09-12T10:45:22.580+0000] {standard_task_runner.py:87} INFO - Running: ['***', 'tasks', 'run', 'shopeefood_crawl_and_report', 'process_report', 'manual__2024-09-12T10:38:10.753778+00:00', '--job-id', '84', '--raw', '--subdir', 'DAGS_FOLDER/main_dag.py', '--cfg-path', '/tmp/tmpn3881o4f']
[2024-09-12T10:45:22.583+0000] {standard_task_runner.py:88} INFO - Job 84: Subtask process_report
[2024-09-12T10:45:22.643+0000] {task_command.py:423} INFO - Running <TaskInstance: shopeefood_crawl_and_report.process_report manual__2024-09-12T10:38:10.753778+00:00 [running]> on host cde7247848aa
[2024-09-12T10:45:22.735+0000] {taskinstance.py:2513} INFO - Exporting env vars: AIRFLOW_CTX_DAG_OWNER='***' AIRFLOW_CTX_DAG_ID='shopeefood_crawl_and_report' AIRFLOW_CTX_TASK_ID='process_report' AIRFLOW_CTX_EXECUTION_DATE='2024-09-12T10:38:10.753778+00:00' AIRFLOW_CTX_TRY_NUMBER='1' AIRFLOW_CTX_DAG_RUN_ID='manual__2024-09-12T10:38:10.753778+00:00'
[2024-09-12T10:45:22.954+0000] {python.py:202} INFO - Done. Returned value was:          Khu vực  ...  Khoảng giá trung bình (Vnđ)
0        Ba Đình  ...             17,636 - 177,182
1    Bắc Từ Liêm  ...             26,143 - 145,714
2       Cầu Giấy  ...              34,586 - 86,241
3   Hai Bà Trưng  ...             30,850 - 119,100
4       Hoài Đức  ...              17,500 - 35,000
5      Hoàn Kiếm  ...              15,000 - 50,000
6      Hoàng Mai  ...             22,667 - 615,222
7        Hà Đông  ...              28,733 - 77,333
8      Long Biên  ...              23,750 - 42,500
9    Nam Từ Liêm  ...             23,400 - 206,900
10     Thanh Trì  ...             28,000 - 150,000
11    Thanh Xuân  ...              25,333 - 67,833
12        Tây Hồ  ...              22,500 - 52,500
13       Đống Đa  ...              19,875 - 77,100

[14 rows x 5 columns]
[2024-09-12T10:45:23.007+0000] {taskinstance.py:1149} INFO - Marking task as SUCCESS. dag_id=shopeefood_crawl_and_report, task_id=process_report, execution_date=20240912T103810, start_date=20240912T104522, end_date=20240912T104523
[2024-09-12T10:45:23.036+0000] {local_task_job_runner.py:234} INFO - Task exited with return code 0
[2024-09-12T10:45:23.079+0000] {taskinstance.py:3312} INFO - 1 downstream tasks scheduled from follow-on schedule check
