[2024-09-12T09:32:18.306+0000] {taskinstance.py:1979} INFO - Dependencies all met for dep_context=non-requeueable deps ti=<TaskInstance: shopeefood_crawl_and_report.process_report manual__2024-09-12T09:30:05.605148+00:00 [queued]>
[2024-09-12T09:32:18.315+0000] {taskinstance.py:1979} INFO - Dependencies all met for dep_context=requeueable deps ti=<TaskInstance: shopeefood_crawl_and_report.process_report manual__2024-09-12T09:30:05.605148+00:00 [queued]>
[2024-09-12T09:32:18.316+0000] {taskinstance.py:2193} INFO - Starting attempt 1 of 2
[2024-09-12T09:32:18.328+0000] {taskinstance.py:2217} INFO - Executing <Task(PythonOperator): process_report> on 2024-09-12 09:30:05.605148+00:00
[2024-09-12T09:32:18.334+0000] {standard_task_runner.py:60} INFO - Started process 2567 to run task
[2024-09-12T09:32:18.337+0000] {standard_task_runner.py:87} INFO - Running: ['***', 'tasks', 'run', 'shopeefood_crawl_and_report', 'process_report', 'manual__2024-09-12T09:30:05.605148+00:00', '--job-id', '41', '--raw', '--subdir', 'DAGS_FOLDER/main_dag.py', '--cfg-path', '/tmp/tmpotzushdl']
[2024-09-12T09:32:18.339+0000] {standard_task_runner.py:88} INFO - Job 41: Subtask process_report
[2024-09-12T09:32:18.384+0000] {task_command.py:423} INFO - Running <TaskInstance: shopeefood_crawl_and_report.process_report manual__2024-09-12T09:30:05.605148+00:00 [running]> on host cde7247848aa
[2024-09-12T09:32:18.448+0000] {taskinstance.py:2513} INFO - Exporting env vars: AIRFLOW_CTX_DAG_OWNER='***' AIRFLOW_CTX_DAG_ID='shopeefood_crawl_and_report' AIRFLOW_CTX_TASK_ID='process_report' AIRFLOW_CTX_EXECUTION_DATE='2024-09-12T09:30:05.605148+00:00' AIRFLOW_CTX_TRY_NUMBER='1' AIRFLOW_CTX_DAG_RUN_ID='manual__2024-09-12T09:30:05.605148+00:00'
[2024-09-12T09:32:18.614+0000] {python.py:202} INFO - Done. Returned value was:            Khu vực  ...  Khoảng giá trung bình (Vnđ)
0.0        Ba Đình  ...             15,000 - 140,000
NaN    Bắc Từ Liêm  ...                          NaN
1.0       Cầu Giấy  ...             28,111 - 112,778
2.0   Hai Bà Trưng  ...             38,000 - 250,000
3.0       Hoài Đức  ...              25,000 - 45,000
4.0      Hoàn Kiếm  ...              15,000 - 50,000
5.0      Hoàng Mai  ...              22,250 - 68,750
6.0        Hà Đông  ...              32,000 - 99,375
7.0      Long Biên  ...              30,000 - 50,000
8.0    Nam Từ Liêm  ...              19,000 - 73,333
9.0      Thanh Trì  ...             28,000 - 150,000
10.0    Thanh Xuân  ...              37,500 - 75,000
NaN         Tây Hồ  ...                          NaN
11.0       Đống Đa  ...             21,667 - 101,667

[14 rows x 5 columns]
[2024-09-12T09:32:18.655+0000] {taskinstance.py:1149} INFO - Marking task as SUCCESS. dag_id=shopeefood_crawl_and_report, task_id=process_report, execution_date=20240912T093005, start_date=20240912T093218, end_date=20240912T093218
[2024-09-12T09:32:18.712+0000] {local_task_job_runner.py:234} INFO - Task exited with return code 0
[2024-09-12T09:32:18.734+0000] {taskinstance.py:3312} INFO - 1 downstream tasks scheduled from follow-on schedule check
