[2024-09-12T06:43:27.886+0000] {taskinstance.py:1979} INFO - Dependencies all met for dep_context=non-requeueable deps ti=<TaskInstance: shopeefood_crawl_and_report.process_report manual__2024-09-12T06:36:44.974449+00:00 [queued]>
[2024-09-12T06:43:27.910+0000] {taskinstance.py:1979} INFO - Dependencies all met for dep_context=requeueable deps ti=<TaskInstance: shopeefood_crawl_and_report.process_report manual__2024-09-12T06:36:44.974449+00:00 [queued]>
[2024-09-12T06:43:27.914+0000] {taskinstance.py:2193} INFO - Starting attempt 1 of 2
[2024-09-12T06:43:27.932+0000] {taskinstance.py:2217} INFO - Executing <Task(PythonOperator): process_report> on 2024-09-12 06:36:44.974449+00:00
[2024-09-12T06:43:27.938+0000] {standard_task_runner.py:60} INFO - Started process 2492 to run task
[2024-09-12T06:43:27.941+0000] {standard_task_runner.py:87} INFO - Running: ['***', 'tasks', 'run', 'shopeefood_crawl_and_report', 'process_report', 'manual__2024-09-12T06:36:44.974449+00:00', '--job-id', '45', '--raw', '--subdir', 'DAGS_FOLDER/main_dag.py', '--cfg-path', '/tmp/tmpzx5nv__k']
[2024-09-12T06:43:27.946+0000] {standard_task_runner.py:88} INFO - Job 45: Subtask process_report
[2024-09-12T06:43:27.996+0000] {task_command.py:423} INFO - Running <TaskInstance: shopeefood_crawl_and_report.process_report manual__2024-09-12T06:36:44.974449+00:00 [running]> on host f432431e979d
[2024-09-12T06:43:28.084+0000] {taskinstance.py:2513} INFO - Exporting env vars: AIRFLOW_CTX_DAG_OWNER='***' AIRFLOW_CTX_DAG_ID='shopeefood_crawl_and_report' AIRFLOW_CTX_TASK_ID='process_report' AIRFLOW_CTX_EXECUTION_DATE='2024-09-12T06:36:44.974449+00:00' AIRFLOW_CTX_TRY_NUMBER='1' AIRFLOW_CTX_DAG_RUN_ID='manual__2024-09-12T06:36:44.974449+00:00'
[2024-09-12T06:43:28.303+0000] {python.py:202} INFO - Done. Returned value was:          Khu vực  ...  Khoảng giá trung bình (Vnđ)
0        Ba Đình  ...             18,222 - 114,889
1    Bắc Từ Liêm  ...             28,000 - 166,667
2       Cầu Giấy  ...              26,077 - 81,885
3   Hai Bà Trưng  ...             31,611 - 115,778
4       Hoài Đức  ...              17,500 - 35,000
5      Hoàn Kiếm  ...              15,000 - 50,000
6      Hoàng Mai  ...             19,333 - 598,000
7        Hà Đông  ...              28,417 - 85,000
8      Long Biên  ...              25,000 - 40,000
9    Nam Từ Liêm  ...             23,000 - 246,750
10     Thanh Trì  ...             28,000 - 150,000
11    Thanh Xuân  ...              24,455 - 68,091
12        Tây Hồ  ...              30,000 - 60,000
13       Đống Đa  ...              22,794 - 91,294

[14 rows x 5 columns]
[2024-09-12T06:43:28.350+0000] {taskinstance.py:1149} INFO - Marking task as SUCCESS. dag_id=shopeefood_crawl_and_report, task_id=process_report, execution_date=20240912T063644, start_date=20240912T064327, end_date=20240912T064328
[2024-09-12T06:43:28.400+0000] {local_task_job_runner.py:234} INFO - Task exited with return code 0
[2024-09-12T06:43:28.438+0000] {taskinstance.py:3312} INFO - 1 downstream tasks scheduled from follow-on schedule check
