[2024-09-12T11:30:56.906+0000] {taskinstance.py:1979} INFO - Dependencies all met for dep_context=non-requeueable deps ti=<TaskInstance: shopeefood_crawl_and_report.process_report manual__2024-09-12T11:26:36.964789+00:00 [queued]>
[2024-09-12T11:30:56.924+0000] {taskinstance.py:1979} INFO - Dependencies all met for dep_context=requeueable deps ti=<TaskInstance: shopeefood_crawl_and_report.process_report manual__2024-09-12T11:26:36.964789+00:00 [queued]>
[2024-09-12T11:30:56.932+0000] {taskinstance.py:2193} INFO - Starting attempt 1 of 2
[2024-09-12T11:30:56.956+0000] {taskinstance.py:2217} INFO - Executing <Task(PythonOperator): process_report> on 2024-09-12 11:26:36.964789+00:00
[2024-09-12T11:30:56.964+0000] {standard_task_runner.py:60} INFO - Started process 2539 to run task
[2024-09-12T11:30:56.968+0000] {standard_task_runner.py:87} INFO - Running: ['***', 'tasks', 'run', 'shopeefood_crawl_and_report', 'process_report', 'manual__2024-09-12T11:26:36.964789+00:00', '--job-id', '20', '--raw', '--subdir', 'DAGS_FOLDER/main_dag.py', '--cfg-path', '/tmp/tmpvdkyhn94']
[2024-09-12T11:30:56.972+0000] {standard_task_runner.py:88} INFO - Job 20: Subtask process_report
[2024-09-12T11:30:57.036+0000] {task_command.py:423} INFO - Running <TaskInstance: shopeefood_crawl_and_report.process_report manual__2024-09-12T11:26:36.964789+00:00 [running]> on host bc7cb9c82b76
[2024-09-12T11:30:57.320+0000] {taskinstance.py:2513} INFO - Exporting env vars: AIRFLOW_CTX_DAG_OWNER='***' AIRFLOW_CTX_DAG_ID='shopeefood_crawl_and_report' AIRFLOW_CTX_TASK_ID='process_report' AIRFLOW_CTX_EXECUTION_DATE='2024-09-12T11:26:36.964789+00:00' AIRFLOW_CTX_TRY_NUMBER='1' AIRFLOW_CTX_DAG_RUN_ID='manual__2024-09-12T11:26:36.964789+00:00'
[2024-09-12T11:30:57.391+0000] {python.py:202} INFO - Done. Returned value was:          Khu vực  ...  Khoảng giá trung bình (Vnđ)
0        Ba Đình  ...             18,750 - 106,250
1    Bắc Từ Liêm  ...             26,200 - 185,000
2       Cầu Giấy  ...              30,500 - 98,438
3   Hai Bà Trưng  ...             31,200 - 134,200
4       Hoài Đức  ...              25,000 - 45,000
5      Hoàn Kiếm  ...              20,000 - 53,333
6      Hoàng Mai  ...             19,333 - 602,444
7        Hà Đông  ...              29,250 - 83,333
8      Long Biên  ...              26,667 - 43,333
9    Nam Từ Liêm  ...             21,800 - 207,800
10     Thanh Trì  ...             28,000 - 150,000
11    Thanh Xuân  ...              29,857 - 78,429
12        Tây Hồ  ...              30,000 - 60,000
13       Đống Đa  ...              20,536 - 92,286

[14 rows x 5 columns]
[2024-09-12T11:30:57.454+0000] {taskinstance.py:1149} INFO - Marking task as SUCCESS. dag_id=shopeefood_crawl_and_report, task_id=process_report, execution_date=20240912T112636, start_date=20240912T113056, end_date=20240912T113057
[2024-09-12T11:30:57.504+0000] {local_task_job_runner.py:234} INFO - Task exited with return code 0
[2024-09-12T11:30:57.536+0000] {taskinstance.py:3312} INFO - 1 downstream tasks scheduled from follow-on schedule check
