[2024-09-12T07:09:06.212+0000] {taskinstance.py:1979} INFO - Dependencies all met for dep_context=non-requeueable deps ti=<TaskInstance: shopeefood_crawl_and_report.crawl_list_restaurant manual__2024-09-12T07:09:04.495452+00:00 [queued]>
[2024-09-12T07:09:06.220+0000] {taskinstance.py:1979} INFO - Dependencies all met for dep_context=requeueable deps ti=<TaskInstance: shopeefood_crawl_and_report.crawl_list_restaurant manual__2024-09-12T07:09:04.495452+00:00 [queued]>
[2024-09-12T07:09:06.221+0000] {taskinstance.py:2193} INFO - Starting attempt 1 of 2
[2024-09-12T07:09:06.234+0000] {taskinstance.py:2217} INFO - Executing <Task(PythonOperator): crawl_list_restaurant> on 2024-09-12 07:09:04.495452+00:00
[2024-09-12T07:09:06.240+0000] {standard_task_runner.py:60} INFO - Started process 4059 to run task
[2024-09-12T07:09:06.242+0000] {standard_task_runner.py:87} INFO - Running: ['***', 'tasks', 'run', 'shopeefood_crawl_and_report', 'crawl_list_restaurant', 'manual__2024-09-12T07:09:04.495452+00:00', '--job-id', '62', '--raw', '--subdir', 'DAGS_FOLDER/main_dag.py', '--cfg-path', '/tmp/tmp1gsmilz1']
[2024-09-12T07:09:06.244+0000] {standard_task_runner.py:88} INFO - Job 62: Subtask crawl_list_restaurant
[2024-09-12T07:09:06.302+0000] {task_command.py:423} INFO - Running <TaskInstance: shopeefood_crawl_and_report.crawl_list_restaurant manual__2024-09-12T07:09:04.495452+00:00 [running]> on host f432431e979d
[2024-09-12T07:09:06.386+0000] {taskinstance.py:2513} INFO - Exporting env vars: AIRFLOW_CTX_DAG_OWNER='***' AIRFLOW_CTX_DAG_ID='shopeefood_crawl_and_report' AIRFLOW_CTX_TASK_ID='crawl_list_restaurant' AIRFLOW_CTX_EXECUTION_DATE='2024-09-12T07:09:04.495452+00:00' AIRFLOW_CTX_TRY_NUMBER='1' AIRFLOW_CTX_DAG_RUN_ID='manual__2024-09-12T07:09:04.495452+00:00'
[2024-09-12T07:09:14.868+0000] {logging_mixin.py:188} INFO - Lỗi khi chuyển trang hoặc crawl trang: Message: element click intercepted: Element <span class="icon icon-paging-next"></span> is not clickable at point (776, 576). Other element would receive the click: <a class="control-link" href="https://play.google.com/store/apps/details?id=com.deliverynow" target="_blank" rel="noopener noreferrer">...</a>
  (Session info: headless chrome=117.0.5938.132)
Stacktrace:
#0 0x5600dd6826b3 <unknown>
#1 0x5600dd3581e7 <unknown>
#2 0x5600dd3a565d <unknown>
#3 0x5600dd3a39fd <unknown>
#4 0x5600dd3a17b8 <unknown>
#5 0x5600dd3a0827 <unknown>
#6 0x5600dd3954f9 <unknown>
#7 0x5600dd3c10c2 <unknown>
#8 0x5600dd394f16 <unknown>
#9 0x5600dd3c128e <unknown>
#10 0x5600dd3da322 <unknown>
#11 0x5600dd3c0e93 <unknown>
#12 0x5600dd393934 <unknown>
#13 0x5600dd39471e <unknown>
#14 0x5600dd647cb8 <unknown>
#15 0x5600dd64bbf0 <unknown>
#16 0x5600dd65619c <unknown>
#17 0x5600dd64c808 <unknown>
#18 0x5600dd61927f <unknown>
#19 0x5600dd670e88 <unknown>
#20 0x5600dd671059 <unknown>
#21 0x5600dd681843 <unknown>
#22 0x7f41ebe05609 start_thread
[2024-09-12T07:09:14.950+0000] {python.py:202} INFO - Done. Returned value was: [['Bếp Việt - Cơm Văn Phòng - Đông Thiên', 'Giảm hết 10%', 'https://shopeefood.vn/ha-noi/bep-viet-com-van-phong-dong-thien'], ['Trà Sữa Tocotoco - Nguyễn Hoàng', 'Đồng giá 29k', 'https://shopeefood.vn/ha-noi/tra-sua-tocotoco-nguyen-hoang'], ['Bún Thủy - Trần Nhật Duật', 'Giảm món', 'https://shopeefood.vn/ha-noi/bun-thuy-tran-nhat-duat'], ['Texas Chicken - Aeon Mall Hà Đông', 'Giảm món', 'https://shopeefood.vn/ha-noi/texas-chicken-aeon-mall-ha-dong'], ['Long Wang Cơ Sở 1 - Dim Sum Hongkong - 84 Ngọc Khánh', 'Giảm món', 'https://shopeefood.vn/ha-noi/long-wang-co-so-1-dim-sum-hongkong-84-ngoc-khanh'], ['Korea House - Đồ Ăn Hàn Quốc Và Cơm Trộn - Ngõ Chùa Liên Phái', 'Giảm giá 20%', 'https://shopeefood.vn/ha-noi/korea-house-do-an-han-quoc-va-com-tron-ngo-chua-lien-phai'], ['Tiệm Gà Rán Óng Ánh - Chùa Láng', 'Giảm món', 'https://shopeefood.vn/ha-noi/tiem-ga-ran-ong-anh-chua-lang'], ['Trà Sữa Seko Tea - Mễ Trì Thượng', 'Giảm hết 50%', 'https://shopeefood.vn/ha-noi/seko-tea-tra-sua-dai-loan'], ['Royal Tea - Trà Sữa Trân Châu - Hồ Tùng Mậu', 'Giảm hết 40%', 'https://shopeefood.vn/ha-noi/royal-tea-tra-sua-tran-chau-ho-tung-mau'], ['Trà sữa LeeTee - Kem Trứng & Trà Hoa Quả - Láng Hạ', 'Giảm hết 40%', 'https://shopeefood.vn/ha-noi/tra-sua-leetee-kem-trung-tra-hoa-qua-lang-ha'], ['Trà Sữa Tocotoco - Thiên Đường Bảo Sơn', 'Giảm món', 'https://shopeefood.vn/ha-noi/tra-sua-tocotoco-thien-duong-bao-son'], ['Ngọc - Cháo Lòng Ngon & Bún Đậu Mẹt', 'Giảm hết 20%', 'https://shopeefood.vn/ha-noi/ngoc-chao-long-ngon-bun-dau-met'], ['Bánh Mì Bắp - Gà Popcorn & Bánh Mì Gà Nem - Trần Quang Diệu', 'Giảm hết 15%', 'https://shopeefood.vn/ha-noi/banh-mi-bap-ga-popcorn-banh-mi-ga-nem-tran-quang-dieu'], ['Master Tea 美茶 - Bồ Đề', 'Giảm món', 'https://shopeefood.vn/ha-noi/master-tea-%E7%BE%8E%E8%8C%B6-bo-de'], ['Trà Sữa Royaltea - Lê Lai', 'Giảm hết 50%', 'https://shopeefood.vn/ha-noi/tra-sua-royaltea-le-lai'], ['Bếp Mẹ Thỏ - Bún, Miến & Phở Trộn Online', 'Giảm hết 10%', 'https://shopeefood.vn/ha-noi/bep-me-tho-bun-mien-pho-tron-online'], ['Kem Dairy Queen - Royal City', 'Giảm món', 'https://shopeefood.vn/ha-noi/dairy-queen-royal-city'], ["Kem Swensen's - Times City", 'Giảm món', 'https://shopeefood.vn/ha-noi/kem-swensen-s-times-city'], ['Tiệm Cơm ChisnBa - Cơm Rang Zòn - Trần Vỹ', 'Giảm hết 15%', 'https://shopeefood.vn/ha-noi/tiem-com-chisnba-com-rang-zon-tran-vy'], ['Trà Chanh Dương Dương - Mì Cay, Tokbokki - Shop Online', 'Giảm món', 'https://shopeefood.vn/ha-noi/tra-chanh-duong-duong-mi-cay-tokbokki-shop-online'], ['Gà Rán Five Star - 04 Yên Hòa', 'Giảm món', 'https://shopeefood.vn/ha-noi/ga-ran-five-star-04-yen-hoa'], ['Bánh Mì Minh Nhật - Duy Tân', 'Giảm món', 'https://shopeefood.vn/ha-noi/banh-mi-minh-nhat-duy-tan'], ['The Pizza Company - Đoàn Trần Nghiệp', 'Giảm món', 'https://shopeefood.vn/ha-noi/the-pizza-company-doan-tran-nghiep'], ['Tâm Anh - Nem Nướng Nha Trang - Ngõ Chùa Đối Diện 228 Mễ Trì Thượng', 'Giảm món', 'https://shopeefood.vn/ha-noi/tam-anh-nem-nuong-nha-trang-ngo-chua-doi-dien-228-me-tri-thuong'], ['Tiệm Gà Rán Số 19 - Hào Nam', 'Giảm món', 'https://shopeefood.vn/ha-noi/tiem-ga-ran-so-19-hao-nam'], ['Bonchon Chicken - Lạc Long Quân', 'Giảm món', 'https://shopeefood.vn/ha-noi/bonchon-chicken-lac-long-quan'], ['Bếp Mẹ Su - Phở Tíu - Shop Online - Lạc Long Quân', 'Giảm hết 22%', 'https://shopeefood.vn/ha-noi/bep-me-su-pho-tiu-shop-online-lac-long-quan'], ['Vịt 29 - Vịt Quay Bắc Kinh - Bạch Mai', 'Giảm món', 'https://shopeefood.vn/ha-noi/vit-29-vit-quay-bac-kinh-bach-mai'], ['Sữa Chua Trân Châu Hạ Long - Quốc Lộ 32', 'Giảm món', 'https://shopeefood.vn/ha-noi/sua-chua-tran-chau-ha-long-quoc-lo-32'], ['Mỳ Ếch Chua Cay Trần Quỳnh - 30 Nguyễn Thái Học', 'Giảm món', 'https://shopeefood.vn/ha-noi/my-ech-chua-cay-tran-quynh-30-nguyen-thai-hoc']]
[2024-09-12T07:09:15.086+0000] {taskinstance.py:1149} INFO - Marking task as SUCCESS. dag_id=shopeefood_crawl_and_report, task_id=crawl_list_restaurant, execution_date=20240912T070904, start_date=20240912T070906, end_date=20240912T070915
[2024-09-12T07:09:15.134+0000] {local_task_job_runner.py:234} INFO - Task exited with return code 0
[2024-09-12T07:09:15.155+0000] {taskinstance.py:3312} INFO - 1 downstream tasks scheduled from follow-on schedule check
