[2024-09-12T10:35:09.092+0000] {taskinstance.py:1979} INFO - Dependencies all met for dep_context=non-requeueable deps ti=<TaskInstance: shopeefood_crawl_and_report.process_report manual__2024-09-12T10:30:54.922899+00:00 [queued]>
[2024-09-12T10:35:09.100+0000] {taskinstance.py:1979} INFO - Dependencies all met for dep_context=requeueable deps ti=<TaskInstance: shopeefood_crawl_and_report.process_report manual__2024-09-12T10:30:54.922899+00:00 [queued]>
[2024-09-12T10:35:09.101+0000] {taskinstance.py:2193} INFO - Starting attempt 1 of 2
[2024-09-12T10:35:09.113+0000] {taskinstance.py:2217} INFO - Executing <Task(PythonOperator): process_report> on 2024-09-12 10:30:54.922899+00:00
[2024-09-12T10:35:09.119+0000] {standard_task_runner.py:60} INFO - Started process 6553 to run task
[2024-09-12T10:35:09.121+0000] {standard_task_runner.py:87} INFO - Running: ['***', 'tasks', 'run', 'shopeefood_crawl_and_report', 'process_report', 'manual__2024-09-12T10:30:54.922899+00:00', '--job-id', '78', '--raw', '--subdir', 'DAGS_FOLDER/main_dag.py', '--cfg-path', '/tmp/tmp924hga9h']
[2024-09-12T10:35:09.124+0000] {standard_task_runner.py:88} INFO - Job 78: Subtask process_report
[2024-09-12T10:35:09.170+0000] {task_command.py:423} INFO - Running <TaskInstance: shopeefood_crawl_and_report.process_report manual__2024-09-12T10:30:54.922899+00:00 [running]> on host cde7247848aa
[2024-09-12T10:35:09.228+0000] {taskinstance.py:2513} INFO - Exporting env vars: AIRFLOW_CTX_DAG_OWNER='***' AIRFLOW_CTX_DAG_ID='shopeefood_crawl_and_report' AIRFLOW_CTX_TASK_ID='process_report' AIRFLOW_CTX_EXECUTION_DATE='2024-09-12T10:30:54.922899+00:00' AIRFLOW_CTX_TRY_NUMBER='1' AIRFLOW_CTX_DAG_RUN_ID='manual__2024-09-12T10:30:54.922899+00:00'
[2024-09-12T10:35:09.398+0000] {python.py:202} INFO - Done. Returned value was:          Khu vực  ...  Khoảng giá trung bình (Vnđ)
0        Ba Đình  ...              21,250 - 76,250
1    Bắc Từ Liêm  ...             30,250 - 218,750
2       Cầu Giấy  ...              31,059 - 95,588
3   Hai Bà Trưng  ...             31,125 - 138,312
4       Hoài Đức  ...              17,500 - 35,000
5      Hoàn Kiếm  ...              21,667 - 53,333
6      Hoàng Mai  ...             19,250 - 673,375
7        Hà Đông  ...              30,091 - 86,364
8      Long Biên  ...              26,667 - 43,333
9    Nam Từ Liêm  ...             23,167 - 273,167
10     Thanh Trì  ...             28,000 - 150,000
11    Thanh Xuân  ...              31,500 - 74,833
12        Tây Hồ  ...              30,000 - 60,000
13       Đống Đa  ...              20,192 - 92,846

[14 rows x 5 columns]
[2024-09-12T10:35:09.443+0000] {taskinstance.py:1149} INFO - Marking task as SUCCESS. dag_id=shopeefood_crawl_and_report, task_id=process_report, execution_date=20240912T103054, start_date=20240912T103509, end_date=20240912T103509
[2024-09-12T10:35:09.496+0000] {local_task_job_runner.py:234} INFO - Task exited with return code 0
[2024-09-12T10:35:09.519+0000] {taskinstance.py:3312} INFO - 1 downstream tasks scheduled from follow-on schedule check
