[2024-09-10T19:25:52.165+0000] {taskinstance.py:1979} INFO - Dependencies all met for dep_context=non-requeueable deps ti=<TaskInstance: shopeefood_crawl_and_report.process_report manual__2024-09-10T19:21:56.893912+00:00 [queued]>
[2024-09-10T19:25:52.175+0000] {taskinstance.py:1979} INFO - Dependencies all met for dep_context=requeueable deps ti=<TaskInstance: shopeefood_crawl_and_report.process_report manual__2024-09-10T19:21:56.893912+00:00 [queued]>
[2024-09-10T19:25:52.176+0000] {taskinstance.py:2193} INFO - Starting attempt 1 of 2
[2024-09-10T19:25:52.192+0000] {taskinstance.py:2217} INFO - Executing <Task(PythonOperator): process_report> on 2024-09-10 19:21:56.893912+00:00
[2024-09-10T19:25:52.198+0000] {standard_task_runner.py:60} INFO - Started process 4284 to run task
[2024-09-10T19:25:52.201+0000] {standard_task_runner.py:87} INFO - Running: ['***', 'tasks', 'run', 'shopeefood_crawl_and_report', 'process_report', 'manual__2024-09-10T19:21:56.893912+00:00', '--job-id', '49', '--raw', '--subdir', 'DAGS_FOLDER/main_dag.py', '--cfg-path', '/tmp/tmpchqsa45f']
[2024-09-10T19:25:52.204+0000] {standard_task_runner.py:88} INFO - Job 49: Subtask process_report
[2024-09-10T19:25:52.256+0000] {task_command.py:423} INFO - Running <TaskInstance: shopeefood_crawl_and_report.process_report manual__2024-09-10T19:21:56.893912+00:00 [running]> on host 32137a89b089
[2024-09-10T19:25:52.451+0000] {taskinstance.py:2513} INFO - Exporting env vars: AIRFLOW_CTX_DAG_OWNER='***' AIRFLOW_CTX_DAG_ID='shopeefood_crawl_and_report' AIRFLOW_CTX_TASK_ID='process_report' AIRFLOW_CTX_EXECUTION_DATE='2024-09-10T19:21:56.893912+00:00' AIRFLOW_CTX_TRY_NUMBER='1' AIRFLOW_CTX_DAG_RUN_ID='manual__2024-09-10T19:21:56.893912+00:00'
[2024-09-10T19:25:52.506+0000] {python.py:202} INFO - Done. Returned value was:            Khu vực  ...  Khoảng giá trung bình (Vnđ)
0.0        Ba Đình  ...              17,500 - 62,500
1.0    Bắc Từ Liêm  ...              25,600 - 60,000
2.0       Cầu Giấy  ...              24,500 - 74,000
NaN        Gia Lâm  ...                          NaN
3.0   Hai Bà Trưng  ...              21,800 - 37,000
4.0      Hoàn Kiếm  ...             50,000 - 350,000
5.0      Hoàng Mai  ...              15,500 - 45,500
6.0        Hà Đông  ...              15,000 - 59,750
7.0      Long Biên  ...              23,333 - 50,000
8.0    Nam Từ Liêm  ...              20,667 - 48,667
9.0      Thanh Trì  ...              25,000 - 70,000
10.0    Thanh Xuân  ...              25,000 - 53,000
11.0        Tây Hồ  ...              5,000 - 500,000
12.0       Đống Đa  ...             45,556 - 193,556

[14 rows x 5 columns]
[2024-09-10T19:25:52.551+0000] {taskinstance.py:1149} INFO - Marking task as SUCCESS. dag_id=shopeefood_crawl_and_report, task_id=process_report, execution_date=20240910T192156, start_date=20240910T192552, end_date=20240910T192552
[2024-09-10T19:25:52.577+0000] {local_task_job_runner.py:234} INFO - Task exited with return code 0
[2024-09-10T19:25:52.602+0000] {taskinstance.py:3312} INFO - 1 downstream tasks scheduled from follow-on schedule check
