[2024-09-12T12:16:49.481+0000] {taskinstance.py:1979} INFO - Dependencies all met for dep_context=non-requeueable deps ti=<TaskInstance: shopeefood_crawl_and_report.process_report manual__2024-09-12T12:09:46.494042+00:00 [queued]>
[2024-09-12T12:16:49.503+0000] {taskinstance.py:1979} INFO - Dependencies all met for dep_context=requeueable deps ti=<TaskInstance: shopeefood_crawl_and_report.process_report manual__2024-09-12T12:09:46.494042+00:00 [queued]>
[2024-09-12T12:16:49.504+0000] {taskinstance.py:2193} INFO - Starting attempt 1 of 2
[2024-09-12T12:16:49.521+0000] {taskinstance.py:2217} INFO - Executing <Task(PythonOperator): process_report> on 2024-09-12 12:09:46.494042+00:00
[2024-09-12T12:16:49.527+0000] {standard_task_runner.py:60} INFO - Started process 5811 to run task
[2024-09-12T12:16:49.531+0000] {standard_task_runner.py:87} INFO - Running: ['***', 'tasks', 'run', 'shopeefood_crawl_and_report', 'process_report', 'manual__2024-09-12T12:09:46.494042+00:00', '--job-id', '41', '--raw', '--subdir', 'DAGS_FOLDER/main_dag.py', '--cfg-path', '/tmp/tmphda5_8qp']
[2024-09-12T12:16:49.534+0000] {standard_task_runner.py:88} INFO - Job 41: Subtask process_report
[2024-09-12T12:16:49.596+0000] {task_command.py:423} INFO - Running <TaskInstance: shopeefood_crawl_and_report.process_report manual__2024-09-12T12:09:46.494042+00:00 [running]> on host bc7cb9c82b76
[2024-09-12T12:16:49.822+0000] {taskinstance.py:2513} INFO - Exporting env vars: AIRFLOW_CTX_DAG_OWNER='***' AIRFLOW_CTX_DAG_ID='shopeefood_crawl_and_report' AIRFLOW_CTX_TASK_ID='process_report' AIRFLOW_CTX_EXECUTION_DATE='2024-09-12T12:09:46.494042+00:00' AIRFLOW_CTX_TRY_NUMBER='1' AIRFLOW_CTX_DAG_RUN_ID='manual__2024-09-12T12:09:46.494042+00:00'
[2024-09-12T12:16:49.891+0000] {python.py:202} INFO - Done. Returned value was:          Khu vực  ...  Khoảng giá trung bình (Vnđ)
0        Ba Đình  ...             17,400 - 184,900
1    Bắc Từ Liêm  ...             24,125 - 133,750
2       Cầu Giấy  ...              28,333 - 81,083
3   Hai Bà Trưng  ...             30,850 - 119,100
4       Hoài Đức  ...              17,500 - 35,000
5      Hoàn Kiếm  ...              20,000 - 53,333
6      Hoàng Mai  ...             19,250 - 673,375
7        Hà Đông  ...              28,733 - 77,333
8      Long Biên  ...              23,750 - 42,500
9    Nam Từ Liêm  ...             24,250 - 236,750
10     Thanh Trì  ...             28,000 - 150,000
11    Thanh Xuân  ...              26,273 - 70,818
12        Tây Hồ  ...              30,000 - 60,000
13       Đống Đa  ...              20,944 - 68,722

[14 rows x 5 columns]
[2024-09-12T12:16:49.942+0000] {taskinstance.py:1149} INFO - Marking task as SUCCESS. dag_id=shopeefood_crawl_and_report, task_id=process_report, execution_date=20240912T120946, start_date=20240912T121649, end_date=20240912T121649
[2024-09-12T12:16:49.987+0000] {local_task_job_runner.py:234} INFO - Task exited with return code 0
[2024-09-12T12:16:50.016+0000] {taskinstance.py:3312} INFO - 1 downstream tasks scheduled from follow-on schedule check
