[2024-09-12T16:17:54.361+0000] {taskinstance.py:1979} INFO - Dependencies all met for dep_context=non-requeueable deps ti=<TaskInstance: shopeefood_crawl_and_report.process_report manual__2024-09-12T15:37:36.009791+00:00 [queued]>
[2024-09-12T16:17:54.371+0000] {taskinstance.py:1979} INFO - Dependencies all met for dep_context=requeueable deps ti=<TaskInstance: shopeefood_crawl_and_report.process_report manual__2024-09-12T15:37:36.009791+00:00 [queued]>
[2024-09-12T16:17:54.372+0000] {taskinstance.py:2193} INFO - Starting attempt 1 of 2
[2024-09-12T16:17:54.388+0000] {taskinstance.py:2217} INFO - Executing <Task(PythonOperator): process_report> on 2024-09-12 15:37:36.009791+00:00
[2024-09-12T16:17:54.396+0000] {standard_task_runner.py:60} INFO - Started process 21700 to run task
[2024-09-12T16:17:54.399+0000] {standard_task_runner.py:87} INFO - Running: ['***', 'tasks', 'run', 'shopeefood_crawl_and_report', 'process_report', 'manual__2024-09-12T15:37:36.009791+00:00', '--job-id', '143', '--raw', '--subdir', 'DAGS_FOLDER/main_dag.py', '--cfg-path', '/tmp/tmpvw4f56rv']
[2024-09-12T16:17:54.402+0000] {standard_task_runner.py:88} INFO - Job 143: Subtask process_report
[2024-09-12T16:17:54.450+0000] {task_command.py:423} INFO - Running <TaskInstance: shopeefood_crawl_and_report.process_report manual__2024-09-12T15:37:36.009791+00:00 [running]> on host bc7cb9c82b76
[2024-09-12T16:17:54.774+0000] {taskinstance.py:2513} INFO - Exporting env vars: AIRFLOW_CTX_DAG_OWNER='***' AIRFLOW_CTX_DAG_ID='shopeefood_crawl_and_report' AIRFLOW_CTX_TASK_ID='process_report' AIRFLOW_CTX_EXECUTION_DATE='2024-09-12T15:37:36.009791+00:00' AIRFLOW_CTX_TRY_NUMBER='1' AIRFLOW_CTX_DAG_RUN_ID='manual__2024-09-12T15:37:36.009791+00:00'
[2024-09-12T16:17:54.966+0000] {python.py:202} INFO - Done. Returned value was:            Khu vực  ...  Khoảng giá trung bình (Vnđ)
0.0        Ba Đình  ...              20,938 - 99,875
1.0    Bắc Từ Liêm  ...              22,533 - 80,167
2.0       Cầu Giấy  ...              27,443 - 78,414
NaN        Gia Lâm  ...                          NaN
3.0   Hai Bà Trưng  ...              29,460 - 98,540
4.0       Hoài Đức  ...              13,333 - 56,333
5.0      Hoàn Kiếm  ...             27,778 - 115,556
6.0      Hoàng Mai  ...             21,339 - 163,679
7.0        Hà Đông  ...              22,340 - 85,900
8.0      Long Biên  ...              22,211 - 46,842
9.0    Nam Từ Liêm  ...             26,077 - 137,269
10.0     Thanh Trì  ...             19,182 - 144,364
11.0    Thanh Xuân  ...              27,393 - 65,429
12.0        Tây Hồ  ...             17,000 - 133,000
NaN        Unknown  ...                          NaN
13.0       Đống Đa  ...             28,336 - 101,623

[16 rows x 5 columns]
[2024-09-12T16:17:55.024+0000] {taskinstance.py:1149} INFO - Marking task as SUCCESS. dag_id=shopeefood_crawl_and_report, task_id=process_report, execution_date=20240912T153736, start_date=20240912T161754, end_date=20240912T161755
[2024-09-12T16:17:55.056+0000] {local_task_job_runner.py:234} INFO - Task exited with return code 0
[2024-09-12T16:17:55.081+0000] {taskinstance.py:3312} INFO - 1 downstream tasks scheduled from follow-on schedule check
