[2024-09-12T06:31:11.045+0000] {taskinstance.py:1979} INFO - Dependencies all met for dep_context=non-requeueable deps ti=<TaskInstance: shopeefood_crawl_and_report.process_report manual__2024-09-12T06:25:23.229178+00:00 [queued]>
[2024-09-12T06:31:11.058+0000] {taskinstance.py:1979} INFO - Dependencies all met for dep_context=requeueable deps ti=<TaskInstance: shopeefood_crawl_and_report.process_report manual__2024-09-12T06:25:23.229178+00:00 [queued]>
[2024-09-12T06:31:11.059+0000] {taskinstance.py:2193} INFO - Starting attempt 1 of 2
[2024-09-12T06:31:11.075+0000] {taskinstance.py:2217} INFO - Executing <Task(PythonOperator): process_report> on 2024-09-12 06:25:23.229178+00:00
[2024-09-12T06:31:11.082+0000] {standard_task_runner.py:60} INFO - Started process 1772 to run task
[2024-09-12T06:31:11.086+0000] {standard_task_runner.py:87} INFO - Running: ['***', 'tasks', 'run', 'shopeefood_crawl_and_report', 'process_report', 'manual__2024-09-12T06:25:23.229178+00:00', '--job-id', '40', '--raw', '--subdir', 'DAGS_FOLDER/main_dag.py', '--cfg-path', '/tmp/tmpxrrel2lv']
[2024-09-12T06:31:11.088+0000] {standard_task_runner.py:88} INFO - Job 40: Subtask process_report
[2024-09-12T06:31:11.157+0000] {task_command.py:423} INFO - Running <TaskInstance: shopeefood_crawl_and_report.process_report manual__2024-09-12T06:25:23.229178+00:00 [running]> on host f432431e979d
[2024-09-12T06:31:11.243+0000] {taskinstance.py:2513} INFO - Exporting env vars: AIRFLOW_CTX_DAG_OWNER='***' AIRFLOW_CTX_DAG_ID='shopeefood_crawl_and_report' AIRFLOW_CTX_TASK_ID='process_report' AIRFLOW_CTX_EXECUTION_DATE='2024-09-12T06:25:23.229178+00:00' AIRFLOW_CTX_TRY_NUMBER='1' AIRFLOW_CTX_DAG_RUN_ID='manual__2024-09-12T06:25:23.229178+00:00'
[2024-09-12T06:31:11.468+0000] {python.py:202} INFO - Done. Returned value was:            Khu vực  ...  Khoảng giá trung bình (Vnđ)
0.0        Ba Đình  ...             18,222 - 114,889
1.0    Bắc Từ Liêm  ...             25,500 - 162,500
2.0       Cầu Giấy  ...              28,174 - 83,043
3.0        Gia Lâm  ...              12,000 - 30,000
4.0   Hai Bà Trưng  ...             31,944 - 138,833
5.0       Hoài Đức  ...              17,500 - 35,000
6.0      Hoàn Kiếm  ...              15,000 - 50,000
7.0      Hoàng Mai  ...             20,667 - 876,167
8.0        Hà Đông  ...              30,600 - 92,000
9.0      Long Biên  ...              25,000 - 40,000
10.0   Nam Từ Liêm  ...             22,125 - 169,375
NaN      Thanh Trì  ...                          NaN
11.0    Thanh Xuân  ...              27,375 - 72,375
12.0        Tây Hồ  ...              30,000 - 60,000
13.0       Đống Đa  ...              23,500 - 96,467

[15 rows x 5 columns]
[2024-09-12T06:31:11.522+0000] {taskinstance.py:1149} INFO - Marking task as SUCCESS. dag_id=shopeefood_crawl_and_report, task_id=process_report, execution_date=20240912T062523, start_date=20240912T063111, end_date=20240912T063111
[2024-09-12T06:31:11.581+0000] {local_task_job_runner.py:234} INFO - Task exited with return code 0
[2024-09-12T06:31:11.608+0000] {taskinstance.py:3312} INFO - 1 downstream tasks scheduled from follow-on schedule check
