[2024-11-12T07:20:45.253+0000] {taskinstance.py:1979} INFO - Dependencies all met for dep_context=non-requeueable deps ti=<TaskInstance: shopeefood_crawl_and_report.process_report manual__2024-11-12T06:14:01.887574+00:00 [queued]>
[2024-11-12T07:20:45.261+0000] {taskinstance.py:1979} INFO - Dependencies all met for dep_context=requeueable deps ti=<TaskInstance: shopeefood_crawl_and_report.process_report manual__2024-11-12T06:14:01.887574+00:00 [queued]>
[2024-11-12T07:20:45.262+0000] {taskinstance.py:2193} INFO - Starting attempt 1 of 2
[2024-11-12T07:20:45.275+0000] {taskinstance.py:2217} INFO - Executing <Task(PythonOperator): process_report> on 2024-11-12 06:14:01.887574+00:00
[2024-11-12T07:20:45.281+0000] {standard_task_runner.py:60} INFO - Started process 1998 to run task
[2024-11-12T07:20:45.284+0000] {standard_task_runner.py:87} INFO - Running: ['***', 'tasks', 'run', 'shopeefood_crawl_and_report', 'process_report', 'manual__2024-11-12T06:14:01.887574+00:00', '--job-id', '4', '--raw', '--subdir', 'DAGS_FOLDER/main_dag.py', '--cfg-path', '/tmp/tmp_kdeacar']
[2024-11-12T07:20:45.287+0000] {standard_task_runner.py:88} INFO - Job 4: Subtask process_report
[2024-11-12T07:20:45.333+0000] {task_command.py:423} INFO - Running <TaskInstance: shopeefood_crawl_and_report.process_report manual__2024-11-12T06:14:01.887574+00:00 [running]> on host e6f22caecd6e
[2024-11-12T07:20:45.399+0000] {taskinstance.py:2513} INFO - Exporting env vars: AIRFLOW_CTX_DAG_OWNER='***' AIRFLOW_CTX_DAG_ID='shopeefood_crawl_and_report' AIRFLOW_CTX_TASK_ID='process_report' AIRFLOW_CTX_EXECUTION_DATE='2024-11-12T06:14:01.887574+00:00' AIRFLOW_CTX_TRY_NUMBER='1' AIRFLOW_CTX_DAG_RUN_ID='manual__2024-11-12T06:14:01.887574+00:00'
[2024-11-12T07:20:45.701+0000] {python.py:202} INFO - Done. Returned value was:            Khu vực  ...  Khoảng giá trung bình (Vnđ)
0.0        Ba Đình  ...             24,156 - 117,875
1.0    Bắc Từ Liêm  ...              22,500 - 78,958
2.0       Cầu Giấy  ...              31,500 - 88,324
3.0        Gia Lâm  ...             50,000 - 320,000
4.0   Hai Bà Trưng  ...             29,469 - 106,122
5.0       Hoài Đức  ...              13,333 - 56,333
6.0      Hoàn Kiếm  ...             34,545 - 140,455
7.0      Hoàng Mai  ...             23,375 - 104,446
8.0        Hà Đông  ...              19,929 - 77,190
9.0      Long Biên  ...              21,462 - 45,385
10.0   Nam Từ Liêm  ...             25,213 - 140,149
11.0     Thanh Trì  ...             19,250 - 124,000
12.0    Thanh Xuân  ...              25,096 - 71,712
13.0        Tây Hồ  ...             18,333 - 106,500
NaN        Unknown  ...                          NaN
14.0       Đống Đa  ...              28,669 - 98,878

[16 rows x 5 columns]
[2024-11-12T07:20:45.790+0000] {taskinstance.py:1149} INFO - Marking task as SUCCESS. dag_id=shopeefood_crawl_and_report, task_id=process_report, execution_date=20241112T061401, start_date=20241112T072045, end_date=20241112T072045
[2024-11-12T07:20:45.820+0000] {local_task_job_runner.py:234} INFO - Task exited with return code 0
[2024-11-12T07:20:45.839+0000] {taskinstance.py:3312} INFO - 1 downstream tasks scheduled from follow-on schedule check
