[2024-09-12T07:21:06.071+0000] {taskinstance.py:1979} INFO - Dependencies all met for dep_context=non-requeueable deps ti=<TaskInstance: shopeefood_crawl_and_report.crawl_list_restaurant manual__2024-09-12T07:21:05.065775+00:00 [queued]>
[2024-09-12T07:21:06.081+0000] {taskinstance.py:1979} INFO - Dependencies all met for dep_context=requeueable deps ti=<TaskInstance: shopeefood_crawl_and_report.crawl_list_restaurant manual__2024-09-12T07:21:05.065775+00:00 [queued]>
[2024-09-12T07:21:06.082+0000] {taskinstance.py:2193} INFO - Starting attempt 1 of 2
[2024-09-12T07:21:06.096+0000] {taskinstance.py:2217} INFO - Executing <Task(PythonOperator): crawl_list_restaurant> on 2024-09-12 07:21:05.065775+00:00
[2024-09-12T07:21:06.100+0000] {standard_task_runner.py:60} INFO - Started process 4799 to run task
[2024-09-12T07:21:06.103+0000] {standard_task_runner.py:87} INFO - Running: ['***', 'tasks', 'run', 'shopeefood_crawl_and_report', 'crawl_list_restaurant', 'manual__2024-09-12T07:21:05.065775+00:00', '--job-id', '75', '--raw', '--subdir', 'DAGS_FOLDER/main_dag.py', '--cfg-path', '/tmp/tmpkpvm2a0i']
[2024-09-12T07:21:06.105+0000] {standard_task_runner.py:88} INFO - Job 75: Subtask crawl_list_restaurant
[2024-09-12T07:21:06.154+0000] {task_command.py:423} INFO - Running <TaskInstance: shopeefood_crawl_and_report.crawl_list_restaurant manual__2024-09-12T07:21:05.065775+00:00 [running]> on host f432431e979d
[2024-09-12T07:21:06.224+0000] {taskinstance.py:2513} INFO - Exporting env vars: AIRFLOW_CTX_DAG_OWNER='***' AIRFLOW_CTX_DAG_ID='shopeefood_crawl_and_report' AIRFLOW_CTX_TASK_ID='crawl_list_restaurant' AIRFLOW_CTX_EXECUTION_DATE='2024-09-12T07:21:05.065775+00:00' AIRFLOW_CTX_TRY_NUMBER='1' AIRFLOW_CTX_DAG_RUN_ID='manual__2024-09-12T07:21:05.065775+00:00'
[2024-09-12T07:21:20.042+0000] {logging_mixin.py:188} INFO - Lỗi khi chờ đợi sản phẩm: Message:
[2024-09-12T07:21:20.075+0000] {logging_mixin.py:188} INFO - Lỗi khi chuyển trang hoặc crawl trang: Message: no such element: Unable to locate element: {"method":"css selector","selector":"a[href="#"] .icon-paging-next"}
  (Session info: headless chrome=117.0.5938.132); For documentation on this error, please visit: https://www.selenium.dev/documentation/webdriver/troubleshooting/errors#no-such-element-exception
Stacktrace:
#0 0x56249aa4b6b3 <unknown>
#1 0x56249a7211e7 <unknown>
#2 0x56249a768566 <unknown>
#3 0x56249a768651 <unknown>
#4 0x56249a7a5a74 <unknown>
#5 0x56249a78a0ed <unknown>
#6 0x56249a7a3322 <unknown>
#7 0x56249a789e93 <unknown>
#8 0x56249a75c934 <unknown>
#9 0x56249a75d71e <unknown>
#10 0x56249aa10cb8 <unknown>
#11 0x56249aa14bf0 <unknown>
#12 0x56249aa1f19c <unknown>
#13 0x56249aa15808 <unknown>
#14 0x56249a9e227f <unknown>
#15 0x56249aa39e88 <unknown>
#16 0x56249aa3a059 <unknown>
#17 0x56249aa4a843 <unknown>
#18 0x7f95d7746609 start_thread
[2024-09-12T07:21:20.166+0000] {python.py:202} INFO - Done. Returned value was: []
[2024-09-12T07:21:20.308+0000] {taskinstance.py:1149} INFO - Marking task as SUCCESS. dag_id=shopeefood_crawl_and_report, task_id=crawl_list_restaurant, execution_date=20240912T072105, start_date=20240912T072106, end_date=20240912T072120
[2024-09-12T07:21:20.349+0000] {local_task_job_runner.py:234} INFO - Task exited with return code 0
[2024-09-12T07:21:20.372+0000] {taskinstance.py:3312} INFO - 1 downstream tasks scheduled from follow-on schedule check
