[2024-09-12T15:04:12.266+0000] {taskinstance.py:1979} INFO - Dependencies all met for dep_context=non-requeueable deps ti=<TaskInstance: shopeefood_crawl_and_report.process_report manual__2024-09-12T14:59:31.812747+00:00 [queued]>
[2024-09-12T15:04:12.290+0000] {taskinstance.py:1979} INFO - Dependencies all met for dep_context=requeueable deps ti=<TaskInstance: shopeefood_crawl_and_report.process_report manual__2024-09-12T14:59:31.812747+00:00 [queued]>
[2024-09-12T15:04:12.292+0000] {taskinstance.py:2193} INFO - Starting attempt 1 of 2
[2024-09-12T15:04:12.318+0000] {taskinstance.py:2217} INFO - Executing <Task(PythonOperator): process_report> on 2024-09-12 14:59:31.812747+00:00
[2024-09-12T15:04:12.328+0000] {standard_task_runner.py:60} INFO - Started process 17390 to run task
[2024-09-12T15:04:12.333+0000] {standard_task_runner.py:87} INFO - Running: ['***', 'tasks', 'run', 'shopeefood_crawl_and_report', 'process_report', 'manual__2024-09-12T14:59:31.812747+00:00', '--job-id', '114', '--raw', '--subdir', 'DAGS_FOLDER/main_dag.py', '--cfg-path', '/tmp/tmpl1yw1nv0']
[2024-09-12T15:04:12.337+0000] {standard_task_runner.py:88} INFO - Job 114: Subtask process_report
[2024-09-12T15:04:12.416+0000] {task_command.py:423} INFO - Running <TaskInstance: shopeefood_crawl_and_report.process_report manual__2024-09-12T14:59:31.812747+00:00 [running]> on host bc7cb9c82b76
[2024-09-12T15:04:12.729+0000] {taskinstance.py:2513} INFO - Exporting env vars: AIRFLOW_CTX_DAG_OWNER='***' AIRFLOW_CTX_DAG_ID='shopeefood_crawl_and_report' AIRFLOW_CTX_TASK_ID='process_report' AIRFLOW_CTX_EXECUTION_DATE='2024-09-12T14:59:31.812747+00:00' AIRFLOW_CTX_TRY_NUMBER='1' AIRFLOW_CTX_DAG_RUN_ID='manual__2024-09-12T14:59:31.812747+00:00'
[2024-09-12T15:04:12.812+0000] {python.py:202} INFO - Done. Returned value was:            Khu vực  ...  Khoảng giá trung bình (Vnđ)
0.0        Ba Đình  ...             18,333 - 101,667
1.0    Bắc Từ Liêm  ...              23,600 - 97,000
2.0       Cầu Giấy  ...              27,538 - 93,462
3.0   Hai Bà Trưng  ...             16,500 - 134,000
4.0       Hoài Đức  ...              17,500 - 35,000
5.0      Hoàn Kiếm  ...              20,000 - 55,000
6.0      Hoàng Mai  ...              16,800 - 47,400
7.0        Hà Đông  ...              30,091 - 67,727
8.0      Long Biên  ...              26,667 - 43,333
9.0    Nam Từ Liêm  ...             21,167 - 129,167
10.0     Thanh Trì  ...             28,000 - 150,000
11.0    Thanh Xuân  ...              21,111 - 62,222
NaN         Tây Hồ  ...                          NaN
12.0       Đống Đa  ...              25,200 - 76,700

[14 rows x 5 columns]
[2024-09-12T15:04:12.896+0000] {taskinstance.py:1149} INFO - Marking task as SUCCESS. dag_id=shopeefood_crawl_and_report, task_id=process_report, execution_date=20240912T145931, start_date=20240912T150412, end_date=20240912T150412
[2024-09-12T15:04:12.949+0000] {local_task_job_runner.py:234} INFO - Task exited with return code 0
[2024-09-12T15:04:12.992+0000] {taskinstance.py:3312} INFO - 1 downstream tasks scheduled from follow-on schedule check
