[2024-09-12T14:07:15.505+0000] {taskinstance.py:1979} INFO - Dependencies all met for dep_context=non-requeueable deps ti=<TaskInstance: shopeefood_crawl_and_report.crawl_list_restaurant manual__2024-09-12T14:00:25.838196+00:00 [queued]>
[2024-09-12T14:07:15.512+0000] {taskinstance.py:1979} INFO - Dependencies all met for dep_context=requeueable deps ti=<TaskInstance: shopeefood_crawl_and_report.crawl_list_restaurant manual__2024-09-12T14:00:25.838196+00:00 [queued]>
[2024-09-12T14:07:15.513+0000] {taskinstance.py:2193} INFO - Starting attempt 2 of 3
[2024-09-12T14:07:15.526+0000] {taskinstance.py:2217} INFO - Executing <Task(PythonOperator): crawl_list_restaurant> on 2024-09-12 14:00:25.838196+00:00
[2024-09-12T14:07:15.531+0000] {standard_task_runner.py:60} INFO - Started process 13670 to run task
[2024-09-12T14:07:15.534+0000] {standard_task_runner.py:87} INFO - Running: ['***', 'tasks', 'run', 'shopeefood_crawl_and_report', 'crawl_list_restaurant', 'manual__2024-09-12T14:00:25.838196+00:00', '--job-id', '93', '--raw', '--subdir', 'DAGS_FOLDER/main_dag.py', '--cfg-path', '/tmp/tmptdorx0_1']
[2024-09-12T14:07:15.536+0000] {standard_task_runner.py:88} INFO - Job 93: Subtask crawl_list_restaurant
[2024-09-12T14:07:15.580+0000] {task_command.py:423} INFO - Running <TaskInstance: shopeefood_crawl_and_report.crawl_list_restaurant manual__2024-09-12T14:00:25.838196+00:00 [running]> on host bc7cb9c82b76
[2024-09-12T14:07:15.767+0000] {taskinstance.py:2513} INFO - Exporting env vars: AIRFLOW_CTX_DAG_OWNER='***' AIRFLOW_CTX_DAG_ID='shopeefood_crawl_and_report' AIRFLOW_CTX_TASK_ID='crawl_list_restaurant' AIRFLOW_CTX_EXECUTION_DATE='2024-09-12T14:00:25.838196+00:00' AIRFLOW_CTX_TRY_NUMBER='2' AIRFLOW_CTX_DAG_RUN_ID='manual__2024-09-12T14:00:25.838196+00:00'
[2024-09-12T14:07:36.107+0000] {logging_mixin.py:188} INFO - Lỗi khi lấy thông tin cửa hàng: Message: no such element: Unable to locate element: {"method":"css selector","selector":".content-promotion"}
  (Session info: headless chrome=117.0.5938.132); For documentation on this error, please visit: https://www.selenium.dev/documentation/webdriver/troubleshooting/errors#no-such-element-exception
Stacktrace:
#0 0x556e4b75d6b3 <unknown>
#1 0x556e4b4331e7 <unknown>
#2 0x556e4b47a566 <unknown>
#3 0x556e4b47a651 <unknown>
#4 0x556e4b470046 <unknown>
#5 0x556e4b49c0ed <unknown>
#6 0x556e4b46ff16 <unknown>
#7 0x556e4b49c28e <unknown>
#8 0x556e4b4b5322 <unknown>
#9 0x556e4b49be93 <unknown>
#10 0x556e4b46e934 <unknown>
#11 0x556e4b46f71e <unknown>
#12 0x556e4b722cb8 <unknown>
#13 0x556e4b726bf0 <unknown>
#14 0x556e4b73119c <unknown>
#15 0x556e4b727808 <unknown>
#16 0x556e4b6f427f <unknown>
#17 0x556e4b74be88 <unknown>
#18 0x556e4b74c059 <unknown>
#19 0x556e4b75c843 <unknown>
#20 0x7f5bbd5f4609 start_thread
[2024-09-12T14:07:36.363+0000] {logging_mixin.py:188} INFO - Lỗi khi lấy thông tin cửa hàng: Message: no such element: Unable to locate element: {"method":"css selector","selector":".content-promotion"}
  (Session info: headless chrome=117.0.5938.132); For documentation on this error, please visit: https://www.selenium.dev/documentation/webdriver/troubleshooting/errors#no-such-element-exception
Stacktrace:
#0 0x556e4b75d6b3 <unknown>
#1 0x556e4b4331e7 <unknown>
#2 0x556e4b47a566 <unknown>
#3 0x556e4b47a651 <unknown>
#4 0x556e4b470046 <unknown>
#5 0x556e4b49c0ed <unknown>
#6 0x556e4b46ff16 <unknown>
#7 0x556e4b49c28e <unknown>
#8 0x556e4b4b5322 <unknown>
#9 0x556e4b49be93 <unknown>
#10 0x556e4b46e934 <unknown>
#11 0x556e4b46f71e <unknown>
#12 0x556e4b722cb8 <unknown>
#13 0x556e4b726bf0 <unknown>
#14 0x556e4b73119c <unknown>
#15 0x556e4b727808 <unknown>
#16 0x556e4b6f427f <unknown>
#17 0x556e4b74be88 <unknown>
#18 0x556e4b74c059 <unknown>
#19 0x556e4b75c843 <unknown>
#20 0x7f5bbd5f4609 start_thread
[2024-09-12T14:07:39.526+0000] {logging_mixin.py:188} INFO - Lỗi khi lấy thông tin cửa hàng: Message: no such element: Unable to locate element: {"method":"css selector","selector":".content-promotion"}
  (Session info: headless chrome=117.0.5938.132); For documentation on this error, please visit: https://www.selenium.dev/documentation/webdriver/troubleshooting/errors#no-such-element-exception
Stacktrace:
#0 0x556e4b75d6b3 <unknown>
#1 0x556e4b4331e7 <unknown>
#2 0x556e4b47a566 <unknown>
#3 0x556e4b47a651 <unknown>
#4 0x556e4b470046 <unknown>
#5 0x556e4b49c0ed <unknown>
#6 0x556e4b46ff16 <unknown>
#7 0x556e4b49c28e <unknown>
#8 0x556e4b4b5322 <unknown>
#9 0x556e4b49be93 <unknown>
#10 0x556e4b46e934 <unknown>
#11 0x556e4b46f71e <unknown>
#12 0x556e4b722cb8 <unknown>
#13 0x556e4b726bf0 <unknown>
#14 0x556e4b73119c <unknown>
#15 0x556e4b727808 <unknown>
#16 0x556e4b6f427f <unknown>
#17 0x556e4b74be88 <unknown>
#18 0x556e4b74c059 <unknown>
#19 0x556e4b75c843 <unknown>
#20 0x7f5bbd5f4609 start_thread
[2024-09-12T14:07:39.674+0000] {logging_mixin.py:188} INFO - Lỗi khi lấy thông tin cửa hàng: Message: no such element: Unable to locate element: {"method":"css selector","selector":".content-promotion"}
  (Session info: headless chrome=117.0.5938.132); For documentation on this error, please visit: https://www.selenium.dev/documentation/webdriver/troubleshooting/errors#no-such-element-exception
Stacktrace:
#0 0x556e4b75d6b3 <unknown>
#1 0x556e4b4331e7 <unknown>
#2 0x556e4b47a566 <unknown>
#3 0x556e4b47a651 <unknown>
#4 0x556e4b470046 <unknown>
#5 0x556e4b49c0ed <unknown>
#6 0x556e4b46ff16 <unknown>
#7 0x556e4b49c28e <unknown>
#8 0x556e4b4b5322 <unknown>
#9 0x556e4b49be93 <unknown>
#10 0x556e4b46e934 <unknown>
#11 0x556e4b46f71e <unknown>
#12 0x556e4b722cb8 <unknown>
#13 0x556e4b726bf0 <unknown>
#14 0x556e4b73119c <unknown>
#15 0x556e4b727808 <unknown>
#16 0x556e4b6f427f <unknown>
#17 0x556e4b74be88 <unknown>
#18 0x556e4b74c059 <unknown>
#19 0x556e4b75c843 <unknown>
#20 0x7f5bbd5f4609 start_thread
[2024-09-12T14:07:39.969+0000] {logging_mixin.py:188} INFO - Lỗi khi lấy thông tin cửa hàng: Message: no such element: Unable to locate element: {"method":"css selector","selector":".content-promotion"}
  (Session info: headless chrome=117.0.5938.132); For documentation on this error, please visit: https://www.selenium.dev/documentation/webdriver/troubleshooting/errors#no-such-element-exception
Stacktrace:
#0 0x556e4b75d6b3 <unknown>
#1 0x556e4b4331e7 <unknown>
#2 0x556e4b47a566 <unknown>
#3 0x556e4b47a651 <unknown>
#4 0x556e4b470046 <unknown>
#5 0x556e4b49c0ed <unknown>
#6 0x556e4b46ff16 <unknown>
#7 0x556e4b49c28e <unknown>
#8 0x556e4b4b5322 <unknown>
#9 0x556e4b49be93 <unknown>
#10 0x556e4b46e934 <unknown>
#11 0x556e4b46f71e <unknown>
#12 0x556e4b722cb8 <unknown>
#13 0x556e4b726bf0 <unknown>
#14 0x556e4b73119c <unknown>
#15 0x556e4b727808 <unknown>
#16 0x556e4b6f427f <unknown>
#17 0x556e4b74be88 <unknown>
#18 0x556e4b74c059 <unknown>
#19 0x556e4b75c843 <unknown>
#20 0x7f5bbd5f4609 start_thread
[2024-09-12T14:07:40.028+0000] {logging_mixin.py:188} INFO - Lỗi khi lấy thông tin cửa hàng: Message: no such element: Unable to locate element: {"method":"css selector","selector":".content-promotion"}
  (Session info: headless chrome=117.0.5938.132); For documentation on this error, please visit: https://www.selenium.dev/documentation/webdriver/troubleshooting/errors#no-such-element-exception
Stacktrace:
#0 0x556e4b75d6b3 <unknown>
#1 0x556e4b4331e7 <unknown>
#2 0x556e4b47a566 <unknown>
#3 0x556e4b47a651 <unknown>
#4 0x556e4b470046 <unknown>
#5 0x556e4b49c0ed <unknown>
#6 0x556e4b46ff16 <unknown>
#7 0x556e4b49c28e <unknown>
#8 0x556e4b4b5322 <unknown>
#9 0x556e4b49be93 <unknown>
#10 0x556e4b46e934 <unknown>
#11 0x556e4b46f71e <unknown>
#12 0x556e4b722cb8 <unknown>
#13 0x556e4b726bf0 <unknown>
#14 0x556e4b73119c <unknown>
#15 0x556e4b727808 <unknown>
#16 0x556e4b6f427f <unknown>
#17 0x556e4b74be88 <unknown>
#18 0x556e4b74c059 <unknown>
#19 0x556e4b75c843 <unknown>
#20 0x7f5bbd5f4609 start_thread
[2024-09-12T14:07:40.381+0000] {logging_mixin.py:188} INFO - Lỗi khi lấy thông tin cửa hàng: Message: no such element: Unable to locate element: {"method":"css selector","selector":".content-promotion"}
  (Session info: headless chrome=117.0.5938.132); For documentation on this error, please visit: https://www.selenium.dev/documentation/webdriver/troubleshooting/errors#no-such-element-exception
Stacktrace:
#0 0x556e4b75d6b3 <unknown>
#1 0x556e4b4331e7 <unknown>
#2 0x556e4b47a566 <unknown>
#3 0x556e4b47a651 <unknown>
#4 0x556e4b470046 <unknown>
#5 0x556e4b49c0ed <unknown>
#6 0x556e4b46ff16 <unknown>
#7 0x556e4b49c28e <unknown>
#8 0x556e4b4b5322 <unknown>
#9 0x556e4b49be93 <unknown>
#10 0x556e4b46e934 <unknown>
#11 0x556e4b46f71e <unknown>
#12 0x556e4b722cb8 <unknown>
#13 0x556e4b726bf0 <unknown>
#14 0x556e4b73119c <unknown>
#15 0x556e4b727808 <unknown>
#16 0x556e4b6f427f <unknown>
#17 0x556e4b74be88 <unknown>
#18 0x556e4b74c059 <unknown>
#19 0x556e4b75c843 <unknown>
#20 0x7f5bbd5f4609 start_thread
[2024-09-12T14:07:41.134+0000] {logging_mixin.py:188} INFO - Lỗi khi lấy thông tin cửa hàng: Message: no such element: Unable to locate element: {"method":"css selector","selector":".content-promotion"}
  (Session info: headless chrome=117.0.5938.132); For documentation on this error, please visit: https://www.selenium.dev/documentation/webdriver/troubleshooting/errors#no-such-element-exception
Stacktrace:
#0 0x556e4b75d6b3 <unknown>
#1 0x556e4b4331e7 <unknown>
#2 0x556e4b47a566 <unknown>
#3 0x556e4b47a651 <unknown>
#4 0x556e4b470046 <unknown>
#5 0x556e4b49c0ed <unknown>
#6 0x556e4b46ff16 <unknown>
#7 0x556e4b49c28e <unknown>
#8 0x556e4b4b5322 <unknown>
#9 0x556e4b49be93 <unknown>
#10 0x556e4b46e934 <unknown>
#11 0x556e4b46f71e <unknown>
#12 0x556e4b722cb8 <unknown>
#13 0x556e4b726bf0 <unknown>
#14 0x556e4b73119c <unknown>
#15 0x556e4b727808 <unknown>
#16 0x556e4b6f427f <unknown>
#17 0x556e4b74be88 <unknown>
#18 0x556e4b74c059 <unknown>
#19 0x556e4b75c843 <unknown>
#20 0x7f5bbd5f4609 start_thread
[2024-09-12T14:07:41.201+0000] {logging_mixin.py:188} INFO - Lỗi khi lấy thông tin cửa hàng: Message: no such element: Unable to locate element: {"method":"css selector","selector":".content-promotion"}
  (Session info: headless chrome=117.0.5938.132); For documentation on this error, please visit: https://www.selenium.dev/documentation/webdriver/troubleshooting/errors#no-such-element-exception
Stacktrace:
#0 0x556e4b75d6b3 <unknown>
#1 0x556e4b4331e7 <unknown>
#2 0x556e4b47a566 <unknown>
#3 0x556e4b47a651 <unknown>
#4 0x556e4b470046 <unknown>
#5 0x556e4b49c0ed <unknown>
#6 0x556e4b46ff16 <unknown>
#7 0x556e4b49c28e <unknown>
#8 0x556e4b4b5322 <unknown>
#9 0x556e4b49be93 <unknown>
#10 0x556e4b46e934 <unknown>
#11 0x556e4b46f71e <unknown>
#12 0x556e4b722cb8 <unknown>
#13 0x556e4b726bf0 <unknown>
#14 0x556e4b73119c <unknown>
#15 0x556e4b727808 <unknown>
#16 0x556e4b6f427f <unknown>
#17 0x556e4b74be88 <unknown>
#18 0x556e4b74c059 <unknown>
#19 0x556e4b75c843 <unknown>
#20 0x7f5bbd5f4609 start_thread
[2024-09-12T14:07:41.271+0000] {logging_mixin.py:188} INFO - Lỗi khi lấy thông tin cửa hàng: Message: no such element: Unable to locate element: {"method":"css selector","selector":".content-promotion"}
  (Session info: headless chrome=117.0.5938.132); For documentation on this error, please visit: https://www.selenium.dev/documentation/webdriver/troubleshooting/errors#no-such-element-exception
Stacktrace:
#0 0x556e4b75d6b3 <unknown>
#1 0x556e4b4331e7 <unknown>
#2 0x556e4b47a566 <unknown>
#3 0x556e4b47a651 <unknown>
#4 0x556e4b470046 <unknown>
#5 0x556e4b49c0ed <unknown>
#6 0x556e4b46ff16 <unknown>
#7 0x556e4b49c28e <unknown>
#8 0x556e4b4b5322 <unknown>
#9 0x556e4b49be93 <unknown>
#10 0x556e4b46e934 <unknown>
#11 0x556e4b46f71e <unknown>
#12 0x556e4b722cb8 <unknown>
#13 0x556e4b726bf0 <unknown>
#14 0x556e4b73119c <unknown>
#15 0x556e4b727808 <unknown>
#16 0x556e4b6f427f <unknown>
#17 0x556e4b74be88 <unknown>
#18 0x556e4b74c059 <unknown>
#19 0x556e4b75c843 <unknown>
#20 0x7f5bbd5f4609 start_thread
[2024-09-12T14:07:41.416+0000] {logging_mixin.py:188} INFO - Lỗi khi lấy thông tin cửa hàng: Message: no such element: Unable to locate element: {"method":"css selector","selector":".content-promotion"}
  (Session info: headless chrome=117.0.5938.132); For documentation on this error, please visit: https://www.selenium.dev/documentation/webdriver/troubleshooting/errors#no-such-element-exception
Stacktrace:
#0 0x556e4b75d6b3 <unknown>
#1 0x556e4b4331e7 <unknown>
#2 0x556e4b47a566 <unknown>
#3 0x556e4b47a651 <unknown>
#4 0x556e4b470046 <unknown>
#5 0x556e4b49c0ed <unknown>
#6 0x556e4b46ff16 <unknown>
#7 0x556e4b49c28e <unknown>
#8 0x556e4b4b5322 <unknown>
#9 0x556e4b49be93 <unknown>
#10 0x556e4b46e934 <unknown>
#11 0x556e4b46f71e <unknown>
#12 0x556e4b722cb8 <unknown>
#13 0x556e4b726bf0 <unknown>
#14 0x556e4b73119c <unknown>
#15 0x556e4b727808 <unknown>
#16 0x556e4b6f427f <unknown>
#17 0x556e4b74be88 <unknown>
#18 0x556e4b74c059 <unknown>
#19 0x556e4b75c843 <unknown>
#20 0x7f5bbd5f4609 start_thread
[2024-09-12T14:07:45.896+0000] {logging_mixin.py:188} INFO - Lỗi khi lấy thông tin cửa hàng: Message: no such element: Unable to locate element: {"method":"css selector","selector":".content-promotion"}
  (Session info: headless chrome=117.0.5938.132); For documentation on this error, please visit: https://www.selenium.dev/documentation/webdriver/troubleshooting/errors#no-such-element-exception
Stacktrace:
#0 0x556e4b75d6b3 <unknown>
#1 0x556e4b4331e7 <unknown>
#2 0x556e4b47a566 <unknown>
#3 0x556e4b47a651 <unknown>
#4 0x556e4b470046 <unknown>
#5 0x556e4b49c0ed <unknown>
#6 0x556e4b46ff16 <unknown>
#7 0x556e4b49c28e <unknown>
#8 0x556e4b4b5322 <unknown>
#9 0x556e4b49be93 <unknown>
#10 0x556e4b46e934 <unknown>
#11 0x556e4b46f71e <unknown>
#12 0x556e4b722cb8 <unknown>
#13 0x556e4b726bf0 <unknown>
#14 0x556e4b73119c <unknown>
#15 0x556e4b727808 <unknown>
#16 0x556e4b6f427f <unknown>
#17 0x556e4b74be88 <unknown>
#18 0x556e4b74c059 <unknown>
#19 0x556e4b75c843 <unknown>
#20 0x7f5bbd5f4609 start_thread
[2024-09-12T14:07:45.993+0000] {logging_mixin.py:188} INFO - Lỗi khi lấy thông tin cửa hàng: Message: no such element: Unable to locate element: {"method":"css selector","selector":".content-promotion"}
  (Session info: headless chrome=117.0.5938.132); For documentation on this error, please visit: https://www.selenium.dev/documentation/webdriver/troubleshooting/errors#no-such-element-exception
Stacktrace:
#0 0x556e4b75d6b3 <unknown>
#1 0x556e4b4331e7 <unknown>
#2 0x556e4b47a566 <unknown>
#3 0x556e4b47a651 <unknown>
#4 0x556e4b470046 <unknown>
#5 0x556e4b49c0ed <unknown>
#6 0x556e4b46ff16 <unknown>
#7 0x556e4b49c28e <unknown>
#8 0x556e4b4b5322 <unknown>
#9 0x556e4b49be93 <unknown>
#10 0x556e4b46e934 <unknown>
#11 0x556e4b46f71e <unknown>
#12 0x556e4b722cb8 <unknown>
#13 0x556e4b726bf0 <unknown>
#14 0x556e4b73119c <unknown>
#15 0x556e4b727808 <unknown>
#16 0x556e4b6f427f <unknown>
#17 0x556e4b74be88 <unknown>
#18 0x556e4b74c059 <unknown>
#19 0x556e4b75c843 <unknown>
#20 0x7f5bbd5f4609 start_thread
[2024-09-12T14:07:46.524+0000] {logging_mixin.py:188} INFO - Lỗi khi lấy thông tin cửa hàng: Message: no such element: Unable to locate element: {"method":"css selector","selector":".content-promotion"}
  (Session info: headless chrome=117.0.5938.132); For documentation on this error, please visit: https://www.selenium.dev/documentation/webdriver/troubleshooting/errors#no-such-element-exception
Stacktrace:
#0 0x556e4b75d6b3 <unknown>
#1 0x556e4b4331e7 <unknown>
#2 0x556e4b47a566 <unknown>
#3 0x556e4b47a651 <unknown>
#4 0x556e4b470046 <unknown>
#5 0x556e4b49c0ed <unknown>
#6 0x556e4b46ff16 <unknown>
#7 0x556e4b49c28e <unknown>
#8 0x556e4b4b5322 <unknown>
#9 0x556e4b49be93 <unknown>
#10 0x556e4b46e934 <unknown>
#11 0x556e4b46f71e <unknown>
#12 0x556e4b722cb8 <unknown>
#13 0x556e4b726bf0 <unknown>
#14 0x556e4b73119c <unknown>
#15 0x556e4b727808 <unknown>
#16 0x556e4b6f427f <unknown>
#17 0x556e4b74be88 <unknown>
#18 0x556e4b74c059 <unknown>
#19 0x556e4b75c843 <unknown>
#20 0x7f5bbd5f4609 start_thread
[2024-09-12T14:07:46.605+0000] {logging_mixin.py:188} INFO - Lỗi khi lấy thông tin cửa hàng: Message: no such element: Unable to locate element: {"method":"css selector","selector":".content-promotion"}
  (Session info: headless chrome=117.0.5938.132); For documentation on this error, please visit: https://www.selenium.dev/documentation/webdriver/troubleshooting/errors#no-such-element-exception
Stacktrace:
#0 0x556e4b75d6b3 <unknown>
#1 0x556e4b4331e7 <unknown>
#2 0x556e4b47a566 <unknown>
#3 0x556e4b47a651 <unknown>
#4 0x556e4b470046 <unknown>
#5 0x556e4b49c0ed <unknown>
#6 0x556e4b46ff16 <unknown>
#7 0x556e4b49c28e <unknown>
#8 0x556e4b4b5322 <unknown>
#9 0x556e4b49be93 <unknown>
#10 0x556e4b46e934 <unknown>
#11 0x556e4b46f71e <unknown>
#12 0x556e4b722cb8 <unknown>
#13 0x556e4b726bf0 <unknown>
#14 0x556e4b73119c <unknown>
#15 0x556e4b727808 <unknown>
#16 0x556e4b6f427f <unknown>
#17 0x556e4b74be88 <unknown>
#18 0x556e4b74c059 <unknown>
#19 0x556e4b75c843 <unknown>
#20 0x7f5bbd5f4609 start_thread
[2024-09-12T14:07:47.206+0000] {logging_mixin.py:188} INFO - Lỗi khi lấy thông tin cửa hàng: Message: no such element: Unable to locate element: {"method":"css selector","selector":".content-promotion"}
  (Session info: headless chrome=117.0.5938.132); For documentation on this error, please visit: https://www.selenium.dev/documentation/webdriver/troubleshooting/errors#no-such-element-exception
Stacktrace:
#0 0x556e4b75d6b3 <unknown>
#1 0x556e4b4331e7 <unknown>
#2 0x556e4b47a566 <unknown>
#3 0x556e4b47a651 <unknown>
#4 0x556e4b470046 <unknown>
#5 0x556e4b49c0ed <unknown>
#6 0x556e4b46ff16 <unknown>
#7 0x556e4b49c28e <unknown>
#8 0x556e4b4b5322 <unknown>
#9 0x556e4b49be93 <unknown>
#10 0x556e4b46e934 <unknown>
#11 0x556e4b46f71e <unknown>
#12 0x556e4b722cb8 <unknown>
#13 0x556e4b726bf0 <unknown>
#14 0x556e4b73119c <unknown>
#15 0x556e4b727808 <unknown>
#16 0x556e4b6f427f <unknown>
#17 0x556e4b74be88 <unknown>
#18 0x556e4b74c059 <unknown>
#19 0x556e4b75c843 <unknown>
#20 0x7f5bbd5f4609 start_thread
[2024-09-12T14:07:47.303+0000] {logging_mixin.py:188} INFO - Lỗi khi lấy thông tin cửa hàng: Message: no such element: Unable to locate element: {"method":"css selector","selector":".content-promotion"}
  (Session info: headless chrome=117.0.5938.132); For documentation on this error, please visit: https://www.selenium.dev/documentation/webdriver/troubleshooting/errors#no-such-element-exception
Stacktrace:
#0 0x556e4b75d6b3 <unknown>
#1 0x556e4b4331e7 <unknown>
#2 0x556e4b47a566 <unknown>
#3 0x556e4b47a651 <unknown>
#4 0x556e4b470046 <unknown>
#5 0x556e4b49c0ed <unknown>
#6 0x556e4b46ff16 <unknown>
#7 0x556e4b49c28e <unknown>
#8 0x556e4b4b5322 <unknown>
#9 0x556e4b49be93 <unknown>
#10 0x556e4b46e934 <unknown>
#11 0x556e4b46f71e <unknown>
#12 0x556e4b722cb8 <unknown>
#13 0x556e4b726bf0 <unknown>
#14 0x556e4b73119c <unknown>
#15 0x556e4b727808 <unknown>
#16 0x556e4b6f427f <unknown>
#17 0x556e4b74be88 <unknown>
#18 0x556e4b74c059 <unknown>
#19 0x556e4b75c843 <unknown>
#20 0x7f5bbd5f4609 start_thread
[2024-09-12T14:07:51.453+0000] {logging_mixin.py:188} INFO - Lỗi khi lấy thông tin cửa hàng: Message: no such element: Unable to locate element: {"method":"css selector","selector":".content-promotion"}
  (Session info: headless chrome=117.0.5938.132); For documentation on this error, please visit: https://www.selenium.dev/documentation/webdriver/troubleshooting/errors#no-such-element-exception
Stacktrace:
#0 0x556e4b75d6b3 <unknown>
#1 0x556e4b4331e7 <unknown>
#2 0x556e4b47a566 <unknown>
#3 0x556e4b47a651 <unknown>
#4 0x556e4b470046 <unknown>
#5 0x556e4b49c0ed <unknown>
#6 0x556e4b46ff16 <unknown>
#7 0x556e4b49c28e <unknown>
#8 0x556e4b4b5322 <unknown>
#9 0x556e4b49be93 <unknown>
#10 0x556e4b46e934 <unknown>
#11 0x556e4b46f71e <unknown>
#12 0x556e4b722cb8 <unknown>
#13 0x556e4b726bf0 <unknown>
#14 0x556e4b73119c <unknown>
#15 0x556e4b727808 <unknown>
#16 0x556e4b6f427f <unknown>
#17 0x556e4b74be88 <unknown>
#18 0x556e4b74c059 <unknown>
#19 0x556e4b75c843 <unknown>
#20 0x7f5bbd5f4609 start_thread
[2024-09-12T14:07:51.740+0000] {logging_mixin.py:188} INFO - Lỗi khi lấy thông tin cửa hàng: Message: no such element: Unable to locate element: {"method":"css selector","selector":".content-promotion"}
  (Session info: headless chrome=117.0.5938.132); For documentation on this error, please visit: https://www.selenium.dev/documentation/webdriver/troubleshooting/errors#no-such-element-exception
Stacktrace:
#0 0x556e4b75d6b3 <unknown>
#1 0x556e4b4331e7 <unknown>
#2 0x556e4b47a566 <unknown>
#3 0x556e4b47a651 <unknown>
#4 0x556e4b470046 <unknown>
#5 0x556e4b49c0ed <unknown>
#6 0x556e4b46ff16 <unknown>
#7 0x556e4b49c28e <unknown>
#8 0x556e4b4b5322 <unknown>
#9 0x556e4b49be93 <unknown>
#10 0x556e4b46e934 <unknown>
#11 0x556e4b46f71e <unknown>
#12 0x556e4b722cb8 <unknown>
#13 0x556e4b726bf0 <unknown>
#14 0x556e4b73119c <unknown>
#15 0x556e4b727808 <unknown>
#16 0x556e4b6f427f <unknown>
#17 0x556e4b74be88 <unknown>
#18 0x556e4b74c059 <unknown>
#19 0x556e4b75c843 <unknown>
#20 0x7f5bbd5f4609 start_thread
[2024-09-12T14:07:52.033+0000] {logging_mixin.py:188} INFO - Lỗi khi lấy thông tin cửa hàng: Message: no such element: Unable to locate element: {"method":"css selector","selector":".content-promotion"}
  (Session info: headless chrome=117.0.5938.132); For documentation on this error, please visit: https://www.selenium.dev/documentation/webdriver/troubleshooting/errors#no-such-element-exception
Stacktrace:
#0 0x556e4b75d6b3 <unknown>
#1 0x556e4b4331e7 <unknown>
#2 0x556e4b47a566 <unknown>
#3 0x556e4b47a651 <unknown>
#4 0x556e4b470046 <unknown>
#5 0x556e4b49c0ed <unknown>
#6 0x556e4b46ff16 <unknown>
#7 0x556e4b49c28e <unknown>
#8 0x556e4b4b5322 <unknown>
#9 0x556e4b49be93 <unknown>
#10 0x556e4b46e934 <unknown>
#11 0x556e4b46f71e <unknown>
#12 0x556e4b722cb8 <unknown>
#13 0x556e4b726bf0 <unknown>
#14 0x556e4b73119c <unknown>
#15 0x556e4b727808 <unknown>
#16 0x556e4b6f427f <unknown>
#17 0x556e4b74be88 <unknown>
#18 0x556e4b74c059 <unknown>
#19 0x556e4b75c843 <unknown>
#20 0x7f5bbd5f4609 start_thread
[2024-09-12T14:07:52.219+0000] {logging_mixin.py:188} INFO - Lỗi khi lấy thông tin cửa hàng: Message: no such element: Unable to locate element: {"method":"css selector","selector":".content-promotion"}
  (Session info: headless chrome=117.0.5938.132); For documentation on this error, please visit: https://www.selenium.dev/documentation/webdriver/troubleshooting/errors#no-such-element-exception
Stacktrace:
#0 0x556e4b75d6b3 <unknown>
#1 0x556e4b4331e7 <unknown>
#2 0x556e4b47a566 <unknown>
#3 0x556e4b47a651 <unknown>
#4 0x556e4b470046 <unknown>
#5 0x556e4b49c0ed <unknown>
#6 0x556e4b46ff16 <unknown>
#7 0x556e4b49c28e <unknown>
#8 0x556e4b4b5322 <unknown>
#9 0x556e4b49be93 <unknown>
#10 0x556e4b46e934 <unknown>
#11 0x556e4b46f71e <unknown>
#12 0x556e4b722cb8 <unknown>
#13 0x556e4b726bf0 <unknown>
#14 0x556e4b73119c <unknown>
#15 0x556e4b727808 <unknown>
#16 0x556e4b6f427f <unknown>
#17 0x556e4b74be88 <unknown>
#18 0x556e4b74c059 <unknown>
#19 0x556e4b75c843 <unknown>
#20 0x7f5bbd5f4609 start_thread
[2024-09-12T14:07:52.303+0000] {logging_mixin.py:188} INFO - Lỗi khi lấy thông tin cửa hàng: Message: no such element: Unable to locate element: {"method":"css selector","selector":".content-promotion"}
  (Session info: headless chrome=117.0.5938.132); For documentation on this error, please visit: https://www.selenium.dev/documentation/webdriver/troubleshooting/errors#no-such-element-exception
Stacktrace:
#0 0x556e4b75d6b3 <unknown>
#1 0x556e4b4331e7 <unknown>
#2 0x556e4b47a566 <unknown>
#3 0x556e4b47a651 <unknown>
#4 0x556e4b470046 <unknown>
#5 0x556e4b49c0ed <unknown>
#6 0x556e4b46ff16 <unknown>
#7 0x556e4b49c28e <unknown>
#8 0x556e4b4b5322 <unknown>
#9 0x556e4b49be93 <unknown>
#10 0x556e4b46e934 <unknown>
#11 0x556e4b46f71e <unknown>
#12 0x556e4b722cb8 <unknown>
#13 0x556e4b726bf0 <unknown>
#14 0x556e4b73119c <unknown>
#15 0x556e4b727808 <unknown>
#16 0x556e4b6f427f <unknown>
#17 0x556e4b74be88 <unknown>
#18 0x556e4b74c059 <unknown>
#19 0x556e4b75c843 <unknown>
#20 0x7f5bbd5f4609 start_thread
[2024-09-12T14:07:52.378+0000] {logging_mixin.py:188} INFO - Lỗi khi lấy thông tin cửa hàng: Message: no such element: Unable to locate element: {"method":"css selector","selector":".content-promotion"}
  (Session info: headless chrome=117.0.5938.132); For documentation on this error, please visit: https://www.selenium.dev/documentation/webdriver/troubleshooting/errors#no-such-element-exception
Stacktrace:
#0 0x556e4b75d6b3 <unknown>
#1 0x556e4b4331e7 <unknown>
#2 0x556e4b47a566 <unknown>
#3 0x556e4b47a651 <unknown>
#4 0x556e4b470046 <unknown>
#5 0x556e4b49c0ed <unknown>
#6 0x556e4b46ff16 <unknown>
#7 0x556e4b49c28e <unknown>
#8 0x556e4b4b5322 <unknown>
#9 0x556e4b49be93 <unknown>
#10 0x556e4b46e934 <unknown>
#11 0x556e4b46f71e <unknown>
#12 0x556e4b722cb8 <unknown>
#13 0x556e4b726bf0 <unknown>
#14 0x556e4b73119c <unknown>
#15 0x556e4b727808 <unknown>
#16 0x556e4b6f427f <unknown>
#17 0x556e4b74be88 <unknown>
#18 0x556e4b74c059 <unknown>
#19 0x556e4b75c843 <unknown>
#20 0x7f5bbd5f4609 start_thread
[2024-09-12T14:07:52.449+0000] {logging_mixin.py:188} INFO - Lỗi khi lấy thông tin cửa hàng: Message: no such element: Unable to locate element: {"method":"css selector","selector":".content-promotion"}
  (Session info: headless chrome=117.0.5938.132); For documentation on this error, please visit: https://www.selenium.dev/documentation/webdriver/troubleshooting/errors#no-such-element-exception
Stacktrace:
#0 0x556e4b75d6b3 <unknown>
#1 0x556e4b4331e7 <unknown>
#2 0x556e4b47a566 <unknown>
#3 0x556e4b47a651 <unknown>
#4 0x556e4b470046 <unknown>
#5 0x556e4b49c0ed <unknown>
#6 0x556e4b46ff16 <unknown>
#7 0x556e4b49c28e <unknown>
#8 0x556e4b4b5322 <unknown>
#9 0x556e4b49be93 <unknown>
#10 0x556e4b46e934 <unknown>
#11 0x556e4b46f71e <unknown>
#12 0x556e4b722cb8 <unknown>
#13 0x556e4b726bf0 <unknown>
#14 0x556e4b73119c <unknown>
#15 0x556e4b727808 <unknown>
#16 0x556e4b6f427f <unknown>
#17 0x556e4b74be88 <unknown>
#18 0x556e4b74c059 <unknown>
#19 0x556e4b75c843 <unknown>
#20 0x7f5bbd5f4609 start_thread
[2024-09-12T14:07:52.613+0000] {logging_mixin.py:188} INFO - Lỗi khi lấy thông tin cửa hàng: Message: no such element: Unable to locate element: {"method":"css selector","selector":".content-promotion"}
  (Session info: headless chrome=117.0.5938.132); For documentation on this error, please visit: https://www.selenium.dev/documentation/webdriver/troubleshooting/errors#no-such-element-exception
Stacktrace:
#0 0x556e4b75d6b3 <unknown>
#1 0x556e4b4331e7 <unknown>
#2 0x556e4b47a566 <unknown>
#3 0x556e4b47a651 <unknown>
#4 0x556e4b470046 <unknown>
#5 0x556e4b49c0ed <unknown>
#6 0x556e4b46ff16 <unknown>
#7 0x556e4b49c28e <unknown>
#8 0x556e4b4b5322 <unknown>
#9 0x556e4b49be93 <unknown>
#10 0x556e4b46e934 <unknown>
#11 0x556e4b46f71e <unknown>
#12 0x556e4b722cb8 <unknown>
#13 0x556e4b726bf0 <unknown>
#14 0x556e4b73119c <unknown>
#15 0x556e4b727808 <unknown>
#16 0x556e4b6f427f <unknown>
#17 0x556e4b74be88 <unknown>
#18 0x556e4b74c059 <unknown>
#19 0x556e4b75c843 <unknown>
#20 0x7f5bbd5f4609 start_thread
[2024-09-12T14:07:52.792+0000] {logging_mixin.py:188} INFO - Lỗi khi lấy thông tin cửa hàng: Message: no such element: Unable to locate element: {"method":"css selector","selector":".content-promotion"}
  (Session info: headless chrome=117.0.5938.132); For documentation on this error, please visit: https://www.selenium.dev/documentation/webdriver/troubleshooting/errors#no-such-element-exception
Stacktrace:
#0 0x556e4b75d6b3 <unknown>
#1 0x556e4b4331e7 <unknown>
#2 0x556e4b47a566 <unknown>
#3 0x556e4b47a651 <unknown>
#4 0x556e4b470046 <unknown>
#5 0x556e4b49c0ed <unknown>
#6 0x556e4b46ff16 <unknown>
#7 0x556e4b49c28e <unknown>
#8 0x556e4b4b5322 <unknown>
#9 0x556e4b49be93 <unknown>
#10 0x556e4b46e934 <unknown>
#11 0x556e4b46f71e <unknown>
#12 0x556e4b722cb8 <unknown>
#13 0x556e4b726bf0 <unknown>
#14 0x556e4b73119c <unknown>
#15 0x556e4b727808 <unknown>
#16 0x556e4b6f427f <unknown>
#17 0x556e4b74be88 <unknown>
#18 0x556e4b74c059 <unknown>
#19 0x556e4b75c843 <unknown>
#20 0x7f5bbd5f4609 start_thread
[2024-09-12T14:07:52.873+0000] {logging_mixin.py:188} INFO - Lỗi khi lấy thông tin cửa hàng: Message: no such element: Unable to locate element: {"method":"css selector","selector":".content-promotion"}
  (Session info: headless chrome=117.0.5938.132); For documentation on this error, please visit: https://www.selenium.dev/documentation/webdriver/troubleshooting/errors#no-such-element-exception
Stacktrace:
#0 0x556e4b75d6b3 <unknown>
#1 0x556e4b4331e7 <unknown>
#2 0x556e4b47a566 <unknown>
#3 0x556e4b47a651 <unknown>
#4 0x556e4b470046 <unknown>
#5 0x556e4b49c0ed <unknown>
#6 0x556e4b46ff16 <unknown>
#7 0x556e4b49c28e <unknown>
#8 0x556e4b4b5322 <unknown>
#9 0x556e4b49be93 <unknown>
#10 0x556e4b46e934 <unknown>
#11 0x556e4b46f71e <unknown>
#12 0x556e4b722cb8 <unknown>
#13 0x556e4b726bf0 <unknown>
#14 0x556e4b73119c <unknown>
#15 0x556e4b727808 <unknown>
#16 0x556e4b6f427f <unknown>
#17 0x556e4b74be88 <unknown>
#18 0x556e4b74c059 <unknown>
#19 0x556e4b75c843 <unknown>
#20 0x7f5bbd5f4609 start_thread
[2024-09-12T14:07:53.140+0000] {logging_mixin.py:188} INFO - Lỗi khi lấy thông tin cửa hàng: Message: no such element: Unable to locate element: {"method":"css selector","selector":".content-promotion"}
  (Session info: headless chrome=117.0.5938.132); For documentation on this error, please visit: https://www.selenium.dev/documentation/webdriver/troubleshooting/errors#no-such-element-exception
Stacktrace:
#0 0x556e4b75d6b3 <unknown>
#1 0x556e4b4331e7 <unknown>
#2 0x556e4b47a566 <unknown>
#3 0x556e4b47a651 <unknown>
#4 0x556e4b470046 <unknown>
#5 0x556e4b49c0ed <unknown>
#6 0x556e4b46ff16 <unknown>
#7 0x556e4b49c28e <unknown>
#8 0x556e4b4b5322 <unknown>
#9 0x556e4b49be93 <unknown>
#10 0x556e4b46e934 <unknown>
#11 0x556e4b46f71e <unknown>
#12 0x556e4b722cb8 <unknown>
#13 0x556e4b726bf0 <unknown>
#14 0x556e4b73119c <unknown>
#15 0x556e4b727808 <unknown>
#16 0x556e4b6f427f <unknown>
#17 0x556e4b74be88 <unknown>
#18 0x556e4b74c059 <unknown>
#19 0x556e4b75c843 <unknown>
#20 0x7f5bbd5f4609 start_thread
[2024-09-12T14:07:53.474+0000] {logging_mixin.py:188} INFO - Lỗi khi lấy thông tin cửa hàng: Message: no such element: Unable to locate element: {"method":"css selector","selector":".content-promotion"}
  (Session info: headless chrome=117.0.5938.132); For documentation on this error, please visit: https://www.selenium.dev/documentation/webdriver/troubleshooting/errors#no-such-element-exception
Stacktrace:
#0 0x556e4b75d6b3 <unknown>
#1 0x556e4b4331e7 <unknown>
#2 0x556e4b47a566 <unknown>
#3 0x556e4b47a651 <unknown>
#4 0x556e4b470046 <unknown>
#5 0x556e4b49c0ed <unknown>
#6 0x556e4b46ff16 <unknown>
#7 0x556e4b49c28e <unknown>
#8 0x556e4b4b5322 <unknown>
#9 0x556e4b49be93 <unknown>
#10 0x556e4b46e934 <unknown>
#11 0x556e4b46f71e <unknown>
#12 0x556e4b722cb8 <unknown>
#13 0x556e4b726bf0 <unknown>
#14 0x556e4b73119c <unknown>
#15 0x556e4b727808 <unknown>
#16 0x556e4b6f427f <unknown>
#17 0x556e4b74be88 <unknown>
#18 0x556e4b74c059 <unknown>
#19 0x556e4b75c843 <unknown>
#20 0x7f5bbd5f4609 start_thread
[2024-09-12T14:07:53.558+0000] {logging_mixin.py:188} INFO - Lỗi khi lấy thông tin cửa hàng: Message: no such element: Unable to locate element: {"method":"css selector","selector":".content-promotion"}
  (Session info: headless chrome=117.0.5938.132); For documentation on this error, please visit: https://www.selenium.dev/documentation/webdriver/troubleshooting/errors#no-such-element-exception
Stacktrace:
#0 0x556e4b75d6b3 <unknown>
#1 0x556e4b4331e7 <unknown>
#2 0x556e4b47a566 <unknown>
#3 0x556e4b47a651 <unknown>
#4 0x556e4b470046 <unknown>
#5 0x556e4b49c0ed <unknown>
#6 0x556e4b46ff16 <unknown>
#7 0x556e4b49c28e <unknown>
#8 0x556e4b4b5322 <unknown>
#9 0x556e4b49be93 <unknown>
#10 0x556e4b46e934 <unknown>
#11 0x556e4b46f71e <unknown>
#12 0x556e4b722cb8 <unknown>
#13 0x556e4b726bf0 <unknown>
#14 0x556e4b73119c <unknown>
#15 0x556e4b727808 <unknown>
#16 0x556e4b6f427f <unknown>
#17 0x556e4b74be88 <unknown>
#18 0x556e4b74c059 <unknown>
#19 0x556e4b75c843 <unknown>
#20 0x7f5bbd5f4609 start_thread
[2024-09-12T14:08:43.535+0000] {python.py:202} INFO - Done. Returned value was: [['Trà Sữa Tocotoco - Nguyễn Hoàng', 'Đồng giá 29k', 'https://shopeefood.vn/ha-noi/tra-sua-tocotoco-nguyen-hoang'], ['Bún Thủy - Trần Nhật Duật', 'Giảm món', 'https://shopeefood.vn/ha-noi/bun-thuy-tran-nhat-duat'], ['Long Wang Cơ Sở 1 - Dim Sum Hongkong - 84 Ngọc Khánh', 'Giảm món', 'https://shopeefood.vn/ha-noi/long-wang-co-so-1-dim-sum-hongkong-84-ngoc-khanh'], ['Tiệm Gà Rán Óng Ánh - Chùa Láng', 'Giảm món', 'https://shopeefood.vn/ha-noi/tiem-ga-ran-ong-anh-chua-lang'], ['Trà Sữa Seko Tea - Mễ Trì Thượng', 'Giảm hết 50%', 'https://shopeefood.vn/ha-noi/seko-tea-tra-sua-dai-loan'], ['Royal Tea - Trà Sữa Trân Châu - Hồ Tùng Mậu', 'Giảm hết 40%', 'https://shopeefood.vn/ha-noi/royal-tea-tra-sua-tran-chau-ho-tung-mau'], ['Trà sữa LeeTee - Kem Trứng & Trà Hoa Quả - Láng Hạ', 'Giảm hết 40%', 'https://shopeefood.vn/ha-noi/tra-sua-leetee-kem-trung-tra-hoa-qua-lang-ha'], ['Trà Sữa Tocotoco - Thiên Đường Bảo Sơn', 'Giảm món', 'https://shopeefood.vn/ha-noi/tra-sua-tocotoco-thien-duong-bao-son'], ['Phở Cuốn Anh Tú', 'Giảm hết 10%', 'https://shopeefood.vn/ha-noi/pho-cuon-anh-tu'], ['Master Tea 美茶 - Bồ Đề', 'Giảm món', 'https://shopeefood.vn/ha-noi/master-tea-%E7%BE%8E%E8%8C%B6-bo-de'], ['Trà Sữa Royaltea - Lê Lai', 'Giảm hết 50%', 'https://shopeefood.vn/ha-noi/tra-sua-royaltea-le-lai'], ['Bếp Mẹ Thỏ - Bún, Miến & Phở Trộn Online', 'Giảm hết 10%', 'https://shopeefood.vn/ha-noi/bep-me-tho-bun-mien-pho-tron-online'], ["Kem Swensen's - Times City", 'Giảm món', 'https://shopeefood.vn/ha-noi/kem-swensen-s-times-city'], ['Trà Chanh Dương Dương - Mì Cay, Tokbokki - Shop Online', 'Giảm món', 'https://shopeefood.vn/ha-noi/tra-chanh-duong-duong-mi-cay-tokbokki-shop-online'], ['Gà Rán Five Star - 04 Yên Hòa', 'Giảm món', 'https://shopeefood.vn/ha-noi/ga-ran-five-star-04-yen-hoa'], ['Mỳ Cay Ngõ - Đồng Me', 'Flash Sale', 'https://shopeefood.vn/ha-noi/my-cay-ngo-dong-me'], ['The Pizza Company - The Manor', 'Giảm món', 'https://shopeefood.vn/ha-noi/the-pizza-company-the-manor'], ['Bonchon Chicken - Lạc Long Quân', 'Giảm món', 'https://shopeefood.vn/ha-noi/bonchon-chicken-lac-long-quan'], ['Bếp Mẹ Su - Phở Tíu - Shop Online - Lạc Long Quân', 'Giảm hết 22%', 'https://shopeefood.vn/ha-noi/bep-me-su-pho-tiu-shop-online-lac-long-quan'], ['Vịt 29 - Vịt Quay Bắc Kinh - Bạch Mai', 'Giảm món', 'https://shopeefood.vn/ha-noi/vit-29-vit-quay-bac-kinh-bach-mai'], ['Sữa Chua Trân Châu Hạ Long - Quốc Lộ 32', 'Giảm món', 'https://shopeefood.vn/ha-noi/sua-chua-tran-chau-ha-long-quoc-lo-32'], ['Mỳ Ếch Chua Cay Trần Quỳnh - 30 Nguyễn Thái Học', 'Giảm món', 'https://shopeefood.vn/ha-noi/my-ech-chua-cay-tran-quynh-30-nguyen-thai-hoc'], ['Highlands Coffee - Trà, Cà Phê & Bánh - Eco Lake View', 'Giảm món', 'https://shopeefood.vn/ha-noi/highlands-coffee-tra-ca-phe-banh-eco-lake-view'], ['The Alley - Trà Sữa Đài Loan - 48 Trần Phú', 'Giảm món', 'https://shopeefood.vn/ha-noi/the-alley-tra-sua-dai-loan-tran-phu'], ['Trà Sữa Tocotoco - Phú Diễn', 'Giảm hết 30%', 'https://shopeefood.vn/ha-noi/tra-sua-tocotoco-phu-dien'], ['Nọng FOOD - Mì Trộn Indomie & Trà Chanh - Kim Giang', 'Giảm món', 'https://shopeefood.vn/ha-noi/noong-food-my-tron-indomie-tra-chanh-kim-giang'], ['Gà Rán KFC - Hồ Gươm Plaza', 'Giảm món', 'https://shopeefood.vn/ha-noi/kfc-ho-guom-plaza'], ['Bánh Tráng Trộn 98 - Chùa Láng', 'Giảm món', 'https://shopeefood.vn/ha-noi/banh-trang-tron-98-chua-lang'], ['Anh Béo - Bún & Bánh Đa Trộn - Vĩnh Hưng', 'Giảm món', 'https://shopeefood.vn/ha-noi/anh-beo-bun-banh-da-tron-vinh-hung'], ['Ốc Hương Trang® - 139B Lê Hồng Phong', 'Giảm món', 'https://shopeefood.vn/ha-noi/oc-huong-trang-139b-le-hong-phong'], ['Quang Tèo Food - Mì Trộn Indomie - Chợ Khâm Thiên', 'Flash Sale', 'https://shopeefood.vn/ha-noi/quang-teo-food-mi-tron-indomie-cho-kham-thien'], ['Gugsumi - Bún Trộn Healthy - Khương Trung', 'Giảm món', 'https://shopeefood.vn/ha-noi/gugsumi-bun-tron-healthy-khuong-trung'], ['Xôi Yến - Bách Khoa', 'Giảm món', 'https://shopeefood.vn/ha-noi/xoi-yen-bach-khoa'], ['Quán Ăn Hợp Tác Xã & Cơm Niêu - Tây Sơn', 'Giảm món', 'https://shopeefood.vn/ha-noi/quan-an-hop-tac-xa-com-nieu-tay-son'], ['Cơm Thố Bách Khoa - Khâm Thiên', 'Giảm món', 'https://shopeefood.vn/ha-noi/com-tho-bach-khoa-kham-thien'], ['Cơm Tấm Anh Ba Sài Gòn', 'Giảm món', 'https://shopeefood.vn/ha-noi/com-tam-anh-ba-sai-gon'], ['Bin Bon - Mì Trộn Indomie - Kim Giang', 'Giảm món', 'https://shopeefood.vn/ha-noi/bin-bon-mi-tron-indomie-kim-giang'], ["Al Fresco's - Pizza, Mỳ Ý, Sườn, Steak Bò Bít Tết - Hai Bà Trưng", 'Giảm món', 'https://shopeefood.vn/ha-noi/al-fresco-s-hai-ba-trung'], ['Anh Béo - Bún Miến Ngan - Trần Quốc Vượng', 'Giảm món', 'https://shopeefood.vn/ha-noi/anh-beo-bun-mien-ngan-tran-quoc-vuong'], ['Bún Đậu Mẹt Minh Thư - Văn Minh', 'Giảm món', 'https://shopeefood.vn/ha-noi/bun-dau-met-minh-thu-van-minh'], ['Minh Phương - Nem Nướng Nha Trang', 'Giảm món', 'https://shopeefood.vn/ha-noi/minh-phuong-nem-nuong-nha-trang'], ['Mì Trộn Indomie Gấu Bé - 5b 92/31 Nguyễn Khánh Toàn', 'Giảm món', 'https://shopeefood.vn/ha-noi/mi-tron-indomie-gau-be-5b-92-31-nguyen-khanh-toan'], ['Phở Xào Duyên Béo', 'Giảm món', 'https://shopeefood.vn/ha-noi/pho-xao-duyen-beo'], ['LQS - Chuyên Bún Bò Huế & Cơm Rang Giòn - Trường Chinh', 'Giảm món', 'https://shopeefood.vn/ha-noi/lqs-chuyen-bun-bo-hue-com-rang-gion-online'], ['Pizza Ông Tây - Đỗ Quang', 'Giảm món', 'https://shopeefood.vn/ha-noi/pizza-ong-tay-do-quang'], ['Cơm Rang Hòa - Tô Hiệu', 'Giảm món', 'https://shopeefood.vn/ha-noi/com-rang-hoa'], ['Hà Béo - Ăn Vặt Các Loại', 'Giảm món', 'https://shopeefood.vn/ha-noi/ha-beo-an-vat-cac-loai'], ['Tim Food - Mì Trộn Indomie & Đồ Ăn Vặt - Hồng Hà', 'Giảm món', 'https://shopeefood.vn/ha-noi/tim-food-mi-tron-indomie-do-an-vat-hong-ha'], ['Như Mây - Bánh Đa Trộn', 'Giảm món', 'https://shopeefood.vn/ha-noi/nhu-may-banh-da-tron'], ['Nem Nướng Nha Trang Ngọc Hằng - Phú Diễn', 'Giảm món', 'https://shopeefood.vn/ha-noi/nem-nuong-nha-trang-ngoc-hang-phu-dien'], ['Hoa Béo - Nem Nướng Ninh Hoà - Xa La', 'Giảm món', 'https://shopeefood.vn/ha-noi/hoa-beo-nem-nuong-nha-trang-xa-la'], ['Bảo Bảo - Mì Trộn Indomie - Shop Online', 'Giảm món', 'https://shopeefood.vn/ha-noi/bao-bao-mi-tron-indomie-shop-online'], ['iChi Food - Cháo, Súp & Mỳ Xào - 169 Tôn Đức Thắng', 'Giảm món', 'https://shopeefood.vn/ha-noi/ichi-food-chao-sup-my-xao-169-ton-duc-thang'], ['Duy Nhất - Phở Bò & Cơm Rang - Vĩnh Hưng', 'Giảm món', 'https://shopeefood.vn/ha-noi/duy-nhat-pho-bo-com-rang-vinh-hung'], ['A Lẩu - Cháo Lòng', 'Giảm món', 'https://shopeefood.vn/ha-noi/a-lau-chao-long'], ['Gà Luộc, Gà Ủ Muối & Cơm Cháy - Duyên Dương', 'Giảm món', 'https://shopeefood.vn/ha-noi/ga-luoc-ga-u-muoi-com-chay-duyen-duong'], ['Bom Bốp - Bún Đậu Mơ', 'Giảm món', 'https://shopeefood.vn/ha-noi/bom-bop-bun-dau-mo'], ['Tiệm Mì Tươi Ramen2go', 'Giảm món', 'https://shopeefood.vn/ha-noi/tiem-mi-tuoi-ramen2go'], ['Hoàng Huệ - Cơm Rang & Bún Bò Trộn - Chùa Láng', 'Giảm món', 'https://shopeefood.vn/ha-noi/hoang-hue-com-rang-bun-bo-tron-chua-lang'], ['Gà Tươi Mạnh Hoạch - Xuân La', 'Giảm món', 'https://shopeefood.vn/ha-noi/ga-tuoi-manh-hoach-xuan-la'], ['Bami King - Bánh Mì Bò Nướng & Cơm Thố - An Trạch', 'Giảm món', 'https://shopeefood.vn/ha-noi/bami-king-banh-mi-bo-nuong-com-tho-an-trach'], ['Sushi Garden', 'Giảm món', 'https://shopeefood.vn/ha-noi/sushi-garden'], ['Đức Food - Mì Trộn Indomie - Ngõ 95 Chùa Bộc', 'Giảm món', 'https://shopeefood.vn/ha-noi/duc-food-mi-tron-indomie-ngo-95-chua-boc'], ['Duy Food - Mì Trộn Indomie', 'Giảm món', 'https://shopeefood.vn/ha-noi/duy-food-mi-tron-indomie'], ['Trà Sữa Bobapop - 59 Trần Quốc Vượng', 'Giảm hết 20%', 'https://shopeefood.vn/ha-noi/tra-sua-bobapop-59-tran-quoc-vuong'], ['GÀ RÁN & BURGER GONGFU CHICKEN - 521 Nguyễn Trãi', 'Giảm món', 'https://shopeefood.vn/ha-noi/ga-ran-burger-gongfu-chicken-521-nguyen-trai'], ['Trà Sữa Gong Cha - 貢茶 - Hoàng Đạo Thúy', 'Giảm món', 'https://shopeefood.vn/ha-noi/tra-sua-gong-cha-hoang-dao-thuy'], ['Bánh Mì Tuhu Bread - Phố Nguyễn Sơn', 'Giảm món', 'https://shopeefood.vn/ha-noi/banh-mi-tuhu-bread-pho-nguyen-son'], ['Yên Đàm - Trà Sữa Thảo Dược', 'Giảm món', 'https://shopeefood.vn/ha-noi/yen-dam-tra-sua-thao-duoc'], ["Domino's Pizza - Xuân La", 'Giảm món', 'https://shopeefood.vn/ha-noi/domino-s-pizza-xuan-la'], ['Trà Sữa Miutea - Phố Xốm', 'Giảm món', 'https://shopeefood.vn/ha-noi/tra-sua-miutea-pho-xom'], ['Hủ Tiếu Thái Lan, Trà Sữa Thái, Ăn Vặt - Pi Thai - 136 Vũ Phạm Hàm', 'Giảm món', 'https://shopeefood.vn/ha-noi/hu-tieu-thai-lan-tra-sua-thai-an-vat-pi-thai-136-vu-pham-ham'], ["Fam's Chicken - The Manor", 'Giảm món', 'https://shopeefood.vn/ha-noi/fam-s-chicken-the-manor'], ['Trà Sữa Sharetea Nhà Thờ - Phố Nguyễn Thị Định', 'Giảm món', 'https://shopeefood.vn/ha-noi/tra-sua-sharetea-nha-tho-pho-nguyen-thi-dinh'], ['Gà Rán Popeyes - Trần Quốc Hoàn', 'Giảm món', 'https://shopeefood.vn/ha-noi/ga-ran-popeyes-tran-quoc-hoan'], ['Cơm Thố Anh Nguyễn - Bán Đảo Linh Đàm', 'Giảm món', 'https://shopeefood.vn/ha-noi/com-tho-anh-nguyen-ban-dao-linh-dam'], ['Trà Sữa ToCoToCo - 317 Trần Cung', 'Giảm món', 'https://shopeefood.vn/ha-noi/tra-sua-tocotoco-317-tran-cung'], ['Trà Sữa Tocotoco - Cầu Giấy', 'Giảm món', 'https://shopeefood.vn/ha-noi/tra-sua-tocotoco-262-cau-giay'], ['Burger King - Giảng Võ', 'Giảm món', 'https://shopeefood.vn/ha-noi/burger-king-giang-vo'], ['Tiệm Mì Indo - Kim Giang', 'Flash Sale', 'https://shopeefood.vn/ha-noi/tiem-mi-indo-kim-giang'], ['December Tea - Trà Hoa Quả Nhiệt Đới & Mì Trộn Indomie - Định Công', 'Flash Sale', 'https://shopeefood.vn/ha-noi/december-tea-tra-hoa-qua-nhiet-doi-mi-tron-indomie-dinh-cong'], ['Mì Gà Tần & Chân Gà Lắc - Quán Ăn Đêm Sen - Láng', 'Flash Sale', 'https://shopeefood.vn/ha-noi/mi-ga-tan-chan-ga-lac-quan-an-dem-sen-lang'], ['Gà Tần & Mì Gà Tần - Tô Hiệu', 'Flash Sale', 'https://shopeefood.vn/ha-noi/ga-tan-mi-ga-tan-to-hieu'], ['688 Food - Mỳ cay, Mỳ trộn & Mỳ tương đen - Mỹ Đình', 'Flash Sale', 'https://shopeefood.vn/ha-noi/688-food-my-cay-my-tron-my-tuong-den-my-dinh'], ['Coco Nama Tea Bar - Nguyễn Khánh Toàn', 'Giảm món', 'https://shopeefood.vn/ha-noi/coco-nama-tea-bar-nguyen-khanh-toan'], ['Gà Rán & Pizza 99', 'Flash Sale', 'https://shopeefood.vn/ha-noi/ga-ran-pizza-99'], ['Mì Chua Cay Tim Cật - 4I', 'Flash Sale', 'https://shopeefood.vn/ha-noi/mi-chua-cay-tim-cat-4i'], ['Tiệm Trà Chè Sky - Mì Trộn Indomie, Trà Mãng Cầu, Trà Chanh - Thượng Đình', 'Flash Sale', 'https://shopeefood.vn/ha-noi/tiem-tra-che-sky-mi-tron-indomie-tra-mang-cau-tra-chanh-thuong-dinh'], ['Hân - Tokbokki, Gà Sốt Cay Hàn Quốc & Ăn Vặt - Hồ Tùng Mậu', 'Flash Sale', 'https://shopeefood.vn/ha-noi/han-tokbokki-ga-sot-cay-han-quoc-an-vat-ho-tung-mau'], ['Cháo Sườn Sụn Phố Cổ', 'Giảm món', 'https://shopeefood.vn/ha-noi/chao-suon-sun-pho-co'], ['Tin Tin - Chim Cút Quay Móc Mật & Đồ Ăn Vặt', 'Flash Sale', 'https://shopeefood.vn/ha-noi/tin-tin-chim-cut-quay-moc-mat-do-an-vat'], ['Chin Chin - Trà Sữa Đậm Vị & Trà Hoa Quả Tươi - Thuỵ Khuê', 'Flash Sale', 'https://shopeefood.vn/ha-noi/chin-chin-tra-sua-dam-vi-tra-hoa-qua-tuoi-thuy-khue'], ['Quỳnh Anh - Gỏi Cuốn Và Ăn Vặt', 'Flash Sale', 'https://shopeefood.vn/ha-noi/quynh-anh-goi-cuon-va-an-vat'], ['Bò Nầm Nướng Binbon - Nguyễn Trãi', 'Flash Sale', 'https://shopeefood.vn/ha-noi/bo-nam-nuong-binbon-nguyen-trai'], ['Đức Food - Mì Trộn Indomie Online - Kim Giang', 'Flash Sale', 'https://shopeefood.vn/ha-noi/duc-food-mi-tron-indomie-online-kim-giang'], ['MinCha - Gà Ủ Muối, Mì Trộn Indomie & Đồ Ăn Vặt', 'Flash Sale', 'https://shopeefood.vn/ha-noi/mincha-ga-u-muoi-mi-tron-indomie-do-an-vat'], ['Bảo Ngọc Food - Mì Trộn Indomie & Đồ Ăn Vặt - Phố Lụa', 'Flash Sale', 'https://shopeefood.vn/ha-noi/bao-ngoc-food-mi-tron-indomie-do-an-vat-pho-lua'], ['Cơm Sốt hiMC - Cơm Sườn Tê Cay & Cơm Gà - Nguyễn Văn Trỗi', 'Flash Sale', 'https://shopeefood.vn/ha-noi/com-sot-himc-com-suon-te-cay-com-ga-nguyen-van-troi'], ['Nước Ép Trái Cây - Chin’s Fruit Tô Hiệu', 'Flash Sale', 'https://shopeefood.vn/ha-noi/nuoc-ep-trai-cay-chin-s-fruit-to-hieu'], ['Cô Tám - Cơm Rang & Cơm Tấm - 126 Hồng Mai', 'Flash Sale', 'https://shopeefood.vn/ha-noi/co-tam-com-rang-an-vat-126-hong-mai'], ['Mập Quán - Đồ Ăn Vặt & Mỳ Xào - Nguyên Hồng', 'Flash Sale', 'https://shopeefood.vn/ha-noi/map-quan-do-an-vat-my-xao-nguyen-hong'], ['Tiger Sugar - Vũ Trọng Phụng', 'Flash Sale', 'https://shopeefood.vn/ha-noi/tiger-sugar-vu-trong-phung'], ['Hadu Y - Gà Rán, Pizza & Trà Sữa', 'Flash Sale', 'https://shopeefood.vn/ha-noi/hadu-y-ga-ran-pizza-tra-sua'], ['Gà Rán Kpub Chicken', 'Giảm món', 'https://shopeefood.vn/ha-noi/ga-ran-kpub-chicken'], ['Maru Korean - Tiệm Đồ Ăn Hàn Quốc & Trà Sữa - Lê Đại Hành', 'Giảm hết 5%', 'https://shopeefood.vn/ha-noi/maru-korean-tiem-do-an-han-quoc-tra-sua-le-dai-hanh'], ['Xuân Food - Mì Trộn Indomie - Tây Sơn', 'Flash Sale', 'https://shopeefood.vn/ha-noi/xuan-food-mi-tron-indomie-tay-son'], ['Gà Luộc & Gà Ủ Muối - Hẻm 65 Định Công Hạ', 'Flash Sale', 'https://shopeefood.vn/ha-noi/ga-luoc-ga-u-muoi-hem-65-dinh-cong-ha'], ["Papa's Kitchen - Đồ Ăn Hàn Quốc & Tokbokki, Cơm Trộn - Hồng Mai", 'Flash Sale', 'https://shopeefood.vn/ha-noi/papa-s-kitchen-do-an-han-quoc-tokbokki-com-tron-hong-mai'], ['Ốc 29 - Ốc Hải Sản & Đồ Ăn Vặt - 38 Yên Lãng', 'Giảm món', 'https://shopeefood.vn/ha-noi/oc-29-oc-hai-san-do-an-vat-38-yen-lang'], ['Giang Cún - Bún Thái Hải Sản - Định Công Thượng', 'Giảm món', 'https://shopeefood.vn/ha-noi/giang-cun-bun-thai-hai-san-dinh-cong-thuong'], ['Cơm Văn Phòng & Cơm Niêu Hợp Tác Xã - Hồng Hà', 'Giảm món', 'https://shopeefood.vn/ha-noi/com-van-phong-com-nieu-hop-tac-xa-hong-ha'], ['Dương Dương - Lẩu Tokbokki, Mỳ Cay, Trà Chanh & Trà Tắc Online - Đồng Me', 'Giảm món', 'https://shopeefood.vn/ha-noi/duong-duong-lau-tokbokki-my-cay-tra-chanh-tra-tac-online-dong-me'], ['Oola - Trà Ô Long Đậm Vị - Tạ Quang Bửu', 'Giảm món', 'https://shopeefood.vn/ha-noi/oola-tra-o-long-dam-vi-ta-quang-buu'], ['Quán Quen - Mỳ Chua Cay - 167 Tây Sơn', 'Flash Sale', 'https://shopeefood.vn/ha-noi/quan-quen-my-chua-cay-167-tay-son'], ['Gà Rán & Gà Ủ Muối Hoa Tiêu - Hoàng Ngân', 'Flash Sale', 'https://shopeefood.vn/ha-noi/ga-ran-ga-u-muoi-hoa-tieu-hoang-ngan'], ['Gà Luộc & Gà Ủ Muối Hoa Tiêu & Gà Rán - Thanh Nhàn', 'Flash Sale', 'https://shopeefood.vn/ha-noi/ga-luoc-ga-u-muoi-hoa-tieu-ga-ran-thanh-nhan'], ['Seoul - Gà Rán Hàn Quốc - Linh Đàm', 'Giảm món', 'https://shopeefood.vn/ha-noi/seoul-ga-ran-han-quoc-linh-dam'], ['Ăn Vặt Hàn Quốc - Gà Rán - Linh Đàm', 'Giảm món', 'https://shopeefood.vn/ha-noi/an-vat-han-quoc-ga-ran-linh-dam'], ['Le Pain Lee - Burger, Gà Rán & Cơm Gà - Nguyễn Xiển', 'Flash Sale', 'https://shopeefood.vn/ha-noi/le-pain-lee-burger-ga-ran-com-ga-nguyen-xien'], ['Cơm Rang Gà Sốt 30K - Mỹ Đình', 'Giảm món', 'https://shopeefood.vn/ha-noi/com-rang-ga-sot-30k-my-dinh'], ['Han Chicken - Gà Rán Hàn Quốc - 한 치킨', 'Flash Sale', 'https://shopeefood.vn/ha-noi/han-chicken-ga-ran-han-quoc'], ['Quán Kimbap - Ẩm Thực Hàn Quốc - Phố Nhổn', 'Flash Sale', 'https://shopeefood.vn/ha-noi/quan-kimbap-am-thuc-han-quoc-pho-nhon'], ['Gà Rán Việt', 'Giảm món', 'https://shopeefood.vn/ha-noi/ga-ran-viet'], ['Tiệm Cơm ChisnBa - Cơm Rang Zòn - Trần Vỹ', 'Giảm hết 15%', 'https://shopeefood.vn/ha-noi/tiem-com-chisnba-com-rang-zon-tran-vy'], ['Gà Rán Taiwan Hot Chicken & Tea - Khương Trung', 'Giảm món', 'https://shopeefood.vn/ha-noi/ga-ran-taiwan-hot-chicken-tea-khuong-trung'], ['A-Phú - Mì Trộn Indomie & Ăn Vặt - Nguyễn Đức Cảnh', 'Giảm món', 'https://shopeefood.vn/ha-noi/a-phu-mi-tron-indomie-an-vat-nguyen-duc-canh'], ['LATU Quán - Nem Nướng Nha Trang - Yên Phúc', 'Giảm món', 'https://shopeefood.vn/ha-noi/latu-quan-nem-nuong-nha-trang-yen-phuc'], ['Hương Vị Việt - Gà Rán & Gà Ủ Muối - Bùi Xương Trạch', 'Giảm món', 'https://shopeefood.vn/ha-noi/huong-vi-viet-ga-ran-ga-u-muoi-bui-xuong-trach'], ['Chè Mộc Phố - Chè Ngon, Kem Xôi & Tàu Hũ - Tây Mỗ', 'Flash Sale', 'https://shopeefood.vn/ha-noi/che-moc-pho-che-ngon-kem-xoi-tau-hu-tay-mo'], ['Minh Hoàng Bakery - Bông Lan Trứng Muối & Đồ Uống Online - Trần Thái Tông', 'Giảm hết 5%', 'https://shopeefood.vn/ha-noi/minh-hoang-bakery-bong-lan-trung-muoi-do-uong-online-tran-thai-tong'], ['Tâm Anh - Nem Nướng Nha Trang - Ngõ Chùa Đối Diện 228 Mễ Trì Thượng', 'Giảm món', 'https://shopeefood.vn/ha-noi/tam-anh-nem-nuong-nha-trang-ngo-chua-doi-dien-228-me-tri-thuong'], ['Cuốn Xưa - Phở Cuốn Hà Thành - Tân Mai', 'Giảm món', 'https://shopeefood.vn/ha-noi/cuon-xua-pho-cuon-ha-thanh-tan-mai'], ['Chè Bưởi Tư Đỉnh - Lương Thế Vinh', 'Flash Sale', 'https://shopeefood.vn/ha-noi/che-buoi-tu-dinh-luong-the-vinh'], ['Ăn Vặt Online - 34 Phùng Khoang', 'Flash Sale', 'https://shopeefood.vn/ha-noi/an-vat-online-34-phung-khoang'], ['Zen Zen - Cơm Gà, Gà Rán & Cơm Bò - Trần Duy Hưng', 'Giảm món', 'https://shopeefood.vn/ha-noi/zen-zen-com-ga-ga-ran-com-bo-tran-duy-hung'], ['Mukbang - Đồ Ăn Hàn Quốc - Phùng Khoang', 'Giảm hết 10%', 'https://shopeefood.vn/ha-noi/mukbang-do-an-han-quoc-phung-khoang'], ['Tiệm Gà Ủ Muối - Gà Luộc & Gà Ủ Muối - Nguyễn Viết Xuân', 'Flash Sale', 'https://shopeefood.vn/ha-noi/tiem-ga-u-muoi-ga-luoc-ga-u-muoi-nguyen-viet-xuan'], ['Trà Sữa - Mỳ Cay & Đồ Ăn Vặt Huyền Linh - 47 Dương Quảng Hàm', 'Flash Sale', 'https://shopeefood.vn/ha-noi/tra-sua-my-cay-do-an-vat-huyen-linh-47-duong-quang-ham'], ['Trà Sữa Rosier - Fresh Tea & Coffee - Tô Hiến Thành', 'Giảm món', 'https://shopeefood.vn/ha-noi/tra-sua-rosier-fresh-tea-coffee-to-hien-thanh'], ['Tiệm Gà Ủ Muối - Gà Luộc & Gà Ủ Muối - Lê Quý Đôn 2', 'Flash Sale', 'https://shopeefood.vn/ha-noi/tiem-ga-u-muoi-ga-luoc-ga-u-muoi-le-quy-don-2'], ['Korea House - Đồ Ăn Hàn Quốc Và Cơm Trộn - Ngõ Chùa Liên Phái', 'Flash Sale', 'https://shopeefood.vn/ha-noi/korea-house-do-an-han-quoc-va-com-tron-ngo-chua-lien-phai'], ['Trà Sữa HAPPY - KĐT Đô Nghĩa', 'Giảm hết 50%', 'https://shopeefood.vn/ha-noi/tra-sua-happy-kdt-do-nghia'], ['Nhem Nhem - Đồ Ăn Vặt & Mì Trộn Indomie', 'Flash Sale', 'https://shopeefood.vn/ha-noi/nhem-nhem-do-an-vat-mi-tron-indomie'], ['Trà Sữa Tocotoco - 271 Nguyễn Khang', 'Flash Sale', 'https://shopeefood.vn/ha-noi/tra-sua-tocotoco-271-nguyen-khang'], ['San Tokbokki - Ẩm Thực Hàn Quốc - Trần Quốc Hoàn', 'Flash Sale', 'https://shopeefood.vn/ha-noi/san-tokbokki-am-thuc-han-quoc-tran-quoc-hoan'], ['Snap Food - Cơm, Bún & Bánh Mì Healthy - Tôn Đức Thắng', 'Giảm món', 'https://shopeefood.vn/ha-noi/snap-food-com-bun-banh-mi-healthy-ton-duc-thang'], ['Bún Ốc Sườn Cô Sáu - Lạc Trung', 'Giảm món', 'https://shopeefood.vn/ha-noi/bun-oc-suon-co-sau-lac-trung'], ['YH.TANG - Đệ Nhất Trà Sữa Nướng - Trần Phú', 'Giảm hết 5%', 'https://shopeefood.vn/ha-noi/yh-tang-de-nhat-tra-sua-nuong-tran-phu'], ['Tocotoco - Goldsilk Complex', 'Flash Sale', 'https://shopeefood.vn/ha-noi/tocotoco-goldsilk-complex'], ['Tanka Quán - Chân Gà Nướng & Cánh Gà Nướng - Đê La Thành', 'Flash Sale', 'https://shopeefood.vn/ha-noi/tanka-quan-chan-ga-nuong-canh-ga-nuong-de-la-thanh'], ['ANDU - Chân Gà Nướng - Nguyễn Chí Thanh', 'Flash Sale', 'https://shopeefood.vn/ha-noi/andu-chan-ga-nuong-nguyen-chi-thanh'], ['Mì Trộn Indomie 158 - Bùi Ngọc Dương', 'Giảm món', 'https://shopeefood.vn/ha-noi/mi-tron-indomie-158-bui-ngoc-duong'], ['Bún Chả Hà Nội - Lạc Long Quân', 'Giảm món', 'https://shopeefood.vn/ha-noi/bun-cha-ha-noi-lac-long-quan'], ['Tường An - Nước Ép, Sinh Tố & Cà Phê', 'Mã giảm 20%', 'https://shopeefood.vn/ha-noi/tuong-an-nuoc-ep-sinh-to-ca-phe'], ['Maxi Burger - Đại Cồ Việt', 'Giảm đến 250k', 'https://shopeefood.vn/ha-noi/maxi-burger-dai-co-viet'], ['TacoZone - Nguyễn Thái Học', 'Giảm đến 60k', 'https://shopeefood.vn/ha-noi/tacozone-nguyen-thai-hoc'], ['Pizza Home - Đại Cồ Việt', 'Deal 4k', 'https://shopeefood.vn/ha-noi/pizza-home-dai-co-viet'], ['Mr. Spaghetti - Nguyễn Thái Học', 'Giảm đến 60k', 'https://shopeefood.vn/ha-noi/mr-spaghetti-nguyen-thai-hoc'], ['SugarKing - Đường Nâu Đài Loan - Giảng Võ', 'Giảm hết 45%', 'https://shopeefood.vn/ha-noi/sugarking-duong-nau-dai-loan-giang-vo'], ['Thanh Food - Mì Trộn Indomie & Bánh Mì - Tây Sơn', 'Giảm món', 'https://shopeefood.vn/ha-noi/thanh-food-mi-tron-indomie-banh-mi-tay-son.w67goq'], ['Tâm Food - Mì Trộn Indomie & Bánh Mì - Tây Sơn', 'Giảm món', 'https://shopeefood.vn/ha-noi/tam-food-mi-tron-indomie-banh-mi-tay-son.i1rvs9'], ['Cô Quỳnh - Chè Mùa Hè & Sinh Tố Nước Ép', 'Mã giảm 15%', 'https://shopeefood.vn/ha-noi/co-quynh-che-mua-he-sinh-to-nuoc-ep'], ["Cô Ti's Kitchen - Cơm, Salad & Ăn Vặt Online", 'Giảm hết 50%', 'https://shopeefood.vn/ha-noi/co-ti-s-kitchen-com-salad-an-vat-online'], ['Bánh Mì Nem Khoai Và Bánh Gà - Minh Châu', 'Giảm món', 'https://shopeefood.vn/ha-noi/banh-mi-nem-khoai-va-banh-ga-minh-chau'], ['Milktea - Hoa Quả Dầm Caramen Sữa Chua Online - Bùi Xương Trạch', 'Giảm món', 'https://shopeefood.vn/ha-noi/milktea-hoa-qua-dam-caramen-sua-chua-online-bui-xuong-trach'], ['Nhi Food - Nem Chua Tạm thương & Mì Trộn Indomie - Phùng Khoang', 'Giảm món', 'https://shopeefood.vn/ha-noi/nhi-food-nem-chua-tam-thuong-mi-tron-indomie-phung-khoang'], ['Thanh Tâm - Chuyên Trà Sữa & Đồ Ăn Vặt - Shop Online', 'Giảm món', 'https://shopeefood.vn/ha-noi/thanh-tam-chuyen-tra-sua-do-an-vat-shop-online.1ng25z'], ['Bánh Tráng Dì Oanh', 'Giảm món', 'https://shopeefood.vn/ha-noi/banh-trang-di-oanh'], ['Nem Chua Rán, Gà Rán & Mẹt Ăn Vặt - Chiến Thắng', 'Giảm hết 10%', 'https://shopeefood.vn/ha-noi/nem-chua-ran-ga-ran-met-an-vat-chien-thang'], ['Fish Love Cake - Bánh Sinh Nhật - Hồng Hà', 'Giảm món', 'https://shopeefood.vn/ha-noi/fish-love-cake-banh-sinh-nhat-hong-ha'], ['Bánh Mì Nướng Muối Ớt Minh Châu - Hoa Bằng', 'Giảm món', 'https://shopeefood.vn/ha-noi/banh-mi-nuong-muoi-ot-minh-chau-hoa-bang'], ['Trà Chanh Xiên Que - 372B Xã Đàn', 'Giảm món', 'https://shopeefood.vn/ha-noi/tra-chanh-xien-que-372b-xa-dan.pacj45'], ['Nem Nắm & Nem Tai - Thu Hương (Since 2005) - Nguyễn An Ninh', 'Giảm món', 'https://shopeefood.vn/ha-noi/nem-nam-nem-tai-thu-huong-since-2005-nguyen-an-ninh'], ['Chè Thủy - Quán chè - Thành Công', 'Giảm hết 50%', 'https://shopeefood.vn/ha-noi/che-thuy-quan-che-thanh-cong'], ['Super Chicken - Tiệm Gà Online', 'Giảm hết 15%', 'https://shopeefood.vn/ha-noi/super-chicken-tiem-ga-online'], ['NEM CHUA RÁN HỒNG HƯƠNG DỊCH VỌNG - 23 Ngõ 2E Phố Dịch Vọng', 'Giảm món', 'https://shopeefood.vn/ha-noi/nem-chua-ran-hong-huong-dich-vong-23-ngo-2e-pho-di-ch-vo-ng.98ocvs'], ['Linh Nhi Juice - Nước Ép & Sinh Tố Nguyên Chất', 'Giảm món', 'https://shopeefood.vn/ha-noi/linh-nhi-juice-nuoc-ep-sinh-to-nguyen-chat.egeq8c'], ['Bánh Mì Que - Chuẩn Vị Hải Phòng - Phố Nguyễn Phạm Tuân', 'Giảm món', 'https://shopeefood.vn/ha-noi/banh-mi-que-chuan-vi-hai-phong-pho-nguyen-pham-tuan'], ['Nem Lụi Huế - Ăn Là Like - Thụy Khuê', 'Giảm hết 10%', 'https://shopeefood.vn/ha-noi/nem-lui-an-la-like'], ['Bánh Mì Cô Hoa - Gà Popcorn & Bánh Mì Gà Nem Khoai - Võ Quý Huân', 'Giảm món', 'https://shopeefood.vn/ha-noi/banh-mi-co-hoa-ga-popcorn-banh-mi-ga-nem-khoai-vo-quy-huan.joplgf'], ['Bếp Ba Bột - Chân Gà Sốt Thái & Chân Gà Hấp Thảo Quả - Nghĩa Tân', 'Giảm món', 'https://shopeefood.vn/ha-noi/bep-ba-bot-chan-ga-sot-thai-chan-ga-hap-thao-qua-nghia-tan'], ['Tiệm Pizza & Mỳ Trộn InDoMi - Tổ 11', 'Giảm món', 'https://shopeefood.vn/ha-noi/tiem-pizza-my-tron-indomi-to-11'], ['Lương Tâm - Bánh Mì, Burger & Đồ Trộn', 'Giảm hết 15%', 'https://shopeefood.vn/ha-noi/luong-tam-banh-mi-burger-do-tron'], ['Bếp Tuệ An - Homemade & Vegan food', 'Giảm món', 'https://shopeefood.vn/ha-noi/bep-tue-an-homemade-vegan-food'], ['Dacheng Food - Đồ Ăn Vặt Nội Địa Trung - Shop Online', 'Giảm món', 'https://shopeefood.vn/ha-noi/dacheng-food-do-an-vat-noi-dia-trung-shop-online'], ['Tự Nhiên Thấy Đói - Mỳ Cay & Gà Ủ Muối - Nguyễn Khánh Toàn', 'Giảm món', 'https://shopeefood.vn/ha-noi/tu-nhien-thay-doi-my-cay-ga-u-muoi-nguyen-khanh-toan'], ['Ăn Vặt Cay Cay - Ăn Vặt Nội Địa Trung - Phố Đốc Ngữ', 'Giảm món', 'https://shopeefood.vn/ha-noi/an-vat-cay-cay-an-vat-noi-dia-trung-pho-doc-ngu'], ['Top 5 Ăn Vặt - Trần Thái Tông', 'Giảm hết 10%', 'https://shopeefood.vn/ha-noi/top-5-an-vat-tran-thai-tong.jqvot8'], ['Tiệm Bánh Rapha - Shop Online - Giáp Bát', 'Giảm món', 'https://shopeefood.vn/ha-noi/tiem-banh-rapha-shop-online-giap-bat'], ['Trà Mãng Cầu Hưng Ngọc Vượng', 'Giảm hết 30%', 'https://shopeefood.vn/ha-noi/tra-mang-cau-hung-ngoc-vuong'], ['Quán Cơm Ngon - Cơm Rang Đùi Gà', 'Giảm hết 10%', 'https://shopeefood.vn/ha-noi/quan-com-bop-com-rang-dui-ga'], ['Mỳ Chua Cay Tomyum & Nộm Chân Gà Sốt Thái - Nguyễn Khánh Toàn', 'Giảm món', 'https://shopeefood.vn/ha-noi/my-chua-cay-tomyum-nom-chan-ga-sot-thai-nguyen-khanh-toan'], ['Quán 1988 - Cơm Rang Gia Truyền Nam Định', 'Giảm món', 'https://shopeefood.vn/ha-noi/quan-1988-com-rang-gia-truyen-nam-dinh'], ["Chubby's Kitchen - Bánh Mỳ & Sữa Hạt - Tôn Thất Tùng", 'Giảm món', 'https://shopeefood.vn/ha-noi/chubby-s-kitchen-banh-my-sua-hat-ton-that-tung'], ['Cháo Dinh Dưỡng Thùy Linh - Phan Đình Giót', 'Giảm món', 'https://shopeefood.vn/ha-noi/chao-dinh-duong-thuy-linh-phan-dinh-giot'], ['Góc Độc Lập - Coffee Kombucha - 114 Đê La Thành Nhỏ', 'Giảm món', 'https://shopeefood.vn/ha-noi/goc-doc-lap-coffee-kombucha-114-de-la-thanh-nho'], ['Tiệm Nhà Dâu - Gỏi Cuốn & Bún Chả Hà Thành - Vũ Tông Phan', 'Giảm hết 20%', 'https://shopeefood.vn/ha-noi/tiem-nha-dau-goi-cuon-bun-cha-ha-thanh-vu-tong-phan'], ['Bánh Mì & Xôi Ngọc', 'Giảm món', 'https://shopeefood.vn/ha-noi/banh-mi-xoi-ngoc'], ['Japchae - Miến Trộn Hàn Quốc', 'Giảm món', 'https://shopeefood.vn/ha-noi/japchae-mien-tron-han-quoc'], ['Tiệm Gà Ò Ó O - Gà Ủ Muối & Gà Hun Khói', 'Giảm hết 25%', 'https://shopeefood.vn/ha-noi/tiem-ga-o-o-o-ga-u-muoi-ga-hun-khoi'], ['Shin - Mì Cay & Đồ Ăn Vặt - Khâm Thiên', 'Giảm món', 'https://shopeefood.vn/ha-noi/shin-mi-cay-do-an-vat-kham-thien'], ['DH PLUS - Mì Trộn Indomie & Ăn Vặt', 'Giảm món', 'https://shopeefood.vn/ha-noi/dh-plus-mi-tron-indomie-an-vat'], ['Bear Coffee & Tea - Tiệm Nhà Gấu', 'Giảm hết 25%', 'https://shopeefood.vn/ha-noi/bear-coffee-tea-tiem-nha-gau'], ['Sinh Viên Quán Cơm Rang - Cơm Rang - Hoàng Mai', 'Giảm hết 10%', 'https://shopeefood.vn/ha-noi/sinh-vien-quan-com-rang-com-rang-hoang-mai.hgfghk'], ['Nem Nướng Nha Trang Quý Luyện - Hồ Tùng Mậu', 'Giảm món', 'https://shopeefood.vn/ha-noi/nem-nuong-nha-trang-quy-luyen-ho-tung-mau'], ['Long Tuý - Mì Trộn Indomie - Đại Cồ Việt', 'Giảm món', 'https://shopeefood.vn/ha-noi/long-tuy-mi-tron-indomie-dai-co-viet'], ['Gà Rán Bốp Bi', 'Giảm hết 20%', 'https://shopeefood.vn/ha-noi/ga-ran-bop-bi'], ['Bếp Cô Nhàn - Mỹ Đình', 'Giảm món', 'https://shopeefood.vn/ha-noi/bep-co-nhan-my-dinh'], ['Trà Bí Đao An Nhiên - Giáp Nhất', 'Giảm món', 'https://shopeefood.vn/ha-noi/tra-bi-dao-an-nhien-giap-nhat'], ['Nước Ép & Sinh Tố - Tài Chính', 'Giảm món', 'https://shopeefood.vn/ha-noi/nuoc-ep-sinh-to-tai-chinh'], ['Bánh Gà Phùng Khoang', 'Giảm món', 'https://shopeefood.vn/ha-noi/banh-ga-phung-khoang'], ['Hách Vịt - Vịt Quay Tứ Xuyên & Canh Măng Tiết - Đường Kim Giang', 'Giảm món', 'https://shopeefood.vn/ha-noi/hach-vit-vit-quay-tu-xuyen-canh-mang-tiet-duong-kim-giang'], ['Nước Ép Sinh Tố - Đình Thôn', 'Giảm món', 'https://shopeefood.vn/ha-noi/nuoc-ep-sinh-to-dinh-thon'], ['Umi Ramen Bùi Thị Xuân - Mỳ & Cơm Thịt Nướng Nhật Bản', 'Giảm món', 'https://shopeefood.vn/ha-noi/umi-ramen-bui-thi-xuan-my-com-thit-nuong-nhat-ban'], ['Sushila - Cơm & Mỳ Ramen - Trúc Khê', 'Giảm món', 'https://shopeefood.vn/ha-noi/sushila-com-my-ramen-truc-khe'], ['Mì Tim Cật Chua Cay Phương Anh', 'Giảm hết 10%', 'https://shopeefood.vn/ha-noi/mi-tim-cat-chua-cay-phuong-anh'], ['Cháo Sườn Sụn 918 - Phúc Đồng', 'Giảm món', 'https://shopeefood.vn/ha-noi/chao-suon-sun-918-phuc-dong'], ['Gimbab Hàn Quốc - Nguyễn Trãi', 'Giảm hết 15%', 'https://shopeefood.vn/ha-noi/gimbab-han-quoc-nguyen-trai'], ['Bánh Mì Chú Tiểu - Bánh Mì Muối Ớt & Nướng Sốt Kem Bơ Phô Mai - 43 Ngõ Tự Do', 'Giảm món', 'https://shopeefood.vn/ha-noi/banh-mi-chu-tieu-banh-mi-muoi-ot-nuong-sot-kem-bo-pho-mai-43-ngo-tu-do'], ['Bánh Mì & Xôi - Huấn Hoa Cúc', 'Giảm món', 'https://shopeefood.vn/ha-noi/banh-mi-xoi-huan-hoa-cuc'], ['Tiệm Trà Dâu Tây Đông Du', 'Giảm hết 20%', 'https://shopeefood.vn/ha-noi/tiem-tra-dau-tay-dong-du'], ['Cồ Tuấn - Phở Bò & Cơm Rang - Mễ Trì', 'Giảm món', 'https://shopeefood.vn/ha-noi/co-tuan-pho-bo-com-rang-me-tri.u1n64t'], ['Thiên Kê Quán - Gà Mẹt & Gà Nướng Tây Bắc - Vạn Phúc', 'Giảm món', 'https://shopeefood.vn/ha-noi/thien-ke-quan-ga-met-ga-nuong-tay-bac-van-phuc'], ['Chicken Go - Gà Rán Thái Lan - Yên Hòa', 'Giảm món', 'https://shopeefood.vn/ha-noi/chicken-go-ga-ran-thai-lan'], ['54 Foods - Bánh Mì, Xôi & Cơm Thố - Mễ Trì Thượng', 'Giảm hết 10%', 'https://shopeefood.vn/ha-noi/54-foods-banh-mi-viet'], ['Chân Gà Sả Ớt Mẹ Su - Shop Online', 'Giảm món', 'https://shopeefood.vn/ha-noi/chan-ga-sa-ot-me-su-shop-online'], ['Nhật Hạ - Vua Gà Ủ Muối - Xuân Phương', 'Giảm hết 30%', 'https://shopeefood.vn/ha-noi/nhat-ha-vua-ga-u-muoi-xuan-phuong'], ['Tuý Food - Mì Trộn Indomie - 7/27 Đại Cồ Việt', 'Giảm món', 'https://shopeefood.vn/ha-noi/tuy-food-mi-tron-indomie-7-27-dai-co-viet'], ['Gà Luộc & Gà Ủ Muối - Định Công Hạ', 'Giảm hết 25%', 'https://shopeefood.vn/ha-noi/ga-luoc-ga-u-muoi-dinh-cong-ha'], ['Gà Rán, Cơm Tấm & Bánh Mì Đò Quan', 'Giảm hết 30%', 'https://shopeefood.vn/ha-noi/ga-ran-com-tam-banh-mi-do-quan'], ['Tiger Suger Trần Quốc Hoàn - Trà Sữa - Trần Quốc Hoàn', 'Giảm hết 40%', 'https://shopeefood.vn/ha-noi/tiger-suger-tran-quoc-hoan-tra-sua-tran-quoc-hoan.rsjbsk'], ['Nem Nướng Nha Trang & Nem Lụi Huế - Trần Thái Tông', 'Giảm hết 10%', 'https://shopeefood.vn/ha-noi/nem-nuong-nha-trang-nem-lui-hue-tran-thai-tong'], ['Chân Gà Bay Online', 'Giảm hết 10%', 'https://shopeefood.vn/ha-noi/chan-ga-bay-online'], ['Bánh Đúc Nóng Online - Đồ Ăn Vặt, Chân Gà Sả Tắc & Đồ Uống - Phúc Đồng', 'Giảm món', 'https://shopeefood.vn/ha-noi/banh-duc-nong-online-do-an-vat-chan-ga-sa-tac-do-uong-phuc-dong'], ['Alopizza - Mỳ Ý & Pizza Tươi 100% - Phú Lương', 'Giảm món', 'https://shopeefood.vn/ha-noi/alopizza-my-y-pizza-tuoi-100-phu-luong'], ['Hương Vị Việt - Gà Rán, Gà Luộc & Gà Ủ Muối - Pháo Đài Láng', 'Giảm hết 25%', 'https://shopeefood.vn/ha-noi/huong-vi-viet-ga-ran-ga-luoc-ga-u-muoi-phao-dai-lang'], ['Le Castella Hà Nội - Taste Of Taiwan - Vũ Hữu', 'Giảm món', 'https://shopeefood.vn/ha-noi/le-castella-ha-noi-taste-of-taiwan-vu-huu'], ['Hải An - Bánh Mì Muối Ớt - Hoàng Ngân', 'Giảm hết 28%', 'https://shopeefood.vn/ha-noi/hai-an-banh-mi-muoi-ot-hoang-ngan'], ['ĂN VẶT ONLINE - Bánh Gà & Nem Rán - 183 Hoàng Văn Thái', 'Giảm hết 10%', 'https://shopeefood.vn/ha-noi/an-vat-online-banh-ga-nem-ran-183-hoang-van-thai'], ['Cà Phê Sạch Nguyên Chất - Dịch Vọng', 'Giảm hết 15%', 'https://shopeefood.vn/ha-noi/ca-phe-sach-nguyen-chat'], ['Quán Gà Ủ Muối & Gà Luộc - Đồ Ăn Nhanh - Triều Khúc', 'Giảm hết 35%', 'https://shopeefood.vn/ha-noi/quan-ga-u-muoi-ga-luoc-do-an-nhanh-trieu-khuc.smowle'], ['HaNa Gâteaux - Shop Online', 'Giảm hết 10%', 'https://shopeefood.vn/ha-noi/hana-cake-shop-online'], ["1999's Healthy Food - Cơm Gạo Lứt & Salad Eat Clean - Doãn Kế Thiện", 'Giảm món', 'https://shopeefood.vn/ha-noi/1999-s-healthy-food-com-gao-lut-salad-eat-clean-doan-ke-thien'], ['Trà Sữa Mynee - Olong Tây Bắc Đậm Vị', 'Giảm món', 'https://shopeefood.vn/ha-noi/tra-sua-mynee-olong-tay-bac-dam-vi'], ['Quán Trà Hoa Thảo Mộc - Dịch Vọng', 'Giảm hết 15%', 'https://shopeefood.vn/ha-noi/quan-tra-hoa-thao-moc-dich-vong'], ['Min Bakery - Bông Lan Trứng Muối Online', 'Giảm hết 23%', 'https://shopeefood.vn/ha-noi/min-bakery-bong-lan-trung-muoi-online'], ['ĐỒ ĂN VẶT 24H LĨNH NAM - Đồ Ăn Vặt - Lĩnh Nam', 'Giảm món', 'https://shopeefood.vn/ha-noi/do-an-vat-24h-linh-nam-do-an-vat-linh-nam.ik1bka'], ['Gà Rán Mr.Thịnh - Phùng Khoang', 'Giảm món', 'https://shopeefood.vn/ha-noi/ga-ran-mr-thinh-phung-khoang'], ['Nhi Food - Nem Chua Tạm Thương & Mì Trộn Indomie - Hồng Mai', 'Giảm món', 'https://shopeefood.vn/ha-noi/nhi-food-nem-chua-tam-thuong-mi-tron-indomie-hong-mai'], ['Hoàn Hương - Bánh Cuốn Nóng & Gà Tần', 'Giảm món', 'https://shopeefood.vn/ha-noi/hoan-huong-banh-cuon-nong-ga-tan'], ['Y Doan - Bún Đậu Mẹt & Bún Chả - Lương Định Của', 'Giảm món', 'https://shopeefood.vn/ha-noi/y-doan-bun-dau-met-bun-cha-luong-dinh-cua'], ['Tiệm Bánh Mì Tử Tế - Định Công', 'Giảm món', 'https://shopeefood.vn/ha-noi/tiem-banh-mi-tu-te-dinh-cong'], ['An An - Mỳ Chua Cay - Ngõ 2 Ao Sen', 'Giảm món', 'https://shopeefood.vn/ha-noi/an-an-my-chua-cay-ngo-2-ao-sen'], ['Gà Rán & Gà Lắc Hương Vị Việt', 'Giảm hết 15%', 'https://shopeefood.vn/ha-noi/ga-ran-ga-lac-huong-vi-viet'], ['MiChuKa - Mì Chua Cay & Lẩu Thái Hải Sản - Khâm Thiên', 'Giảm món', 'https://shopeefood.vn/ha-noi/michuka-mi-chua-cay-lau-thai-hai-san-kham-thien'], ['Phương Trinh - Cơm Ngon', 'Giảm món', 'https://shopeefood.vn/ha-noi/phuong-trinh-com-ngon'], ['Bếp Nhà Thỏ - Chân Gà Sốt Thái, Gà Ủ Muối & Mì Trộn Indomie - Bùi Xương Trạch', 'Giảm món', 'https://shopeefood.vn/ha-noi/bep-nha-tho-chan-ga-sot-thai-ga-u-muoi-mi-tron-indomie-bui-xuong-trach'], ['Royaltea - Trà Sữa Hồng Kông - Linh Đàm', 'Đồng giá 30k', 'https://shopeefood.vn/ha-noi/royaltea-linh-dam'], ['Bếp Nhà Gừng - Keto & More - Phùng Chí Kiên', 'Giảm món', 'https://shopeefood.vn/ha-noi/bep-nha-gung-keto-more-phung-chi-kien'], ['Gà ủ muối V-food - Gà Ủ Muối - Lê Quang Đạo', 'Giảm hết 10%', 'https://shopeefood.vn/ha-noi/ga-u-muoi-v-food-ga-u-muoi-le-quang-dao'], ['Duy Tùng - Mì Trộn Indomiee - Thái Hà', 'Giảm món', 'https://shopeefood.vn/ha-noi/duy-tung-mi-tron-indomiee-thai-ha'], ['Bún Đậu Mẹt & Bún Chả Hà Nội - Hoàng Phố', 'Giảm hết 15%', 'https://shopeefood.vn/ha-noi/bun-dau-met-bun-cha-ha-noi-hoang-pho'], ['Cơm Rang Hải Hậu - Phở Trường - Hoàng Mai', 'Giảm hết 10%', 'https://shopeefood.vn/ha-noi/com-rang-hai-hau-pho-truong-hoang-mai.vobhrb'], ['Gà Rán Khâm Thiên - Gà Luộc & Gà Ủ Muối Hoa Tiêu - Khâm Thiên', 'Giảm hết 22%', 'https://shopeefood.vn/ha-noi/ga-ran-kham-thien-ga-luoc-ga-u-muoi-hoa-tieu-kham-thien.xwhjlj'], ['Cơm Gà - Gà Rán Halloween - Nguyễn Văn Cừ', 'Giảm hết 10%', 'https://shopeefood.vn/ha-noi/com-ga-ga-ran-halloween-nguyen-van-cu'], ['Miu Quán - Cà Phê Muối, Gà Rán & Đồ Ăn Vặt', 'Giảm món', 'https://shopeefood.vn/ha-noi/miu-quan-ca-phe-muoi-ga-ran-do-an-vat'], ['Binzi - Cơm Sốt & Cơm Văn Phòng - Lạc Long Quân', 'Giảm hết 25%', 'https://shopeefood.vn/ha-noi/binzi-com-sot-com-van-phong-lac-long-quan'], ['Nhất Cháo - Nguyễn Thị Định', 'Giảm món', 'https://shopeefood.vn/ha-noi/nhat-chao-nguyen-thi-dinh'], ['Quán Khói - Lẩu Cốc & Đồ Ăn Vặt', 'Giảm hết 15%', 'https://shopeefood.vn/ha-noi/quan-khoi-lau-coc-do-an-vat'], ['Chè Ngon Mẹ Tép - Chè & Sữa Chua Các Loại Online', 'Giảm hết 10%', 'https://shopeefood.vn/ha-noi/che-ngon-me-tep-che-sua-chua-cac-loai-online'], ['Trà Sữa Wait Tea - Xuân Đỉnh', 'Giảm món', 'https://shopeefood.vn/ha-noi/tra-sua-wait-tea-xuan-dinh'], ['Bún Đậu Mắm Tôm Phan Hưng - Phan Văn Trường', 'Giảm hết 10%', 'https://shopeefood.vn/ha-noi/bun-dau-mam-tom-phan-hung-phan-van-truong'], ['Bún Chả & Bún Đậu Mắm Tôm A Chảnh - Ao Sen', 'Giảm hết 20%', 'https://shopeefood.vn/ha-noi/bun-cha-bun-dau-mam-tom-a-chanh-ao-sen'], ['Cơm Tấm 1945 - Ao Sen', 'Giảm hết 20%', 'https://shopeefood.vn/ha-noi/com-tam-1945-ao-sen'], ['Vịt & Gà Nướng Lu A Đạt - Phố Ao Sen', 'Giảm hết 25%', 'https://shopeefood.vn/ha-noi/vit-ga-nuong-lu-a-dat-pho-ao-sen'], ['Nem Nướng Phở Cuốn Nguyên Xá - Cầu Diễn', 'Giảm món', 'https://shopeefood.vn/ha-noi/nem-nuong-pho-cuon-nguyen-xa-cau-dien'], ['Chân Gà Nướng 79 - Định Công', 'Giảm món', 'https://shopeefood.vn/ha-noi/chan-ga-nuong-79-dinh-cong'], ['CleanFastFood - Thế Giới Đồ Ăn Vặt - Vinhomes Smart City', 'Giảm món', 'https://shopeefood.vn/ha-noi/cleanfastfood-the-gioi-do-an-vat-vinhomes-smart-city'], ['Hương Tròn - Mì Trộn Indomie & Đồ Ăn Vặt - Bùi Xương Trạch', 'Giảm món', 'https://shopeefood.vn/ha-noi/huong-tron-mi-tron-indomie-do-an-vat-bui-xuong-trach'], ['Hồng Quân - Cháo Sườn Sụn - Phan Đình Giót', 'Giảm món', 'https://shopeefood.vn/ha-noi/hong-quan-chao-suon-sun-phan-dinh-giot'], ['Cơm Ngon 125 - Cơm - 32 Ngõ 125 Nguyễn Ngọc Vũ', 'Giảm hết 10%', 'https://shopeefood.vn/ha-noi/com-ngon-125-com-32-ngo-125-nguyen-ngoc-vu.18hkxf'], ['Nem Nướng Nha Trang - Phú Lãm', 'Giảm món', 'https://shopeefood.vn/ha-noi/nem-nuong-nha-trang-phu-lam'], ['Aha Coffee - Vinhomes Smart City', 'Giảm hết 20%', 'https://shopeefood.vn/ha-noi/aha-coffee-vinhomes-smart-city'], ['Đồ Ăn Vặt & Cá Viên Chiên - Đường Láng', 'Giảm món', 'https://shopeefood.vn/ha-noi/do-an-vat-ca-vien-chien-duong-lang'], ['Bún Đậu Làng Mơ - Bún Đậu Mẹt - Yên Hoà', 'Giảm món', 'https://shopeefood.vn/ha-noi/bun-dau-lang-mo-bun-dau-met-yen-hoa.7pgdmq'], ['Tiệm Mì Indo - Đặng Văn Ngữ', 'Giảm món', 'https://shopeefood.vn/ha-noi/tiem-mi-indo-dang-van-ngu'], ['Su Su - Nước Ép, Sinh Tố & Bánh Tráng Trộn - Khương Đình', 'Giảm món', 'https://shopeefood.vn/ha-noi/su-su-nuoc-ep-sinh-to-banh-trang-tron-khuong-dinh'], ['Linh Foody - Nem Chua Rán & Ăn Vặt - Khu Tập Thể Thành Công', 'Giảm hết 30%', 'https://shopeefood.vn/ha-noi/linh-foody-nem-chua-ran-an-vat-khu-tap-the-thanh-cong'], ['Trà SOGA - Mãng Cầu - Nguyễn Trãi', 'Giảm món', 'https://shopeefood.vn/ha-noi/tra-soga-mang-cau-nguyen-trai'], ['Quán Gà Luộc & Gà Ủ Muối Đội Cấn - Khu Tập Thể Thành Công', 'Giảm hết 33%', 'https://shopeefood.vn/ha-noi/quan-ga-luoc-ga-u-muoi-doi-can-khu-tap-the-thanh-cong'], ['Bình Food - Mì Trộn Indomie, Mì Cay & Tokbokki - Thượng Đình', 'Giảm hết 25%', 'https://shopeefood.vn/ha-noi/binh-food-mi-tron-indomie-mi-cay-tokbokki-thuong-dinh'], ['Thuỳ Linh - Cháo Dinh Dưỡng - Đại Từ', 'Giảm món', 'https://shopeefood.vn/ha-noi/thuy-linh-chao-dinh-duong-dai-tu'], ['Quán Chum Tea - Coffee - Triều Khúc', 'Giảm món', 'https://shopeefood.vn/ha-noi/quan-chum-tea-coffee-trieu-khuc'], ['Mì Trộn Thu Trang - Trần Khát Chân', 'Giảm món', 'https://shopeefood.vn/ha-noi/mi-tron-thu-trang-tran-khat-chan'], ['Chân Gà Rút Xương Sốt Thái & Ngâm Sả Tắc - Bếp Mẹ Bi', 'Giảm món', 'https://shopeefood.vn/ha-noi/chan-ga-rut-xuong-sot-thai-ngam-sa-tac-bep-me-bi'], ['Cô Thanh - Kem Bơ Chè Sầu Đà Nẵng - Trần Duy Hưng', 'Giảm món', 'https://shopeefood.vn/ha-noi/co-thanh-kem-bo-che-sau-da-nang-tran-duy-hung'], ['Gà Tươi Phạm Xá - Geleximco Lê Trọng Tấn', 'Giảm món', 'https://shopeefood.vn/ha-noi/ga-tuoi-pham-xa-geleximco-le-trong-tan'], ['Tiệm Mì Aji - Mì Trộn Indomie - Triều Khúc', 'Giảm món', 'https://shopeefood.vn/ha-noi/tiem-mi-aji-mi-tron-indomie-trieu-khuc.nbbfgq'], ['Cô Hân - Phở Bò & Cơm Rang', 'Giảm món', 'https://shopeefood.vn/ha-noi/co-han-pho-bo-com-rang'], ['Quán Ăn Vặt 105 - Cổ Nhuế 2', 'Giảm món', 'https://shopeefood.vn/ha-noi/quan-an-vat-105-co-nhue-2.mlrocm'], ['Cơm Chay An Vui - Đồ Chay Tuệ Lâm - Nguyễn Trãi', 'Giảm món', 'https://shopeefood.vn/ha-noi/com-chay-an-vui-do-chay-tue-lam-nguyen-trai'], ['Huyền Nem Quán - Ăn Nhanh - Nguyễn Đổng Chi', 'Giảm món', 'https://shopeefood.vn/ha-noi/huyen-nem-quan-an-nhanh-nguyen-dong-chi'], ['Nem Nướng Nha Trang H2O - Xuân La', 'Giảm món', 'https://shopeefood.vn/ha-noi/nem-nuong-nha-trang-h2o-xuan-la'], ['Cơm Gà Song Anh - Cơ Sở 1', 'Giảm món', 'https://shopeefood.vn/ha-noi/com-ga-song-anh-co-so-1'], ['Sinh Tố, Nước Ép & Trà Trái Cây AYE - Nguyễn Ngọc Vũ', 'Giảm món', 'https://shopeefood.vn/ha-noi/sinh-to-nuoc-ep-tra-trai-cay-aye-nguyen-ngoc-vu'], ['Tiệm Cú Đêm - Triều Khúc - Shop Online', 'Giảm món', 'https://shopeefood.vn/ha-noi/tiem-cu-dem-trieu-khuc-shop-online'], ['SHIBUYA RAMEN - Linh Lang', 'Giảm món', 'https://shopeefood.vn/ha-noi/shibuya-ramen-linh-lang'], ['Thanh Cảnh - Bánh Mì Chảo', 'Giảm món', 'https://shopeefood.vn/ha-noi/thanh-canh-banh-mi-chao'], ['HeoKay - Mì Trộn Indomie - Nguyễn Khánh Toàn', 'Giảm món', 'https://shopeefood.vn/ha-noi/heokay-mi-tron-indomie-nguyen-khanh-toan'], ['Quán Bà Màu - Món Quê & Đồ Nhậu - Thành Công', 'Giảm món', 'https://shopeefood.vn/ha-noi/quan-ba-mau-mon-que-do-nhau-thanh-cong'], ['Mỳ Gà Tần, Gà Ủ Muối & Đồ Ăn Vặt Phương Thảo', 'Giảm hết 15%', 'https://shopeefood.vn/ha-noi/my-ga-tan-ga-u-muoi-do-an-vat-phuong-thao'], ['Cô Hoa - Cơm Gà & Đồ Ăn Vặt', 'Giảm món', 'https://shopeefood.vn/ha-noi/co-hoa-com-ga-do-an-vat'], ['Cơm Tấm Sườn Cây & Cơm Gà Ta - Hai Phúc - Ciputra Nguyễn Hoàng Tôn', 'Giảm món', 'https://shopeefood.vn/ha-noi/com-tam-suon-cay-com-ga-ta-hai-phuc-ciputra-nguyen-hoang-ton'], ['Thái Hạnh Huy Mai - Ăn Vặt & Xôi Gà Vỏ Giòn', 'Giảm hết 25%', 'https://shopeefood.vn/ha-noi/thai-hanh-huy-mai-an-vat-xoi-ga-vo-gion'], ['Quán Ăn Vặt 24H', 'Giảm hết 25%', 'https://shopeefood.vn/ha-noi/quan-an-vat-24h'], ['Thái Hạnh - Huy Mai - Thiên Đường Ăn Vặt', 'Giảm hết 25%', 'https://shopeefood.vn/ha-noi/thai-hanh-huy-mai-thien-duong-an-vat'], ['Ngọc Linh - Nước Ép Juice Healthy - Dương Khuê', 'Giảm món', 'https://shopeefood.vn/ha-noi/ngoc-linh-nuoc-ep-juice-healthy-duong-khue'], ['Sasuke - Mì Cay & Mì Chua Cay - Chợ Khâm Thiên', 'Flash Sale', 'https://shopeefood.vn/ha-noi/sasuke-mi-cay-mi-chua-cay-cho-kham-thien'], ['Mì JANG - Thái Hà', 'Giảm món', 'https://shopeefood.vn/ha-noi/mi-jang-thai-ha.ilmsow'], ['Ancungnhau - Cơm Văn Phòng & Mì Trộn', 'Giảm món', 'https://shopeefood.vn/ha-noi/ancungnhau-com-van-phong-mi-tron'], ['Trà sữa Mixue - Trần Nguyên Đán', 'Giảm món', 'https://shopeefood.vn/ha-noi/tra-sua-mixue-tran-nguyen-dan'], ['Bánh Mì Nướng Muối Ớt & Bánh Tráng Trộn - Con Chim Non', 'Giảm món', 'https://shopeefood.vn/ha-noi/banh-mi-nuong-muoi-ot-banh-trang-tron-con-chim-non'], ['Mr.Thịnh Gà Rán - Khoai Lang Lắc & Ăn Vặt - Nguyễn Đình Hoàn', 'Giảm hết 10%', 'https://shopeefood.vn/ha-noi/mr-thinh-ga-ran-khoai-lang-lac-an-vat-nguyen-dinh-hoan'], ['San Quán - Đồ Ăn Vặt Xiên Que, Hạt Dẻ & Trà Chanh - Lê Đức Thọ', 'Giảm hết 10%', 'https://shopeefood.vn/ha-noi/san-quan-do-an-vat-xien-que-hat-de-tra-chanh-le-duc-tho'], ['Bánh Mì Que Bảo Lam - Bảo Linh', 'Giảm món', 'https://shopeefood.vn/ha-noi/banh-mi-que-bao-lam-bao-linh'], ['Hằng Thịnh - Cơm Rang Giòn - 211 Phúc Tân', 'Giảm món', 'https://shopeefood.vn/ha-noi/hang-thinh-com-rang-gion-211-phuc-tan'], ['MinMax Fresh - Chè Khoai Dẻo Online', 'Giảm món', 'https://shopeefood.vn/ha-noi/minmax-fresh-che-khoai-deo-online'], ['Shushi - Gà, Mỳ Kim Chi & Thịt Xiên Vặt', 'Giảm hết 15%', 'https://shopeefood.vn/ha-noi/shushi-ga-my-kim-chi-thit-xien-vat'], ['Tiệm Gà Luộc - Gà Ủ Muối, Gà Xông Khói & Xôi Nếp Nương - Shop Online', 'Giảm món', 'https://shopeefood.vn/ha-noi/tiem-ga-luoc-ga-u-muoi-ga-xong-khoi-xoi-nep-nuong-shop-online'], ['Bà Thanh - Tây Sơn', 'Giảm món', 'https://shopeefood.vn/ha-noi/ba-thanh-tay-son.5ocash'], ['Vua Cháo Sườn Sụn & Đồ Ăn Vặt - Shop Online', 'Giảm món', 'https://shopeefood.vn/ha-noi/vua-chao-suon-sun-do-an-vat-shop-online'], ['Cơm Nhà LeO - Đường Láng', 'Giảm món', 'https://shopeefood.vn/ha-noi/com-nha-leo-duong-lang'], ['Trà Sữa Nhật Bản MinMax', 'Giảm món', 'https://shopeefood.vn/ha-noi/tra-sua-nhat-ban-minmax'], ['Gà Quay & Gà Ủ Muối Hoa Tiêu PHÚC XXO - Gà Ủ Muối & Gà Quay', 'Giảm món', 'https://shopeefood.vn/ha-noi/ga-quay-ga-u-muoi-hoa-tieu-phuc-xxo-ga-u-muoi-ga-quay.4bxmrv'], ['Nem Nướng Nha Trang - Bà Thảo Béo', 'Giảm món', 'https://shopeefood.vn/ha-noi/nem-nuong-nha-trang-ba-thao-beo'], ['Quán Tía Tô - Bún Riêu Ốc Cá, Cháo Lòng & Bún Đậu Mắm Tôm', 'Giảm món', 'https://shopeefood.vn/ha-noi/quan-tia-to-bun-rieu-oc-ca-chao-long-bun-dau-mam-tom'], ['Trà Bí Đao Cát Tiên - Lê Hồng Phong', 'Giảm món', 'https://shopeefood.vn/ha-noi/tra-bi-dao-cat-tien-le-hong-phong'], ['Bánh Mì Yến - Bánh Mì Muối Ớt & Sốt Kem Phomai - Văn Chương', 'Giảm món', 'https://shopeefood.vn/ha-noi/banh-mi-yen-banh-mi-muoi-ot-sot-kem-phomai-van-chuong'], ['Bông Meomeo - Đồ Ăn Vặt Online', 'Giảm món', 'https://shopeefood.vn/ha-noi/bong-meomeo-do-an-vat-online'], ['Bún Đậu 23 & Bún Chả Hàng Mành', 'Giảm món', 'https://shopeefood.vn/ha-noi/bun-dau-23-bun-cha-hang-manh'], ['Mầm - Trà Pha Máy Đậm Vị - Nguyễn Văn Cừ', 'Giảm món', 'https://shopeefood.vn/ha-noi/mam-tra-pha-may-dam-vi-nguyen-van-cu'], ['Ăn Vặt Jerry - Ăn Vặt - 116 Khương Đình', 'Giảm hết 10%', 'https://shopeefood.vn/ha-noi/an-vat-jerry-an-vat-116-khuong-dinh'], ['Bảo Phong - Phở Bò, Cơm Rang & Mì Xào - 142 Mai Dịch', 'Giảm món', 'https://shopeefood.vn/ha-noi/bao-phong-pho-bo-com-rang-mi-xao-142-mai-dich'], ['Hoa Quả 88 - Nguyễn Khoái', 'Giảm hết 30%', 'https://shopeefood.vn/ha-noi/hoa-qua-88-nguyen-khoai'], ['Nem Nướng Nha Trang Chính Gốc - Thái Hà', 'Giảm hết 10%', 'https://shopeefood.vn/ha-noi/nem-nuong-nha-trang-chinh-goc-thai-ha'], ['HIẾU FOOD - Nem Chua Rán & Trà Sữa - Tây Sơn', 'Giảm món', 'https://shopeefood.vn/ha-noi/hieu-food-nem-chua-ran-tra-sua-tay-son.69wh1m'], ['Hương Food - Mì Trộn Indomie Ăn Nhanh & Ăn Vặt', 'Giảm món', 'https://shopeefood.vn/ha-noi/huong-food-mi-tron-indomie-an-nhanh-an-vat'], ['Bản Gác Food - Trâu Gác Bếp - Vinhomes Smart City', 'Giảm món', 'https://shopeefood.vn/ha-noi/ban-gac-food-trau-gac-bep-vinhomes-smart-city'], ['Skyward Coffee - Cookiemint, Skyward Hạnh Nhân & Cacao Sữa Dừa - Chùa Láng', 'Giảm món', 'https://shopeefood.vn/ha-noi/skyward-coffee-cookiemint-skyward-hanh-nhan-cacao-sua-dua-chua-lang'], ['Trà Chanh Smile', 'Giảm món', 'https://shopeefood.vn/ha-noi/tra-chanh-smile'], ['Trà Chanh Giã Tay Chị Đẹp - 307 Tô Hiệu', 'Giảm món', 'https://shopeefood.vn/ha-noi/tra-chanh-gia-tay-chi-dep-307-to-hieu'], ['Nem Nướng Nha Trang Anh Tư - Nguyễn Văn Cừ', 'Giảm món', 'https://shopeefood.vn/ha-noi/nem-nuong-nha-trang-anh-tu-nguyen-van-cu'], ['Trà Chanh Giã Tay Chị Đẹp - 3 Nguyễn Biểu', 'Giảm món', 'https://shopeefood.vn/ha-noi/tra-chanh-gia-tay-chi-dep-3-nguyen-bieu'], ['Bánh Cá Taiyaki, Sandwich & Bánh Mì Muối Ớt - Văn Chương', 'Giảm món', 'https://shopeefood.vn/ha-noi/banh-ca-taiyaki-sandwich-banh-mi-muoi-ot-van-chuong'], ['Hidu House - Mỳ Ý & Pizza - Lương Định Của', 'Giảm món', 'https://shopeefood.vn/ha-noi/hidu-house-my-y-pizza-luong-dinh-cua'], ['Tiệm Trà Mãng Cầu Đặc Biệt Hana - Mỹ Đình', 'Giảm hết 40%', 'https://shopeefood.vn/ha-noi/tiem-tra-mang-cau-dac-biet-hana-my-dinh'], ['Cơm Gà 1994 - Nguyễn Khánh Toàn', 'Giảm món', 'https://shopeefood.vn/ha-noi/com-ga-1994-nguyen-khanh-toan'], ['Quán Quân - Mì Tim Cật Chua Cay & Cháo - Khâm Thiên', 'Flash Sale', 'https://shopeefood.vn/ha-noi/quan-quan-mi-tim-cat-chua-cay-chao-kham-thien'], ['Trà Bí Đao Mộc An - Trà Bí Đao - Phan Đăng Lưu', 'Giảm hết 10%', 'https://shopeefood.vn/ha-noi/tra-bi-dao-moc-an-tra-bi-dao-phan-dang-luu'], ['Bánh Mì Sài Gòn - 19Y Thụy Khuê', 'Giảm món', 'https://shopeefood.vn/ha-noi/banh-mi-sai-gon-19y-thuy-khue'], ['Cóc Xoài Bao Tử Khánh Ngọc - Nguyễn Khang', 'Giảm món', 'https://shopeefood.vn/ha-noi/coc-xoai-bao-tu-khanh-ngoc-nguyen-khang.a3rnll'], ['Tmore - Tiệm Trà Chanh - Vĩnh Tuy', 'Giảm hết 10%', 'https://shopeefood.vn/ha-noi/tmore-tiem-tra-chanh-vinh-tuy'], ['Tiệm Trà Dâu Tây Đà Lạt - Mỹ Đình', 'Giảm hết 20%', 'https://shopeefood.vn/ha-noi/tiem-tra-dau-tay-da-lat-my-dinh'], ['Bún Đậu Mắm Tôm & Chân Gà Cô Loan', 'Giảm món', 'https://shopeefood.vn/ha-noi/bun-dau-mam-tom-chan-ga-co-loan'], ['Fong Tea - Trà Sữa Hong Kong', 'Giảm món', 'https://shopeefood.vn/ha-noi/fong-tea-tra-sua-hong-kong'], ['Cơm Mầm Đá - Cơm Gà & Cơm Sườn Nướng - 23 Vũ Phạm Hàm', 'Giảm món', 'https://shopeefood.vn/ha-noi/com-mam-da-com-ga-com-suon-nuong-23-vu-pham-ham'], ['Tiệm Trà Dâu Tây Lê Ca - Chuyên Trà Trái Cây Tươi', 'Giảm hết 40%', 'https://shopeefood.vn/ha-noi/tiem-tra-dau-tay-le-ca-chuyen-tra-trai-cay-tuoi'], ['Kiot Trạm - Cafe Muối, Trà Sữa & Trà Hoa Quả - 27 Trương Công Giai', 'Giảm món', 'https://shopeefood.vn/ha-noi/kiot-tram-cafe-muoi-tra-sua-tra-hoa-qua-27-truong-cong-giai'], ['Bụi Phố Phú Diễn - Trà Sữa, Sữa Chua & Coffee', 'Giảm món', 'https://shopeefood.vn/ha-noi/bui-pho-phu-dien-tra-sua-sua-chua-coffee'], ['Vịt Quay Lò Đúc - Shop Online', 'Giảm món', 'https://shopeefood.vn/ha-noi/vit-quay-lo-duc-shop-online'], ['HATO 159 - Nước Ép, Sinh Tố & Mì Trộn - Nguyễn Chính', 'Giảm món', 'https://shopeefood.vn/ha-noi/hato-159-nuoc-ep-sinh-to-mi-tron-nguyen-chinh'], ['Cà Phê Muối Cô Vân - Phương Mai', 'Giảm món', 'https://shopeefood.vn/ha-noi/ca-phe-muoi-co-van-phuong-mai'], ['Trà Sữa RoyalTea - Đối Diện 35 Yên Hòa', 'Giảm hết 40%', 'https://shopeefood.vn/ha-noi/tra-sua-royaltea-doi-dien-35-yen-hoa'], ['Zing House Cafe - KĐT Văn Khê', 'Giảm hết 20%', 'https://shopeefood.vn/ha-noi/zing-house-cafe-kdt-van-khe'], ['An An - Mỳ Kim Chi & Cơm Văn Phòng - Ngõ 1 Ao Sen', 'Giảm hết 10%', 'https://shopeefood.vn/ha-noi/an-an-my-kim-chi-com-van-phong-ngo-1-ao-sen'], ['Trà Sữa Tiger Sugar - Mễ Trì Thượng', 'Giảm hết 30%', 'https://shopeefood.vn/ha-noi/tra-sua-tiger-sugar-me-tri-thuong'], ['Mì Trộn Indomi Và Đồ Ăn Vặt Dung Dung', 'Giảm hết 10%', 'https://shopeefood.vn/ha-noi/mi-tron-indomi-va-do-an-vat-dung-dung'], ['Tiệm Nhà Liên - Phở Cuốn, Trà Thái & Nước Ép', 'Giảm món', 'https://shopeefood.vn/ha-noi/tiem-nha-lien-pho-cuon-tra-thai-nuoc-ep'], ['Little Kitchen - Tiệm Mì Indome Online', 'Giảm món', 'https://shopeefood.vn/ha-noi/little-kitchen-tiem-mi-indome-online'], ['Ốc Nguyễn - Đê La Thành', 'Flash Sale', 'https://shopeefood.vn/ha-noi/oc-nguyen-de-la-thanh'], ['Baccarat Coffee & Food - Nguyễn Chí Thanh', 'Giảm món', 'https://shopeefood.vn/ha-noi/baccarat-coffee-food-nguyen-chi-thanh'], ['Nem Chua Thanh Hóa - Shop Online - Minh Khai', 'Giảm món', 'https://shopeefood.vn/ha-noi/nem-chua-thanh-hoa-shop-online-minh-khai'], ['Bánh Mì Dân Tổ - Bánh Mì - Ngõ Tự Do', 'Giảm món', 'https://shopeefood.vn/ha-noi/banh-mi-dan-to-banh-mi-ngo-tu-do'], ['Xiên Chiên - Đồ Ăn Vặt Xã Đàn', 'Giảm món', 'https://shopeefood.vn/ha-noi/xien-chien-do-an-vat-xa-dan'], ['Teen Food - Nem Chua Rán Chị Hạnh - Tạ Quang Bửu', 'Giảm món', 'https://shopeefood.vn/ha-noi/teen-food-nem-chua-ran-chi-hanh-ta-quang-buu'], ["Bastet's Home - Trà Sữa & Ăn Vặt - Hà Đông", 'Giảm món', 'https://shopeefood.vn/ha-noi/bastet-s-home-tra-sua-an-vat-ha-dong'], ["LEO'S Tea - Trà Sữa & Ăn Vặt", 'Giảm món', 'https://shopeefood.vn/ha-noi/leo-s-tea-tra-sua-an-vat'], ['Bánh Mỳ Doner Kebeb, Nước Ép Trái Cây & Đồ Ăn Vặt - Bùi Xương Trạch', 'Giảm hết 20%', 'https://shopeefood.vn/ha-noi/banh-my-doner-kebeb-nuoc-ep-trai-cay-do-an-vat-bui-xuong-trach'], ['Cơm Gà Min Food', 'Giảm hết 15%', 'https://shopeefood.vn/ha-noi/min-food-com-ga-spaghetty'], ['GINGAYA - TIỆM ĂN HEALTHY EATCLEAN - DƯƠNG QUẢNG HÀM', 'Giảm món', 'https://shopeefood.vn/ha-noi/gingaya-tiem-an-healthy-eatclean-duong-quang-ham'], ['Bún Đậu Mẹt 268 Tô Hiệu', 'Giảm hết 10%', 'https://shopeefood.vn/ha-noi/bun-dau-met-268-to-hieu'], ['3T Food Chân Gà Sốt Thái - Vương Thừa Vũ', 'Giảm món', 'https://shopeefood.vn/ha-noi/3t-food-chan-ga-sot-thai-vuong-thua-vu'], ['Tiger Sugar Việt Nam - Doãn Kế Thiện', 'Giảm món', 'https://shopeefood.vn/ha-noi/tiger-sugar-viet-nam-doan-ke-thien'], ['Cơm Chay & Ruốc Nấm Thúy Nga - Shop Online', 'Giảm món', 'https://shopeefood.vn/ha-noi/com-chay-ruoc-nam-thuy-nga'], ['Gà Ủ Muối & Vịt Quay Tâm Tươi', 'Giảm hết 10%', 'https://shopeefood.vn/ha-noi/ga-u-muoi-vit-quay-tam-tuoi'], ['Mỳ Cay & Mỳ Trộn - Topokki Leella 1991', 'Giảm món', 'https://shopeefood.vn/ha-noi/my-cay-my-tron-topokki-leella-1991'], ['Mỳ Cay & Lẩu Cốc - Topokki Tiệm 1991', 'Giảm món', 'https://shopeefood.vn/ha-noi/my-cay-lau-coc-topokki-tiem-1991'], ['Nước Ép Trái Cây Khổng Lồ 1991', 'Giảm món', 'https://shopeefood.vn/ha-noi/nuoc-ep-trai-cay-khong-lo-1991'], ['Ăn Vặt Hồ Tây 음식 - Ăn Vặt - Lạc Long Quân', 'Giảm món', 'https://shopeefood.vn/ha-noi/an-vat-ho-tay-%EC%9D%8C%EC%8B%9D-an-vat-lac-long-quan.fsep84'], ['Bếp CiCi - Mì Trộn & Đồ Ăn Vặt Online - Quan Nhân', 'Giảm món', 'https://shopeefood.vn/ha-noi/bep-cici-mi-tron-do-an-vat-online-quan-nhan'], ['Mẹ Bon - Bếp Ăn Vặt & Gà Ủ Muối - Kim Giang', 'Giảm hết 25%', 'https://shopeefood.vn/ha-noi/me-bon-bep-an-vat-ga-u-muoi-kim-giang'], ['Cơm Tấm Anh Ba - Hạ Đình', 'Giảm món', 'https://shopeefood.vn/ha-noi/com-tam-anh-ba-ha-dinh'], ['Nem Nướng Nha Trang - Bún Bậu Mắm Tôm KUBO', 'Giảm hết 15%', 'https://shopeefood.vn/ha-noi/nem-nuong-nha-trang-bun-bau-mam-tom-kubo'], ['Lợi Foods - Lẩu Thái - 1A Phương Canh', 'Giảm món', 'https://shopeefood.vn/ha-noi/loi-foods-lau-thai-1a-phuong-canh'], ['Hoàng Anh - Mì Trộn Indomie - Shop Online', 'Giảm món', 'https://shopeefood.vn/ha-noi/hoang-anh-mi-tron-indomie-shop-online'], ['Gà Rán Seoul - Hoàng Đôn Hoà', 'Giảm món', 'https://shopeefood.vn/ha-noi/ga-ran-seoul-phan-trong-tue'], ['Comi ChefHome - Cơm Xá Xíu & Mỳ Gà Quay - Lê Văn Hiến', 'Giảm món', 'https://shopeefood.vn/ha-noi/comi-chefhome-com-xa-xiu-my-ga-quay-le-van-hien'], ['Bánh Mỳ Thịt Nướng - Nước Ép Nguyên Chất', 'Giảm món', 'https://shopeefood.vn/ha-noi/banh-my-thit-nuong-nuoc-ep-nguyen-chat'], ['Xôi Xoài Dì LOY - Phạm Ngọc Thạch', 'Giảm món', 'https://shopeefood.vn/ha-noi/xoi-xoai-di-loy-pham-ngoc-thach'], ['Cà Phê Muối Diệp Anh - Nước Ép & Sinh Tố - Mỹ Đình', 'Giảm hết 50%', 'https://shopeefood.vn/ha-noi/ca-phe-muoi-diep-anh-nuoc-ep-sinh-to-my-dinh'], ['Bali Quán - 432 Nguyễn Trãi', 'Giảm món', 'https://shopeefood.vn/ha-noi/bali-quan-432-nguyen-trai'], ['Cơm Việt Gren Mart - Lạc Long Quân', 'Giảm món', 'https://shopeefood.vn/ha-noi/com-viet-gren-mart-lac-long-quan'], ['Bánh Mỳ Cay Hải Phòng, Nước Ép & Đồ Ăn Vặt Mẹ CoNan - Định Công', 'Giảm hết 10%', 'https://shopeefood.vn/ha-noi/banh-my-cay-hai-phong-nuoc-ep-do-an-vat-me-conan-dinh-cong'], ['Ăn Vặt Anh Bếu - Đồ Hàn Quốc & Trà Đào - Trần Thái Tông', 'Giảm hết 10%', 'https://shopeefood.vn/ha-noi/an-vat-anh-beu-do-han-quoc-tra-dao-tran-thai-tong'], ['Cơm Rang Đệ Nhất', 'Giảm hết 10%', 'https://shopeefood.vn/ha-noi/com-rang-de-nhat'], ['Tiệm Bánh Gạo - Bánh Sinh Nhật, Bánh Ngọt & Bánh Mỳ - 57 Đê La Thành Nhỏ, Đống Đa', 'Giảm hết 10%', 'https://shopeefood.vn/ha-noi/tiem-banh-gao-banh-sinh-nhat-banh-ngot-banh-my-57-de-la-thanh-nho-dong-da'], ['Tùng Food- Gỏi Cuốn, Bún Trộn & Mì Trộn', 'Giảm món', 'https://shopeefood.vn/ha-noi/tung-food-goi-cuon-bun-tron-mi-tron'], ['Phượng Quán - Xuân Thuỷ', 'Giảm món', 'https://shopeefood.vn/ha-noi/phuong-quan-xuan-thuy'], ['Huyền Anh Bún Riêu Cua Tóp Mỡ - Trần Đại Nghĩa', 'Giảm món', 'https://shopeefood.vn/ha-noi/huyen-anh-bun-rieu-cua-top-mo-tran-dai-nghia'], ['Lakaa - Tea & Coffee Vân Canh', 'Giảm hết 11%', 'https://shopeefood.vn/ha-noi/lakaa-tea-coffee-van-canh'], ['Thu Hường Cake - Trương Định', 'Giảm hết 15%', 'https://shopeefood.vn/ha-noi/thu-huong-cake-truong-dinh'], ['Bếp Của Cậu - Gà Ủ Muối Xuân Đỉnh', 'Giảm món', 'https://shopeefood.vn/ha-noi/bep-cua-cau-ga-u-muoi-xuan-dinh'], ['Bếp Nhỏ Indo - Mỳ Trộn & Đồ Ăn Vặt', 'Giảm món', 'https://shopeefood.vn/ha-noi/bep-nho-indo-my-tron-do-an-vat'], ['Mì Trộn, Chân Gà & Đồ Ăn Vặt - Shop Online', 'Giảm hết 10%', 'https://shopeefood.vn/ha-noi/mi-tron-chan-ga-do-an-vat-shop-online'], ['Trà Sữa Nọng - Lê Trọng Tấn', 'Giảm món', 'https://shopeefood.vn/ha-noi/tra-sua-nong-le-trong-tan'], ['Bún Chả & Bún Đậu Bi Béo - Sài Đồng', 'Giảm món', 'https://shopeefood.vn/ha-noi/bun-cha-bun-dau-bi-beo-sai-dong'], ['Bún Thái, Bún Hải Sản & Bún Cá - Chuẩn Vị Thái Chú Hải', 'Giảm món', 'https://shopeefood.vn/ha-noi/bun-thai-bun-hai-san-bun-ca-chuan-vi-thai-chu-hai'], ['Linh Lê - Gỏi Cuốn, Súp & Hoa Quả Dầm - Đường Láng', 'Giảm hết 10%', 'https://shopeefood.vn/ha-noi/linh-le-goi-cuon-sup-hoa-qua-dam-duong-lang'], ['Long Gà - Nguyễn Sơn', 'Giảm hết 10%', 'https://shopeefood.vn/ha-noi/long-ga-nguyen-son'], ['Trà Chanh Quán - Bánh Mì & Xôi Thịt - KĐT Nam An Khánh', 'Giảm món', 'https://shopeefood.vn/ha-noi/tra-chanh-quan-banh-mi-xoi-thit-kdt-nam-an-khanh'], ['Ngọc Diệp - Bánh Mì Sốt Vang', 'Giảm món', 'https://shopeefood.vn/ha-noi/ngoc-diep-banh-mi-sot-vang'], ['Kem Trà Huyền Linh - Phố Xốm', 'Giảm món', 'https://shopeefood.vn/ha-noi/kem-tra-huyen-linh-pho-xom'], ['Cơm Gà Nam Hội - Lạc Trung', 'Giảm món', 'https://shopeefood.vn/ha-noi/com-ga-nam-hoi-lac-trung'], ['Quán Cơm Hạt Dẻ - Cơm Gà Online', 'Giảm món', 'https://shopeefood.vn/ha-noi/o-ga-com-ga-de-nhat'], ['Tiệm Bánh Youth Cake - Bông Lan Trứng Muối & Red Velvet', 'Giảm món', 'https://shopeefood.vn/ha-noi/tiem-banh-youth-cake-bong-lan-trung-muoi-red-velvet'], ['Cafe Kem Vivi - Tân Mai', 'Giảm hết 20%', 'https://shopeefood.vn/ha-noi/cafe-kem-vivi-tan-mai'], ['Fami Food - Đồ Ăn Vặt, Nem Chua Rán & Viên Chiên Nước Mắm - Cầu Giấy', 'Giảm món', 'https://shopeefood.vn/ha-noi/fami-food-do-an-vat-nem-chua-ran-vien-chien-nuoc-mam-cau-giay'], ['NooShan - Trà Sữa Shan Tuyết Pha Máy - 42 Nguyễn Văn Tuyết', 'Giảm món', 'https://shopeefood.vn/ha-noi/nooshan-tra-sua-shan-tuyet-pha-may-42-nguyen-van-tuyet'], ['Thảo Nguyên Chay - Nhân Mỹ', 'Giảm món', 'https://shopeefood.vn/ha-noi/thao-nguyen-chay-nhan-my'], ['Công Food - Nước Ép, Sinh Tố & Đồ Ăn Vặt - Số 52 Ngõ 110 Kim Hoa', 'Giảm món', 'https://shopeefood.vn/ha-noi/cong-food-nuoc-ep-sinh-to-do-an-vat-so-52-ngo-110-kim-hoa'], ['Cổ Trà - Trà Shan Tuyết 300 Năm Tuổi & Trà Hoa Quả - 94 Trấn Vũ', 'Giảm món', 'https://shopeefood.vn/ha-noi/co-tra-tra-shan-tuyet-300-nam-tuoi-tra-hoa-qua-94-tran-vu'], ['Thực Phẩm Sạch An Bình - Trần Cung', 'Giảm hết 10%', 'https://shopeefood.vn/ha-noi/thuc-pham-sach-an-binh-tran-cung'], ['Cơm Gà Giòn Booby - Trần Đại Nghĩa', 'Giảm món', 'https://shopeefood.vn/ha-noi/banh-mi-kep-cha-bo-booby-tran-dai-nghia'], ['Royaltea - Phú Diễn', 'Giảm món', 'https://shopeefood.vn/ha-noi/royaltea-phu-dien'], ['Bánh Tráng Huyền Linh - Bánh Tráng Trộn, Bánh Tráng Nướng & Bánh Tráng Cuộn - 68 Triều Khúc', 'Giảm món', 'https://shopeefood.vn/ha-noi/banh-trang-huyen-linh-banh-trang-tron-banh-trang-nuong-banh-trang-cuon-68-trieu-khuc'], ['Tiến Trang - Xoài, Cóc & Đồ Ăn Vặt - Shop Online', 'Giảm món', 'https://shopeefood.vn/ha-noi/tien-trang-xoai-coc-do-an-vat-shop-online'], ['Phở Bò Cơm Rang - Nhân Hòa', 'Giảm món', 'https://shopeefood.vn/ha-noi/pho-bo-com-rang-nhan-hoa'], ['Ngon Thạch Quán - 286 Đường Tựu Liệt', 'Giảm món', 'https://shopeefood.vn/ha-noi/ngon-thach-quan-286-duong-tuu-liet'], ['Gà Ủ Muối Thảo Mộc & Gà Quay Lu HongKong - Long Gà Quán', 'Giảm món', 'https://shopeefood.vn/ha-noi/ga-u-muoi-thao-moc-ga-quay-lu-hongkong-long-ga-quan'], ['Mai Trang - Ốc & Ăn Vặt', 'Giảm hết 10%', 'https://shopeefood.vn/ha-noi/mai-trang-oc-an-vat']]
[2024-09-12T14:08:43.572+0000] {taskinstance.py:1149} INFO - Marking task as SUCCESS. dag_id=shopeefood_crawl_and_report, task_id=crawl_list_restaurant, execution_date=20240912T140025, start_date=20240912T140715, end_date=20240912T140843
[2024-09-12T14:08:43.618+0000] {local_task_job_runner.py:234} INFO - Task exited with return code 0
[2024-09-12T14:08:43.643+0000] {taskinstance.py:3312} INFO - 1 downstream tasks scheduled from follow-on schedule check
