[2024-09-12T07:06:28.855+0000] {taskinstance.py:1979} INFO - Dependencies all met for dep_context=non-requeueable deps ti=<TaskInstance: shopeefood_crawl_and_report.crawl_list_restaurant manual__2024-09-12T07:06:28.039683+00:00 [queued]>
[2024-09-12T07:06:28.866+0000] {taskinstance.py:1979} INFO - Dependencies all met for dep_context=requeueable deps ti=<TaskInstance: shopeefood_crawl_and_report.crawl_list_restaurant manual__2024-09-12T07:06:28.039683+00:00 [queued]>
[2024-09-12T07:06:28.868+0000] {taskinstance.py:2193} INFO - Starting attempt 1 of 2
[2024-09-12T07:06:28.885+0000] {taskinstance.py:2217} INFO - Executing <Task(PythonOperator): crawl_list_restaurant> on 2024-09-12 07:06:28.039683+00:00
[2024-09-12T07:06:28.891+0000] {standard_task_runner.py:60} INFO - Started process 3876 to run task
[2024-09-12T07:06:28.894+0000] {standard_task_runner.py:87} INFO - Running: ['***', 'tasks', 'run', 'shopeefood_crawl_and_report', 'crawl_list_restaurant', 'manual__2024-09-12T07:06:28.039683+00:00', '--job-id', '57', '--raw', '--subdir', 'DAGS_FOLDER/main_dag.py', '--cfg-path', '/tmp/tmpzs_ta3ew']
[2024-09-12T07:06:28.896+0000] {standard_task_runner.py:88} INFO - Job 57: Subtask crawl_list_restaurant
[2024-09-12T07:06:28.952+0000] {task_command.py:423} INFO - Running <TaskInstance: shopeefood_crawl_and_report.crawl_list_restaurant manual__2024-09-12T07:06:28.039683+00:00 [running]> on host f432431e979d
[2024-09-12T07:06:29.041+0000] {taskinstance.py:2513} INFO - Exporting env vars: AIRFLOW_CTX_DAG_OWNER='***' AIRFLOW_CTX_DAG_ID='shopeefood_crawl_and_report' AIRFLOW_CTX_TASK_ID='crawl_list_restaurant' AIRFLOW_CTX_EXECUTION_DATE='2024-09-12T07:06:28.039683+00:00' AIRFLOW_CTX_TRY_NUMBER='1' AIRFLOW_CTX_DAG_RUN_ID='manual__2024-09-12T07:06:28.039683+00:00'
[2024-09-12T07:06:38.209+0000] {logging_mixin.py:188} INFO - Lỗi khi chuyển trang hoặc crawl trang: Message: element click intercepted: Element <span class="icon icon-paging-next"></span> is not clickable at point (776, 545). Other element would receive the click: <a class="control-link" href="https://itunes.apple.com/us/app/deliverynow/id1137866760" target="_blank" rel="noopener noreferrer">...</a>
  (Session info: headless chrome=117.0.5938.132)
Stacktrace:
#0 0x55a6b51556b3 <unknown>
#1 0x55a6b4e2b1e7 <unknown>
#2 0x55a6b4e7865d <unknown>
#3 0x55a6b4e769fd <unknown>
#4 0x55a6b4e747b8 <unknown>
#5 0x55a6b4e73827 <unknown>
#6 0x55a6b4e684f9 <unknown>
#7 0x55a6b4e940c2 <unknown>
#8 0x55a6b4e67f16 <unknown>
#9 0x55a6b4e9428e <unknown>
#10 0x55a6b4ead322 <unknown>
#11 0x55a6b4e93e93 <unknown>
#12 0x55a6b4e66934 <unknown>
#13 0x55a6b4e6771e <unknown>
#14 0x55a6b511acb8 <unknown>
#15 0x55a6b511ebf0 <unknown>
#16 0x55a6b512919c <unknown>
#17 0x55a6b511f808 <unknown>
#18 0x55a6b50ec27f <unknown>
#19 0x55a6b5143e88 <unknown>
#20 0x55a6b5144059 <unknown>
#21 0x55a6b5154843 <unknown>
#22 0x7f3626ac7609 start_thread
[2024-09-12T07:06:38.311+0000] {python.py:202} INFO - Done. Returned value was: [['Bếp Việt - Cơm Văn Phòng - Đông Thiên', 'Giảm hết 10%', 'https://shopeefood.vn/ha-noi/bep-viet-com-van-phong-dong-thien'], ['Trà Sữa Tocotoco - Nguyễn Hoàng', 'Đồng giá 29k', 'https://shopeefood.vn/ha-noi/tra-sua-tocotoco-nguyen-hoang'], ['Bún Thủy - Trần Nhật Duật', 'Giảm món', 'https://shopeefood.vn/ha-noi/bun-thuy-tran-nhat-duat'], ['Texas Chicken - Aeon Mall Hà Đông', 'Giảm món', 'https://shopeefood.vn/ha-noi/texas-chicken-aeon-mall-ha-dong'], ['Long Wang Cơ Sở 1 - Dim Sum Hongkong - 84 Ngọc Khánh', 'Giảm món', 'https://shopeefood.vn/ha-noi/long-wang-co-so-1-dim-sum-hongkong-84-ngoc-khanh'], ['Korea House - Đồ Ăn Hàn Quốc Và Cơm Trộn - Ngõ Chùa Liên Phái', 'Giảm giá 20%', 'https://shopeefood.vn/ha-noi/korea-house-do-an-han-quoc-va-com-tron-ngo-chua-lien-phai'], ['Tiệm Gà Rán Óng Ánh - Chùa Láng', 'Giảm món', 'https://shopeefood.vn/ha-noi/tiem-ga-ran-ong-anh-chua-lang'], ['Trà Sữa Seko Tea - Mễ Trì Thượng', 'Giảm hết 50%', 'https://shopeefood.vn/ha-noi/seko-tea-tra-sua-dai-loan'], ['Royal Tea - Trà Sữa Trân Châu - Hồ Tùng Mậu', 'Giảm hết 40%', 'https://shopeefood.vn/ha-noi/royal-tea-tra-sua-tran-chau-ho-tung-mau'], ['Trà sữa LeeTee - Kem Trứng & Trà Hoa Quả - Láng Hạ', 'Giảm hết 40%', 'https://shopeefood.vn/ha-noi/tra-sua-leetee-kem-trung-tra-hoa-qua-lang-ha'], ['Trà Sữa Tocotoco - Thiên Đường Bảo Sơn', 'Giảm món', 'https://shopeefood.vn/ha-noi/tra-sua-tocotoco-thien-duong-bao-son'], ['Ngọc - Cháo Lòng Ngon & Bún Đậu Mẹt', 'Giảm hết 20%', 'https://shopeefood.vn/ha-noi/ngoc-chao-long-ngon-bun-dau-met'], ['Bánh Mì Bắp - Gà Popcorn & Bánh Mì Gà Nem - Trần Quang Diệu', 'Giảm hết 15%', 'https://shopeefood.vn/ha-noi/banh-mi-bap-ga-popcorn-banh-mi-ga-nem-tran-quang-dieu'], ['Master Tea 美茶 - Bồ Đề', 'Giảm món', 'https://shopeefood.vn/ha-noi/master-tea-%E7%BE%8E%E8%8C%B6-bo-de'], ['Trà Sữa Royaltea - Lê Lai', 'Giảm hết 50%', 'https://shopeefood.vn/ha-noi/tra-sua-royaltea-le-lai'], ['Bếp Mẹ Thỏ - Bún, Miến & Phở Trộn Online', 'Giảm hết 10%', 'https://shopeefood.vn/ha-noi/bep-me-tho-bun-mien-pho-tron-online'], ['Kem Dairy Queen - Royal City', 'Giảm món', 'https://shopeefood.vn/ha-noi/dairy-queen-royal-city'], ["Kem Swensen's - Times City", 'Giảm món', 'https://shopeefood.vn/ha-noi/kem-swensen-s-times-city'], ['Tiệm Cơm ChisnBa - Cơm Rang Zòn - Trần Vỹ', 'Giảm hết 15%', 'https://shopeefood.vn/ha-noi/tiem-com-chisnba-com-rang-zon-tran-vy'], ['Trà Chanh Dương Dương - Mì Cay, Tokbokki - Shop Online', 'Giảm món', 'https://shopeefood.vn/ha-noi/tra-chanh-duong-duong-mi-cay-tokbokki-shop-online'], ['Gà Rán Five Star - 04 Yên Hòa', 'Giảm món', 'https://shopeefood.vn/ha-noi/ga-ran-five-star-04-yen-hoa'], ['Bánh Mì Minh Nhật - Duy Tân', 'Giảm món', 'https://shopeefood.vn/ha-noi/banh-mi-minh-nhat-duy-tan'], ['The Pizza Company - Đoàn Trần Nghiệp', 'Giảm món', 'https://shopeefood.vn/ha-noi/the-pizza-company-doan-tran-nghiep'], ['Tâm Anh - Nem Nướng Nha Trang - Ngõ Chùa Đối Diện 228 Mễ Trì Thượng', 'Giảm món', 'https://shopeefood.vn/ha-noi/tam-anh-nem-nuong-nha-trang-ngo-chua-doi-dien-228-me-tri-thuong'], ['Tiệm Gà Rán Số 19 - Hào Nam', 'Giảm món', 'https://shopeefood.vn/ha-noi/tiem-ga-ran-so-19-hao-nam'], ['Bonchon Chicken - Lạc Long Quân', 'Giảm món', 'https://shopeefood.vn/ha-noi/bonchon-chicken-lac-long-quan'], ['Bếp Mẹ Su - Phở Tíu - Shop Online - Lạc Long Quân', 'Giảm hết 22%', 'https://shopeefood.vn/ha-noi/bep-me-su-pho-tiu-shop-online-lac-long-quan'], ['Vịt 29 - Vịt Quay Bắc Kinh - Bạch Mai', 'Giảm món', 'https://shopeefood.vn/ha-noi/vit-29-vit-quay-bac-kinh-bach-mai'], ['Sữa Chua Trân Châu Hạ Long - Quốc Lộ 32', 'Giảm món', 'https://shopeefood.vn/ha-noi/sua-chua-tran-chau-ha-long-quoc-lo-32'], ['Mỳ Ếch Chua Cay Trần Quỳnh - 30 Nguyễn Thái Học', 'Giảm món', 'https://shopeefood.vn/ha-noi/my-ech-chua-cay-tran-quynh-30-nguyen-thai-hoc']]
[2024-09-12T07:06:38.465+0000] {taskinstance.py:1149} INFO - Marking task as SUCCESS. dag_id=shopeefood_crawl_and_report, task_id=crawl_list_restaurant, execution_date=20240912T070628, start_date=20240912T070628, end_date=20240912T070638
[2024-09-12T07:06:38.504+0000] {local_task_job_runner.py:234} INFO - Task exited with return code 0
[2024-09-12T07:06:38.530+0000] {taskinstance.py:3312} INFO - 1 downstream tasks scheduled from follow-on schedule check
