[2024-09-10T19:11:21.998+0000] {taskinstance.py:1979} INFO - Dependencies all met for dep_context=non-requeueable deps ti=<TaskInstance: shopeefood_crawl_and_report.process_report manual__2024-09-10T19:03:42.935865+00:00 [queued]>
[2024-09-10T19:11:22.027+0000] {taskinstance.py:1979} INFO - Dependencies all met for dep_context=requeueable deps ti=<TaskInstance: shopeefood_crawl_and_report.process_report manual__2024-09-10T19:03:42.935865+00:00 [queued]>
[2024-09-10T19:11:22.035+0000] {taskinstance.py:2193} INFO - Starting attempt 1 of 2
[2024-09-10T19:11:22.063+0000] {taskinstance.py:2217} INFO - Executing <Task(PythonOperator): process_report> on 2024-09-10 19:03:42.935865+00:00
[2024-09-10T19:11:22.071+0000] {standard_task_runner.py:60} INFO - Started process 3358 to run task
[2024-09-10T19:11:22.074+0000] {standard_task_runner.py:87} INFO - Running: ['***', 'tasks', 'run', 'shopeefood_crawl_and_report', 'process_report', 'manual__2024-09-10T19:03:42.935865+00:00', '--job-id', '32', '--raw', '--subdir', 'DAGS_FOLDER/main_dag.py', '--cfg-path', '/tmp/tmpwqcpepwi']
[2024-09-10T19:11:22.078+0000] {standard_task_runner.py:88} INFO - Job 32: Subtask process_report
[2024-09-10T19:11:22.132+0000] {task_command.py:423} INFO - Running <TaskInstance: shopeefood_crawl_and_report.process_report manual__2024-09-10T19:03:42.935865+00:00 [running]> on host 32137a89b089
[2024-09-10T19:11:22.398+0000] {taskinstance.py:2513} INFO - Exporting env vars: AIRFLOW_CTX_DAG_OWNER='***' AIRFLOW_CTX_DAG_ID='shopeefood_crawl_and_report' AIRFLOW_CTX_TASK_ID='process_report' AIRFLOW_CTX_EXECUTION_DATE='2024-09-10T19:03:42.935865+00:00' AIRFLOW_CTX_TRY_NUMBER='1' AIRFLOW_CTX_DAG_RUN_ID='manual__2024-09-10T19:03:42.935865+00:00'
[2024-09-10T19:11:22.402+0000] {taskinstance.py:2731} ERROR - Task failed with exception
Traceback (most recent call last):
  File "/home/airflow/.local/lib/python3.8/site-packages/airflow/models/taskinstance.py", line 444, in _execute_task
    result = _execute_callable(context=context, **execute_callable_kwargs)
  File "/home/airflow/.local/lib/python3.8/site-packages/airflow/models/taskinstance.py", line 414, in _execute_callable
    return execute_callable(context=context, **execute_callable_kwargs)
  File "/home/airflow/.local/lib/python3.8/site-packages/airflow/operators/python.py", line 200, in execute
    return_value = self.execute_callable()
  File "/home/airflow/.local/lib/python3.8/site-packages/airflow/operators/python.py", line 217, in execute_callable
    return self.python_callable(*self.op_args, **self.op_kwargs)
  File "/opt/airflow/dags/report/process_data.py", line 4, in process_get_report
    df = pd.read_csv('/opt/airflow/dags/raw_restaurant_data.csv')
  File "/home/airflow/.local/lib/python3.8/site-packages/pandas/io/parsers/readers.py", line 912, in read_csv
    return _read(filepath_or_buffer, kwds)
  File "/home/airflow/.local/lib/python3.8/site-packages/pandas/io/parsers/readers.py", line 577, in _read
    parser = TextFileReader(filepath_or_buffer, **kwds)
  File "/home/airflow/.local/lib/python3.8/site-packages/pandas/io/parsers/readers.py", line 1407, in __init__
    self._engine = self._make_engine(f, self.engine)
  File "/home/airflow/.local/lib/python3.8/site-packages/pandas/io/parsers/readers.py", line 1661, in _make_engine
    self.handles = get_handle(
  File "/home/airflow/.local/lib/python3.8/site-packages/pandas/io/common.py", line 859, in get_handle
    handle = open(
FileNotFoundError: [Errno 2] No such file or directory: '/opt/airflow/dags/raw_restaurant_data.csv'
[2024-09-10T19:11:22.422+0000] {taskinstance.py:1149} INFO - Marking task as UP_FOR_RETRY. dag_id=shopeefood_crawl_and_report, task_id=process_report, execution_date=20240910T190342, start_date=20240910T191122, end_date=20240910T191122
[2024-09-10T19:11:22.440+0000] {standard_task_runner.py:107} ERROR - Failed to execute job 32 for task process_report ([Errno 2] No such file or directory: '/opt/airflow/dags/raw_restaurant_data.csv'; 3358)
[2024-09-10T19:11:22.489+0000] {local_task_job_runner.py:234} INFO - Task exited with return code 1
[2024-09-10T19:11:22.522+0000] {taskinstance.py:3312} INFO - 0 downstream tasks scheduled from follow-on schedule check
