[2024-09-12T12:09:47.468+0000] {taskinstance.py:1979} INFO - Dependencies all met for dep_context=non-requeueable deps ti=<TaskInstance: shopeefood_crawl_and_report.crawl_list_restaurant manual__2024-09-12T12:09:46.494042+00:00 [queued]>
[2024-09-12T12:09:47.480+0000] {taskinstance.py:1979} INFO - Dependencies all met for dep_context=requeueable deps ti=<TaskInstance: shopeefood_crawl_and_report.crawl_list_restaurant manual__2024-09-12T12:09:46.494042+00:00 [queued]>
[2024-09-12T12:09:47.481+0000] {taskinstance.py:2193} INFO - Starting attempt 1 of 2
[2024-09-12T12:09:47.496+0000] {taskinstance.py:2217} INFO - Executing <Task(PythonOperator): crawl_list_restaurant> on 2024-09-12 12:09:46.494042+00:00
[2024-09-12T12:09:47.501+0000] {standard_task_runner.py:60} INFO - Started process 5319 to run task
[2024-09-12T12:09:47.504+0000] {standard_task_runner.py:87} INFO - Running: ['***', 'tasks', 'run', 'shopeefood_crawl_and_report', 'crawl_list_restaurant', 'manual__2024-09-12T12:09:46.494042+00:00', '--job-id', '39', '--raw', '--subdir', 'DAGS_FOLDER/main_dag.py', '--cfg-path', '/tmp/tmps_8maxxu']
[2024-09-12T12:09:47.506+0000] {standard_task_runner.py:88} INFO - Job 39: Subtask crawl_list_restaurant
[2024-09-12T12:09:47.556+0000] {task_command.py:423} INFO - Running <TaskInstance: shopeefood_crawl_and_report.crawl_list_restaurant manual__2024-09-12T12:09:46.494042+00:00 [running]> on host bc7cb9c82b76
[2024-09-12T12:09:47.801+0000] {taskinstance.py:2513} INFO - Exporting env vars: AIRFLOW_CTX_DAG_OWNER='***' AIRFLOW_CTX_DAG_ID='shopeefood_crawl_and_report' AIRFLOW_CTX_TASK_ID='crawl_list_restaurant' AIRFLOW_CTX_EXECUTION_DATE='2024-09-12T12:09:46.494042+00:00' AIRFLOW_CTX_TRY_NUMBER='1' AIRFLOW_CTX_DAG_RUN_ID='manual__2024-09-12T12:09:46.494042+00:00'
[2024-09-12T12:10:13.750+0000] {logging_mixin.py:188} INFO - Lỗi khi lấy thông tin cửa hàng: Message: no such element: Unable to locate element: {"method":"css selector","selector":".content-promotion"}
  (Session info: headless chrome=117.0.5938.132); For documentation on this error, please visit: https://www.selenium.dev/documentation/webdriver/troubleshooting/errors#no-such-element-exception
Stacktrace:
#0 0x55cedafb86b3 <unknown>
#1 0x55cedac8e1e7 <unknown>
#2 0x55cedacd5566 <unknown>
#3 0x55cedacd5651 <unknown>
#4 0x55cedaccb046 <unknown>
#5 0x55cedacf70ed <unknown>
#6 0x55cedaccaf16 <unknown>
#7 0x55cedacf728e <unknown>
#8 0x55cedad10322 <unknown>
#9 0x55cedacf6e93 <unknown>
#10 0x55cedacc9934 <unknown>
#11 0x55cedacca71e <unknown>
#12 0x55cedaf7dcb8 <unknown>
#13 0x55cedaf81bf0 <unknown>
#14 0x55cedaf8c19c <unknown>
#15 0x55cedaf82808 <unknown>
#16 0x55cedaf4f27f <unknown>
#17 0x55cedafa6e88 <unknown>
#18 0x55cedafa7059 <unknown>
#19 0x55cedafb7843 <unknown>
#20 0x7f01026c8609 start_thread
[2024-09-12T12:10:13.905+0000] {logging_mixin.py:188} INFO - Lỗi khi lấy thông tin cửa hàng: Message: no such element: Unable to locate element: {"method":"css selector","selector":".content-promotion"}
  (Session info: headless chrome=117.0.5938.132); For documentation on this error, please visit: https://www.selenium.dev/documentation/webdriver/troubleshooting/errors#no-such-element-exception
Stacktrace:
#0 0x55cedafb86b3 <unknown>
#1 0x55cedac8e1e7 <unknown>
#2 0x55cedacd5566 <unknown>
#3 0x55cedacd5651 <unknown>
#4 0x55cedaccb046 <unknown>
#5 0x55cedacf70ed <unknown>
#6 0x55cedaccaf16 <unknown>
#7 0x55cedacf728e <unknown>
#8 0x55cedad10322 <unknown>
#9 0x55cedacf6e93 <unknown>
#10 0x55cedacc9934 <unknown>
#11 0x55cedacca71e <unknown>
#12 0x55cedaf7dcb8 <unknown>
#13 0x55cedaf81bf0 <unknown>
#14 0x55cedaf8c19c <unknown>
#15 0x55cedaf82808 <unknown>
#16 0x55cedaf4f27f <unknown>
#17 0x55cedafa6e88 <unknown>
#18 0x55cedafa7059 <unknown>
#19 0x55cedafb7843 <unknown>
#20 0x7f01026c8609 start_thread
[2024-09-12T12:10:18.701+0000] {logging_mixin.py:188} INFO - Lỗi khi lấy thông tin cửa hàng: Message: no such element: Unable to locate element: {"method":"css selector","selector":".content-promotion"}
  (Session info: headless chrome=117.0.5938.132); For documentation on this error, please visit: https://www.selenium.dev/documentation/webdriver/troubleshooting/errors#no-such-element-exception
Stacktrace:
#0 0x55cedafb86b3 <unknown>
#1 0x55cedac8e1e7 <unknown>
#2 0x55cedacd5566 <unknown>
#3 0x55cedacd5651 <unknown>
#4 0x55cedaccb046 <unknown>
#5 0x55cedacf70ed <unknown>
#6 0x55cedaccaf16 <unknown>
#7 0x55cedacf728e <unknown>
#8 0x55cedad10322 <unknown>
#9 0x55cedacf6e93 <unknown>
#10 0x55cedacc9934 <unknown>
#11 0x55cedacca71e <unknown>
#12 0x55cedaf7dcb8 <unknown>
#13 0x55cedaf81bf0 <unknown>
#14 0x55cedaf8c19c <unknown>
#15 0x55cedaf82808 <unknown>
#16 0x55cedaf4f27f <unknown>
#17 0x55cedafa6e88 <unknown>
#18 0x55cedafa7059 <unknown>
#19 0x55cedafb7843 <unknown>
#20 0x7f01026c8609 start_thread
[2024-09-12T12:10:18.816+0000] {logging_mixin.py:188} INFO - Lỗi khi lấy thông tin cửa hàng: Message: no such element: Unable to locate element: {"method":"css selector","selector":".content-promotion"}
  (Session info: headless chrome=117.0.5938.132); For documentation on this error, please visit: https://www.selenium.dev/documentation/webdriver/troubleshooting/errors#no-such-element-exception
Stacktrace:
#0 0x55cedafb86b3 <unknown>
#1 0x55cedac8e1e7 <unknown>
#2 0x55cedacd5566 <unknown>
#3 0x55cedacd5651 <unknown>
#4 0x55cedaccb046 <unknown>
#5 0x55cedacf70ed <unknown>
#6 0x55cedaccaf16 <unknown>
#7 0x55cedacf728e <unknown>
#8 0x55cedad10322 <unknown>
#9 0x55cedacf6e93 <unknown>
#10 0x55cedacc9934 <unknown>
#11 0x55cedacca71e <unknown>
#12 0x55cedaf7dcb8 <unknown>
#13 0x55cedaf81bf0 <unknown>
#14 0x55cedaf8c19c <unknown>
#15 0x55cedaf82808 <unknown>
#16 0x55cedaf4f27f <unknown>
#17 0x55cedafa6e88 <unknown>
#18 0x55cedafa7059 <unknown>
#19 0x55cedafb7843 <unknown>
#20 0x7f01026c8609 start_thread
[2024-09-12T12:10:18.931+0000] {logging_mixin.py:188} INFO - Lỗi khi lấy thông tin cửa hàng: Message: no such element: Unable to locate element: {"method":"css selector","selector":".content-promotion"}
  (Session info: headless chrome=117.0.5938.132); For documentation on this error, please visit: https://www.selenium.dev/documentation/webdriver/troubleshooting/errors#no-such-element-exception
Stacktrace:
#0 0x55cedafb86b3 <unknown>
#1 0x55cedac8e1e7 <unknown>
#2 0x55cedacd5566 <unknown>
#3 0x55cedacd5651 <unknown>
#4 0x55cedaccb046 <unknown>
#5 0x55cedacf70ed <unknown>
#6 0x55cedaccaf16 <unknown>
#7 0x55cedacf728e <unknown>
#8 0x55cedad10322 <unknown>
#9 0x55cedacf6e93 <unknown>
#10 0x55cedacc9934 <unknown>
#11 0x55cedacca71e <unknown>
#12 0x55cedaf7dcb8 <unknown>
#13 0x55cedaf81bf0 <unknown>
#14 0x55cedaf8c19c <unknown>
#15 0x55cedaf82808 <unknown>
#16 0x55cedaf4f27f <unknown>
#17 0x55cedafa6e88 <unknown>
#18 0x55cedafa7059 <unknown>
#19 0x55cedafb7843 <unknown>
#20 0x7f01026c8609 start_thread
[2024-09-12T12:10:19.920+0000] {logging_mixin.py:188} INFO - Lỗi khi lấy thông tin cửa hàng: Message: no such element: Unable to locate element: {"method":"css selector","selector":".content-promotion"}
  (Session info: headless chrome=117.0.5938.132); For documentation on this error, please visit: https://www.selenium.dev/documentation/webdriver/troubleshooting/errors#no-such-element-exception
Stacktrace:
#0 0x55cedafb86b3 <unknown>
#1 0x55cedac8e1e7 <unknown>
#2 0x55cedacd5566 <unknown>
#3 0x55cedacd5651 <unknown>
#4 0x55cedaccb046 <unknown>
#5 0x55cedacf70ed <unknown>
#6 0x55cedaccaf16 <unknown>
#7 0x55cedacf728e <unknown>
#8 0x55cedad10322 <unknown>
#9 0x55cedacf6e93 <unknown>
#10 0x55cedacc9934 <unknown>
#11 0x55cedacca71e <unknown>
#12 0x55cedaf7dcb8 <unknown>
#13 0x55cedaf81bf0 <unknown>
#14 0x55cedaf8c19c <unknown>
#15 0x55cedaf82808 <unknown>
#16 0x55cedaf4f27f <unknown>
#17 0x55cedafa6e88 <unknown>
#18 0x55cedafa7059 <unknown>
#19 0x55cedafb7843 <unknown>
#20 0x7f01026c8609 start_thread
[2024-09-12T12:10:22.103+0000] {logging_mixin.py:188} INFO - Lỗi khi lấy thông tin cửa hàng: Message: no such element: Unable to locate element: {"method":"css selector","selector":".content-promotion"}
  (Session info: headless chrome=117.0.5938.132); For documentation on this error, please visit: https://www.selenium.dev/documentation/webdriver/troubleshooting/errors#no-such-element-exception
Stacktrace:
#0 0x55cedafb86b3 <unknown>
#1 0x55cedac8e1e7 <unknown>
#2 0x55cedacd5566 <unknown>
#3 0x55cedacd5651 <unknown>
#4 0x55cedaccb046 <unknown>
#5 0x55cedacf70ed <unknown>
#6 0x55cedaccaf16 <unknown>
#7 0x55cedacf728e <unknown>
#8 0x55cedad10322 <unknown>
#9 0x55cedacf6e93 <unknown>
#10 0x55cedacc9934 <unknown>
#11 0x55cedacca71e <unknown>
#12 0x55cedaf7dcb8 <unknown>
#13 0x55cedaf81bf0 <unknown>
#14 0x55cedaf8c19c <unknown>
#15 0x55cedaf82808 <unknown>
#16 0x55cedaf4f27f <unknown>
#17 0x55cedafa6e88 <unknown>
#18 0x55cedafa7059 <unknown>
#19 0x55cedafb7843 <unknown>
#20 0x7f01026c8609 start_thread
[2024-09-12T12:10:22.536+0000] {logging_mixin.py:188} INFO - Lỗi khi lấy thông tin cửa hàng: Message: no such element: Unable to locate element: {"method":"css selector","selector":".content-promotion"}
  (Session info: headless chrome=117.0.5938.132); For documentation on this error, please visit: https://www.selenium.dev/documentation/webdriver/troubleshooting/errors#no-such-element-exception
Stacktrace:
#0 0x55cedafb86b3 <unknown>
#1 0x55cedac8e1e7 <unknown>
#2 0x55cedacd5566 <unknown>
#3 0x55cedacd5651 <unknown>
#4 0x55cedaccb046 <unknown>
#5 0x55cedacf70ed <unknown>
#6 0x55cedaccaf16 <unknown>
#7 0x55cedacf728e <unknown>
#8 0x55cedad10322 <unknown>
#9 0x55cedacf6e93 <unknown>
#10 0x55cedacc9934 <unknown>
#11 0x55cedacca71e <unknown>
#12 0x55cedaf7dcb8 <unknown>
#13 0x55cedaf81bf0 <unknown>
#14 0x55cedaf8c19c <unknown>
#15 0x55cedaf82808 <unknown>
#16 0x55cedaf4f27f <unknown>
#17 0x55cedafa6e88 <unknown>
#18 0x55cedafa7059 <unknown>
#19 0x55cedafb7843 <unknown>
#20 0x7f01026c8609 start_thread
[2024-09-12T12:10:22.848+0000] {logging_mixin.py:188} INFO - Lỗi khi lấy thông tin cửa hàng: Message: no such element: Unable to locate element: {"method":"css selector","selector":".content-promotion"}
  (Session info: headless chrome=117.0.5938.132); For documentation on this error, please visit: https://www.selenium.dev/documentation/webdriver/troubleshooting/errors#no-such-element-exception
Stacktrace:
#0 0x55cedafb86b3 <unknown>
#1 0x55cedac8e1e7 <unknown>
#2 0x55cedacd5566 <unknown>
#3 0x55cedacd5651 <unknown>
#4 0x55cedaccb046 <unknown>
#5 0x55cedacf70ed <unknown>
#6 0x55cedaccaf16 <unknown>
#7 0x55cedacf728e <unknown>
#8 0x55cedad10322 <unknown>
#9 0x55cedacf6e93 <unknown>
#10 0x55cedacc9934 <unknown>
#11 0x55cedacca71e <unknown>
#12 0x55cedaf7dcb8 <unknown>
#13 0x55cedaf81bf0 <unknown>
#14 0x55cedaf8c19c <unknown>
#15 0x55cedaf82808 <unknown>
#16 0x55cedaf4f27f <unknown>
#17 0x55cedafa6e88 <unknown>
#18 0x55cedafa7059 <unknown>
#19 0x55cedafb7843 <unknown>
#20 0x7f01026c8609 start_thread
[2024-09-12T12:10:22.922+0000] {logging_mixin.py:188} INFO - Lỗi khi lấy thông tin cửa hàng: Message: no such element: Unable to locate element: {"method":"css selector","selector":".content-promotion"}
  (Session info: headless chrome=117.0.5938.132); For documentation on this error, please visit: https://www.selenium.dev/documentation/webdriver/troubleshooting/errors#no-such-element-exception
Stacktrace:
#0 0x55cedafb86b3 <unknown>
#1 0x55cedac8e1e7 <unknown>
#2 0x55cedacd5566 <unknown>
#3 0x55cedacd5651 <unknown>
#4 0x55cedaccb046 <unknown>
#5 0x55cedacf70ed <unknown>
#6 0x55cedaccaf16 <unknown>
#7 0x55cedacf728e <unknown>
#8 0x55cedad10322 <unknown>
#9 0x55cedacf6e93 <unknown>
#10 0x55cedacc9934 <unknown>
#11 0x55cedacca71e <unknown>
#12 0x55cedaf7dcb8 <unknown>
#13 0x55cedaf81bf0 <unknown>
#14 0x55cedaf8c19c <unknown>
#15 0x55cedaf82808 <unknown>
#16 0x55cedaf4f27f <unknown>
#17 0x55cedafa6e88 <unknown>
#18 0x55cedafa7059 <unknown>
#19 0x55cedafb7843 <unknown>
#20 0x7f01026c8609 start_thread
[2024-09-12T12:10:22.993+0000] {logging_mixin.py:188} INFO - Lỗi khi lấy thông tin cửa hàng: Message: no such element: Unable to locate element: {"method":"css selector","selector":".content-promotion"}
  (Session info: headless chrome=117.0.5938.132); For documentation on this error, please visit: https://www.selenium.dev/documentation/webdriver/troubleshooting/errors#no-such-element-exception
Stacktrace:
#0 0x55cedafb86b3 <unknown>
#1 0x55cedac8e1e7 <unknown>
#2 0x55cedacd5566 <unknown>
#3 0x55cedacd5651 <unknown>
#4 0x55cedaccb046 <unknown>
#5 0x55cedacf70ed <unknown>
#6 0x55cedaccaf16 <unknown>
#7 0x55cedacf728e <unknown>
#8 0x55cedad10322 <unknown>
#9 0x55cedacf6e93 <unknown>
#10 0x55cedacc9934 <unknown>
#11 0x55cedacca71e <unknown>
#12 0x55cedaf7dcb8 <unknown>
#13 0x55cedaf81bf0 <unknown>
#14 0x55cedaf8c19c <unknown>
#15 0x55cedaf82808 <unknown>
#16 0x55cedaf4f27f <unknown>
#17 0x55cedafa6e88 <unknown>
#18 0x55cedafa7059 <unknown>
#19 0x55cedafb7843 <unknown>
#20 0x7f01026c8609 start_thread
[2024-09-12T12:10:23.157+0000] {logging_mixin.py:188} INFO - Lỗi khi lấy thông tin cửa hàng: Message: no such element: Unable to locate element: {"method":"css selector","selector":".content-promotion"}
  (Session info: headless chrome=117.0.5938.132); For documentation on this error, please visit: https://www.selenium.dev/documentation/webdriver/troubleshooting/errors#no-such-element-exception
Stacktrace:
#0 0x55cedafb86b3 <unknown>
#1 0x55cedac8e1e7 <unknown>
#2 0x55cedacd5566 <unknown>
#3 0x55cedacd5651 <unknown>
#4 0x55cedaccb046 <unknown>
#5 0x55cedacf70ed <unknown>
#6 0x55cedaccaf16 <unknown>
#7 0x55cedacf728e <unknown>
#8 0x55cedad10322 <unknown>
#9 0x55cedacf6e93 <unknown>
#10 0x55cedacc9934 <unknown>
#11 0x55cedacca71e <unknown>
#12 0x55cedaf7dcb8 <unknown>
#13 0x55cedaf81bf0 <unknown>
#14 0x55cedaf8c19c <unknown>
#15 0x55cedaf82808 <unknown>
#16 0x55cedaf4f27f <unknown>
#17 0x55cedafa6e88 <unknown>
#18 0x55cedafa7059 <unknown>
#19 0x55cedafb7843 <unknown>
#20 0x7f01026c8609 start_thread
[2024-09-12T12:10:23.353+0000] {logging_mixin.py:188} INFO - Lỗi khi lấy thông tin cửa hàng: Message: no such element: Unable to locate element: {"method":"css selector","selector":".content-promotion"}
  (Session info: headless chrome=117.0.5938.132); For documentation on this error, please visit: https://www.selenium.dev/documentation/webdriver/troubleshooting/errors#no-such-element-exception
Stacktrace:
#0 0x55cedafb86b3 <unknown>
#1 0x55cedac8e1e7 <unknown>
#2 0x55cedacd5566 <unknown>
#3 0x55cedacd5651 <unknown>
#4 0x55cedaccb046 <unknown>
#5 0x55cedacf70ed <unknown>
#6 0x55cedaccaf16 <unknown>
#7 0x55cedacf728e <unknown>
#8 0x55cedad10322 <unknown>
#9 0x55cedacf6e93 <unknown>
#10 0x55cedacc9934 <unknown>
#11 0x55cedacca71e <unknown>
#12 0x55cedaf7dcb8 <unknown>
#13 0x55cedaf81bf0 <unknown>
#14 0x55cedaf8c19c <unknown>
#15 0x55cedaf82808 <unknown>
#16 0x55cedaf4f27f <unknown>
#17 0x55cedafa6e88 <unknown>
#18 0x55cedafa7059 <unknown>
#19 0x55cedafb7843 <unknown>
#20 0x7f01026c8609 start_thread
[2024-09-12T12:10:23.871+0000] {logging_mixin.py:188} INFO - Lỗi khi lấy thông tin cửa hàng: Message: no such element: Unable to locate element: {"method":"css selector","selector":".content-promotion"}
  (Session info: headless chrome=117.0.5938.132); For documentation on this error, please visit: https://www.selenium.dev/documentation/webdriver/troubleshooting/errors#no-such-element-exception
Stacktrace:
#0 0x55cedafb86b3 <unknown>
#1 0x55cedac8e1e7 <unknown>
#2 0x55cedacd5566 <unknown>
#3 0x55cedacd5651 <unknown>
#4 0x55cedaccb046 <unknown>
#5 0x55cedacf70ed <unknown>
#6 0x55cedaccaf16 <unknown>
#7 0x55cedacf728e <unknown>
#8 0x55cedad10322 <unknown>
#9 0x55cedacf6e93 <unknown>
#10 0x55cedacc9934 <unknown>
#11 0x55cedacca71e <unknown>
#12 0x55cedaf7dcb8 <unknown>
#13 0x55cedaf81bf0 <unknown>
#14 0x55cedaf8c19c <unknown>
#15 0x55cedaf82808 <unknown>
#16 0x55cedaf4f27f <unknown>
#17 0x55cedafa6e88 <unknown>
#18 0x55cedafa7059 <unknown>
#19 0x55cedafb7843 <unknown>
#20 0x7f01026c8609 start_thread
[2024-09-12T12:10:24.422+0000] {logging_mixin.py:188} INFO - Lỗi khi lấy thông tin cửa hàng: Message: no such element: Unable to locate element: {"method":"css selector","selector":".content-promotion"}
  (Session info: headless chrome=117.0.5938.132); For documentation on this error, please visit: https://www.selenium.dev/documentation/webdriver/troubleshooting/errors#no-such-element-exception
Stacktrace:
#0 0x55cedafb86b3 <unknown>
#1 0x55cedac8e1e7 <unknown>
#2 0x55cedacd5566 <unknown>
#3 0x55cedacd5651 <unknown>
#4 0x55cedaccb046 <unknown>
#5 0x55cedacf70ed <unknown>
#6 0x55cedaccaf16 <unknown>
#7 0x55cedacf728e <unknown>
#8 0x55cedad10322 <unknown>
#9 0x55cedacf6e93 <unknown>
#10 0x55cedacc9934 <unknown>
#11 0x55cedacca71e <unknown>
#12 0x55cedaf7dcb8 <unknown>
#13 0x55cedaf81bf0 <unknown>
#14 0x55cedaf8c19c <unknown>
#15 0x55cedaf82808 <unknown>
#16 0x55cedaf4f27f <unknown>
#17 0x55cedafa6e88 <unknown>
#18 0x55cedafa7059 <unknown>
#19 0x55cedafb7843 <unknown>
#20 0x7f01026c8609 start_thread
[2024-09-12T12:10:24.604+0000] {logging_mixin.py:188} INFO - Lỗi khi lấy thông tin cửa hàng: Message: no such element: Unable to locate element: {"method":"css selector","selector":".content-promotion"}
  (Session info: headless chrome=117.0.5938.132); For documentation on this error, please visit: https://www.selenium.dev/documentation/webdriver/troubleshooting/errors#no-such-element-exception
Stacktrace:
#0 0x55cedafb86b3 <unknown>
#1 0x55cedac8e1e7 <unknown>
#2 0x55cedacd5566 <unknown>
#3 0x55cedacd5651 <unknown>
#4 0x55cedaccb046 <unknown>
#5 0x55cedacf70ed <unknown>
#6 0x55cedaccaf16 <unknown>
#7 0x55cedacf728e <unknown>
#8 0x55cedad10322 <unknown>
#9 0x55cedacf6e93 <unknown>
#10 0x55cedacc9934 <unknown>
#11 0x55cedacca71e <unknown>
#12 0x55cedaf7dcb8 <unknown>
#13 0x55cedaf81bf0 <unknown>
#14 0x55cedaf8c19c <unknown>
#15 0x55cedaf82808 <unknown>
#16 0x55cedaf4f27f <unknown>
#17 0x55cedafa6e88 <unknown>
#18 0x55cedafa7059 <unknown>
#19 0x55cedafb7843 <unknown>
#20 0x7f01026c8609 start_thread
[2024-09-12T12:10:24.683+0000] {logging_mixin.py:188} INFO - Lỗi khi lấy thông tin cửa hàng: Message: no such element: Unable to locate element: {"method":"css selector","selector":".content-promotion"}
  (Session info: headless chrome=117.0.5938.132); For documentation on this error, please visit: https://www.selenium.dev/documentation/webdriver/troubleshooting/errors#no-such-element-exception
Stacktrace:
#0 0x55cedafb86b3 <unknown>
#1 0x55cedac8e1e7 <unknown>
#2 0x55cedacd5566 <unknown>
#3 0x55cedacd5651 <unknown>
#4 0x55cedaccb046 <unknown>
#5 0x55cedacf70ed <unknown>
#6 0x55cedaccaf16 <unknown>
#7 0x55cedacf728e <unknown>
#8 0x55cedad10322 <unknown>
#9 0x55cedacf6e93 <unknown>
#10 0x55cedacc9934 <unknown>
#11 0x55cedacca71e <unknown>
#12 0x55cedaf7dcb8 <unknown>
#13 0x55cedaf81bf0 <unknown>
#14 0x55cedaf8c19c <unknown>
#15 0x55cedaf82808 <unknown>
#16 0x55cedaf4f27f <unknown>
#17 0x55cedafa6e88 <unknown>
#18 0x55cedafa7059 <unknown>
#19 0x55cedafb7843 <unknown>
#20 0x7f01026c8609 start_thread
[2024-09-12T12:10:24.900+0000] {logging_mixin.py:188} INFO - Lỗi khi lấy thông tin cửa hàng: Message: no such element: Unable to locate element: {"method":"css selector","selector":".content-promotion"}
  (Session info: headless chrome=117.0.5938.132); For documentation on this error, please visit: https://www.selenium.dev/documentation/webdriver/troubleshooting/errors#no-such-element-exception
Stacktrace:
#0 0x55cedafb86b3 <unknown>
#1 0x55cedac8e1e7 <unknown>
#2 0x55cedacd5566 <unknown>
#3 0x55cedacd5651 <unknown>
#4 0x55cedaccb046 <unknown>
#5 0x55cedacf70ed <unknown>
#6 0x55cedaccaf16 <unknown>
#7 0x55cedacf728e <unknown>
#8 0x55cedad10322 <unknown>
#9 0x55cedacf6e93 <unknown>
#10 0x55cedacc9934 <unknown>
#11 0x55cedacca71e <unknown>
#12 0x55cedaf7dcb8 <unknown>
#13 0x55cedaf81bf0 <unknown>
#14 0x55cedaf8c19c <unknown>
#15 0x55cedaf82808 <unknown>
#16 0x55cedaf4f27f <unknown>
#17 0x55cedafa6e88 <unknown>
#18 0x55cedafa7059 <unknown>
#19 0x55cedafb7843 <unknown>
#20 0x7f01026c8609 start_thread
[2024-09-12T12:10:25.087+0000] {python.py:202} INFO - Done. Returned value was: [['Bếp Việt - Cơm Văn Phòng - Đông Thiên', 'Giảm hết 10%', 'https://shopeefood.vn/ha-noi/bep-viet-com-van-phong-dong-thien'], ['Trà Sữa Tocotoco - Nguyễn Hoàng', 'Đồng giá 29k', 'https://shopeefood.vn/ha-noi/tra-sua-tocotoco-nguyen-hoang'], ['Bún Thủy - Trần Nhật Duật', 'Giảm món', 'https://shopeefood.vn/ha-noi/bun-thuy-tran-nhat-duat'], ['Texas Chicken - Aeon Mall Hà Đông', 'Giảm món', 'https://shopeefood.vn/ha-noi/texas-chicken-aeon-mall-ha-dong'], ['Long Wang Cơ Sở 1 - Dim Sum Hongkong - 84 Ngọc Khánh', 'Giảm món', 'https://shopeefood.vn/ha-noi/long-wang-co-so-1-dim-sum-hongkong-84-ngoc-khanh'], ['Tiệm Gà Rán Óng Ánh - Chùa Láng', 'Giảm món', 'https://shopeefood.vn/ha-noi/tiem-ga-ran-ong-anh-chua-lang'], ['Trà Sữa Seko Tea - Mễ Trì Thượng', 'Giảm hết 50%', 'https://shopeefood.vn/ha-noi/seko-tea-tra-sua-dai-loan'], ['Royal Tea - Trà Sữa Trân Châu - Hồ Tùng Mậu', 'Giảm hết 40%', 'https://shopeefood.vn/ha-noi/royal-tea-tra-sua-tran-chau-ho-tung-mau'], ['Trà sữa LeeTee - Kem Trứng & Trà Hoa Quả - Láng Hạ', 'Giảm hết 40%', 'https://shopeefood.vn/ha-noi/tra-sua-leetee-kem-trung-tra-hoa-qua-lang-ha'], ['Trà Sữa Tocotoco - Thiên Đường Bảo Sơn', 'Giảm món', 'https://shopeefood.vn/ha-noi/tra-sua-tocotoco-thien-duong-bao-son'], ['Bánh Mì Bắp - Gà Popcorn & Bánh Mì Gà Nem - Trần Quang Diệu', 'Giảm hết 15%', 'https://shopeefood.vn/ha-noi/banh-mi-bap-ga-popcorn-banh-mi-ga-nem-tran-quang-dieu'], ['Phở Cuốn Anh Tú', 'Giảm hết 10%', 'https://shopeefood.vn/ha-noi/pho-cuon-anh-tu'], ['Master Tea 美茶 - Bồ Đề', 'Giảm món', 'https://shopeefood.vn/ha-noi/master-tea-%E7%BE%8E%E8%8C%B6-bo-de'], ['Trà Sữa Royaltea - Lê Lai', 'Giảm hết 50%', 'https://shopeefood.vn/ha-noi/tra-sua-royaltea-le-lai'], ['Bếp Mẹ Thỏ - Bún, Miến & Phở Trộn Online', 'Giảm hết 10%', 'https://shopeefood.vn/ha-noi/bep-me-tho-bun-mien-pho-tron-online'], ['Kem Dairy Queen - Royal City', 'Giảm món', 'https://shopeefood.vn/ha-noi/dairy-queen-royal-city'], ["Kem Swensen's - Times City", 'Giảm món', 'https://shopeefood.vn/ha-noi/kem-swensen-s-times-city'], ['Tiệm Cơm ChisnBa - Cơm Rang Zòn - Hai Bà Trưng', 'Flash Sale', 'https://shopeefood.vn/ha-noi/tiem-com-chisnba-com-rang-zon-hai-ba-trung'], ['Trà Chanh Dương Dương - Mì Cay, Tokbokki - Shop Online', 'Giảm món', 'https://shopeefood.vn/ha-noi/tra-chanh-duong-duong-mi-cay-tokbokki-shop-online'], ['Gà Rán Five Star - 04 Yên Hòa', 'Giảm món', 'https://shopeefood.vn/ha-noi/ga-ran-five-star-04-yen-hoa'], ['Mỳ Cay Ngõ - Đồng Me', 'Giảm món', 'https://shopeefood.vn/ha-noi/my-cay-ngo-dong-me'], ['The Pizza Company - The Manor', 'Giảm món', 'https://shopeefood.vn/ha-noi/the-pizza-company-the-manor'], ['Tâm Anh - Nem Nướng Nha Trang - Ngõ Chùa Đối Diện 228 Mễ Trì Thượng', 'Flash Sale', 'https://shopeefood.vn/ha-noi/tam-anh-nem-nuong-nha-trang-ngo-chua-doi-dien-228-me-tri-thuong'], ['YH.TANG - Đệ Nhất Trà Sữa Nướng - Trần Phú', 'Flash Sale', 'https://shopeefood.vn/ha-noi/yh-tang-de-nhat-tra-sua-nuong-tran-phu'], ['Bonchon Chicken - Lạc Long Quân', 'Giảm món', 'https://shopeefood.vn/ha-noi/bonchon-chicken-lac-long-quan'], ['Minh Hoàng Bakery - Bông Lan Trứng Muối & Đồ Uống Online - Trần Thái Tông', 'Flash Sale', 'https://shopeefood.vn/ha-noi/minh-hoang-bakery-bong-lan-trung-muoi-do-uong-online-tran-thai-tong'], ['Bếp Mẹ Su - Phở Tíu - Shop Online - Lạc Long Quân', 'Giảm hết 22%', 'https://shopeefood.vn/ha-noi/bep-me-su-pho-tiu-shop-online-lac-long-quan'], ['Vịt 29 - Vịt Quay Bắc Kinh - Bạch Mai', 'Giảm món', 'https://shopeefood.vn/ha-noi/vit-29-vit-quay-bac-kinh-bach-mai'], ['Sữa Chua Trân Châu Hạ Long - Quốc Lộ 32', 'Giảm món', 'https://shopeefood.vn/ha-noi/sua-chua-tran-chau-ha-long-quoc-lo-32'], ['Highlands Coffee - Trà, Cà Phê & Bánh - Eco Lake View', 'Giảm món', 'https://shopeefood.vn/ha-noi/highlands-coffee-tra-ca-phe-banh-eco-lake-view'], ['The Alley - Trà Sữa Đài Loan - 48 Trần Phú', 'Giảm món', 'https://shopeefood.vn/ha-noi/the-alley-tra-sua-dai-loan-tran-phu'], ['Pozaa Tea - Trà Sữa Đài Loan - Trần Phú', 'Giảm hết 25%', 'https://shopeefood.vn/ha-noi/pozaa-tea-tra-sua-dai-loan-tran-phu'], ['Trà Sữa Tocotoco - Phú Diễn', 'Giảm hết 30%', 'https://shopeefood.vn/ha-noi/tra-sua-tocotoco-phu-dien'], ['Nọng FOOD - Mì Trộn Indomie & Trà Chanh - Kim Giang', 'Giảm món', 'https://shopeefood.vn/ha-noi/noong-food-my-tron-indomie-tra-chanh-kim-giang'], ['PiPo Quán - Bánh Tráng Cuốn Thịt Heo', 'Giảm món', 'https://shopeefood.vn/ha-noi/pipo-quan-banh-trang-cuon-thit-heo'], ['Gà Rán KFC - Hồ Gươm Plaza', 'Giảm món', 'https://shopeefood.vn/ha-noi/kfc-ho-guom-plaza'], ['Bánh Tráng Trộn 98 - Chùa Láng', 'Giảm món', 'https://shopeefood.vn/ha-noi/banh-trang-tron-98-chua-lang'], ['Snap Food - Cơm, Bún & Bánh Mì Healthy - Tôn Đức Thắng', 'Flash Sale', 'https://shopeefood.vn/ha-noi/snap-food-com-bun-banh-mi-healthy-ton-duc-thang'], ['TOUS les JOURS - Lý Thường Kiệt', 'Giảm món', 'https://shopeefood.vn/ha-noi/tous-les-jours-ly-thuong-kiet'], ['Anh Béo - Bún & Bánh Đa Trộn - Vĩnh Hưng', 'Giảm món', 'https://shopeefood.vn/ha-noi/anh-beo-bun-banh-da-tron-vinh-hung'], ['Ốc Hương Trang® - 139B Lê Hồng Phong', 'Giảm món', 'https://shopeefood.vn/ha-noi/oc-huong-trang-139b-le-hong-phong'], ['Guu Chicken - Cơm Gà & Gà Rán - Hoàng Hoa Thám', 'Giảm món', 'https://shopeefood.vn/ha-noi/guu-chicken-com-ga-ga-ran-hoang-hoa-tham'], ['Gugsumi - Bún Trộn Healthy - Khương Trung', 'Giảm món', 'https://shopeefood.vn/ha-noi/gugsumi-bun-tron-healthy-khuong-trung'], ['Cháo, Bánh Gối, Óc Hầm & Đồ Ăn Vặt - Trần Thái Tông', 'Giảm món', 'https://shopeefood.vn/ha-noi/chao-banh-goi-oc-ham-do-an-vat-tran-thai-tong'], ['Xôi Yến - Bách Khoa', 'Giảm món', 'https://shopeefood.vn/ha-noi/xoi-yen-bach-khoa'], ['Quán Ăn Hợp Tác Xã & Cơm Niêu - Tây Sơn', 'Giảm món', 'https://shopeefood.vn/ha-noi/quan-an-hop-tac-xa-com-nieu-tay-son'], ['Pepperonis Pizza - Lê Duẩn', 'Giảm món', 'https://shopeefood.vn/ha-noi/pepperonis-pizza-le-duan'], ['Mỏ Khoét Quán - Cơm Gà Sốt Cay Hàn Quốc - Trần Cung', 'Giảm món', 'https://shopeefood.vn/ha-noi/mo-khoet-quan-com-ga-sot-cay-han-quoc-tran-cung'], ['Mì Gà Tần & Chân Gà Lắc - Quán Ăn Đêm Sen - Láng', 'Flash Sale', 'https://shopeefood.vn/ha-noi/mi-ga-tan-chan-ga-lac-quan-an-dem-sen-lang'], ['Hương Vị Việt - Gà Rán & Gà Ủ Muối - Bùi Xương Trạch', 'Flash Sale', 'https://shopeefood.vn/ha-noi/huong-vi-viet-ga-ran-ga-u-muoi-bui-xuong-trach'], ['Giang Cún - Bún Thái Hải Sản - Định Công Thượng', 'Flash Sale', 'https://shopeefood.vn/ha-noi/giang-cun-bun-thai-hai-san-dinh-cong-thuong'], ['Gà Rán & Gà Ủ Muối Hoa Tiêu - Hoàng Ngân', 'Flash Sale', 'https://shopeefood.vn/ha-noi/ga-ran-ga-u-muoi-hoa-tieu-hoang-ngan'], ['Dakgalbi - Tiệm Gà Rán Hàn Quốc - 29 Ngõ Tự Do', 'Giảm món', 'https://shopeefood.vn/ha-noi/dakgalbi-tiem-ga-ran-han-quoc-29-ngo-tu-do'], ['Cơm Thố Bách Khoa - Khâm Thiên', 'Giảm món', 'https://shopeefood.vn/ha-noi/com-tho-bach-khoa-kham-thien'], ['Cơm Tấm Anh Ba Sài Gòn', 'Giảm món', 'https://shopeefood.vn/ha-noi/com-tam-anh-ba-sai-gon'], ['Cơm Tấm 3 Ông Tướng - Minh Khai', 'Giảm món', 'https://shopeefood.vn/ha-noi/com-tam-ba-ong-tuong'], ['Cơm Gà Hải Thuỷ - Bún Đậu Mắm Tôm & Bún Chả', 'Giảm món', 'https://shopeefood.vn/ha-noi/com-ga-hai-thuy-bun-dau-mam-tom-bun-cha'], ['Bún Đậu Mai Dung', 'Giảm món', 'https://shopeefood.vn/ha-noi/bun-dau-mai-dung'], ['Bún Cá Hiếu Chi - Vũ Tông Phan', 'Flash Sale', 'https://shopeefood.vn/ha-noi/bun-ca-hieu-chi-vu-tong-phan'], ['Bin Bon - Mì Trộn Indomie - Kim Giang', 'Giảm món', 'https://shopeefood.vn/ha-noi/bin-bon-mi-tron-indomie-kim-giang'], ["Al Fresco's - Pizza, Mỳ Ý, Sườn, Steak Bò Bít Tết - Hai Bà Trưng", 'Giảm món', 'https://shopeefood.vn/ha-noi/al-fresco-s-hai-ba-trung'], ['Anh Béo - Bún Miến Ngan - Trần Quốc Vượng', 'Giảm món', 'https://shopeefood.vn/ha-noi/anh-beo-bun-mien-ngan-tran-quoc-vuong'], ['Cơm Phố - Cơm Gà & Cơm Bò - Dương Khuê', 'Giảm món', 'https://shopeefood.vn/ha-noi/com-pho-com-ga-com-bo-duong-khue'], ['Cơm Cô Ba - Cơm Văn Phòng', 'Giảm món', 'https://shopeefood.vn/ha-noi/com-co-ba-com-van-phong'], ['Bún Đậu Mẹt Minh Thư - Văn Minh', 'Giảm món', 'https://shopeefood.vn/ha-noi/bun-dau-met-minh-thu-van-minh'], ['Minh Phương - Nem Nướng Nha Trang', 'Giảm món', 'https://shopeefood.vn/ha-noi/minh-phuong-nem-nuong-nha-trang'], ['Mì Trộn Indomie Gấu Bé - 5b 92/31 Nguyễn Khánh Toàn', 'Giảm món', 'https://shopeefood.vn/ha-noi/mi-tron-indomie-gau-be-5b-92-31-nguyen-khanh-toan'], ['Phở Xào Duyên Béo', 'Giảm món', 'https://shopeefood.vn/ha-noi/pho-xao-duyen-beo'], ['Quang Thắng - Cơm Ngon Văn Phòng', 'Giảm món', 'https://shopeefood.vn/ha-noi/quang-thang-com-ngon-van-phong'], ['LQS - Chuyên Bún Bò Huế & Cơm Rang Giòn - Trường Chinh', 'Giảm món', 'https://shopeefood.vn/ha-noi/lqs-chuyen-bun-bo-hue-com-rang-gion-online'], ['Cô Ba - Nem Nướng Nha Trang - Minh Khai', 'Giảm món', 'https://shopeefood.vn/ha-noi/co-ba-nem-nuong-nha-trang-minh-khai'], ['Pizza Ông Tây - Đỗ Quang', 'Giảm món', 'https://shopeefood.vn/ha-noi/pizza-ong-tay-do-quang'], ['Cơm Rang Hòa - Tô Hiệu', 'Giảm món', 'https://shopeefood.vn/ha-noi/com-rang-hoa'], ['Hà Béo - Ăn Vặt Các Loại', 'Giảm món', 'https://shopeefood.vn/ha-noi/ha-beo-an-vat-cac-loai'], ['Tim Food - Mì Trộn Indomie & Đồ Ăn Vặt - Hồng Hà', 'Giảm món', 'https://shopeefood.vn/ha-noi/tim-food-mi-tron-indomie-do-an-vat-hong-ha'], ['Như Mây - Bánh Đa Trộn', 'Giảm món', 'https://shopeefood.vn/ha-noi/nhu-may-banh-da-tron'], ['Nem Nướng Nha Trang Ngọc Hằng - Phú Diễn', 'Giảm món', 'https://shopeefood.vn/ha-noi/nem-nuong-nha-trang-ngoc-hang-phu-dien'], ['Hoa Béo - Nem Nướng Ninh Hoà - Xa La', 'Giảm món', 'https://shopeefood.vn/ha-noi/hoa-beo-nem-nuong-nha-trang-xa-la'], ['Bảo Bảo - Mì Trộn Indomie - Shop Online', 'Giảm món', 'https://shopeefood.vn/ha-noi/bao-bao-mi-tron-indomie-shop-online'], ['Quán 65 - Cơm Văn Phòng - Nguyễn Trãi', 'Flash Sale', 'https://shopeefood.vn/ha-noi/quan-65-com-van-phong-nguyen-trai'], ['Mì Trộn Indomie 158 - Bùi Ngọc Dương', 'Flash Sale', 'https://shopeefood.vn/ha-noi/mi-tron-indomie-158-bui-ngoc-duong'], ['iChi Food - Cháo, Súp & Mỳ Xào - 169 Tôn Đức Thắng', 'Giảm món', 'https://shopeefood.vn/ha-noi/ichi-food-chao-sup-my-xao-169-ton-duc-thang'], ['Cơm 3 Miền - Cơm Văn Phòng - Nguyễn Khang', 'Flash Sale', 'https://shopeefood.vn/ha-noi/com-3-mien-com-van-phong-nguyen-khang'], ['Duy Nhất - Phở Bò & Cơm Rang - Vĩnh Hưng', 'Giảm món', 'https://shopeefood.vn/ha-noi/duy-nhat-pho-bo-com-rang-vinh-hung'], ['Zen Zen - Cơm Gà, Gà Rán & Cơm Bò - Trần Duy Hưng', 'Flash Sale', 'https://shopeefood.vn/ha-noi/zen-zen-com-ga-ga-ran-com-bo-tran-duy-hung'], ['A Lẩu - Cháo Lòng', 'Giảm món', 'https://shopeefood.vn/ha-noi/a-lau-chao-long'], ['Bảo Ngọc Food - Mì Trộn Indomie & Đồ Ăn Vặt - Phố Lụa', 'Flash Sale', 'https://shopeefood.vn/ha-noi/bao-ngoc-food-mi-tron-indomie-do-an-vat-pho-lua'], ['Gà Luộc, Gà Ủ Muối & Cơm Cháy - Duyên Dương', 'Giảm món', 'https://shopeefood.vn/ha-noi/ga-luoc-ga-u-muoi-com-chay-duyen-duong'], ['Bún Đậu Mẹt Thủy Mít - C8 Thành Công', 'Giảm món', 'https://shopeefood.vn/ha-noi/bun-dau-met-thuy-mit-c8-thanh-cong'], ['Bom Bốp - Bún Đậu Mơ', 'Giảm món', 'https://shopeefood.vn/ha-noi/bom-bop-bun-dau-mo'], ['Tiệm Mì Tươi Ramen2go', 'Giảm món', 'https://shopeefood.vn/ha-noi/tiem-mi-tuoi-ramen2go'], ['Hoàng Huệ - Cơm Rang & Bún Bò Trộn - Chùa Láng', 'Giảm món', 'https://shopeefood.vn/ha-noi/hoang-hue-com-rang-bun-bo-tron-chua-lang'], ['Cơm Văn Phòng & Cơm Niêu Hợp Tác Xã - Hồng Hà', 'Flash Sale', 'https://shopeefood.vn/ha-noi/com-van-phong-com-nieu-hop-tac-xa-hong-ha'], ['Gà Tươi Mạnh Hoạch - Xuân La', 'Giảm món', 'https://shopeefood.vn/ha-noi/ga-tuoi-manh-hoach-xuan-la'], ['Bami Sot - Bánh Mì Đen - Lò Đúc', 'Giảm món', 'https://shopeefood.vn/ha-noi/bami-sot-banh-mi-den-lo-duc'], ['Bami King - Bánh Mì Bò Nướng & Cơm Thố - An Trạch', 'Giảm món', 'https://shopeefood.vn/ha-noi/bami-king-banh-mi-bo-nuong-com-tho-an-trach'], ['Sushi Garden', 'Giảm món', 'https://shopeefood.vn/ha-noi/sushi-garden'], ['A-Phú - Mì Trộn Indomie & Ăn Vặt - Nguyễn Đức Cảnh', 'Flash Sale', 'https://shopeefood.vn/ha-noi/a-phu-mi-tron-indomie-an-vat-nguyen-duc-canh'], ['Đức Food - Mì Trộn Indomie - Ngõ 95 Chùa Bộc', 'Giảm món', 'https://shopeefood.vn/ha-noi/duc-food-mi-tron-indomie-ngo-95-chua-boc'], ['Tiệm Mì Indo - Kim Giang', 'Flash Sale', 'https://shopeefood.vn/ha-noi/tiem-mi-indo-kim-giang'], ['LATU Quán - Nem Nướng Nha Trang - Yên Phúc', 'Flash Sale', 'https://shopeefood.vn/ha-noi/latu-quan-nem-nuong-nha-trang-yen-phuc'], ['Đức Food - Mì Trộn Indomie Online - Kim Giang', 'Flash Sale', 'https://shopeefood.vn/ha-noi/duc-food-mi-tron-indomie-online-kim-giang'], ['Xuân Food - Mì Trộn Indomie - Tây Sơn', 'Flash Sale', 'https://shopeefood.vn/ha-noi/xuan-food-mi-tron-indomie-tay-son'], ['Duy Food - Mì Trộn Indomie', 'Giảm món', 'https://shopeefood.vn/ha-noi/duy-food-mi-tron-indomie'], ['Trà Sữa Bobapop - Đại Cồ Việt', 'Giảm hết 20%', 'https://shopeefood.vn/ha-noi/tra-sua-bobapop-dao-tan'], ['GÀ RÁN & BURGER GONGFU CHICKEN - 521 Nguyễn Trãi', 'Giảm món', 'https://shopeefood.vn/ha-noi/ga-ran-burger-gongfu-chicken-521-nguyen-trai'], ['Trà Sữa Gong Cha - 貢茶 - Hoàng Đạo Thúy', 'Giảm món', 'https://shopeefood.vn/ha-noi/tra-sua-gong-cha-hoang-dao-thuy'], ['Bánh Mì Tuhu Bread - Phố Nguyễn Sơn', 'Giảm món', 'https://shopeefood.vn/ha-noi/banh-mi-tuhu-bread-pho-nguyen-son'], ['Yên Đàm - Trà Sữa Thảo Dược', 'Giảm món', 'https://shopeefood.vn/ha-noi/yen-dam-tra-sua-thao-duoc'], ['Maru Korean - Tiệm Đồ Ăn Hàn Quốc & Trà Sữa - Lê Đại Hành', 'Flash Sale', 'https://shopeefood.vn/ha-noi/maru-korean-tiem-do-an-han-quoc-tra-sua-le-dai-hanh'], ['Highlands Coffee - Trà, Cà Phê & Bánh - Imperia Garden', 'Giảm món', 'https://shopeefood.vn/ha-noi/highlands-coffee-tra-ca-phe-banh-imperia-garden'], ['Vinamilk - Giấc Mơ Sữa Việt - Định Công Thượng - AC10091', 'Giảm món', 'https://shopeefood.vn/ha-noi/vinamilk-giac-mo-sua-viet-dinh-cong-thuong-ac10091'], ["Domino's Pizza - Xuân La", 'Giảm món', 'https://shopeefood.vn/ha-noi/domino-s-pizza-xuan-la'], ['Trà Sữa Miutea - Phố Xốm', 'Giảm món', 'https://shopeefood.vn/ha-noi/tra-sua-miutea-pho-xom'], ['Hủ Tiếu Thái Lan, Trà Sữa Thái, Ăn Vặt - Pi Thai - 136 Vũ Phạm Hàm', 'Giảm món', 'https://shopeefood.vn/ha-noi/hu-tieu-thai-lan-tra-sua-thai-an-vat-pi-thai-136-vu-pham-ham'], ['The Coffee House - Lê Thanh Nghị', 'Giảm món', 'https://shopeefood.vn/ha-noi/the-coffee-house-le-thanh-nghi'], ["Fam's Chicken - The Manor", 'Giảm món', 'https://shopeefood.vn/ha-noi/fam-s-chicken-the-manor'], ['Trà Sữa Sharetea Nhà Thờ - Phố Nguyễn Thị Định', 'Giảm món', 'https://shopeefood.vn/ha-noi/tra-sua-sharetea-nha-tho-pho-nguyen-thi-dinh'], ['Gà Rán Popeyes - Trần Quốc Hoàn', 'Giảm món', 'https://shopeefood.vn/ha-noi/ga-ran-popeyes-tran-quoc-hoan'], ['Cơm Thố Anh Nguyễn - Bán Đảo Linh Đàm', 'Flash Sale', 'https://shopeefood.vn/ha-noi/com-tho-anh-nguyen-ban-dao-linh-dam'], ['Burger King - Giảng Võ', 'Flash Sale', 'https://shopeefood.vn/ha-noi/burger-king-giang-vo'], ['Cơm Tấm Delichi - Cơm Tấm Sườn Bì Chả - Phùng Khoang', 'Flash Sale', 'https://shopeefood.vn/ha-noi/com-tam-delichi-com-tam-suon-bi-cha-phung-khoang'], ['Trà Sữa ToCoToCo - 317 Trần Cung', 'Flash Sale', 'https://shopeefood.vn/ha-noi/tra-sua-tocotoco-317-tran-cung'], ['Bento Delichi - Cơm Gà Xối Mỡ, Cơm Gà Mắm Tỏi - Dương Khuê', 'Flash Sale', 'https://shopeefood.vn/ha-noi/bento-delichi-com-ga-xoi-mo-com-ga-mam-toi-duong-khue'], ['Trà Sữa Tocotoco - Cầu Giấy', 'Flash Sale', 'https://shopeefood.vn/ha-noi/tra-sua-tocotoco-262-cau-giay'], ['Tiệm Chè Ngon Đảo Chè - Kem Xôi & Ăn Vặt - Lê Văn Thiêm - Shop Online', 'Flash Sale', 'https://shopeefood.vn/ha-noi/tiem-che-ngon-dao-che-kem-xoi-an-vat-le-van-thiem-shop-online'], ['Gà Rán Việt', 'Flash Sale', 'https://shopeefood.vn/ha-noi/ga-ran-viet'], ['December Tea - Trà Hoa Quả Nhiệt Đới & Mì Trộn Indomie - Định Công', 'Flash Sale', 'https://shopeefood.vn/ha-noi/december-tea-tra-hoa-qua-nhiet-doi-mi-tron-indomie-dinh-cong'], ['Gà Tần & Mì Gà Tần - Tô Hiệu', 'Flash Sale', 'https://shopeefood.vn/ha-noi/ga-tan-mi-ga-tan-to-hieu'], ['Gà Luộc & Gà Ủ Muối - Hẻm 65 Định Công Hạ', 'Flash Sale', 'https://shopeefood.vn/ha-noi/ga-luoc-ga-u-muoi-hem-65-dinh-cong-ha'], ['688 Food - Mỳ cay, Mỳ trộn & Mỳ tương đen - Mỹ Đình', 'Flash Sale', 'https://shopeefood.vn/ha-noi/688-food-my-cay-my-tron-my-tuong-den-my-dinh'], ['Coco Nama Tea Bar - Nguyễn Khánh Toàn', 'Flash Sale', 'https://shopeefood.vn/ha-noi/coco-nama-tea-bar-nguyen-khanh-toan'], ['Mì Chua Cay Tim Cật - 4I', 'Flash Sale', 'https://shopeefood.vn/ha-noi/mi-chua-cay-tim-cat-4i'], ['Tiệm Trà Chè Sky - Mì Trộn Indomie, Trà Mãng Cầu, Trà Chanh - Thượng Đình', 'Flash Sale', 'https://shopeefood.vn/ha-noi/tiem-tra-che-sky-mi-tron-indomie-tra-mang-cau-tra-chanh-thuong-dinh'], ['Bếp Cô Tấm - Cháo Ngon & Ăn Vặt', 'Flash Sale', 'https://shopeefood.vn/ha-noi/bep-co-tam-chao-ngon-an-vat'], ['Tin Tin - Chim Cút Quay Móc Mật & Đồ Ăn Vặt', 'Flash Sale', 'https://shopeefood.vn/ha-noi/tin-tin-chim-cut-quay-moc-mat-do-an-vat'], ['Odi Bakery - Trà & Bánh Ngọt - Phan Văn Trường', 'Flash Sale', 'https://shopeefood.vn/ha-noi/odi-bakery-tra-banh-ngot-phan-van-truong'], ['Gà Luộc & Gà Ủ Muối Hoa Tiêu & Gà Rán - Thanh Nhàn', 'Flash Sale', 'https://shopeefood.vn/ha-noi/ga-luoc-ga-u-muoi-hoa-tieu-ga-ran-thanh-nhan'], ['Chin Chin - Trà Sữa Đậm Vị & Trà Hoa Quả Tươi - Thuỵ Khuê', 'Flash Sale', 'https://shopeefood.vn/ha-noi/chin-chin-tra-sua-dam-vi-tra-hoa-qua-tuoi-thuy-khue'], ['Tiệm Bé Cá – Trà Sữa, Mỳ Ý & Sandwich', 'Flash Sale', 'https://shopeefood.vn/ha-noi/tiem-be-ca-tra-sua-my-y-sandwich'], ['Việt Nguyễn Coffee - Mai Anh Tuấn', 'Flash Sale', 'https://shopeefood.vn/ha-noi/viet-nguyen-coffee-mai-anh-tuan'], ['Quang Tèo Food - Mì Trộn Indomie - Chợ Khâm Thiên', 'Giảm món', 'https://shopeefood.vn/ha-noi/quang-teo-food-mi-tron-indomie-cho-kham-thien'], ['Namsan Chicken - Triệu Việt Vương', 'Flash Sale', 'https://shopeefood.vn/ha-noi/namsan-chicken-trieu-viet-vuong'], ['Bếp Mẹ Jo - Bún Mọc & Cháo Gà', 'Flash Sale', 'https://shopeefood.vn/ha-noi/bep-me-jo-bun-moc-chao-ga'], ['Tocotoco - Goldsilk Complex', 'Flash Sale', 'https://shopeefood.vn/ha-noi/tocotoco-goldsilk-complex'], ['Nước Ép Trái Cây - Chin’s Fruit Tô Hiệu', 'Flash Sale', 'https://shopeefood.vn/ha-noi/nuoc-ep-trai-cay-chin-s-fruit-to-hieu'], ['Ô Long Đây - 62 Ngọc Khánh', 'Giảm món', 'https://shopeefood.vn/ha-noi/o-long-day-62-ngoc-khanh'], ['MinCha - Gà Ủ Muối, Mì Trộn Indomie & Đồ Ăn Vặt', 'Flash Sale', 'https://shopeefood.vn/ha-noi/mincha-ga-u-muoi-mi-tron-indomie-do-an-vat'], ['Bánh Trung Thu & Mứt Tết Gia Truyền - Hùng Lương', 'Flash Sale', 'https://shopeefood.vn/ha-noi/banh-trung-thu-mut-tet-gia-truyen-hung-luong'], ['BUMTRO - Bún Trộn Nam Bộ - Ngọc Lâm', 'Flash Sale', 'https://shopeefood.vn/ha-noi/bumtro-bun-tron-nam-bo-ngoc-lam'], ['Bún Riêu Cua Tóp Mỡ Huỳnh Anh CS3 - Nguyễn Văn Tuyết', 'Flash Sale', 'https://shopeefood.vn/ha-noi/bun-rieu-cua-top-mo-huynh-anh-cs3-nguyen-van-tuyet'], ['Cô Tám - Cơm Rang & Cơm Tấm - 126 Hồng Mai', 'Flash Sale', 'https://shopeefood.vn/ha-noi/co-tam-com-rang-an-vat-126-hong-mai'], ['Mập Quán - Đồ Ăn Vặt & Mỳ Xào - Nguyên Hồng', 'Flash Sale', 'https://shopeefood.vn/ha-noi/map-quan-do-an-vat-my-xao-nguyen-hong'], ['Cháo Lòng Phương Linh', 'Giảm món', 'https://shopeefood.vn/ha-noi/chao-long-phuong-linh'], ['Tiệm Gà Ủ Muối - Gà Luộc & Gà Ủ Muối - Nguyễn Viết Xuân', 'Flash Sale', 'https://shopeefood.vn/ha-noi/tiem-ga-u-muoi-ga-luoc-ga-u-muoi-nguyen-viet-xuan'], ['Tiger Sugar - Vũ Trọng Phụng', 'Flash Sale', 'https://shopeefood.vn/ha-noi/tiger-sugar-vu-trong-phung'], ['Tiệm Gà Ủ Muối - Gà Luộc & Gà Ủ Muối - Lê Quý Đôn 2', 'Flash Sale', 'https://shopeefood.vn/ha-noi/tiem-ga-u-muoi-ga-luoc-ga-u-muoi-le-quy-don-2'], ['Cơm Sốt hiMC - Cơm Sườn Tê Cay & Cơm Gà - Nguyễn Văn Trỗi', 'Flash Sale', 'https://shopeefood.vn/ha-noi/com-sot-himc-com-suon-te-cay-com-ga-nguyen-van-troi'], ['Tanka Quán - Chân Gà Nướng & Cánh Gà Nướng - Đê La Thành', 'Flash Sale', 'https://shopeefood.vn/ha-noi/tanka-quan-chan-ga-nuong-canh-ga-nuong-de-la-thanh'], ['Nem Nướng Nha Trang Minh Đức - Nghĩa Tân', 'Flash Sale', 'https://shopeefood.vn/ha-noi/nem-nuong-nha-trang-minh-duc-nghia-tan'], ['Trà Sữa - Mỳ Cay & Đồ Ăn Vặt Huyền Linh - 47 Dương Quảng Hàm', 'Flash Sale', 'https://shopeefood.vn/ha-noi/tra-sua-my-cay-do-an-vat-huyen-linh-47-duong-quang-ham'], ['Han Chicken - Gà Rán Hàn Quốc - 한 치킨', 'Flash Sale', 'https://shopeefood.vn/ha-noi/han-chicken-ga-ran-han-quoc'], ['Trà Sữa Tocotoco - 271 Nguyễn Khang', 'Flash Sale', 'https://shopeefood.vn/ha-noi/tra-sua-tocotoco-271-nguyen-khang'], ['Bao Bao - Cơm Xá Xíu, Mỳ Chua Cay & Cháo Ếch - 213 Xã Đàn', 'Flash Sale', 'https://shopeefood.vn/ha-noi/bao-bao-com-xa-xiu-my-chua-cay-chao-ech-213-xa-dan'], ['Gà Rán & Pizza 99', 'Flash Sale', 'https://shopeefood.vn/ha-noi/ga-ran-pizza-99'], ['Cổ Trà - Trà Shan Tuyết 300 Năm Tuổi & Trà Hoa Quả - 94 Trấn Vũ', 'Giảm món', 'https://shopeefood.vn/ha-noi/co-tra-tra-shan-tuyet-300-nam-tuoi-tra-hoa-qua-94-tran-vu'], ['Cơm Gà Sốt Cay, Cơm Trộn Cá Ngừ & Đồ Ăn Hàn - Moon 76', 'Flash Sale', 'https://shopeefood.vn/ha-noi/com-ga-sot-cay-com-tron-ca-ngu-do-an-han-moon-76'], ['Dương Dương - Lẩu Tokbokki, Mỳ Cay, Trà Chanh & Trà Tắc Online - Đồng Me', 'Flash Sale', 'https://shopeefood.vn/ha-noi/duong-duong-lau-tokbokki-my-cay-tra-chanh-tra-tac-online-dong-me'], ['Shiba Chef - Bánh Takoyaki & Bánh Xèo Nhật', 'Giảm món', 'https://shopeefood.vn/ha-noi/shiba-chef-banh-takoyaki-banh-xeo-nhat'], ['Nui Cô Béo - Ngõ Văn Chương', 'Flash Sale', 'https://shopeefood.vn/ha-noi/nui-co-beo-ngo-van-chuong'], ['Quán Quen - Mỳ Chua Cay - 167 Tây Sơn', 'Flash Sale', 'https://shopeefood.vn/ha-noi/quan-quen-my-chua-cay-167-tay-son'], ['JapanDeli Express - Shophouse S07 Park 10 KĐT Vinhomes Times City Park Hill', 'Giảm món', 'https://shopeefood.vn/ha-noi/japandeli-express-shophouse-s07-park-10-kdt-vinhomes-times-city-park-hill'], ['Hân - Tokbokki, Gà Sốt Cay Hàn Quốc & Ăn Vặt - Hồ Tùng Mậu', 'Flash Sale', 'https://shopeefood.vn/ha-noi/han-tokbokki-ga-sot-cay-han-quoc-an-vat-ho-tung-mau'], ['Cháo Sườn Sụn Phố Cổ', 'Flash Sale', 'https://shopeefood.vn/ha-noi/chao-suon-sun-pho-co'], ['Bánh Mỳ Chảo 5 Châu - Nguyễn Văn Lộc', 'Flash Sale', 'https://shopeefood.vn/ha-noi/banh-my-chao-5-chau-nguyen-van-loc'], ['Bún Bò Huế Nam Minh - Nghĩa Tân', 'Giảm món', 'https://shopeefood.vn/ha-noi/bun-bo-hue-nam-minh-nghia-tan'], ['Cơm Rang Gà Sốt 30K - Mỹ Đình', 'Flash Sale', 'https://shopeefood.vn/ha-noi/com-rang-ga-sot-30k-my-dinh'], ['Hadu Y - Gà Rán, Pizza & Trà Sữa', 'Flash Sale', 'https://shopeefood.vn/ha-noi/hadu-y-ga-ran-pizza-tra-sua'], ['Mỳ Ếch Chua Cay Trần Quỳnh - 30 Nguyễn Thái Học', 'Giảm món', 'https://shopeefood.vn/ha-noi/my-ech-chua-cay-tran-quynh-30-nguyen-thai-hoc'], ['An Nam Cháo', 'Flash Sale', 'https://shopeefood.vn/ha-noi/an-nam-chao'], ['King Cup - Cơm Thố Nhật - Liên Mạc', 'Giảm hết 10%', 'https://shopeefood.vn/ha-noi/king-cup-com-tho-nhat-lien-mac'], ['Chè Bưởi Tư Đỉnh - Lương Thế Vinh', 'Flash Sale', 'https://shopeefood.vn/ha-noi/che-buoi-tu-dinh-luong-the-vinh'], ['Bếp Nhà Châu - Eatclean & Healthy', 'Giảm món', 'https://shopeefood.vn/ha-noi/bep-nha-chau-eatclean-healthy'], ["Papa's Kitchen - Đồ Ăn Hàn Quốc & Tokbokki, Cơm Trộn - Hồng Mai", 'Flash Sale', 'https://shopeefood.vn/ha-noi/papa-s-kitchen-do-an-han-quoc-tokbokki-com-tron-hong-mai'], ['Chân Gà Nướng Thịnh Vượng', 'Flash Sale', 'https://shopeefood.vn/ha-noi/chan-ga-nuong-thinh-vuong'], ['Mokchang - Đồ Ăn Hàn Quốc - Láng Hạ', 'Flash Sale', 'https://shopeefood.vn/ha-noi/mokchang-do-an-han-quoc-lang-ha'], ['Minh Food - Nem Chua Rán Và Xiên Que', 'Giảm món', 'https://shopeefood.vn/ha-noi/minh-food-nem-chua-ran-va-xien-que'], ['Cơm Tấm Phương Anh - Bạch Mai', 'Giảm món', 'https://shopeefood.vn/ha-noi/com-tam-phuong-anh-bach-mai'], ['Chân Gà Rút Xương Sả Ớt - Sốt Thái - Mai Kim Thuý - Cầu Giấy', 'Flash Sale', 'https://shopeefood.vn/ha-noi/chan-ga-rut-xuong-sa-ot-sot-thai-mai-kim-thuy-cau-giay'], ['Gugsumi - Cơm Gà & Cơm Văn Phòng - Yên Phúc', 'Giảm món', 'https://shopeefood.vn/ha-noi/gugsumi-com-ga-com-van-phong-yen-phuc'], ['Trà Sữa HAPPY - KĐT Đô Nghĩa', 'Flash Sale', 'https://shopeefood.vn/ha-noi/tra-sua-happy-kdt-do-nghia'], ['LOTTERIA KIM GIANG', 'Mã giảm 100k', 'https://shopeefood.vn/ha-noi/lotteria-kim-giang']]
[2024-09-12T12:10:25.125+0000] {taskinstance.py:1149} INFO - Marking task as SUCCESS. dag_id=shopeefood_crawl_and_report, task_id=crawl_list_restaurant, execution_date=20240912T120946, start_date=20240912T120947, end_date=20240912T121025
[2024-09-12T12:10:25.159+0000] {local_task_job_runner.py:234} INFO - Task exited with return code 0
[2024-09-12T12:10:25.192+0000] {taskinstance.py:3312} INFO - 1 downstream tasks scheduled from follow-on schedule check
