[2024-09-12T08:31:45.514+0000] {taskinstance.py:1979} INFO - Dependencies all met for dep_context=non-requeueable deps ti=<TaskInstance: shopeefood_crawl_and_report.process_report manual__2024-09-12T08:24:18.910915+00:00 [queued]>
[2024-09-12T08:31:45.533+0000] {taskinstance.py:1979} INFO - Dependencies all met for dep_context=requeueable deps ti=<TaskInstance: shopeefood_crawl_and_report.process_report manual__2024-09-12T08:24:18.910915+00:00 [queued]>
[2024-09-12T08:31:45.534+0000] {taskinstance.py:2193} INFO - Starting attempt 1 of 2
[2024-09-12T08:31:45.561+0000] {taskinstance.py:2217} INFO - Executing <Task(PythonOperator): process_report> on 2024-09-12 08:24:18.910915+00:00
[2024-09-12T08:31:45.569+0000] {standard_task_runner.py:60} INFO - Started process 778 to run task
[2024-09-12T08:31:45.574+0000] {standard_task_runner.py:87} INFO - Running: ['***', 'tasks', 'run', 'shopeefood_crawl_and_report', 'process_report', 'manual__2024-09-12T08:24:18.910915+00:00', '--job-id', '8', '--raw', '--subdir', 'DAGS_FOLDER/main_dag.py', '--cfg-path', '/tmp/tmp5b8kfk9o']
[2024-09-12T08:31:45.578+0000] {standard_task_runner.py:88} INFO - Job 8: Subtask process_report
[2024-09-12T08:31:45.651+0000] {task_command.py:423} INFO - Running <TaskInstance: shopeefood_crawl_and_report.process_report manual__2024-09-12T08:24:18.910915+00:00 [running]> on host 7ad5c45efd02
[2024-09-12T08:31:45.756+0000] {taskinstance.py:2513} INFO - Exporting env vars: AIRFLOW_CTX_DAG_OWNER='***' AIRFLOW_CTX_DAG_ID='shopeefood_crawl_and_report' AIRFLOW_CTX_TASK_ID='process_report' AIRFLOW_CTX_EXECUTION_DATE='2024-09-12T08:24:18.910915+00:00' AIRFLOW_CTX_TRY_NUMBER='1' AIRFLOW_CTX_DAG_RUN_ID='manual__2024-09-12T08:24:18.910915+00:00'
[2024-09-12T08:31:46.012+0000] {python.py:202} INFO - Done. Returned value was:            Khu vực  ...  Khoảng giá trung bình (Vnđ)
0.0        Ba Đình  ...              23,750 - 77,500
1.0    Bắc Từ Liêm  ...              19,333 - 48,333
2.0       Cầu Giấy  ...              21,917 - 77,833
3.0   Hai Bà Trưng  ...              19,556 - 81,556
4.0      Hoàn Kiếm  ...              20,000 - 50,000
5.0      Hoàng Mai  ...              19,143 - 46,000
6.0        Hà Đông  ...              28,125 - 90,000
7.0      Long Biên  ...              20,000 - 30,000
8.0    Nam Từ Liêm  ...             26,250 - 183,750
NaN      Thanh Trì  ...                          NaN
9.0     Thanh Xuân  ...              25,000 - 64,000
10.0        Tây Hồ  ...              30,000 - 45,000
11.0       Đống Đa  ...              17,812 - 68,562

[13 rows x 5 columns]
[2024-09-12T08:31:46.129+0000] {taskinstance.py:1149} INFO - Marking task as SUCCESS. dag_id=shopeefood_crawl_and_report, task_id=process_report, execution_date=20240912T082418, start_date=20240912T083145, end_date=20240912T083146
[2024-09-12T08:31:46.192+0000] {local_task_job_runner.py:234} INFO - Task exited with return code 0
[2024-09-12T08:31:46.232+0000] {taskinstance.py:3312} INFO - 1 downstream tasks scheduled from follow-on schedule check
