[2024-09-12T13:59:10.628+0000] {taskinstance.py:1979} INFO - Dependencies all met for dep_context=non-requeueable deps ti=<TaskInstance: shopeefood_crawl_and_report.process_report manual__2024-09-12T13:52:59.577692+00:00 [queued]>
[2024-09-12T13:59:10.658+0000] {taskinstance.py:1979} INFO - Dependencies all met for dep_context=requeueable deps ti=<TaskInstance: shopeefood_crawl_and_report.process_report manual__2024-09-12T13:52:59.577692+00:00 [queued]>
[2024-09-12T13:59:10.661+0000] {taskinstance.py:2193} INFO - Starting attempt 1 of 2
[2024-09-12T13:59:10.696+0000] {taskinstance.py:2217} INFO - Executing <Task(PythonOperator): process_report> on 2024-09-12 13:52:59.577692+00:00
[2024-09-12T13:59:10.706+0000] {standard_task_runner.py:60} INFO - Started process 13095 to run task
[2024-09-12T13:59:10.713+0000] {standard_task_runner.py:87} INFO - Running: ['***', 'tasks', 'run', 'shopeefood_crawl_and_report', 'process_report', 'manual__2024-09-12T13:52:59.577692+00:00', '--job-id', '89', '--raw', '--subdir', 'DAGS_FOLDER/main_dag.py', '--cfg-path', '/tmp/tmpmkfxt3_n']
[2024-09-12T13:59:10.718+0000] {standard_task_runner.py:88} INFO - Job 89: Subtask process_report
[2024-09-12T13:59:10.829+0000] {task_command.py:423} INFO - Running <TaskInstance: shopeefood_crawl_and_report.process_report manual__2024-09-12T13:52:59.577692+00:00 [running]> on host bc7cb9c82b76
[2024-09-12T13:59:11.258+0000] {taskinstance.py:2513} INFO - Exporting env vars: AIRFLOW_CTX_DAG_OWNER='***' AIRFLOW_CTX_DAG_ID='shopeefood_crawl_and_report' AIRFLOW_CTX_TASK_ID='process_report' AIRFLOW_CTX_EXECUTION_DATE='2024-09-12T13:52:59.577692+00:00' AIRFLOW_CTX_TRY_NUMBER='1' AIRFLOW_CTX_DAG_RUN_ID='manual__2024-09-12T13:52:59.577692+00:00'
[2024-09-12T13:59:11.493+0000] {python.py:202} INFO - Done. Returned value was:            Khu vực  ...  Khoảng giá trung bình (Vnđ)
0.0        Ba Đình  ...             17,417 - 171,583
1.0    Bắc Từ Liêm  ...             28,000 - 164,167
2.0       Cầu Giấy  ...              28,577 - 79,077
3.0   Hai Bà Trưng  ...             31,350 - 118,950
4.0       Hoài Đức  ...              17,500 - 35,000
5.0      Hoàn Kiếm  ...              27,500 - 77,500
6.0      Hoàng Mai  ...              16,000 - 87,200
7.0        Hà Đông  ...              29,400 - 78,000
8.0      Long Biên  ...              26,667 - 43,333
9.0    Nam Từ Liêm  ...             21,400 - 207,900
10.0     Thanh Trì  ...             28,000 - 150,000
11.0    Thanh Xuân  ...              24,000 - 67,000
NaN         Tây Hồ  ...                          NaN
12.0       Đống Đa  ...              23,850 - 88,100

[14 rows x 5 columns]
[2024-09-12T13:59:11.785+0000] {taskinstance.py:1149} INFO - Marking task as SUCCESS. dag_id=shopeefood_crawl_and_report, task_id=process_report, execution_date=20240912T135259, start_date=20240912T135910, end_date=20240912T135911
[2024-09-12T13:59:11.856+0000] {local_task_job_runner.py:234} INFO - Task exited with return code 0
[2024-09-12T13:59:11.930+0000] {taskinstance.py:3312} INFO - 1 downstream tasks scheduled from follow-on schedule check
