[2024-09-12T15:41:23.350+0000] {taskinstance.py:1979} INFO - Dependencies all met for dep_context=non-requeueable deps ti=<TaskInstance: shopeefood_crawl_and_report.crawl_restaurant_details manual__2024-09-12T15:37:36.009791+00:00 [queued]>
[2024-09-12T15:41:23.362+0000] {taskinstance.py:1979} INFO - Dependencies all met for dep_context=requeueable deps ti=<TaskInstance: shopeefood_crawl_and_report.crawl_restaurant_details manual__2024-09-12T15:37:36.009791+00:00 [queued]>
[2024-09-12T15:41:23.363+0000] {taskinstance.py:2193} INFO - Starting attempt 1 of 2
[2024-09-12T15:41:23.378+0000] {taskinstance.py:2217} INFO - Executing <Task(PythonOperator): crawl_restaurant_details> on 2024-09-12 15:37:36.009791+00:00
[2024-09-12T15:41:23.386+0000] {standard_task_runner.py:60} INFO - Started process 19627 to run task
[2024-09-12T15:41:23.398+0000] {standard_task_runner.py:87} INFO - Running: ['***', 'tasks', 'run', 'shopeefood_crawl_and_report', 'crawl_restaurant_details', 'manual__2024-09-12T15:37:36.009791+00:00', '--job-id', '142', '--raw', '--subdir', 'DAGS_FOLDER/main_dag.py', '--cfg-path', '/tmp/tmpea2uzy64']
[2024-09-12T15:41:23.408+0000] {standard_task_runner.py:88} INFO - Job 142: Subtask crawl_restaurant_details
[2024-09-12T15:41:23.475+0000] {task_command.py:423} INFO - Running <TaskInstance: shopeefood_crawl_and_report.crawl_restaurant_details manual__2024-09-12T15:37:36.009791+00:00 [running]> on host bc7cb9c82b76
[2024-09-12T15:41:23.827+0000] {taskinstance.py:2513} INFO - Exporting env vars: AIRFLOW_CTX_DAG_OWNER='***' AIRFLOW_CTX_DAG_ID='shopeefood_crawl_and_report' AIRFLOW_CTX_TASK_ID='crawl_restaurant_details' AIRFLOW_CTX_EXECUTION_DATE='2024-09-12T15:37:36.009791+00:00' AIRFLOW_CTX_TRY_NUMBER='1' AIRFLOW_CTX_DAG_RUN_ID='manual__2024-09-12T15:37:36.009791+00:00'
[2024-09-12T16:01:26.163+0000] {logging_mixin.py:188} INFO - Lỗi khi chờ đợi sản phẩm: Message: 
Stacktrace:
#0 0x56137ccd36b3 <unknown>
#1 0x56137c9a91e7 <unknown>
#2 0x56137c9f0566 <unknown>
#3 0x56137c9f0651 <unknown>
#4 0x56137ca2da74 <unknown>
#5 0x56137ca120ed <unknown>
#6 0x56137ca2b322 <unknown>
#7 0x56137ca11e93 <unknown>
#8 0x56137c9e4934 <unknown>
#9 0x56137c9e571e <unknown>
#10 0x56137cc98cb8 <unknown>
#11 0x56137cc9cbf0 <unknown>
#12 0x56137cca719c <unknown>
#13 0x56137cc9d808 <unknown>
#14 0x56137cc6a27f <unknown>
#15 0x56137ccc1e88 <unknown>
#16 0x56137ccc2059 <unknown>
#17 0x56137ccd2843 <unknown>
#18 0x7fef750cb609 start_thread
[2024-09-12T16:01:30.063+0000] {logging_mixin.py:188} INFO - Lỗi khi chờ đợi sản phẩm: Message: 
Stacktrace:
#0 0x557a2b0556b3 <unknown>
#1 0x557a2ad2b1e7 <unknown>
#2 0x557a2ad72566 <unknown>
#3 0x557a2ad72651 <unknown>
#4 0x557a2adafa74 <unknown>
#5 0x557a2ad940ed <unknown>
#6 0x557a2adad322 <unknown>
#7 0x557a2ad93e93 <unknown>
#8 0x557a2ad66934 <unknown>
#9 0x557a2ad6771e <unknown>
#10 0x557a2b01acb8 <unknown>
#11 0x557a2b01ebf0 <unknown>
#12 0x557a2b02919c <unknown>
#13 0x557a2b01f808 <unknown>
#14 0x557a2afec27f <unknown>
#15 0x557a2b043e88 <unknown>
#16 0x557a2b044059 <unknown>
#17 0x557a2b054843 <unknown>
#18 0x7f6851504609 start_thread
[2024-09-12T16:01:38.249+0000] {logging_mixin.py:188} INFO - Lỗi khi chờ đợi sản phẩm: Message: 
Stacktrace:
#0 0x56137ccd36b3 <unknown>
#1 0x56137c9a91e7 <unknown>
#2 0x56137c9f0566 <unknown>
#3 0x56137c9f0651 <unknown>
#4 0x56137ca2da74 <unknown>
#5 0x56137ca120ed <unknown>
#6 0x56137ca2b322 <unknown>
#7 0x56137ca11e93 <unknown>
#8 0x56137c9e4934 <unknown>
#9 0x56137c9e571e <unknown>
#10 0x56137cc98cb8 <unknown>
#11 0x56137cc9cbf0 <unknown>
#12 0x56137cca719c <unknown>
#13 0x56137cc9d808 <unknown>
#14 0x56137cc6a27f <unknown>
#15 0x56137ccc1e88 <unknown>
#16 0x56137ccc2059 <unknown>
#17 0x56137ccd2843 <unknown>
#18 0x7fef750cb609 start_thread
[2024-09-12T16:01:44.231+0000] {logging_mixin.py:188} INFO - Lỗi khi chờ đợi sản phẩm: Message: 
Stacktrace:
#0 0x557a2b0556b3 <unknown>
#1 0x557a2ad2b1e7 <unknown>
#2 0x557a2ad72566 <unknown>
#3 0x557a2ad72651 <unknown>
#4 0x557a2adafa74 <unknown>
#5 0x557a2ad940ed <unknown>
#6 0x557a2adad322 <unknown>
#7 0x557a2ad93e93 <unknown>
#8 0x557a2ad66934 <unknown>
#9 0x557a2ad6771e <unknown>
#10 0x557a2b01acb8 <unknown>
#11 0x557a2b01ebf0 <unknown>
#12 0x557a2b02919c <unknown>
#13 0x557a2b01f808 <unknown>
#14 0x557a2afec27f <unknown>
#15 0x557a2b043e88 <unknown>
#16 0x557a2b044059 <unknown>
#17 0x557a2b054843 <unknown>
#18 0x7f6851504609 start_thread
[2024-09-12T16:01:57.284+0000] {logging_mixin.py:188} INFO - Lỗi khi chờ đợi sản phẩm: Message: 
Stacktrace:
#0 0x557a2b0556b3 <unknown>
#1 0x557a2ad2b1e7 <unknown>
#2 0x557a2ad72566 <unknown>
#3 0x557a2ad72651 <unknown>
#4 0x557a2adafa74 <unknown>
#5 0x557a2ad940ed <unknown>
#6 0x557a2adad322 <unknown>
#7 0x557a2ad93e93 <unknown>
#8 0x557a2ad66934 <unknown>
#9 0x557a2ad6771e <unknown>
#10 0x557a2b01acb8 <unknown>
#11 0x557a2b01ebf0 <unknown>
#12 0x557a2b02919c <unknown>
#13 0x557a2b01f808 <unknown>
#14 0x557a2afec27f <unknown>
#15 0x557a2b043e88 <unknown>
#16 0x557a2b044059 <unknown>
#17 0x557a2b054843 <unknown>
#18 0x7f6851504609 start_thread
[2024-09-12T16:02:00.010+0000] {logging_mixin.py:188} INFO - Lỗi khi chờ đợi sản phẩm: Message: 
Stacktrace:
#0 0x56137ccd36b3 <unknown>
#1 0x56137c9a91e7 <unknown>
#2 0x56137c9f0566 <unknown>
#3 0x56137c9f0651 <unknown>
#4 0x56137ca2da74 <unknown>
#5 0x56137ca120ed <unknown>
#6 0x56137ca2b322 <unknown>
#7 0x56137ca11e93 <unknown>
#8 0x56137c9e4934 <unknown>
#9 0x56137c9e571e <unknown>
#10 0x56137cc98cb8 <unknown>
#11 0x56137cc9cbf0 <unknown>
#12 0x56137cca719c <unknown>
#13 0x56137cc9d808 <unknown>
#14 0x56137cc6a27f <unknown>
#15 0x56137ccc1e88 <unknown>
#16 0x56137ccc2059 <unknown>
#17 0x56137ccd2843 <unknown>
#18 0x7fef750cb609 start_thread
[2024-09-12T16:02:46.076+0000] {logging_mixin.py:188} INFO - Lỗi khi chờ đợi sản phẩm: Message: 
Stacktrace:
#0 0x557a2b0556b3 <unknown>
#1 0x557a2ad2b1e7 <unknown>
#2 0x557a2ad72566 <unknown>
#3 0x557a2ad72651 <unknown>
#4 0x557a2adafa74 <unknown>
#5 0x557a2ad940ed <unknown>
#6 0x557a2adad322 <unknown>
#7 0x557a2ad93e93 <unknown>
#8 0x557a2ad66934 <unknown>
#9 0x557a2ad6771e <unknown>
#10 0x557a2b01acb8 <unknown>
#11 0x557a2b01ebf0 <unknown>
#12 0x557a2b02919c <unknown>
#13 0x557a2b01f808 <unknown>
#14 0x557a2afec27f <unknown>
#15 0x557a2b043e88 <unknown>
#16 0x557a2b044059 <unknown>
#17 0x557a2b054843 <unknown>
#18 0x7f6851504609 start_thread
[2024-09-12T16:02:54.458+0000] {logging_mixin.py:188} INFO - Lỗi khi chờ đợi sản phẩm: Message: 
Stacktrace:
#0 0x56137ccd36b3 <unknown>
#1 0x56137c9a91e7 <unknown>
#2 0x56137c9f0566 <unknown>
#3 0x56137c9f0651 <unknown>
#4 0x56137ca2da74 <unknown>
#5 0x56137ca120ed <unknown>
#6 0x56137ca2b322 <unknown>
#7 0x56137ca11e93 <unknown>
#8 0x56137c9e4934 <unknown>
#9 0x56137c9e571e <unknown>
#10 0x56137cc98cb8 <unknown>
#11 0x56137cc9cbf0 <unknown>
#12 0x56137cca719c <unknown>
#13 0x56137cc9d808 <unknown>
#14 0x56137cc6a27f <unknown>
#15 0x56137ccc1e88 <unknown>
#16 0x56137ccc2059 <unknown>
#17 0x56137ccd2843 <unknown>
#18 0x7fef750cb609 start_thread
[2024-09-12T16:02:59.781+0000] {logging_mixin.py:188} INFO - Lỗi khi chờ đợi sản phẩm: Message: 
Stacktrace:
#0 0x557a2b0556b3 <unknown>
#1 0x557a2ad2b1e7 <unknown>
#2 0x557a2ad72566 <unknown>
#3 0x557a2ad72651 <unknown>
#4 0x557a2adafa74 <unknown>
#5 0x557a2ad940ed <unknown>
#6 0x557a2adad322 <unknown>
#7 0x557a2ad93e93 <unknown>
#8 0x557a2ad66934 <unknown>
#9 0x557a2ad6771e <unknown>
#10 0x557a2b01acb8 <unknown>
#11 0x557a2b01ebf0 <unknown>
#12 0x557a2b02919c <unknown>
#13 0x557a2b01f808 <unknown>
#14 0x557a2afec27f <unknown>
#15 0x557a2b043e88 <unknown>
#16 0x557a2b044059 <unknown>
#17 0x557a2b054843 <unknown>
#18 0x7f6851504609 start_thread
[2024-09-12T16:03:08.200+0000] {logging_mixin.py:188} INFO - Lỗi khi chờ đợi sản phẩm: Message: 
Stacktrace:
#0 0x56137ccd36b3 <unknown>
#1 0x56137c9a91e7 <unknown>
#2 0x56137c9f0566 <unknown>
#3 0x56137c9f0651 <unknown>
#4 0x56137ca2da74 <unknown>
#5 0x56137ca120ed <unknown>
#6 0x56137ca2b322 <unknown>
#7 0x56137ca11e93 <unknown>
#8 0x56137c9e4934 <unknown>
#9 0x56137c9e571e <unknown>
#10 0x56137cc98cb8 <unknown>
#11 0x56137cc9cbf0 <unknown>
#12 0x56137cca719c <unknown>
#13 0x56137cc9d808 <unknown>
#14 0x56137cc6a27f <unknown>
#15 0x56137ccc1e88 <unknown>
#16 0x56137ccc2059 <unknown>
#17 0x56137ccd2843 <unknown>
#18 0x7fef750cb609 start_thread
[2024-09-12T16:03:13.542+0000] {logging_mixin.py:188} INFO - Lỗi khi chờ đợi sản phẩm: Message: 
Stacktrace:
#0 0x557a2b0556b3 <unknown>
#1 0x557a2ad2b1e7 <unknown>
#2 0x557a2ad72566 <unknown>
#3 0x557a2ad72651 <unknown>
#4 0x557a2adafa74 <unknown>
#5 0x557a2ad940ed <unknown>
#6 0x557a2adad322 <unknown>
#7 0x557a2ad93e93 <unknown>
#8 0x557a2ad66934 <unknown>
#9 0x557a2ad6771e <unknown>
#10 0x557a2b01acb8 <unknown>
#11 0x557a2b01ebf0 <unknown>
#12 0x557a2b02919c <unknown>
#13 0x557a2b01f808 <unknown>
#14 0x557a2afec27f <unknown>
#15 0x557a2b043e88 <unknown>
#16 0x557a2b044059 <unknown>
#17 0x557a2b054843 <unknown>
#18 0x7f6851504609 start_thread
[2024-09-12T16:03:32.167+0000] {logging_mixin.py:188} INFO - Lỗi khi chờ đợi sản phẩm: Message: 
Stacktrace:
#0 0x56137ccd36b3 <unknown>
#1 0x56137c9a91e7 <unknown>
#2 0x56137c9f0566 <unknown>
#3 0x56137c9f0651 <unknown>
#4 0x56137ca2da74 <unknown>
#5 0x56137ca120ed <unknown>
#6 0x56137ca2b322 <unknown>
#7 0x56137ca11e93 <unknown>
#8 0x56137c9e4934 <unknown>
#9 0x56137c9e571e <unknown>
#10 0x56137cc98cb8 <unknown>
#11 0x56137cc9cbf0 <unknown>
#12 0x56137cca719c <unknown>
#13 0x56137cc9d808 <unknown>
#14 0x56137cc6a27f <unknown>
#15 0x56137ccc1e88 <unknown>
#16 0x56137ccc2059 <unknown>
#17 0x56137ccd2843 <unknown>
#18 0x7fef750cb609 start_thread
[2024-09-12T16:03:33.357+0000] {logging_mixin.py:188} INFO - Lỗi khi chờ đợi sản phẩm: Message: 
Stacktrace:
#0 0x557a2b0556b3 <unknown>
#1 0x557a2ad2b1e7 <unknown>
#2 0x557a2ad72566 <unknown>
#3 0x557a2ad72651 <unknown>
#4 0x557a2adafa74 <unknown>
#5 0x557a2ad940ed <unknown>
#6 0x557a2adad322 <unknown>
#7 0x557a2ad93e93 <unknown>
#8 0x557a2ad66934 <unknown>
#9 0x557a2ad6771e <unknown>
#10 0x557a2b01acb8 <unknown>
#11 0x557a2b01ebf0 <unknown>
#12 0x557a2b02919c <unknown>
#13 0x557a2b01f808 <unknown>
#14 0x557a2afec27f <unknown>
#15 0x557a2b043e88 <unknown>
#16 0x557a2b044059 <unknown>
#17 0x557a2b054843 <unknown>
#18 0x7f6851504609 start_thread
[2024-09-12T16:03:44.855+0000] {logging_mixin.py:188} INFO - Lỗi khi chờ đợi sản phẩm: Message: 
Stacktrace:
#0 0x56137ccd36b3 <unknown>
#1 0x56137c9a91e7 <unknown>
#2 0x56137c9f0566 <unknown>
#3 0x56137c9f0651 <unknown>
#4 0x56137ca2da74 <unknown>
#5 0x56137ca120ed <unknown>
#6 0x56137ca2b322 <unknown>
#7 0x56137ca11e93 <unknown>
#8 0x56137c9e4934 <unknown>
#9 0x56137c9e571e <unknown>
#10 0x56137cc98cb8 <unknown>
#11 0x56137cc9cbf0 <unknown>
#12 0x56137cca719c <unknown>
#13 0x56137cc9d808 <unknown>
#14 0x56137cc6a27f <unknown>
#15 0x56137ccc1e88 <unknown>
#16 0x56137ccc2059 <unknown>
#17 0x56137ccd2843 <unknown>
#18 0x7fef750cb609 start_thread
[2024-09-12T16:03:45.805+0000] {logging_mixin.py:188} INFO - Lỗi khi chờ đợi sản phẩm: Message: 
Stacktrace:
#0 0x557a2b0556b3 <unknown>
#1 0x557a2ad2b1e7 <unknown>
#2 0x557a2ad72566 <unknown>
#3 0x557a2ad72651 <unknown>
#4 0x557a2adafa74 <unknown>
#5 0x557a2ad940ed <unknown>
#6 0x557a2adad322 <unknown>
#7 0x557a2ad93e93 <unknown>
#8 0x557a2ad66934 <unknown>
#9 0x557a2ad6771e <unknown>
#10 0x557a2b01acb8 <unknown>
#11 0x557a2b01ebf0 <unknown>
#12 0x557a2b02919c <unknown>
#13 0x557a2b01f808 <unknown>
#14 0x557a2afec27f <unknown>
#15 0x557a2b043e88 <unknown>
#16 0x557a2b044059 <unknown>
#17 0x557a2b054843 <unknown>
#18 0x7f6851504609 start_thread
[2024-09-12T16:03:57.482+0000] {logging_mixin.py:188} INFO - Lỗi khi chờ đợi sản phẩm: Message: 
Stacktrace:
#0 0x557a2b0556b3 <unknown>
#1 0x557a2ad2b1e7 <unknown>
#2 0x557a2ad72566 <unknown>
#3 0x557a2ad72651 <unknown>
#4 0x557a2adafa74 <unknown>
#5 0x557a2ad940ed <unknown>
#6 0x557a2adad322 <unknown>
#7 0x557a2ad93e93 <unknown>
#8 0x557a2ad66934 <unknown>
#9 0x557a2ad6771e <unknown>
#10 0x557a2b01acb8 <unknown>
#11 0x557a2b01ebf0 <unknown>
#12 0x557a2b02919c <unknown>
#13 0x557a2b01f808 <unknown>
#14 0x557a2afec27f <unknown>
#15 0x557a2b043e88 <unknown>
#16 0x557a2b044059 <unknown>
#17 0x557a2b054843 <unknown>
#18 0x7f6851504609 start_thread
[2024-09-12T16:04:10.353+0000] {logging_mixin.py:188} INFO - Lỗi khi chờ đợi sản phẩm: Message: 
Stacktrace:
#0 0x557a2b0556b3 <unknown>
#1 0x557a2ad2b1e7 <unknown>
#2 0x557a2ad72566 <unknown>
#3 0x557a2ad72651 <unknown>
#4 0x557a2adafa74 <unknown>
#5 0x557a2ad940ed <unknown>
#6 0x557a2adad322 <unknown>
#7 0x557a2ad93e93 <unknown>
#8 0x557a2ad66934 <unknown>
#9 0x557a2ad6771e <unknown>
#10 0x557a2b01acb8 <unknown>
#11 0x557a2b01ebf0 <unknown>
#12 0x557a2b02919c <unknown>
#13 0x557a2b01f808 <unknown>
#14 0x557a2afec27f <unknown>
#15 0x557a2b043e88 <unknown>
#16 0x557a2b044059 <unknown>
#17 0x557a2b054843 <unknown>
#18 0x7f6851504609 start_thread
[2024-09-12T16:04:10.661+0000] {logging_mixin.py:188} INFO - Lỗi khi chờ đợi sản phẩm: Message: 
Stacktrace:
#0 0x56137ccd36b3 <unknown>
#1 0x56137c9a91e7 <unknown>
#2 0x56137c9f0566 <unknown>
#3 0x56137c9f0651 <unknown>
#4 0x56137ca2da74 <unknown>
#5 0x56137ca120ed <unknown>
#6 0x56137ca2b322 <unknown>
#7 0x56137ca11e93 <unknown>
#8 0x56137c9e4934 <unknown>
#9 0x56137c9e571e <unknown>
#10 0x56137cc98cb8 <unknown>
#11 0x56137cc9cbf0 <unknown>
#12 0x56137cca719c <unknown>
#13 0x56137cc9d808 <unknown>
#14 0x56137cc6a27f <unknown>
#15 0x56137ccc1e88 <unknown>
#16 0x56137ccc2059 <unknown>
#17 0x56137ccd2843 <unknown>
#18 0x7fef750cb609 start_thread
[2024-09-12T16:04:23.464+0000] {logging_mixin.py:188} INFO - Lỗi khi chờ đợi sản phẩm: Message: 
Stacktrace:
#0 0x557a2b0556b3 <unknown>
#1 0x557a2ad2b1e7 <unknown>
#2 0x557a2ad72566 <unknown>
#3 0x557a2ad72651 <unknown>
#4 0x557a2adafa74 <unknown>
#5 0x557a2ad940ed <unknown>
#6 0x557a2adad322 <unknown>
#7 0x557a2ad93e93 <unknown>
#8 0x557a2ad66934 <unknown>
#9 0x557a2ad6771e <unknown>
#10 0x557a2b01acb8 <unknown>
#11 0x557a2b01ebf0 <unknown>
#12 0x557a2b02919c <unknown>
#13 0x557a2b01f808 <unknown>
#14 0x557a2afec27f <unknown>
#15 0x557a2b043e88 <unknown>
#16 0x557a2b044059 <unknown>
#17 0x557a2b054843 <unknown>
#18 0x7f6851504609 start_thread
[2024-09-12T16:04:30.389+0000] {logging_mixin.py:188} INFO - Lỗi khi chờ đợi sản phẩm: Message: 
Stacktrace:
#0 0x56137ccd36b3 <unknown>
#1 0x56137c9a91e7 <unknown>
#2 0x56137c9f0566 <unknown>
#3 0x56137c9f0651 <unknown>
#4 0x56137ca2da74 <unknown>
#5 0x56137ca120ed <unknown>
#6 0x56137ca2b322 <unknown>
#7 0x56137ca11e93 <unknown>
#8 0x56137c9e4934 <unknown>
#9 0x56137c9e571e <unknown>
#10 0x56137cc98cb8 <unknown>
#11 0x56137cc9cbf0 <unknown>
#12 0x56137cca719c <unknown>
#13 0x56137cc9d808 <unknown>
#14 0x56137cc6a27f <unknown>
#15 0x56137ccc1e88 <unknown>
#16 0x56137ccc2059 <unknown>
#17 0x56137ccd2843 <unknown>
#18 0x7fef750cb609 start_thread
[2024-09-12T16:04:45.095+0000] {logging_mixin.py:188} INFO - Lỗi khi chờ đợi sản phẩm: Message: 
Stacktrace:
#0 0x557a2b0556b3 <unknown>
#1 0x557a2ad2b1e7 <unknown>
#2 0x557a2ad72566 <unknown>
#3 0x557a2ad72651 <unknown>
#4 0x557a2adafa74 <unknown>
#5 0x557a2ad940ed <unknown>
#6 0x557a2adad322 <unknown>
#7 0x557a2ad93e93 <unknown>
#8 0x557a2ad66934 <unknown>
#9 0x557a2ad6771e <unknown>
#10 0x557a2b01acb8 <unknown>
#11 0x557a2b01ebf0 <unknown>
#12 0x557a2b02919c <unknown>
#13 0x557a2b01f808 <unknown>
#14 0x557a2afec27f <unknown>
#15 0x557a2b043e88 <unknown>
#16 0x557a2b044059 <unknown>
#17 0x557a2b054843 <unknown>
#18 0x7f6851504609 start_thread
[2024-09-12T16:04:45.959+0000] {logging_mixin.py:188} INFO - Lỗi khi chờ đợi sản phẩm: Message: 
Stacktrace:
#0 0x56137ccd36b3 <unknown>
#1 0x56137c9a91e7 <unknown>
#2 0x56137c9f0566 <unknown>
#3 0x56137c9f0651 <unknown>
#4 0x56137ca2da74 <unknown>
#5 0x56137ca120ed <unknown>
#6 0x56137ca2b322 <unknown>
#7 0x56137ca11e93 <unknown>
#8 0x56137c9e4934 <unknown>
#9 0x56137c9e571e <unknown>
#10 0x56137cc98cb8 <unknown>
#11 0x56137cc9cbf0 <unknown>
#12 0x56137cca719c <unknown>
#13 0x56137cc9d808 <unknown>
#14 0x56137cc6a27f <unknown>
#15 0x56137ccc1e88 <unknown>
#16 0x56137ccc2059 <unknown>
#17 0x56137ccd2843 <unknown>
#18 0x7fef750cb609 start_thread
[2024-09-12T16:04:59.508+0000] {logging_mixin.py:188} INFO - Lỗi khi chờ đợi sản phẩm: Message: 
Stacktrace:
#0 0x56137ccd36b3 <unknown>
#1 0x56137c9a91e7 <unknown>
#2 0x56137c9f0566 <unknown>
#3 0x56137c9f0651 <unknown>
#4 0x56137ca2da74 <unknown>
#5 0x56137ca120ed <unknown>
#6 0x56137ca2b322 <unknown>
#7 0x56137ca11e93 <unknown>
#8 0x56137c9e4934 <unknown>
#9 0x56137c9e571e <unknown>
#10 0x56137cc98cb8 <unknown>
#11 0x56137cc9cbf0 <unknown>
#12 0x56137cca719c <unknown>
#13 0x56137cc9d808 <unknown>
#14 0x56137cc6a27f <unknown>
#15 0x56137ccc1e88 <unknown>
#16 0x56137ccc2059 <unknown>
#17 0x56137ccd2843 <unknown>
#18 0x7fef750cb609 start_thread
[2024-09-12T16:04:59.958+0000] {logging_mixin.py:188} INFO - Lỗi khi chờ đợi sản phẩm: Message: 
Stacktrace:
#0 0x557a2b0556b3 <unknown>
#1 0x557a2ad2b1e7 <unknown>
#2 0x557a2ad72566 <unknown>
#3 0x557a2ad72651 <unknown>
#4 0x557a2adafa74 <unknown>
#5 0x557a2ad940ed <unknown>
#6 0x557a2adad322 <unknown>
#7 0x557a2ad93e93 <unknown>
#8 0x557a2ad66934 <unknown>
#9 0x557a2ad6771e <unknown>
#10 0x557a2b01acb8 <unknown>
#11 0x557a2b01ebf0 <unknown>
#12 0x557a2b02919c <unknown>
#13 0x557a2b01f808 <unknown>
#14 0x557a2afec27f <unknown>
#15 0x557a2b043e88 <unknown>
#16 0x557a2b044059 <unknown>
#17 0x557a2b054843 <unknown>
#18 0x7f6851504609 start_thread
[2024-09-12T16:05:15.918+0000] {logging_mixin.py:188} INFO - Lỗi khi chờ đợi sản phẩm: Message: 
Stacktrace:
#0 0x56137ccd36b3 <unknown>
#1 0x56137c9a91e7 <unknown>
#2 0x56137c9f0566 <unknown>
#3 0x56137c9f0651 <unknown>
#4 0x56137ca2da74 <unknown>
#5 0x56137ca120ed <unknown>
#6 0x56137ca2b322 <unknown>
#7 0x56137ca11e93 <unknown>
#8 0x56137c9e4934 <unknown>
#9 0x56137c9e571e <unknown>
#10 0x56137cc98cb8 <unknown>
#11 0x56137cc9cbf0 <unknown>
#12 0x56137cca719c <unknown>
#13 0x56137cc9d808 <unknown>
#14 0x56137cc6a27f <unknown>
#15 0x56137ccc1e88 <unknown>
#16 0x56137ccc2059 <unknown>
#17 0x56137ccd2843 <unknown>
#18 0x7fef750cb609 start_thread
[2024-09-12T16:05:17.167+0000] {logging_mixin.py:188} INFO - Lỗi khi chờ đợi sản phẩm: Message: 
Stacktrace:
#0 0x557a2b0556b3 <unknown>
#1 0x557a2ad2b1e7 <unknown>
#2 0x557a2ad72566 <unknown>
#3 0x557a2ad72651 <unknown>
#4 0x557a2adafa74 <unknown>
#5 0x557a2ad940ed <unknown>
#6 0x557a2adad322 <unknown>
#7 0x557a2ad93e93 <unknown>
#8 0x557a2ad66934 <unknown>
#9 0x557a2ad6771e <unknown>
#10 0x557a2b01acb8 <unknown>
#11 0x557a2b01ebf0 <unknown>
#12 0x557a2b02919c <unknown>
#13 0x557a2b01f808 <unknown>
#14 0x557a2afec27f <unknown>
#15 0x557a2b043e88 <unknown>
#16 0x557a2b044059 <unknown>
#17 0x557a2b054843 <unknown>
#18 0x7f6851504609 start_thread
[2024-09-12T16:05:28.802+0000] {logging_mixin.py:188} INFO - Lỗi khi chờ đợi sản phẩm: Message: 
Stacktrace:
#0 0x56137ccd36b3 <unknown>
#1 0x56137c9a91e7 <unknown>
#2 0x56137c9f0566 <unknown>
#3 0x56137c9f0651 <unknown>
#4 0x56137ca2da74 <unknown>
#5 0x56137ca120ed <unknown>
#6 0x56137ca2b322 <unknown>
#7 0x56137ca11e93 <unknown>
#8 0x56137c9e4934 <unknown>
#9 0x56137c9e571e <unknown>
#10 0x56137cc98cb8 <unknown>
#11 0x56137cc9cbf0 <unknown>
#12 0x56137cca719c <unknown>
#13 0x56137cc9d808 <unknown>
#14 0x56137cc6a27f <unknown>
#15 0x56137ccc1e88 <unknown>
#16 0x56137ccc2059 <unknown>
#17 0x56137ccd2843 <unknown>
#18 0x7fef750cb609 start_thread
[2024-09-12T16:05:33.362+0000] {logging_mixin.py:188} INFO - Lỗi khi chờ đợi sản phẩm: Message: 
Stacktrace:
#0 0x557a2b0556b3 <unknown>
#1 0x557a2ad2b1e7 <unknown>
#2 0x557a2ad72566 <unknown>
#3 0x557a2ad72651 <unknown>
#4 0x557a2adafa74 <unknown>
#5 0x557a2ad940ed <unknown>
#6 0x557a2adad322 <unknown>
#7 0x557a2ad93e93 <unknown>
#8 0x557a2ad66934 <unknown>
#9 0x557a2ad6771e <unknown>
#10 0x557a2b01acb8 <unknown>
#11 0x557a2b01ebf0 <unknown>
#12 0x557a2b02919c <unknown>
#13 0x557a2b01f808 <unknown>
#14 0x557a2afec27f <unknown>
#15 0x557a2b043e88 <unknown>
#16 0x557a2b044059 <unknown>
#17 0x557a2b054843 <unknown>
#18 0x7f6851504609 start_thread
[2024-09-12T16:05:59.608+0000] {logging_mixin.py:188} INFO - Lỗi khi chờ đợi sản phẩm: Message: 
Stacktrace:
#0 0x56137ccd36b3 <unknown>
#1 0x56137c9a91e7 <unknown>
#2 0x56137c9f0566 <unknown>
#3 0x56137c9f0651 <unknown>
#4 0x56137ca2da74 <unknown>
#5 0x56137ca120ed <unknown>
#6 0x56137ca2b322 <unknown>
#7 0x56137ca11e93 <unknown>
#8 0x56137c9e4934 <unknown>
#9 0x56137c9e571e <unknown>
#10 0x56137cc98cb8 <unknown>
#11 0x56137cc9cbf0 <unknown>
#12 0x56137cca719c <unknown>
#13 0x56137cc9d808 <unknown>
#14 0x56137cc6a27f <unknown>
#15 0x56137ccc1e88 <unknown>
#16 0x56137ccc2059 <unknown>
#17 0x56137ccd2843 <unknown>
#18 0x7fef750cb609 start_thread
[2024-09-12T16:17:52.677+0000] {python.py:202} INFO - Done. Returned value was: None
[2024-09-12T16:17:52.715+0000] {taskinstance.py:1149} INFO - Marking task as SUCCESS. dag_id=shopeefood_crawl_and_report, task_id=crawl_restaurant_details, execution_date=20240912T153736, start_date=20240912T154123, end_date=20240912T161752
[2024-09-12T16:17:52.772+0000] {local_task_job_runner.py:234} INFO - Task exited with return code 0
[2024-09-12T16:17:52.824+0000] {taskinstance.py:3312} INFO - 1 downstream tasks scheduled from follow-on schedule check
