[2024-09-10T18:19:33.645+0000] {processor.py:161} INFO - Started process (PID=191) to work on /opt/airflow/dags/load/load_to_mysql.py
[2024-09-10T18:19:33.648+0000] {processor.py:830} INFO - Processing file /opt/airflow/dags/load/load_to_mysql.py for tasks to queue
[2024-09-10T18:19:33.650+0000] {logging_mixin.py:188} INFO - [2024-09-10T18:19:33.650+0000] {dagbag.py:540} INFO - Filling up the DagBag from /opt/airflow/dags/load/load_to_mysql.py
[2024-09-10T18:19:35.477+0000] {processor.py:842} WARNING - No viable dags retrieved from /opt/airflow/dags/load/load_to_mysql.py
[2024-09-10T18:19:35.492+0000] {processor.py:183} INFO - Processing /opt/airflow/dags/load/load_to_mysql.py took 1.855 seconds
[2024-09-10T18:20:06.113+0000] {processor.py:161} INFO - Started process (PID=221) to work on /opt/airflow/dags/load/load_to_mysql.py
[2024-09-10T18:20:06.114+0000] {processor.py:830} INFO - Processing file /opt/airflow/dags/load/load_to_mysql.py for tasks to queue
[2024-09-10T18:20:06.116+0000] {logging_mixin.py:188} INFO - [2024-09-10T18:20:06.115+0000] {dagbag.py:540} INFO - Filling up the DagBag from /opt/airflow/dags/load/load_to_mysql.py
[2024-09-10T18:20:06.450+0000] {processor.py:842} WARNING - No viable dags retrieved from /opt/airflow/dags/load/load_to_mysql.py
[2024-09-10T18:20:06.468+0000] {processor.py:183} INFO - Processing /opt/airflow/dags/load/load_to_mysql.py took 0.360 seconds
[2024-09-10T18:20:37.092+0000] {processor.py:161} INFO - Started process (PID=249) to work on /opt/airflow/dags/load/load_to_mysql.py
[2024-09-10T18:20:37.094+0000] {processor.py:830} INFO - Processing file /opt/airflow/dags/load/load_to_mysql.py for tasks to queue
[2024-09-10T18:20:37.095+0000] {logging_mixin.py:188} INFO - [2024-09-10T18:20:37.094+0000] {dagbag.py:540} INFO - Filling up the DagBag from /opt/airflow/dags/load/load_to_mysql.py
[2024-09-10T18:20:37.323+0000] {processor.py:842} WARNING - No viable dags retrieved from /opt/airflow/dags/load/load_to_mysql.py
[2024-09-10T18:20:37.336+0000] {processor.py:183} INFO - Processing /opt/airflow/dags/load/load_to_mysql.py took 0.246 seconds
[2024-09-10T18:21:08.016+0000] {processor.py:161} INFO - Started process (PID=283) to work on /opt/airflow/dags/load/load_to_mysql.py
[2024-09-10T18:21:08.017+0000] {processor.py:830} INFO - Processing file /opt/airflow/dags/load/load_to_mysql.py for tasks to queue
[2024-09-10T18:21:08.018+0000] {logging_mixin.py:188} INFO - [2024-09-10T18:21:08.018+0000] {dagbag.py:540} INFO - Filling up the DagBag from /opt/airflow/dags/load/load_to_mysql.py
[2024-09-10T18:21:08.250+0000] {processor.py:842} WARNING - No viable dags retrieved from /opt/airflow/dags/load/load_to_mysql.py
[2024-09-10T18:21:08.263+0000] {processor.py:183} INFO - Processing /opt/airflow/dags/load/load_to_mysql.py took 0.250 seconds
[2024-09-10T18:21:38.997+0000] {processor.py:161} INFO - Started process (PID=311) to work on /opt/airflow/dags/load/load_to_mysql.py
[2024-09-10T18:21:38.998+0000] {processor.py:830} INFO - Processing file /opt/airflow/dags/load/load_to_mysql.py for tasks to queue
[2024-09-10T18:21:38.999+0000] {logging_mixin.py:188} INFO - [2024-09-10T18:21:38.999+0000] {dagbag.py:540} INFO - Filling up the DagBag from /opt/airflow/dags/load/load_to_mysql.py
[2024-09-10T18:21:39.254+0000] {processor.py:842} WARNING - No viable dags retrieved from /opt/airflow/dags/load/load_to_mysql.py
[2024-09-10T18:21:39.267+0000] {processor.py:183} INFO - Processing /opt/airflow/dags/load/load_to_mysql.py took 0.273 seconds
[2024-09-10T18:22:09.949+0000] {processor.py:161} INFO - Started process (PID=367) to work on /opt/airflow/dags/load/load_to_mysql.py
[2024-09-10T18:22:09.950+0000] {processor.py:830} INFO - Processing file /opt/airflow/dags/load/load_to_mysql.py for tasks to queue
[2024-09-10T18:22:09.951+0000] {logging_mixin.py:188} INFO - [2024-09-10T18:22:09.951+0000] {dagbag.py:540} INFO - Filling up the DagBag from /opt/airflow/dags/load/load_to_mysql.py
[2024-09-10T18:22:10.182+0000] {processor.py:842} WARNING - No viable dags retrieved from /opt/airflow/dags/load/load_to_mysql.py
[2024-09-10T18:22:10.196+0000] {processor.py:183} INFO - Processing /opt/airflow/dags/load/load_to_mysql.py took 0.250 seconds
[2024-09-10T18:22:40.392+0000] {processor.py:161} INFO - Started process (PID=415) to work on /opt/airflow/dags/load/load_to_mysql.py
[2024-09-10T18:22:40.394+0000] {processor.py:830} INFO - Processing file /opt/airflow/dags/load/load_to_mysql.py for tasks to queue
[2024-09-10T18:22:40.395+0000] {logging_mixin.py:188} INFO - [2024-09-10T18:22:40.395+0000] {dagbag.py:540} INFO - Filling up the DagBag from /opt/airflow/dags/load/load_to_mysql.py
[2024-09-10T18:22:40.667+0000] {processor.py:842} WARNING - No viable dags retrieved from /opt/airflow/dags/load/load_to_mysql.py
[2024-09-10T18:22:40.683+0000] {processor.py:183} INFO - Processing /opt/airflow/dags/load/load_to_mysql.py took 0.293 seconds
[2024-09-10T18:23:10.871+0000] {processor.py:161} INFO - Started process (PID=444) to work on /opt/airflow/dags/load/load_to_mysql.py
[2024-09-10T18:23:10.873+0000] {processor.py:830} INFO - Processing file /opt/airflow/dags/load/load_to_mysql.py for tasks to queue
[2024-09-10T18:23:10.874+0000] {logging_mixin.py:188} INFO - [2024-09-10T18:23:10.873+0000] {dagbag.py:540} INFO - Filling up the DagBag from /opt/airflow/dags/load/load_to_mysql.py
[2024-09-10T18:23:11.125+0000] {processor.py:842} WARNING - No viable dags retrieved from /opt/airflow/dags/load/load_to_mysql.py
[2024-09-10T18:23:11.143+0000] {processor.py:183} INFO - Processing /opt/airflow/dags/load/load_to_mysql.py took 0.275 seconds
[2024-09-10T18:23:41.551+0000] {processor.py:161} INFO - Started process (PID=472) to work on /opt/airflow/dags/load/load_to_mysql.py
[2024-09-10T18:23:41.552+0000] {processor.py:830} INFO - Processing file /opt/airflow/dags/load/load_to_mysql.py for tasks to queue
[2024-09-10T18:23:41.553+0000] {logging_mixin.py:188} INFO - [2024-09-10T18:23:41.553+0000] {dagbag.py:540} INFO - Filling up the DagBag from /opt/airflow/dags/load/load_to_mysql.py
[2024-09-10T18:23:41.779+0000] {processor.py:842} WARNING - No viable dags retrieved from /opt/airflow/dags/load/load_to_mysql.py
[2024-09-10T18:23:41.792+0000] {processor.py:183} INFO - Processing /opt/airflow/dags/load/load_to_mysql.py took 0.244 seconds
[2024-09-10T18:24:12.450+0000] {processor.py:161} INFO - Started process (PID=500) to work on /opt/airflow/dags/load/load_to_mysql.py
[2024-09-10T18:24:12.451+0000] {processor.py:830} INFO - Processing file /opt/airflow/dags/load/load_to_mysql.py for tasks to queue
[2024-09-10T18:24:12.452+0000] {logging_mixin.py:188} INFO - [2024-09-10T18:24:12.452+0000] {dagbag.py:540} INFO - Filling up the DagBag from /opt/airflow/dags/load/load_to_mysql.py
[2024-09-10T18:24:12.681+0000] {processor.py:842} WARNING - No viable dags retrieved from /opt/airflow/dags/load/load_to_mysql.py
[2024-09-10T18:24:12.694+0000] {processor.py:183} INFO - Processing /opt/airflow/dags/load/load_to_mysql.py took 0.247 seconds
[2024-09-10T18:24:43.317+0000] {processor.py:161} INFO - Started process (PID=528) to work on /opt/airflow/dags/load/load_to_mysql.py
[2024-09-10T18:24:43.318+0000] {processor.py:830} INFO - Processing file /opt/airflow/dags/load/load_to_mysql.py for tasks to queue
[2024-09-10T18:24:43.319+0000] {logging_mixin.py:188} INFO - [2024-09-10T18:24:43.319+0000] {dagbag.py:540} INFO - Filling up the DagBag from /opt/airflow/dags/load/load_to_mysql.py
[2024-09-10T18:24:43.576+0000] {processor.py:842} WARNING - No viable dags retrieved from /opt/airflow/dags/load/load_to_mysql.py
[2024-09-10T18:24:43.593+0000] {processor.py:183} INFO - Processing /opt/airflow/dags/load/load_to_mysql.py took 0.280 seconds
[2024-09-10T18:25:14.155+0000] {processor.py:161} INFO - Started process (PID=556) to work on /opt/airflow/dags/load/load_to_mysql.py
[2024-09-10T18:25:14.156+0000] {processor.py:830} INFO - Processing file /opt/airflow/dags/load/load_to_mysql.py for tasks to queue
[2024-09-10T18:25:14.157+0000] {logging_mixin.py:188} INFO - [2024-09-10T18:25:14.157+0000] {dagbag.py:540} INFO - Filling up the DagBag from /opt/airflow/dags/load/load_to_mysql.py
[2024-09-10T18:25:14.389+0000] {processor.py:842} WARNING - No viable dags retrieved from /opt/airflow/dags/load/load_to_mysql.py
[2024-09-10T18:25:14.404+0000] {processor.py:183} INFO - Processing /opt/airflow/dags/load/load_to_mysql.py took 0.253 seconds
[2024-09-10T18:25:45.057+0000] {processor.py:161} INFO - Started process (PID=584) to work on /opt/airflow/dags/load/load_to_mysql.py
[2024-09-10T18:25:45.058+0000] {processor.py:830} INFO - Processing file /opt/airflow/dags/load/load_to_mysql.py for tasks to queue
[2024-09-10T18:25:45.059+0000] {logging_mixin.py:188} INFO - [2024-09-10T18:25:45.059+0000] {dagbag.py:540} INFO - Filling up the DagBag from /opt/airflow/dags/load/load_to_mysql.py
[2024-09-10T18:25:45.297+0000] {processor.py:842} WARNING - No viable dags retrieved from /opt/airflow/dags/load/load_to_mysql.py
[2024-09-10T18:25:45.312+0000] {processor.py:183} INFO - Processing /opt/airflow/dags/load/load_to_mysql.py took 0.258 seconds
[2024-09-10T18:26:15.909+0000] {processor.py:161} INFO - Started process (PID=617) to work on /opt/airflow/dags/load/load_to_mysql.py
[2024-09-10T18:26:15.910+0000] {processor.py:830} INFO - Processing file /opt/airflow/dags/load/load_to_mysql.py for tasks to queue
[2024-09-10T18:26:15.911+0000] {logging_mixin.py:188} INFO - [2024-09-10T18:26:15.911+0000] {dagbag.py:540} INFO - Filling up the DagBag from /opt/airflow/dags/load/load_to_mysql.py
[2024-09-10T18:26:16.138+0000] {processor.py:842} WARNING - No viable dags retrieved from /opt/airflow/dags/load/load_to_mysql.py
[2024-09-10T18:26:16.152+0000] {processor.py:183} INFO - Processing /opt/airflow/dags/load/load_to_mysql.py took 0.245 seconds
[2024-09-10T18:26:46.831+0000] {processor.py:161} INFO - Started process (PID=645) to work on /opt/airflow/dags/load/load_to_mysql.py
[2024-09-10T18:26:46.832+0000] {processor.py:830} INFO - Processing file /opt/airflow/dags/load/load_to_mysql.py for tasks to queue
[2024-09-10T18:26:46.833+0000] {logging_mixin.py:188} INFO - [2024-09-10T18:26:46.833+0000] {dagbag.py:540} INFO - Filling up the DagBag from /opt/airflow/dags/load/load_to_mysql.py
[2024-09-10T18:26:47.082+0000] {processor.py:842} WARNING - No viable dags retrieved from /opt/airflow/dags/load/load_to_mysql.py
[2024-09-10T18:26:47.095+0000] {processor.py:183} INFO - Processing /opt/airflow/dags/load/load_to_mysql.py took 0.267 seconds
[2024-09-10T18:27:17.169+0000] {processor.py:161} INFO - Started process (PID=679) to work on /opt/airflow/dags/load/load_to_mysql.py
[2024-09-10T18:27:17.170+0000] {processor.py:830} INFO - Processing file /opt/airflow/dags/load/load_to_mysql.py for tasks to queue
[2024-09-10T18:27:17.171+0000] {logging_mixin.py:188} INFO - [2024-09-10T18:27:17.171+0000] {dagbag.py:540} INFO - Filling up the DagBag from /opt/airflow/dags/load/load_to_mysql.py
[2024-09-10T18:27:17.421+0000] {processor.py:842} WARNING - No viable dags retrieved from /opt/airflow/dags/load/load_to_mysql.py
[2024-09-10T18:27:17.440+0000] {processor.py:183} INFO - Processing /opt/airflow/dags/load/load_to_mysql.py took 0.274 seconds
[2024-09-10T18:27:47.836+0000] {processor.py:161} INFO - Started process (PID=708) to work on /opt/airflow/dags/load/load_to_mysql.py
[2024-09-10T18:27:47.838+0000] {processor.py:830} INFO - Processing file /opt/airflow/dags/load/load_to_mysql.py for tasks to queue
[2024-09-10T18:27:47.839+0000] {logging_mixin.py:188} INFO - [2024-09-10T18:27:47.838+0000] {dagbag.py:540} INFO - Filling up the DagBag from /opt/airflow/dags/load/load_to_mysql.py
[2024-09-10T18:27:48.111+0000] {processor.py:842} WARNING - No viable dags retrieved from /opt/airflow/dags/load/load_to_mysql.py
[2024-09-10T18:27:48.124+0000] {processor.py:183} INFO - Processing /opt/airflow/dags/load/load_to_mysql.py took 0.290 seconds
[2024-09-10T18:28:18.252+0000] {processor.py:161} INFO - Started process (PID=737) to work on /opt/airflow/dags/load/load_to_mysql.py
[2024-09-10T18:28:18.253+0000] {processor.py:830} INFO - Processing file /opt/airflow/dags/load/load_to_mysql.py for tasks to queue
[2024-09-10T18:28:18.254+0000] {logging_mixin.py:188} INFO - [2024-09-10T18:28:18.254+0000] {dagbag.py:540} INFO - Filling up the DagBag from /opt/airflow/dags/load/load_to_mysql.py
[2024-09-10T18:28:18.506+0000] {processor.py:842} WARNING - No viable dags retrieved from /opt/airflow/dags/load/load_to_mysql.py
[2024-09-10T18:28:18.520+0000] {processor.py:183} INFO - Processing /opt/airflow/dags/load/load_to_mysql.py took 0.271 seconds
[2024-09-10T18:28:49.218+0000] {processor.py:161} INFO - Started process (PID=766) to work on /opt/airflow/dags/load/load_to_mysql.py
[2024-09-10T18:28:49.220+0000] {processor.py:830} INFO - Processing file /opt/airflow/dags/load/load_to_mysql.py for tasks to queue
[2024-09-10T18:28:49.221+0000] {logging_mixin.py:188} INFO - [2024-09-10T18:28:49.221+0000] {dagbag.py:540} INFO - Filling up the DagBag from /opt/airflow/dags/load/load_to_mysql.py
[2024-09-10T18:28:49.470+0000] {processor.py:842} WARNING - No viable dags retrieved from /opt/airflow/dags/load/load_to_mysql.py
[2024-09-10T18:28:49.488+0000] {processor.py:183} INFO - Processing /opt/airflow/dags/load/load_to_mysql.py took 0.273 seconds
[2024-09-10T18:29:19.900+0000] {processor.py:161} INFO - Started process (PID=795) to work on /opt/airflow/dags/load/load_to_mysql.py
[2024-09-10T18:29:19.902+0000] {processor.py:830} INFO - Processing file /opt/airflow/dags/load/load_to_mysql.py for tasks to queue
[2024-09-10T18:29:19.903+0000] {logging_mixin.py:188} INFO - [2024-09-10T18:29:19.903+0000] {dagbag.py:540} INFO - Filling up the DagBag from /opt/airflow/dags/load/load_to_mysql.py
[2024-09-10T18:29:20.147+0000] {processor.py:842} WARNING - No viable dags retrieved from /opt/airflow/dags/load/load_to_mysql.py
[2024-09-10T18:29:20.164+0000] {processor.py:183} INFO - Processing /opt/airflow/dags/load/load_to_mysql.py took 0.267 seconds
[2024-09-10T18:29:50.579+0000] {processor.py:161} INFO - Started process (PID=824) to work on /opt/airflow/dags/load/load_to_mysql.py
[2024-09-10T18:29:50.580+0000] {processor.py:830} INFO - Processing file /opt/airflow/dags/load/load_to_mysql.py for tasks to queue
[2024-09-10T18:29:50.582+0000] {logging_mixin.py:188} INFO - [2024-09-10T18:29:50.581+0000] {dagbag.py:540} INFO - Filling up the DagBag from /opt/airflow/dags/load/load_to_mysql.py
[2024-09-10T18:29:50.839+0000] {processor.py:842} WARNING - No viable dags retrieved from /opt/airflow/dags/load/load_to_mysql.py
[2024-09-10T18:29:50.855+0000] {processor.py:183} INFO - Processing /opt/airflow/dags/load/load_to_mysql.py took 0.279 seconds
[2024-09-10T18:30:21.257+0000] {processor.py:161} INFO - Started process (PID=852) to work on /opt/airflow/dags/load/load_to_mysql.py
[2024-09-10T18:30:21.258+0000] {processor.py:830} INFO - Processing file /opt/airflow/dags/load/load_to_mysql.py for tasks to queue
[2024-09-10T18:30:21.260+0000] {logging_mixin.py:188} INFO - [2024-09-10T18:30:21.259+0000] {dagbag.py:540} INFO - Filling up the DagBag from /opt/airflow/dags/load/load_to_mysql.py
[2024-09-10T18:30:21.501+0000] {processor.py:842} WARNING - No viable dags retrieved from /opt/airflow/dags/load/load_to_mysql.py
[2024-09-10T18:30:21.515+0000] {processor.py:183} INFO - Processing /opt/airflow/dags/load/load_to_mysql.py took 0.261 seconds
[2024-09-10T18:30:52.246+0000] {processor.py:161} INFO - Started process (PID=880) to work on /opt/airflow/dags/load/load_to_mysql.py
[2024-09-10T18:30:52.248+0000] {processor.py:830} INFO - Processing file /opt/airflow/dags/load/load_to_mysql.py for tasks to queue
[2024-09-10T18:30:52.249+0000] {logging_mixin.py:188} INFO - [2024-09-10T18:30:52.248+0000] {dagbag.py:540} INFO - Filling up the DagBag from /opt/airflow/dags/load/load_to_mysql.py
[2024-09-10T18:30:52.501+0000] {processor.py:842} WARNING - No viable dags retrieved from /opt/airflow/dags/load/load_to_mysql.py
[2024-09-10T18:30:52.516+0000] {processor.py:183} INFO - Processing /opt/airflow/dags/load/load_to_mysql.py took 0.273 seconds
[2024-09-10T18:31:23.233+0000] {processor.py:161} INFO - Started process (PID=908) to work on /opt/airflow/dags/load/load_to_mysql.py
[2024-09-10T18:31:23.234+0000] {processor.py:830} INFO - Processing file /opt/airflow/dags/load/load_to_mysql.py for tasks to queue
[2024-09-10T18:31:23.236+0000] {logging_mixin.py:188} INFO - [2024-09-10T18:31:23.235+0000] {dagbag.py:540} INFO - Filling up the DagBag from /opt/airflow/dags/load/load_to_mysql.py
[2024-09-10T18:31:23.506+0000] {processor.py:842} WARNING - No viable dags retrieved from /opt/airflow/dags/load/load_to_mysql.py
[2024-09-10T18:31:23.523+0000] {processor.py:183} INFO - Processing /opt/airflow/dags/load/load_to_mysql.py took 0.293 seconds
[2024-09-10T18:31:53.927+0000] {processor.py:161} INFO - Started process (PID=936) to work on /opt/airflow/dags/load/load_to_mysql.py
[2024-09-10T18:31:53.929+0000] {processor.py:830} INFO - Processing file /opt/airflow/dags/load/load_to_mysql.py for tasks to queue
[2024-09-10T18:31:53.930+0000] {logging_mixin.py:188} INFO - [2024-09-10T18:31:53.930+0000] {dagbag.py:540} INFO - Filling up the DagBag from /opt/airflow/dags/load/load_to_mysql.py
[2024-09-10T18:31:54.188+0000] {processor.py:842} WARNING - No viable dags retrieved from /opt/airflow/dags/load/load_to_mysql.py
[2024-09-10T18:31:54.204+0000] {processor.py:183} INFO - Processing /opt/airflow/dags/load/load_to_mysql.py took 0.279 seconds
[2024-09-10T18:32:24.597+0000] {processor.py:161} INFO - Started process (PID=964) to work on /opt/airflow/dags/load/load_to_mysql.py
[2024-09-10T18:32:24.598+0000] {processor.py:830} INFO - Processing file /opt/airflow/dags/load/load_to_mysql.py for tasks to queue
[2024-09-10T18:32:24.600+0000] {logging_mixin.py:188} INFO - [2024-09-10T18:32:24.600+0000] {dagbag.py:540} INFO - Filling up the DagBag from /opt/airflow/dags/load/load_to_mysql.py
[2024-09-10T18:32:25.033+0000] {processor.py:842} WARNING - No viable dags retrieved from /opt/airflow/dags/load/load_to_mysql.py
[2024-09-10T18:32:25.049+0000] {processor.py:183} INFO - Processing /opt/airflow/dags/load/load_to_mysql.py took 0.459 seconds
[2024-09-10T18:32:55.298+0000] {processor.py:161} INFO - Started process (PID=992) to work on /opt/airflow/dags/load/load_to_mysql.py
[2024-09-10T18:32:55.299+0000] {processor.py:830} INFO - Processing file /opt/airflow/dags/load/load_to_mysql.py for tasks to queue
[2024-09-10T18:32:55.300+0000] {logging_mixin.py:188} INFO - [2024-09-10T18:32:55.300+0000] {dagbag.py:540} INFO - Filling up the DagBag from /opt/airflow/dags/load/load_to_mysql.py
[2024-09-10T18:32:55.580+0000] {processor.py:842} WARNING - No viable dags retrieved from /opt/airflow/dags/load/load_to_mysql.py
[2024-09-10T18:32:55.597+0000] {processor.py:183} INFO - Processing /opt/airflow/dags/load/load_to_mysql.py took 0.303 seconds
[2024-09-10T18:33:26.004+0000] {processor.py:161} INFO - Started process (PID=1020) to work on /opt/airflow/dags/load/load_to_mysql.py
[2024-09-10T18:33:26.005+0000] {processor.py:830} INFO - Processing file /opt/airflow/dags/load/load_to_mysql.py for tasks to queue
[2024-09-10T18:33:26.007+0000] {logging_mixin.py:188} INFO - [2024-09-10T18:33:26.006+0000] {dagbag.py:540} INFO - Filling up the DagBag from /opt/airflow/dags/load/load_to_mysql.py
[2024-09-10T18:33:26.270+0000] {processor.py:842} WARNING - No viable dags retrieved from /opt/airflow/dags/load/load_to_mysql.py
[2024-09-10T18:33:26.287+0000] {processor.py:183} INFO - Processing /opt/airflow/dags/load/load_to_mysql.py took 0.287 seconds
[2024-09-10T18:33:56.756+0000] {processor.py:161} INFO - Started process (PID=1048) to work on /opt/airflow/dags/load/load_to_mysql.py
[2024-09-10T18:33:56.758+0000] {processor.py:830} INFO - Processing file /opt/airflow/dags/load/load_to_mysql.py for tasks to queue
[2024-09-10T18:33:56.760+0000] {logging_mixin.py:188} INFO - [2024-09-10T18:33:56.759+0000] {dagbag.py:540} INFO - Filling up the DagBag from /opt/airflow/dags/load/load_to_mysql.py
[2024-09-10T18:33:57.061+0000] {processor.py:842} WARNING - No viable dags retrieved from /opt/airflow/dags/load/load_to_mysql.py
[2024-09-10T18:33:57.083+0000] {processor.py:183} INFO - Processing /opt/airflow/dags/load/load_to_mysql.py took 0.330 seconds
[2024-09-10T18:34:27.870+0000] {processor.py:161} INFO - Started process (PID=1091) to work on /opt/airflow/dags/load/load_to_mysql.py
[2024-09-10T18:34:27.872+0000] {processor.py:830} INFO - Processing file /opt/airflow/dags/load/load_to_mysql.py for tasks to queue
[2024-09-10T18:34:27.873+0000] {logging_mixin.py:188} INFO - [2024-09-10T18:34:27.873+0000] {dagbag.py:540} INFO - Filling up the DagBag from /opt/airflow/dags/load/load_to_mysql.py
[2024-09-10T18:34:28.247+0000] {processor.py:842} WARNING - No viable dags retrieved from /opt/airflow/dags/load/load_to_mysql.py
[2024-09-10T18:34:28.259+0000] {processor.py:183} INFO - Processing /opt/airflow/dags/load/load_to_mysql.py took 0.392 seconds
[2024-09-10T18:34:58.927+0000] {processor.py:161} INFO - Started process (PID=1119) to work on /opt/airflow/dags/load/load_to_mysql.py
[2024-09-10T18:34:58.928+0000] {processor.py:830} INFO - Processing file /opt/airflow/dags/load/load_to_mysql.py for tasks to queue
[2024-09-10T18:34:58.929+0000] {logging_mixin.py:188} INFO - [2024-09-10T18:34:58.929+0000] {dagbag.py:540} INFO - Filling up the DagBag from /opt/airflow/dags/load/load_to_mysql.py
[2024-09-10T18:34:59.173+0000] {processor.py:842} WARNING - No viable dags retrieved from /opt/airflow/dags/load/load_to_mysql.py
[2024-09-10T18:34:59.189+0000] {processor.py:183} INFO - Processing /opt/airflow/dags/load/load_to_mysql.py took 0.266 seconds
[2024-09-10T18:35:29.630+0000] {processor.py:161} INFO - Started process (PID=1147) to work on /opt/airflow/dags/load/load_to_mysql.py
[2024-09-10T18:35:29.632+0000] {processor.py:830} INFO - Processing file /opt/airflow/dags/load/load_to_mysql.py for tasks to queue
[2024-09-10T18:35:29.633+0000] {logging_mixin.py:188} INFO - [2024-09-10T18:35:29.632+0000] {dagbag.py:540} INFO - Filling up the DagBag from /opt/airflow/dags/load/load_to_mysql.py
[2024-09-10T18:35:30.060+0000] {processor.py:842} WARNING - No viable dags retrieved from /opt/airflow/dags/load/load_to_mysql.py
[2024-09-10T18:35:30.074+0000] {processor.py:183} INFO - Processing /opt/airflow/dags/load/load_to_mysql.py took 0.446 seconds
[2024-09-10T18:36:00.936+0000] {processor.py:161} INFO - Started process (PID=1175) to work on /opt/airflow/dags/load/load_to_mysql.py
[2024-09-10T18:36:00.937+0000] {processor.py:830} INFO - Processing file /opt/airflow/dags/load/load_to_mysql.py for tasks to queue
[2024-09-10T18:36:00.938+0000] {logging_mixin.py:188} INFO - [2024-09-10T18:36:00.938+0000] {dagbag.py:540} INFO - Filling up the DagBag from /opt/airflow/dags/load/load_to_mysql.py
[2024-09-10T18:36:01.167+0000] {processor.py:842} WARNING - No viable dags retrieved from /opt/airflow/dags/load/load_to_mysql.py
[2024-09-10T18:36:01.182+0000] {processor.py:183} INFO - Processing /opt/airflow/dags/load/load_to_mysql.py took 0.251 seconds
[2024-09-10T18:36:31.661+0000] {processor.py:161} INFO - Started process (PID=1203) to work on /opt/airflow/dags/load/load_to_mysql.py
[2024-09-10T18:36:31.662+0000] {processor.py:830} INFO - Processing file /opt/airflow/dags/load/load_to_mysql.py for tasks to queue
[2024-09-10T18:36:31.664+0000] {logging_mixin.py:188} INFO - [2024-09-10T18:36:31.663+0000] {dagbag.py:540} INFO - Filling up the DagBag from /opt/airflow/dags/load/load_to_mysql.py
[2024-09-10T18:36:31.917+0000] {processor.py:842} WARNING - No viable dags retrieved from /opt/airflow/dags/load/load_to_mysql.py
[2024-09-10T18:36:31.934+0000] {processor.py:183} INFO - Processing /opt/airflow/dags/load/load_to_mysql.py took 0.276 seconds
[2024-09-10T18:37:02.470+0000] {processor.py:161} INFO - Started process (PID=1231) to work on /opt/airflow/dags/load/load_to_mysql.py
[2024-09-10T18:37:02.472+0000] {processor.py:830} INFO - Processing file /opt/airflow/dags/load/load_to_mysql.py for tasks to queue
[2024-09-10T18:37:02.473+0000] {logging_mixin.py:188} INFO - [2024-09-10T18:37:02.473+0000] {dagbag.py:540} INFO - Filling up the DagBag from /opt/airflow/dags/load/load_to_mysql.py
[2024-09-10T18:37:02.697+0000] {processor.py:842} WARNING - No viable dags retrieved from /opt/airflow/dags/load/load_to_mysql.py
[2024-09-10T18:37:02.711+0000] {processor.py:183} INFO - Processing /opt/airflow/dags/load/load_to_mysql.py took 0.243 seconds
[2024-09-10T18:37:33.477+0000] {processor.py:161} INFO - Started process (PID=1265) to work on /opt/airflow/dags/load/load_to_mysql.py
[2024-09-10T18:37:33.478+0000] {processor.py:830} INFO - Processing file /opt/airflow/dags/load/load_to_mysql.py for tasks to queue
[2024-09-10T18:37:33.479+0000] {logging_mixin.py:188} INFO - [2024-09-10T18:37:33.479+0000] {dagbag.py:540} INFO - Filling up the DagBag from /opt/airflow/dags/load/load_to_mysql.py
[2024-09-10T18:37:33.702+0000] {processor.py:842} WARNING - No viable dags retrieved from /opt/airflow/dags/load/load_to_mysql.py
[2024-09-10T18:37:33.717+0000] {processor.py:183} INFO - Processing /opt/airflow/dags/load/load_to_mysql.py took 0.243 seconds
[2024-09-10T18:38:03.817+0000] {processor.py:161} INFO - Started process (PID=1294) to work on /opt/airflow/dags/load/load_to_mysql.py
[2024-09-10T18:38:03.819+0000] {processor.py:830} INFO - Processing file /opt/airflow/dags/load/load_to_mysql.py for tasks to queue
[2024-09-10T18:38:03.821+0000] {logging_mixin.py:188} INFO - [2024-09-10T18:38:03.820+0000] {dagbag.py:540} INFO - Filling up the DagBag from /opt/airflow/dags/load/load_to_mysql.py
[2024-09-10T18:38:04.120+0000] {processor.py:842} WARNING - No viable dags retrieved from /opt/airflow/dags/load/load_to_mysql.py
[2024-09-10T18:38:04.136+0000] {processor.py:183} INFO - Processing /opt/airflow/dags/load/load_to_mysql.py took 0.322 seconds
[2024-09-10T18:38:34.701+0000] {processor.py:161} INFO - Started process (PID=1323) to work on /opt/airflow/dags/load/load_to_mysql.py
[2024-09-10T18:38:34.702+0000] {processor.py:830} INFO - Processing file /opt/airflow/dags/load/load_to_mysql.py for tasks to queue
[2024-09-10T18:38:34.703+0000] {logging_mixin.py:188} INFO - [2024-09-10T18:38:34.703+0000] {dagbag.py:540} INFO - Filling up the DagBag from /opt/airflow/dags/load/load_to_mysql.py
[2024-09-10T18:38:34.943+0000] {processor.py:842} WARNING - No viable dags retrieved from /opt/airflow/dags/load/load_to_mysql.py
[2024-09-10T18:38:34.958+0000] {processor.py:183} INFO - Processing /opt/airflow/dags/load/load_to_mysql.py took 0.260 seconds
[2024-09-10T18:39:05.032+0000] {processor.py:161} INFO - Started process (PID=1352) to work on /opt/airflow/dags/load/load_to_mysql.py
[2024-09-10T18:39:05.033+0000] {processor.py:830} INFO - Processing file /opt/airflow/dags/load/load_to_mysql.py for tasks to queue
[2024-09-10T18:39:05.035+0000] {logging_mixin.py:188} INFO - [2024-09-10T18:39:05.035+0000] {dagbag.py:540} INFO - Filling up the DagBag from /opt/airflow/dags/load/load_to_mysql.py
[2024-09-10T18:39:05.258+0000] {processor.py:842} WARNING - No viable dags retrieved from /opt/airflow/dags/load/load_to_mysql.py
[2024-09-10T18:39:05.274+0000] {processor.py:183} INFO - Processing /opt/airflow/dags/load/load_to_mysql.py took 0.245 seconds
[2024-09-10T18:39:35.539+0000] {processor.py:161} INFO - Started process (PID=1381) to work on /opt/airflow/dags/load/load_to_mysql.py
[2024-09-10T18:39:35.540+0000] {processor.py:830} INFO - Processing file /opt/airflow/dags/load/load_to_mysql.py for tasks to queue
[2024-09-10T18:39:35.542+0000] {logging_mixin.py:188} INFO - [2024-09-10T18:39:35.542+0000] {dagbag.py:540} INFO - Filling up the DagBag from /opt/airflow/dags/load/load_to_mysql.py
[2024-09-10T18:39:35.791+0000] {processor.py:842} WARNING - No viable dags retrieved from /opt/airflow/dags/load/load_to_mysql.py
[2024-09-10T18:39:35.804+0000] {processor.py:183} INFO - Processing /opt/airflow/dags/load/load_to_mysql.py took 0.268 seconds
[2024-09-10T18:40:06.529+0000] {processor.py:161} INFO - Started process (PID=1429) to work on /opt/airflow/dags/load/load_to_mysql.py
[2024-09-10T18:40:06.531+0000] {processor.py:830} INFO - Processing file /opt/airflow/dags/load/load_to_mysql.py for tasks to queue
[2024-09-10T18:40:06.533+0000] {logging_mixin.py:188} INFO - [2024-09-10T18:40:06.532+0000] {dagbag.py:540} INFO - Filling up the DagBag from /opt/airflow/dags/load/load_to_mysql.py
[2024-09-10T18:40:06.860+0000] {processor.py:842} WARNING - No viable dags retrieved from /opt/airflow/dags/load/load_to_mysql.py
[2024-09-10T18:40:06.878+0000] {processor.py:183} INFO - Processing /opt/airflow/dags/load/load_to_mysql.py took 0.352 seconds
[2024-09-10T18:40:37.364+0000] {processor.py:161} INFO - Started process (PID=1458) to work on /opt/airflow/dags/load/load_to_mysql.py
[2024-09-10T18:40:37.365+0000] {processor.py:830} INFO - Processing file /opt/airflow/dags/load/load_to_mysql.py for tasks to queue
[2024-09-10T18:40:37.366+0000] {logging_mixin.py:188} INFO - [2024-09-10T18:40:37.366+0000] {dagbag.py:540} INFO - Filling up the DagBag from /opt/airflow/dags/load/load_to_mysql.py
[2024-09-10T18:40:37.632+0000] {processor.py:842} WARNING - No viable dags retrieved from /opt/airflow/dags/load/load_to_mysql.py
[2024-09-10T18:40:37.647+0000] {processor.py:183} INFO - Processing /opt/airflow/dags/load/load_to_mysql.py took 0.286 seconds
[2024-09-10T18:41:07.931+0000] {processor.py:161} INFO - Started process (PID=1487) to work on /opt/airflow/dags/load/load_to_mysql.py
[2024-09-10T18:41:07.932+0000] {processor.py:830} INFO - Processing file /opt/airflow/dags/load/load_to_mysql.py for tasks to queue
[2024-09-10T18:41:07.934+0000] {logging_mixin.py:188} INFO - [2024-09-10T18:41:07.933+0000] {dagbag.py:540} INFO - Filling up the DagBag from /opt/airflow/dags/load/load_to_mysql.py
[2024-09-10T18:41:08.237+0000] {processor.py:842} WARNING - No viable dags retrieved from /opt/airflow/dags/load/load_to_mysql.py
[2024-09-10T18:41:08.255+0000] {processor.py:183} INFO - Processing /opt/airflow/dags/load/load_to_mysql.py took 0.327 seconds
[2024-09-10T18:41:38.863+0000] {processor.py:161} INFO - Started process (PID=1516) to work on /opt/airflow/dags/load/load_to_mysql.py
[2024-09-10T18:41:38.864+0000] {processor.py:830} INFO - Processing file /opt/airflow/dags/load/load_to_mysql.py for tasks to queue
[2024-09-10T18:41:38.865+0000] {logging_mixin.py:188} INFO - [2024-09-10T18:41:38.865+0000] {dagbag.py:540} INFO - Filling up the DagBag from /opt/airflow/dags/load/load_to_mysql.py
[2024-09-10T18:41:39.180+0000] {processor.py:842} WARNING - No viable dags retrieved from /opt/airflow/dags/load/load_to_mysql.py
[2024-09-10T18:41:39.202+0000] {processor.py:183} INFO - Processing /opt/airflow/dags/load/load_to_mysql.py took 0.342 seconds
[2024-09-10T18:42:09.495+0000] {processor.py:161} INFO - Started process (PID=1548) to work on /opt/airflow/dags/load/load_to_mysql.py
[2024-09-10T18:42:09.497+0000] {processor.py:830} INFO - Processing file /opt/airflow/dags/load/load_to_mysql.py for tasks to queue
[2024-09-10T18:42:09.499+0000] {logging_mixin.py:188} INFO - [2024-09-10T18:42:09.498+0000] {dagbag.py:540} INFO - Filling up the DagBag from /opt/airflow/dags/load/load_to_mysql.py
[2024-09-10T18:42:09.971+0000] {processor.py:842} WARNING - No viable dags retrieved from /opt/airflow/dags/load/load_to_mysql.py
[2024-09-10T18:42:10.003+0000] {processor.py:183} INFO - Processing /opt/airflow/dags/load/load_to_mysql.py took 0.514 seconds
[2024-09-10T18:42:40.535+0000] {processor.py:161} INFO - Started process (PID=1584) to work on /opt/airflow/dags/load/load_to_mysql.py
[2024-09-10T18:42:40.537+0000] {processor.py:830} INFO - Processing file /opt/airflow/dags/load/load_to_mysql.py for tasks to queue
[2024-09-10T18:42:40.539+0000] {logging_mixin.py:188} INFO - [2024-09-10T18:42:40.538+0000] {dagbag.py:540} INFO - Filling up the DagBag from /opt/airflow/dags/load/load_to_mysql.py
[2024-09-10T18:42:41.063+0000] {processor.py:842} WARNING - No viable dags retrieved from /opt/airflow/dags/load/load_to_mysql.py
[2024-09-10T18:42:41.091+0000] {processor.py:183} INFO - Processing /opt/airflow/dags/load/load_to_mysql.py took 0.560 seconds
[2024-09-10T18:43:11.181+0000] {processor.py:161} INFO - Started process (PID=1618) to work on /opt/airflow/dags/load/load_to_mysql.py
[2024-09-10T18:43:11.183+0000] {processor.py:830} INFO - Processing file /opt/airflow/dags/load/load_to_mysql.py for tasks to queue
[2024-09-10T18:43:11.185+0000] {logging_mixin.py:188} INFO - [2024-09-10T18:43:11.185+0000] {dagbag.py:540} INFO - Filling up the DagBag from /opt/airflow/dags/load/load_to_mysql.py
[2024-09-10T18:43:11.690+0000] {processor.py:842} WARNING - No viable dags retrieved from /opt/airflow/dags/load/load_to_mysql.py
[2024-09-10T18:43:11.727+0000] {processor.py:183} INFO - Processing /opt/airflow/dags/load/load_to_mysql.py took 0.551 seconds
[2024-09-10T18:43:42.386+0000] {processor.py:161} INFO - Started process (PID=1647) to work on /opt/airflow/dags/load/load_to_mysql.py
[2024-09-10T18:43:42.390+0000] {processor.py:830} INFO - Processing file /opt/airflow/dags/load/load_to_mysql.py for tasks to queue
[2024-09-10T18:43:42.393+0000] {logging_mixin.py:188} INFO - [2024-09-10T18:43:42.392+0000] {dagbag.py:540} INFO - Filling up the DagBag from /opt/airflow/dags/load/load_to_mysql.py
[2024-09-10T18:43:43.107+0000] {processor.py:842} WARNING - No viable dags retrieved from /opt/airflow/dags/load/load_to_mysql.py
[2024-09-10T18:43:43.136+0000] {processor.py:183} INFO - Processing /opt/airflow/dags/load/load_to_mysql.py took 0.759 seconds
[2024-09-10T18:44:13.334+0000] {processor.py:161} INFO - Started process (PID=1693) to work on /opt/airflow/dags/load/load_to_mysql.py
[2024-09-10T18:44:13.335+0000] {processor.py:830} INFO - Processing file /opt/airflow/dags/load/load_to_mysql.py for tasks to queue
[2024-09-10T18:44:13.337+0000] {logging_mixin.py:188} INFO - [2024-09-10T18:44:13.336+0000] {dagbag.py:540} INFO - Filling up the DagBag from /opt/airflow/dags/load/load_to_mysql.py
[2024-09-10T18:44:13.672+0000] {processor.py:842} WARNING - No viable dags retrieved from /opt/airflow/dags/load/load_to_mysql.py
[2024-09-10T18:44:13.693+0000] {processor.py:183} INFO - Processing /opt/airflow/dags/load/load_to_mysql.py took 0.362 seconds
[2024-09-10T18:44:44.213+0000] {processor.py:161} INFO - Started process (PID=1722) to work on /opt/airflow/dags/load/load_to_mysql.py
[2024-09-10T18:44:44.215+0000] {processor.py:830} INFO - Processing file /opt/airflow/dags/load/load_to_mysql.py for tasks to queue
[2024-09-10T18:44:44.217+0000] {logging_mixin.py:188} INFO - [2024-09-10T18:44:44.216+0000] {dagbag.py:540} INFO - Filling up the DagBag from /opt/airflow/dags/load/load_to_mysql.py
[2024-09-10T18:44:44.569+0000] {processor.py:842} WARNING - No viable dags retrieved from /opt/airflow/dags/load/load_to_mysql.py
[2024-09-10T18:44:44.597+0000] {processor.py:183} INFO - Processing /opt/airflow/dags/load/load_to_mysql.py took 0.387 seconds
[2024-09-10T18:45:14.837+0000] {processor.py:161} INFO - Started process (PID=1768) to work on /opt/airflow/dags/load/load_to_mysql.py
[2024-09-10T18:45:14.839+0000] {processor.py:830} INFO - Processing file /opt/airflow/dags/load/load_to_mysql.py for tasks to queue
[2024-09-10T18:45:14.840+0000] {logging_mixin.py:188} INFO - [2024-09-10T18:45:14.840+0000] {dagbag.py:540} INFO - Filling up the DagBag from /opt/airflow/dags/load/load_to_mysql.py
[2024-09-10T18:45:15.192+0000] {processor.py:842} WARNING - No viable dags retrieved from /opt/airflow/dags/load/load_to_mysql.py
[2024-09-10T18:45:15.213+0000] {processor.py:183} INFO - Processing /opt/airflow/dags/load/load_to_mysql.py took 0.380 seconds
[2024-09-10T18:45:45.310+0000] {processor.py:161} INFO - Started process (PID=1797) to work on /opt/airflow/dags/load/load_to_mysql.py
[2024-09-10T18:45:45.311+0000] {processor.py:830} INFO - Processing file /opt/airflow/dags/load/load_to_mysql.py for tasks to queue
[2024-09-10T18:45:45.312+0000] {logging_mixin.py:188} INFO - [2024-09-10T18:45:45.312+0000] {dagbag.py:540} INFO - Filling up the DagBag from /opt/airflow/dags/load/load_to_mysql.py
[2024-09-10T18:45:45.667+0000] {processor.py:842} WARNING - No viable dags retrieved from /opt/airflow/dags/load/load_to_mysql.py
[2024-09-10T18:45:45.690+0000] {processor.py:183} INFO - Processing /opt/airflow/dags/load/load_to_mysql.py took 0.384 seconds
[2024-09-10T18:46:16.214+0000] {processor.py:161} INFO - Started process (PID=1826) to work on /opt/airflow/dags/load/load_to_mysql.py
[2024-09-10T18:46:16.216+0000] {processor.py:830} INFO - Processing file /opt/airflow/dags/load/load_to_mysql.py for tasks to queue
[2024-09-10T18:46:16.220+0000] {logging_mixin.py:188} INFO - [2024-09-10T18:46:16.219+0000] {dagbag.py:540} INFO - Filling up the DagBag from /opt/airflow/dags/load/load_to_mysql.py
[2024-09-10T18:46:16.753+0000] {processor.py:842} WARNING - No viable dags retrieved from /opt/airflow/dags/load/load_to_mysql.py
[2024-09-10T18:46:16.779+0000] {processor.py:183} INFO - Processing /opt/airflow/dags/load/load_to_mysql.py took 0.569 seconds
[2024-09-10T18:46:47.310+0000] {processor.py:161} INFO - Started process (PID=1855) to work on /opt/airflow/dags/load/load_to_mysql.py
[2024-09-10T18:46:47.313+0000] {processor.py:830} INFO - Processing file /opt/airflow/dags/load/load_to_mysql.py for tasks to queue
[2024-09-10T18:46:47.317+0000] {logging_mixin.py:188} INFO - [2024-09-10T18:46:47.316+0000] {dagbag.py:540} INFO - Filling up the DagBag from /opt/airflow/dags/load/load_to_mysql.py
[2024-09-10T18:46:48.040+0000] {processor.py:842} WARNING - No viable dags retrieved from /opt/airflow/dags/load/load_to_mysql.py
[2024-09-10T18:46:48.074+0000] {processor.py:183} INFO - Processing /opt/airflow/dags/load/load_to_mysql.py took 0.776 seconds
[2024-09-10T18:47:18.398+0000] {processor.py:161} INFO - Started process (PID=1884) to work on /opt/airflow/dags/load/load_to_mysql.py
[2024-09-10T18:47:18.400+0000] {processor.py:830} INFO - Processing file /opt/airflow/dags/load/load_to_mysql.py for tasks to queue
[2024-09-10T18:47:18.402+0000] {logging_mixin.py:188} INFO - [2024-09-10T18:47:18.402+0000] {dagbag.py:540} INFO - Filling up the DagBag from /opt/airflow/dags/load/load_to_mysql.py
[2024-09-10T18:47:18.883+0000] {processor.py:842} WARNING - No viable dags retrieved from /opt/airflow/dags/load/load_to_mysql.py
[2024-09-10T18:47:18.907+0000] {processor.py:183} INFO - Processing /opt/airflow/dags/load/load_to_mysql.py took 0.513 seconds
[2024-09-10T18:47:49.322+0000] {processor.py:161} INFO - Started process (PID=1913) to work on /opt/airflow/dags/load/load_to_mysql.py
[2024-09-10T18:47:49.325+0000] {processor.py:830} INFO - Processing file /opt/airflow/dags/load/load_to_mysql.py for tasks to queue
[2024-09-10T18:47:49.327+0000] {logging_mixin.py:188} INFO - [2024-09-10T18:47:49.326+0000] {dagbag.py:540} INFO - Filling up the DagBag from /opt/airflow/dags/load/load_to_mysql.py
[2024-09-10T18:47:49.826+0000] {processor.py:842} WARNING - No viable dags retrieved from /opt/airflow/dags/load/load_to_mysql.py
[2024-09-10T18:47:49.857+0000] {processor.py:183} INFO - Processing /opt/airflow/dags/load/load_to_mysql.py took 0.541 seconds
[2024-09-10T18:48:20.196+0000] {processor.py:161} INFO - Started process (PID=1942) to work on /opt/airflow/dags/load/load_to_mysql.py
[2024-09-10T18:48:20.198+0000] {processor.py:830} INFO - Processing file /opt/airflow/dags/load/load_to_mysql.py for tasks to queue
[2024-09-10T18:48:20.199+0000] {logging_mixin.py:188} INFO - [2024-09-10T18:48:20.199+0000] {dagbag.py:540} INFO - Filling up the DagBag from /opt/airflow/dags/load/load_to_mysql.py
[2024-09-10T18:48:20.594+0000] {processor.py:842} WARNING - No viable dags retrieved from /opt/airflow/dags/load/load_to_mysql.py
[2024-09-10T18:48:20.618+0000] {processor.py:183} INFO - Processing /opt/airflow/dags/load/load_to_mysql.py took 0.425 seconds
[2024-09-10T18:48:51.165+0000] {processor.py:161} INFO - Started process (PID=1971) to work on /opt/airflow/dags/load/load_to_mysql.py
[2024-09-10T18:48:51.166+0000] {processor.py:830} INFO - Processing file /opt/airflow/dags/load/load_to_mysql.py for tasks to queue
[2024-09-10T18:48:51.168+0000] {logging_mixin.py:188} INFO - [2024-09-10T18:48:51.167+0000] {dagbag.py:540} INFO - Filling up the DagBag from /opt/airflow/dags/load/load_to_mysql.py
[2024-09-10T18:48:51.505+0000] {processor.py:842} WARNING - No viable dags retrieved from /opt/airflow/dags/load/load_to_mysql.py
[2024-09-10T18:48:51.529+0000] {processor.py:183} INFO - Processing /opt/airflow/dags/load/load_to_mysql.py took 0.369 seconds
[2024-09-10T18:49:21.956+0000] {processor.py:161} INFO - Started process (PID=2005) to work on /opt/airflow/dags/load/load_to_mysql.py
[2024-09-10T18:49:21.958+0000] {processor.py:830} INFO - Processing file /opt/airflow/dags/load/load_to_mysql.py for tasks to queue
[2024-09-10T18:49:21.960+0000] {logging_mixin.py:188} INFO - [2024-09-10T18:49:21.959+0000] {dagbag.py:540} INFO - Filling up the DagBag from /opt/airflow/dags/load/load_to_mysql.py
[2024-09-10T18:49:22.354+0000] {processor.py:842} WARNING - No viable dags retrieved from /opt/airflow/dags/load/load_to_mysql.py
[2024-09-10T18:49:22.378+0000] {processor.py:183} INFO - Processing /opt/airflow/dags/load/load_to_mysql.py took 0.425 seconds
[2024-09-10T18:49:52.535+0000] {processor.py:161} INFO - Started process (PID=2046) to work on /opt/airflow/dags/load/load_to_mysql.py
[2024-09-10T18:49:52.536+0000] {processor.py:830} INFO - Processing file /opt/airflow/dags/load/load_to_mysql.py for tasks to queue
[2024-09-10T18:49:52.537+0000] {logging_mixin.py:188} INFO - [2024-09-10T18:49:52.537+0000] {dagbag.py:540} INFO - Filling up the DagBag from /opt/airflow/dags/load/load_to_mysql.py
[2024-09-10T18:49:52.804+0000] {processor.py:842} WARNING - No viable dags retrieved from /opt/airflow/dags/load/load_to_mysql.py
[2024-09-10T18:49:52.821+0000] {processor.py:183} INFO - Processing /opt/airflow/dags/load/load_to_mysql.py took 0.290 seconds
[2024-09-10T18:50:23.513+0000] {processor.py:161} INFO - Started process (PID=2075) to work on /opt/airflow/dags/load/load_to_mysql.py
[2024-09-10T18:50:23.514+0000] {processor.py:830} INFO - Processing file /opt/airflow/dags/load/load_to_mysql.py for tasks to queue
[2024-09-10T18:50:23.515+0000] {logging_mixin.py:188} INFO - [2024-09-10T18:50:23.515+0000] {dagbag.py:540} INFO - Filling up the DagBag from /opt/airflow/dags/load/load_to_mysql.py
[2024-09-10T18:50:23.739+0000] {processor.py:842} WARNING - No viable dags retrieved from /opt/airflow/dags/load/load_to_mysql.py
[2024-09-10T18:50:23.754+0000] {processor.py:183} INFO - Processing /opt/airflow/dags/load/load_to_mysql.py took 0.244 seconds
[2024-09-10T18:50:54.208+0000] {processor.py:161} INFO - Started process (PID=2104) to work on /opt/airflow/dags/load/load_to_mysql.py
[2024-09-10T18:50:54.210+0000] {processor.py:830} INFO - Processing file /opt/airflow/dags/load/load_to_mysql.py for tasks to queue
[2024-09-10T18:50:54.211+0000] {logging_mixin.py:188} INFO - [2024-09-10T18:50:54.211+0000] {dagbag.py:540} INFO - Filling up the DagBag from /opt/airflow/dags/load/load_to_mysql.py
[2024-09-10T18:50:54.526+0000] {processor.py:842} WARNING - No viable dags retrieved from /opt/airflow/dags/load/load_to_mysql.py
[2024-09-10T18:50:54.541+0000] {processor.py:183} INFO - Processing /opt/airflow/dags/load/load_to_mysql.py took 0.336 seconds
[2024-09-10T18:51:24.883+0000] {processor.py:161} INFO - Started process (PID=2133) to work on /opt/airflow/dags/load/load_to_mysql.py
[2024-09-10T18:51:24.885+0000] {processor.py:830} INFO - Processing file /opt/airflow/dags/load/load_to_mysql.py for tasks to queue
[2024-09-10T18:51:24.886+0000] {logging_mixin.py:188} INFO - [2024-09-10T18:51:24.886+0000] {dagbag.py:540} INFO - Filling up the DagBag from /opt/airflow/dags/load/load_to_mysql.py
[2024-09-10T18:51:25.121+0000] {processor.py:842} WARNING - No viable dags retrieved from /opt/airflow/dags/load/load_to_mysql.py
[2024-09-10T18:51:25.136+0000] {processor.py:183} INFO - Processing /opt/airflow/dags/load/load_to_mysql.py took 0.256 seconds
[2024-09-10T18:51:55.705+0000] {processor.py:161} INFO - Started process (PID=2162) to work on /opt/airflow/dags/load/load_to_mysql.py
[2024-09-10T18:51:55.706+0000] {processor.py:830} INFO - Processing file /opt/airflow/dags/load/load_to_mysql.py for tasks to queue
[2024-09-10T18:51:55.707+0000] {logging_mixin.py:188} INFO - [2024-09-10T18:51:55.707+0000] {dagbag.py:540} INFO - Filling up the DagBag from /opt/airflow/dags/load/load_to_mysql.py
[2024-09-10T18:51:55.943+0000] {processor.py:842} WARNING - No viable dags retrieved from /opt/airflow/dags/load/load_to_mysql.py
[2024-09-10T18:51:55.958+0000] {processor.py:183} INFO - Processing /opt/airflow/dags/load/load_to_mysql.py took 0.256 seconds
[2024-09-10T18:52:26.421+0000] {processor.py:161} INFO - Started process (PID=2191) to work on /opt/airflow/dags/load/load_to_mysql.py
[2024-09-10T18:52:26.422+0000] {processor.py:830} INFO - Processing file /opt/airflow/dags/load/load_to_mysql.py for tasks to queue
[2024-09-10T18:52:26.423+0000] {logging_mixin.py:188} INFO - [2024-09-10T18:52:26.423+0000] {dagbag.py:540} INFO - Filling up the DagBag from /opt/airflow/dags/load/load_to_mysql.py
[2024-09-10T18:52:26.671+0000] {processor.py:842} WARNING - No viable dags retrieved from /opt/airflow/dags/load/load_to_mysql.py
[2024-09-10T18:52:26.685+0000] {processor.py:183} INFO - Processing /opt/airflow/dags/load/load_to_mysql.py took 0.267 seconds
[2024-09-10T18:52:54.956+0000] {processor.py:161} INFO - Started process (PID=2214) to work on /opt/airflow/dags/load/load_to_mysql.py
[2024-09-10T18:52:54.957+0000] {processor.py:830} INFO - Processing file /opt/airflow/dags/load/load_to_mysql.py for tasks to queue
[2024-09-10T18:52:54.958+0000] {logging_mixin.py:188} INFO - [2024-09-10T18:52:54.958+0000] {dagbag.py:540} INFO - Filling up the DagBag from /opt/airflow/dags/load/load_to_mysql.py
[2024-09-10T18:52:55.238+0000] {processor.py:842} WARNING - No viable dags retrieved from /opt/airflow/dags/load/load_to_mysql.py
[2024-09-10T18:52:55.255+0000] {processor.py:183} INFO - Processing /opt/airflow/dags/load/load_to_mysql.py took 0.302 seconds
[2024-09-10T18:53:25.344+0000] {processor.py:161} INFO - Started process (PID=2248) to work on /opt/airflow/dags/load/load_to_mysql.py
[2024-09-10T18:53:25.345+0000] {processor.py:830} INFO - Processing file /opt/airflow/dags/load/load_to_mysql.py for tasks to queue
[2024-09-10T18:53:25.346+0000] {logging_mixin.py:188} INFO - [2024-09-10T18:53:25.346+0000] {dagbag.py:540} INFO - Filling up the DagBag from /opt/airflow/dags/load/load_to_mysql.py
[2024-09-10T18:53:25.609+0000] {processor.py:842} WARNING - No viable dags retrieved from /opt/airflow/dags/load/load_to_mysql.py
[2024-09-10T18:53:25.626+0000] {processor.py:183} INFO - Processing /opt/airflow/dags/load/load_to_mysql.py took 0.286 seconds
[2024-09-10T18:53:42.488+0000] {processor.py:161} INFO - Started process (PID=2272) to work on /opt/airflow/dags/load/load_to_mysql.py
[2024-09-10T18:53:42.490+0000] {processor.py:830} INFO - Processing file /opt/airflow/dags/load/load_to_mysql.py for tasks to queue
[2024-09-10T18:53:42.492+0000] {logging_mixin.py:188} INFO - [2024-09-10T18:53:42.491+0000] {dagbag.py:540} INFO - Filling up the DagBag from /opt/airflow/dags/load/load_to_mysql.py
[2024-09-10T18:53:42.768+0000] {processor.py:842} WARNING - No viable dags retrieved from /opt/airflow/dags/load/load_to_mysql.py
[2024-09-10T18:53:42.783+0000] {processor.py:183} INFO - Processing /opt/airflow/dags/load/load_to_mysql.py took 0.298 seconds
[2024-09-10T18:54:13.126+0000] {processor.py:161} INFO - Started process (PID=2301) to work on /opt/airflow/dags/load/load_to_mysql.py
[2024-09-10T18:54:13.127+0000] {processor.py:830} INFO - Processing file /opt/airflow/dags/load/load_to_mysql.py for tasks to queue
[2024-09-10T18:54:13.128+0000] {logging_mixin.py:188} INFO - [2024-09-10T18:54:13.128+0000] {dagbag.py:540} INFO - Filling up the DagBag from /opt/airflow/dags/load/load_to_mysql.py
[2024-09-10T18:54:13.338+0000] {processor.py:842} WARNING - No viable dags retrieved from /opt/airflow/dags/load/load_to_mysql.py
[2024-09-10T18:54:13.351+0000] {processor.py:183} INFO - Processing /opt/airflow/dags/load/load_to_mysql.py took 0.228 seconds
[2024-09-10T18:54:44.158+0000] {processor.py:161} INFO - Started process (PID=2339) to work on /opt/airflow/dags/load/load_to_mysql.py
[2024-09-10T18:54:44.159+0000] {processor.py:830} INFO - Processing file /opt/airflow/dags/load/load_to_mysql.py for tasks to queue
[2024-09-10T18:54:44.160+0000] {logging_mixin.py:188} INFO - [2024-09-10T18:54:44.160+0000] {dagbag.py:540} INFO - Filling up the DagBag from /opt/airflow/dags/load/load_to_mysql.py
[2024-09-10T18:54:44.430+0000] {processor.py:842} WARNING - No viable dags retrieved from /opt/airflow/dags/load/load_to_mysql.py
[2024-09-10T18:54:44.445+0000] {processor.py:183} INFO - Processing /opt/airflow/dags/load/load_to_mysql.py took 0.290 seconds
[2024-09-10T18:55:14.926+0000] {processor.py:161} INFO - Started process (PID=2374) to work on /opt/airflow/dags/load/load_to_mysql.py
[2024-09-10T18:55:14.929+0000] {processor.py:830} INFO - Processing file /opt/airflow/dags/load/load_to_mysql.py for tasks to queue
[2024-09-10T18:55:14.932+0000] {logging_mixin.py:188} INFO - [2024-09-10T18:55:14.931+0000] {dagbag.py:540} INFO - Filling up the DagBag from /opt/airflow/dags/load/load_to_mysql.py
[2024-09-10T18:55:15.823+0000] {processor.py:842} WARNING - No viable dags retrieved from /opt/airflow/dags/load/load_to_mysql.py
[2024-09-10T18:55:15.869+0000] {processor.py:183} INFO - Processing /opt/airflow/dags/load/load_to_mysql.py took 0.950 seconds
[2024-09-10T18:55:46.025+0000] {processor.py:161} INFO - Started process (PID=2408) to work on /opt/airflow/dags/load/load_to_mysql.py
[2024-09-10T18:55:46.030+0000] {processor.py:830} INFO - Processing file /opt/airflow/dags/load/load_to_mysql.py for tasks to queue
[2024-09-10T18:55:46.035+0000] {logging_mixin.py:188} INFO - [2024-09-10T18:55:46.034+0000] {dagbag.py:540} INFO - Filling up the DagBag from /opt/airflow/dags/load/load_to_mysql.py
[2024-09-10T18:55:46.809+0000] {processor.py:842} WARNING - No viable dags retrieved from /opt/airflow/dags/load/load_to_mysql.py
[2024-09-10T18:55:46.851+0000] {processor.py:183} INFO - Processing /opt/airflow/dags/load/load_to_mysql.py took 0.836 seconds
[2024-09-10T18:56:17.037+0000] {processor.py:161} INFO - Started process (PID=2442) to work on /opt/airflow/dags/load/load_to_mysql.py
[2024-09-10T18:56:17.041+0000] {processor.py:830} INFO - Processing file /opt/airflow/dags/load/load_to_mysql.py for tasks to queue
[2024-09-10T18:56:17.043+0000] {logging_mixin.py:188} INFO - [2024-09-10T18:56:17.043+0000] {dagbag.py:540} INFO - Filling up the DagBag from /opt/airflow/dags/load/load_to_mysql.py
[2024-09-10T18:56:17.715+0000] {processor.py:842} WARNING - No viable dags retrieved from /opt/airflow/dags/load/load_to_mysql.py
[2024-09-10T18:56:17.761+0000] {processor.py:183} INFO - Processing /opt/airflow/dags/load/load_to_mysql.py took 0.730 seconds
[2024-09-10T18:56:47.997+0000] {processor.py:161} INFO - Started process (PID=2476) to work on /opt/airflow/dags/load/load_to_mysql.py
[2024-09-10T18:56:48.000+0000] {processor.py:830} INFO - Processing file /opt/airflow/dags/load/load_to_mysql.py for tasks to queue
[2024-09-10T18:56:48.003+0000] {logging_mixin.py:188} INFO - [2024-09-10T18:56:48.002+0000] {dagbag.py:540} INFO - Filling up the DagBag from /opt/airflow/dags/load/load_to_mysql.py
[2024-09-10T18:56:48.993+0000] {processor.py:842} WARNING - No viable dags retrieved from /opt/airflow/dags/load/load_to_mysql.py
[2024-09-10T18:56:49.037+0000] {processor.py:183} INFO - Processing /opt/airflow/dags/load/load_to_mysql.py took 1.047 seconds
[2024-09-10T18:57:19.486+0000] {processor.py:161} INFO - Started process (PID=2505) to work on /opt/airflow/dags/load/load_to_mysql.py
[2024-09-10T18:57:19.489+0000] {processor.py:830} INFO - Processing file /opt/airflow/dags/load/load_to_mysql.py for tasks to queue
[2024-09-10T18:57:19.491+0000] {logging_mixin.py:188} INFO - [2024-09-10T18:57:19.491+0000] {dagbag.py:540} INFO - Filling up the DagBag from /opt/airflow/dags/load/load_to_mysql.py
[2024-09-10T18:57:20.055+0000] {processor.py:842} WARNING - No viable dags retrieved from /opt/airflow/dags/load/load_to_mysql.py
[2024-09-10T18:57:20.080+0000] {processor.py:183} INFO - Processing /opt/airflow/dags/load/load_to_mysql.py took 0.599 seconds
[2024-09-10T18:57:50.888+0000] {processor.py:161} INFO - Started process (PID=2534) to work on /opt/airflow/dags/load/load_to_mysql.py
[2024-09-10T18:57:50.890+0000] {processor.py:830} INFO - Processing file /opt/airflow/dags/load/load_to_mysql.py for tasks to queue
[2024-09-10T18:57:50.892+0000] {logging_mixin.py:188} INFO - [2024-09-10T18:57:50.891+0000] {dagbag.py:540} INFO - Filling up the DagBag from /opt/airflow/dags/load/load_to_mysql.py
[2024-09-10T18:57:51.442+0000] {processor.py:842} WARNING - No viable dags retrieved from /opt/airflow/dags/load/load_to_mysql.py
[2024-09-10T18:57:51.495+0000] {processor.py:183} INFO - Processing /opt/airflow/dags/load/load_to_mysql.py took 0.612 seconds
[2024-09-10T18:58:21.653+0000] {processor.py:161} INFO - Started process (PID=2563) to work on /opt/airflow/dags/load/load_to_mysql.py
[2024-09-10T18:58:21.656+0000] {processor.py:830} INFO - Processing file /opt/airflow/dags/load/load_to_mysql.py for tasks to queue
[2024-09-10T18:58:21.658+0000] {logging_mixin.py:188} INFO - [2024-09-10T18:58:21.657+0000] {dagbag.py:540} INFO - Filling up the DagBag from /opt/airflow/dags/load/load_to_mysql.py
[2024-09-10T18:58:22.151+0000] {processor.py:842} WARNING - No viable dags retrieved from /opt/airflow/dags/load/load_to_mysql.py
[2024-09-10T18:58:22.178+0000] {processor.py:183} INFO - Processing /opt/airflow/dags/load/load_to_mysql.py took 0.533 seconds
[2024-09-10T18:58:52.631+0000] {processor.py:161} INFO - Started process (PID=2594) to work on /opt/airflow/dags/load/load_to_mysql.py
[2024-09-10T18:58:52.633+0000] {processor.py:830} INFO - Processing file /opt/airflow/dags/load/load_to_mysql.py for tasks to queue
[2024-09-10T18:58:52.636+0000] {logging_mixin.py:188} INFO - [2024-09-10T18:58:52.635+0000] {dagbag.py:540} INFO - Filling up the DagBag from /opt/airflow/dags/load/load_to_mysql.py
[2024-09-10T18:58:53.170+0000] {processor.py:842} WARNING - No viable dags retrieved from /opt/airflow/dags/load/load_to_mysql.py
[2024-09-10T18:58:53.197+0000] {processor.py:183} INFO - Processing /opt/airflow/dags/load/load_to_mysql.py took 0.573 seconds
[2024-09-10T18:59:23.639+0000] {processor.py:161} INFO - Started process (PID=2624) to work on /opt/airflow/dags/load/load_to_mysql.py
[2024-09-10T18:59:23.641+0000] {processor.py:830} INFO - Processing file /opt/airflow/dags/load/load_to_mysql.py for tasks to queue
[2024-09-10T18:59:23.643+0000] {logging_mixin.py:188} INFO - [2024-09-10T18:59:23.642+0000] {dagbag.py:540} INFO - Filling up the DagBag from /opt/airflow/dags/load/load_to_mysql.py
[2024-09-10T18:59:24.095+0000] {processor.py:842} WARNING - No viable dags retrieved from /opt/airflow/dags/load/load_to_mysql.py
[2024-09-10T18:59:24.118+0000] {processor.py:183} INFO - Processing /opt/airflow/dags/load/load_to_mysql.py took 0.483 seconds
[2024-09-10T18:59:54.921+0000] {processor.py:161} INFO - Started process (PID=2658) to work on /opt/airflow/dags/load/load_to_mysql.py
[2024-09-10T18:59:54.924+0000] {processor.py:830} INFO - Processing file /opt/airflow/dags/load/load_to_mysql.py for tasks to queue
[2024-09-10T18:59:54.926+0000] {logging_mixin.py:188} INFO - [2024-09-10T18:59:54.926+0000] {dagbag.py:540} INFO - Filling up the DagBag from /opt/airflow/dags/load/load_to_mysql.py
[2024-09-10T18:59:55.317+0000] {processor.py:842} WARNING - No viable dags retrieved from /opt/airflow/dags/load/load_to_mysql.py
[2024-09-10T18:59:55.335+0000] {processor.py:183} INFO - Processing /opt/airflow/dags/load/load_to_mysql.py took 0.419 seconds
[2024-09-10T19:00:25.987+0000] {processor.py:161} INFO - Started process (PID=2687) to work on /opt/airflow/dags/load/load_to_mysql.py
[2024-09-10T19:00:25.989+0000] {processor.py:830} INFO - Processing file /opt/airflow/dags/load/load_to_mysql.py for tasks to queue
[2024-09-10T19:00:25.991+0000] {logging_mixin.py:188} INFO - [2024-09-10T19:00:25.990+0000] {dagbag.py:540} INFO - Filling up the DagBag from /opt/airflow/dags/load/load_to_mysql.py
[2024-09-10T19:00:26.367+0000] {processor.py:842} WARNING - No viable dags retrieved from /opt/airflow/dags/load/load_to_mysql.py
[2024-09-10T19:00:26.397+0000] {processor.py:183} INFO - Processing /opt/airflow/dags/load/load_to_mysql.py took 0.413 seconds
[2024-09-10T19:00:56.666+0000] {processor.py:161} INFO - Started process (PID=2725) to work on /opt/airflow/dags/load/load_to_mysql.py
[2024-09-10T19:00:56.667+0000] {processor.py:830} INFO - Processing file /opt/airflow/dags/load/load_to_mysql.py for tasks to queue
[2024-09-10T19:00:56.670+0000] {logging_mixin.py:188} INFO - [2024-09-10T19:00:56.669+0000] {dagbag.py:540} INFO - Filling up the DagBag from /opt/airflow/dags/load/load_to_mysql.py
[2024-09-10T19:00:56.952+0000] {processor.py:842} WARNING - No viable dags retrieved from /opt/airflow/dags/load/load_to_mysql.py
[2024-09-10T19:00:56.970+0000] {processor.py:183} INFO - Processing /opt/airflow/dags/load/load_to_mysql.py took 0.307 seconds
[2024-09-10T19:01:27.177+0000] {processor.py:161} INFO - Started process (PID=2755) to work on /opt/airflow/dags/load/load_to_mysql.py
[2024-09-10T19:01:27.179+0000] {processor.py:830} INFO - Processing file /opt/airflow/dags/load/load_to_mysql.py for tasks to queue
[2024-09-10T19:01:27.181+0000] {logging_mixin.py:188} INFO - [2024-09-10T19:01:27.181+0000] {dagbag.py:540} INFO - Filling up the DagBag from /opt/airflow/dags/load/load_to_mysql.py
[2024-09-10T19:01:27.675+0000] {processor.py:842} WARNING - No viable dags retrieved from /opt/airflow/dags/load/load_to_mysql.py
[2024-09-10T19:01:27.700+0000] {processor.py:183} INFO - Processing /opt/airflow/dags/load/load_to_mysql.py took 0.530 seconds
[2024-09-10T19:01:57.999+0000] {processor.py:161} INFO - Started process (PID=2784) to work on /opt/airflow/dags/load/load_to_mysql.py
[2024-09-10T19:01:58.003+0000] {processor.py:830} INFO - Processing file /opt/airflow/dags/load/load_to_mysql.py for tasks to queue
[2024-09-10T19:01:58.005+0000] {logging_mixin.py:188} INFO - [2024-09-10T19:01:58.004+0000] {dagbag.py:540} INFO - Filling up the DagBag from /opt/airflow/dags/load/load_to_mysql.py
[2024-09-10T19:01:58.352+0000] {processor.py:842} WARNING - No viable dags retrieved from /opt/airflow/dags/load/load_to_mysql.py
[2024-09-10T19:01:58.375+0000] {processor.py:183} INFO - Processing /opt/airflow/dags/load/load_to_mysql.py took 0.381 seconds
[2024-09-10T19:02:29.221+0000] {processor.py:161} INFO - Started process (PID=2813) to work on /opt/airflow/dags/load/load_to_mysql.py
[2024-09-10T19:02:29.224+0000] {processor.py:830} INFO - Processing file /opt/airflow/dags/load/load_to_mysql.py for tasks to queue
[2024-09-10T19:02:29.226+0000] {logging_mixin.py:188} INFO - [2024-09-10T19:02:29.226+0000] {dagbag.py:540} INFO - Filling up the DagBag from /opt/airflow/dags/load/load_to_mysql.py
[2024-09-10T19:02:29.640+0000] {processor.py:842} WARNING - No viable dags retrieved from /opt/airflow/dags/load/load_to_mysql.py
[2024-09-10T19:02:29.663+0000] {processor.py:183} INFO - Processing /opt/airflow/dags/load/load_to_mysql.py took 0.449 seconds
[2024-09-10T19:02:59.913+0000] {processor.py:161} INFO - Started process (PID=2848) to work on /opt/airflow/dags/load/load_to_mysql.py
[2024-09-10T19:02:59.915+0000] {processor.py:830} INFO - Processing file /opt/airflow/dags/load/load_to_mysql.py for tasks to queue
[2024-09-10T19:02:59.916+0000] {logging_mixin.py:188} INFO - [2024-09-10T19:02:59.916+0000] {dagbag.py:540} INFO - Filling up the DagBag from /opt/airflow/dags/load/load_to_mysql.py
[2024-09-10T19:03:00.242+0000] {processor.py:842} WARNING - No viable dags retrieved from /opt/airflow/dags/load/load_to_mysql.py
[2024-09-10T19:03:00.259+0000] {processor.py:183} INFO - Processing /opt/airflow/dags/load/load_to_mysql.py took 0.349 seconds
[2024-09-10T19:03:30.352+0000] {processor.py:161} INFO - Started process (PID=2889) to work on /opt/airflow/dags/load/load_to_mysql.py
[2024-09-10T19:03:30.354+0000] {processor.py:830} INFO - Processing file /opt/airflow/dags/load/load_to_mysql.py for tasks to queue
[2024-09-10T19:03:30.355+0000] {logging_mixin.py:188} INFO - [2024-09-10T19:03:30.355+0000] {dagbag.py:540} INFO - Filling up the DagBag from /opt/airflow/dags/load/load_to_mysql.py
[2024-09-10T19:03:30.688+0000] {processor.py:842} WARNING - No viable dags retrieved from /opt/airflow/dags/load/load_to_mysql.py
[2024-09-10T19:03:30.709+0000] {processor.py:183} INFO - Processing /opt/airflow/dags/load/load_to_mysql.py took 0.361 seconds
[2024-09-10T19:04:01.453+0000] {processor.py:161} INFO - Started process (PID=2921) to work on /opt/airflow/dags/load/load_to_mysql.py
[2024-09-10T19:04:01.455+0000] {processor.py:830} INFO - Processing file /opt/airflow/dags/load/load_to_mysql.py for tasks to queue
[2024-09-10T19:04:01.457+0000] {logging_mixin.py:188} INFO - [2024-09-10T19:04:01.457+0000] {dagbag.py:540} INFO - Filling up the DagBag from /opt/airflow/dags/load/load_to_mysql.py
[2024-09-10T19:04:01.885+0000] {processor.py:842} WARNING - No viable dags retrieved from /opt/airflow/dags/load/load_to_mysql.py
[2024-09-10T19:04:01.907+0000] {processor.py:183} INFO - Processing /opt/airflow/dags/load/load_to_mysql.py took 0.459 seconds
[2024-09-10T19:04:32.122+0000] {processor.py:161} INFO - Started process (PID=2950) to work on /opt/airflow/dags/load/load_to_mysql.py
[2024-09-10T19:04:32.124+0000] {processor.py:830} INFO - Processing file /opt/airflow/dags/load/load_to_mysql.py for tasks to queue
[2024-09-10T19:04:32.127+0000] {logging_mixin.py:188} INFO - [2024-09-10T19:04:32.126+0000] {dagbag.py:540} INFO - Filling up the DagBag from /opt/airflow/dags/load/load_to_mysql.py
[2024-09-10T19:04:32.608+0000] {processor.py:842} WARNING - No viable dags retrieved from /opt/airflow/dags/load/load_to_mysql.py
[2024-09-10T19:04:32.634+0000] {processor.py:183} INFO - Processing /opt/airflow/dags/load/load_to_mysql.py took 0.517 seconds
[2024-09-10T19:05:03.374+0000] {processor.py:161} INFO - Started process (PID=2985) to work on /opt/airflow/dags/load/load_to_mysql.py
[2024-09-10T19:05:03.376+0000] {processor.py:830} INFO - Processing file /opt/airflow/dags/load/load_to_mysql.py for tasks to queue
[2024-09-10T19:05:03.377+0000] {logging_mixin.py:188} INFO - [2024-09-10T19:05:03.377+0000] {dagbag.py:540} INFO - Filling up the DagBag from /opt/airflow/dags/load/load_to_mysql.py
[2024-09-10T19:05:03.718+0000] {processor.py:842} WARNING - No viable dags retrieved from /opt/airflow/dags/load/load_to_mysql.py
[2024-09-10T19:05:03.736+0000] {processor.py:183} INFO - Processing /opt/airflow/dags/load/load_to_mysql.py took 0.365 seconds
[2024-09-10T19:05:34.576+0000] {processor.py:161} INFO - Started process (PID=3014) to work on /opt/airflow/dags/load/load_to_mysql.py
[2024-09-10T19:05:34.578+0000] {processor.py:830} INFO - Processing file /opt/airflow/dags/load/load_to_mysql.py for tasks to queue
[2024-09-10T19:05:34.581+0000] {logging_mixin.py:188} INFO - [2024-09-10T19:05:34.580+0000] {dagbag.py:540} INFO - Filling up the DagBag from /opt/airflow/dags/load/load_to_mysql.py
[2024-09-10T19:05:35.008+0000] {processor.py:842} WARNING - No viable dags retrieved from /opt/airflow/dags/load/load_to_mysql.py
[2024-09-10T19:05:35.031+0000] {processor.py:183} INFO - Processing /opt/airflow/dags/load/load_to_mysql.py took 0.462 seconds
[2024-09-10T19:06:05.136+0000] {processor.py:161} INFO - Started process (PID=3043) to work on /opt/airflow/dags/load/load_to_mysql.py
[2024-09-10T19:06:05.137+0000] {processor.py:830} INFO - Processing file /opt/airflow/dags/load/load_to_mysql.py for tasks to queue
[2024-09-10T19:06:05.139+0000] {logging_mixin.py:188} INFO - [2024-09-10T19:06:05.139+0000] {dagbag.py:540} INFO - Filling up the DagBag from /opt/airflow/dags/load/load_to_mysql.py
[2024-09-10T19:06:05.540+0000] {processor.py:842} WARNING - No viable dags retrieved from /opt/airflow/dags/load/load_to_mysql.py
[2024-09-10T19:06:05.560+0000] {processor.py:183} INFO - Processing /opt/airflow/dags/load/load_to_mysql.py took 0.429 seconds
[2024-09-10T19:06:35.645+0000] {processor.py:161} INFO - Started process (PID=3077) to work on /opt/airflow/dags/load/load_to_mysql.py
[2024-09-10T19:06:35.648+0000] {processor.py:830} INFO - Processing file /opt/airflow/dags/load/load_to_mysql.py for tasks to queue
[2024-09-10T19:06:35.650+0000] {logging_mixin.py:188} INFO - [2024-09-10T19:06:35.650+0000] {dagbag.py:540} INFO - Filling up the DagBag from /opt/airflow/dags/load/load_to_mysql.py
[2024-09-10T19:06:36.197+0000] {processor.py:842} WARNING - No viable dags retrieved from /opt/airflow/dags/load/load_to_mysql.py
[2024-09-10T19:06:36.221+0000] {processor.py:183} INFO - Processing /opt/airflow/dags/load/load_to_mysql.py took 0.581 seconds
[2024-09-10T19:07:06.994+0000] {processor.py:161} INFO - Started process (PID=3106) to work on /opt/airflow/dags/load/load_to_mysql.py
[2024-09-10T19:07:06.997+0000] {processor.py:830} INFO - Processing file /opt/airflow/dags/load/load_to_mysql.py for tasks to queue
[2024-09-10T19:07:06.999+0000] {logging_mixin.py:188} INFO - [2024-09-10T19:07:06.999+0000] {dagbag.py:540} INFO - Filling up the DagBag from /opt/airflow/dags/load/load_to_mysql.py
[2024-09-10T19:07:07.871+0000] {processor.py:842} WARNING - No viable dags retrieved from /opt/airflow/dags/load/load_to_mysql.py
[2024-09-10T19:07:07.935+0000] {processor.py:183} INFO - Processing /opt/airflow/dags/load/load_to_mysql.py took 0.948 seconds
[2024-09-10T19:07:38.484+0000] {processor.py:161} INFO - Started process (PID=3135) to work on /opt/airflow/dags/load/load_to_mysql.py
[2024-09-10T19:07:38.487+0000] {processor.py:830} INFO - Processing file /opt/airflow/dags/load/load_to_mysql.py for tasks to queue
[2024-09-10T19:07:38.489+0000] {logging_mixin.py:188} INFO - [2024-09-10T19:07:38.489+0000] {dagbag.py:540} INFO - Filling up the DagBag from /opt/airflow/dags/load/load_to_mysql.py
[2024-09-10T19:07:38.928+0000] {processor.py:842} WARNING - No viable dags retrieved from /opt/airflow/dags/load/load_to_mysql.py
[2024-09-10T19:07:38.953+0000] {processor.py:183} INFO - Processing /opt/airflow/dags/load/load_to_mysql.py took 0.474 seconds
[2024-09-10T19:08:09.190+0000] {processor.py:161} INFO - Started process (PID=3167) to work on /opt/airflow/dags/load/load_to_mysql.py
[2024-09-10T19:08:09.193+0000] {processor.py:830} INFO - Processing file /opt/airflow/dags/load/load_to_mysql.py for tasks to queue
[2024-09-10T19:08:09.195+0000] {logging_mixin.py:188} INFO - [2024-09-10T19:08:09.195+0000] {dagbag.py:540} INFO - Filling up the DagBag from /opt/airflow/dags/load/load_to_mysql.py
[2024-09-10T19:08:09.769+0000] {processor.py:842} WARNING - No viable dags retrieved from /opt/airflow/dags/load/load_to_mysql.py
[2024-09-10T19:08:09.795+0000] {processor.py:183} INFO - Processing /opt/airflow/dags/load/load_to_mysql.py took 0.610 seconds
[2024-09-10T19:08:39.997+0000] {processor.py:161} INFO - Started process (PID=3196) to work on /opt/airflow/dags/load/load_to_mysql.py
[2024-09-10T19:08:40.007+0000] {processor.py:830} INFO - Processing file /opt/airflow/dags/load/load_to_mysql.py for tasks to queue
[2024-09-10T19:08:40.013+0000] {logging_mixin.py:188} INFO - [2024-09-10T19:08:40.012+0000] {dagbag.py:540} INFO - Filling up the DagBag from /opt/airflow/dags/load/load_to_mysql.py
[2024-09-10T19:08:40.824+0000] {processor.py:842} WARNING - No viable dags retrieved from /opt/airflow/dags/load/load_to_mysql.py
[2024-09-10T19:08:40.861+0000] {processor.py:183} INFO - Processing /opt/airflow/dags/load/load_to_mysql.py took 0.887 seconds
[2024-09-10T19:09:11.585+0000] {processor.py:161} INFO - Started process (PID=3225) to work on /opt/airflow/dags/load/load_to_mysql.py
[2024-09-10T19:09:11.587+0000] {processor.py:830} INFO - Processing file /opt/airflow/dags/load/load_to_mysql.py for tasks to queue
[2024-09-10T19:09:11.588+0000] {logging_mixin.py:188} INFO - [2024-09-10T19:09:11.588+0000] {dagbag.py:540} INFO - Filling up the DagBag from /opt/airflow/dags/load/load_to_mysql.py
[2024-09-10T19:09:12.116+0000] {processor.py:842} WARNING - No viable dags retrieved from /opt/airflow/dags/load/load_to_mysql.py
[2024-09-10T19:09:12.145+0000] {processor.py:183} INFO - Processing /opt/airflow/dags/load/load_to_mysql.py took 0.566 seconds
[2024-09-10T19:09:42.469+0000] {processor.py:161} INFO - Started process (PID=3260) to work on /opt/airflow/dags/load/load_to_mysql.py
[2024-09-10T19:09:42.472+0000] {processor.py:830} INFO - Processing file /opt/airflow/dags/load/load_to_mysql.py for tasks to queue
[2024-09-10T19:09:42.476+0000] {logging_mixin.py:188} INFO - [2024-09-10T19:09:42.475+0000] {dagbag.py:540} INFO - Filling up the DagBag from /opt/airflow/dags/load/load_to_mysql.py
[2024-09-10T19:09:43.025+0000] {processor.py:842} WARNING - No viable dags retrieved from /opt/airflow/dags/load/load_to_mysql.py
[2024-09-10T19:09:43.053+0000] {processor.py:183} INFO - Processing /opt/airflow/dags/load/load_to_mysql.py took 0.593 seconds
[2024-09-10T19:10:13.524+0000] {processor.py:161} INFO - Started process (PID=3292) to work on /opt/airflow/dags/load/load_to_mysql.py
[2024-09-10T19:10:13.527+0000] {processor.py:830} INFO - Processing file /opt/airflow/dags/load/load_to_mysql.py for tasks to queue
[2024-09-10T19:10:13.530+0000] {logging_mixin.py:188} INFO - [2024-09-10T19:10:13.529+0000] {dagbag.py:540} INFO - Filling up the DagBag from /opt/airflow/dags/load/load_to_mysql.py
[2024-09-10T19:10:14.180+0000] {processor.py:842} WARNING - No viable dags retrieved from /opt/airflow/dags/load/load_to_mysql.py
[2024-09-10T19:10:14.212+0000] {processor.py:183} INFO - Processing /opt/airflow/dags/load/load_to_mysql.py took 0.693 seconds
[2024-09-10T19:10:44.419+0000] {processor.py:161} INFO - Started process (PID=3321) to work on /opt/airflow/dags/load/load_to_mysql.py
[2024-09-10T19:10:44.421+0000] {processor.py:830} INFO - Processing file /opt/airflow/dags/load/load_to_mysql.py for tasks to queue
[2024-09-10T19:10:44.423+0000] {logging_mixin.py:188} INFO - [2024-09-10T19:10:44.422+0000] {dagbag.py:540} INFO - Filling up the DagBag from /opt/airflow/dags/load/load_to_mysql.py
[2024-09-10T19:10:44.916+0000] {processor.py:842} WARNING - No viable dags retrieved from /opt/airflow/dags/load/load_to_mysql.py
[2024-09-10T19:10:44.946+0000] {processor.py:183} INFO - Processing /opt/airflow/dags/load/load_to_mysql.py took 0.532 seconds
[2024-09-10T19:11:15.678+0000] {processor.py:161} INFO - Started process (PID=3350) to work on /opt/airflow/dags/load/load_to_mysql.py
[2024-09-10T19:11:15.680+0000] {processor.py:830} INFO - Processing file /opt/airflow/dags/load/load_to_mysql.py for tasks to queue
[2024-09-10T19:11:15.683+0000] {logging_mixin.py:188} INFO - [2024-09-10T19:11:15.682+0000] {dagbag.py:540} INFO - Filling up the DagBag from /opt/airflow/dags/load/load_to_mysql.py
[2024-09-10T19:11:16.321+0000] {processor.py:842} WARNING - No viable dags retrieved from /opt/airflow/dags/load/load_to_mysql.py
[2024-09-10T19:11:16.358+0000] {processor.py:183} INFO - Processing /opt/airflow/dags/load/load_to_mysql.py took 0.688 seconds
[2024-09-10T19:11:46.906+0000] {processor.py:161} INFO - Started process (PID=3382) to work on /opt/airflow/dags/load/load_to_mysql.py
[2024-09-10T19:11:46.907+0000] {processor.py:830} INFO - Processing file /opt/airflow/dags/load/load_to_mysql.py for tasks to queue
[2024-09-10T19:11:46.909+0000] {logging_mixin.py:188} INFO - [2024-09-10T19:11:46.908+0000] {dagbag.py:540} INFO - Filling up the DagBag from /opt/airflow/dags/load/load_to_mysql.py
[2024-09-10T19:11:47.188+0000] {processor.py:842} WARNING - No viable dags retrieved from /opt/airflow/dags/load/load_to_mysql.py
[2024-09-10T19:11:47.202+0000] {processor.py:183} INFO - Processing /opt/airflow/dags/load/load_to_mysql.py took 0.300 seconds
[2024-09-10T19:12:17.775+0000] {processor.py:161} INFO - Started process (PID=3412) to work on /opt/airflow/dags/load/load_to_mysql.py
[2024-09-10T19:12:17.776+0000] {processor.py:830} INFO - Processing file /opt/airflow/dags/load/load_to_mysql.py for tasks to queue
[2024-09-10T19:12:17.778+0000] {logging_mixin.py:188} INFO - [2024-09-10T19:12:17.778+0000] {dagbag.py:540} INFO - Filling up the DagBag from /opt/airflow/dags/load/load_to_mysql.py
[2024-09-10T19:12:18.230+0000] {processor.py:842} WARNING - No viable dags retrieved from /opt/airflow/dags/load/load_to_mysql.py
[2024-09-10T19:12:18.249+0000] {processor.py:183} INFO - Processing /opt/airflow/dags/load/load_to_mysql.py took 0.478 seconds
[2024-09-10T19:12:48.605+0000] {processor.py:161} INFO - Started process (PID=3447) to work on /opt/airflow/dags/load/load_to_mysql.py
[2024-09-10T19:12:48.607+0000] {processor.py:830} INFO - Processing file /opt/airflow/dags/load/load_to_mysql.py for tasks to queue
[2024-09-10T19:12:48.610+0000] {logging_mixin.py:188} INFO - [2024-09-10T19:12:48.609+0000] {dagbag.py:540} INFO - Filling up the DagBag from /opt/airflow/dags/load/load_to_mysql.py
[2024-09-10T19:12:49.214+0000] {processor.py:842} WARNING - No viable dags retrieved from /opt/airflow/dags/load/load_to_mysql.py
[2024-09-10T19:12:49.252+0000] {processor.py:183} INFO - Processing /opt/airflow/dags/load/load_to_mysql.py took 0.652 seconds
[2024-09-10T19:13:19.372+0000] {processor.py:161} INFO - Started process (PID=3473) to work on /opt/airflow/dags/load/load_to_mysql.py
[2024-09-10T19:13:19.374+0000] {processor.py:830} INFO - Processing file /opt/airflow/dags/load/load_to_mysql.py for tasks to queue
[2024-09-10T19:13:19.377+0000] {logging_mixin.py:188} INFO - [2024-09-10T19:13:19.376+0000] {dagbag.py:540} INFO - Filling up the DagBag from /opt/airflow/dags/load/load_to_mysql.py
[2024-09-10T19:13:19.797+0000] {processor.py:842} WARNING - No viable dags retrieved from /opt/airflow/dags/load/load_to_mysql.py
[2024-09-10T19:13:19.824+0000] {processor.py:183} INFO - Processing /opt/airflow/dags/load/load_to_mysql.py took 0.457 seconds
[2024-09-10T19:13:50.003+0000] {processor.py:161} INFO - Started process (PID=3507) to work on /opt/airflow/dags/load/load_to_mysql.py
[2024-09-10T19:13:50.005+0000] {processor.py:830} INFO - Processing file /opt/airflow/dags/load/load_to_mysql.py for tasks to queue
[2024-09-10T19:13:50.006+0000] {logging_mixin.py:188} INFO - [2024-09-10T19:13:50.006+0000] {dagbag.py:540} INFO - Filling up the DagBag from /opt/airflow/dags/load/load_to_mysql.py
[2024-09-10T19:13:50.372+0000] {processor.py:842} WARNING - No viable dags retrieved from /opt/airflow/dags/load/load_to_mysql.py
[2024-09-10T19:13:50.394+0000] {processor.py:183} INFO - Processing /opt/airflow/dags/load/load_to_mysql.py took 0.395 seconds
[2024-09-10T19:14:20.787+0000] {processor.py:161} INFO - Started process (PID=3536) to work on /opt/airflow/dags/load/load_to_mysql.py
[2024-09-10T19:14:20.790+0000] {processor.py:830} INFO - Processing file /opt/airflow/dags/load/load_to_mysql.py for tasks to queue
[2024-09-10T19:14:20.794+0000] {logging_mixin.py:188} INFO - [2024-09-10T19:14:20.793+0000] {dagbag.py:540} INFO - Filling up the DagBag from /opt/airflow/dags/load/load_to_mysql.py
[2024-09-10T19:14:21.397+0000] {processor.py:842} WARNING - No viable dags retrieved from /opt/airflow/dags/load/load_to_mysql.py
[2024-09-10T19:14:21.427+0000] {processor.py:183} INFO - Processing /opt/airflow/dags/load/load_to_mysql.py took 0.649 seconds
[2024-09-10T19:14:51.776+0000] {processor.py:161} INFO - Started process (PID=3565) to work on /opt/airflow/dags/load/load_to_mysql.py
[2024-09-10T19:14:51.778+0000] {processor.py:830} INFO - Processing file /opt/airflow/dags/load/load_to_mysql.py for tasks to queue
[2024-09-10T19:14:51.781+0000] {logging_mixin.py:188} INFO - [2024-09-10T19:14:51.780+0000] {dagbag.py:540} INFO - Filling up the DagBag from /opt/airflow/dags/load/load_to_mysql.py
[2024-09-10T19:14:52.545+0000] {processor.py:842} WARNING - No viable dags retrieved from /opt/airflow/dags/load/load_to_mysql.py
[2024-09-10T19:14:52.588+0000] {processor.py:183} INFO - Processing /opt/airflow/dags/load/load_to_mysql.py took 0.818 seconds
[2024-09-10T19:15:22.869+0000] {processor.py:161} INFO - Started process (PID=3611) to work on /opt/airflow/dags/load/load_to_mysql.py
[2024-09-10T19:15:22.872+0000] {processor.py:830} INFO - Processing file /opt/airflow/dags/load/load_to_mysql.py for tasks to queue
[2024-09-10T19:15:22.875+0000] {logging_mixin.py:188} INFO - [2024-09-10T19:15:22.874+0000] {dagbag.py:540} INFO - Filling up the DagBag from /opt/airflow/dags/load/load_to_mysql.py
[2024-09-10T19:15:23.432+0000] {processor.py:842} WARNING - No viable dags retrieved from /opt/airflow/dags/load/load_to_mysql.py
[2024-09-10T19:15:23.461+0000] {processor.py:183} INFO - Processing /opt/airflow/dags/load/load_to_mysql.py took 0.599 seconds
[2024-09-10T19:15:54.075+0000] {processor.py:161} INFO - Started process (PID=3640) to work on /opt/airflow/dags/load/load_to_mysql.py
[2024-09-10T19:15:54.077+0000] {processor.py:830} INFO - Processing file /opt/airflow/dags/load/load_to_mysql.py for tasks to queue
[2024-09-10T19:15:54.079+0000] {logging_mixin.py:188} INFO - [2024-09-10T19:15:54.078+0000] {dagbag.py:540} INFO - Filling up the DagBag from /opt/airflow/dags/load/load_to_mysql.py
[2024-09-10T19:15:54.596+0000] {processor.py:842} WARNING - No viable dags retrieved from /opt/airflow/dags/load/load_to_mysql.py
[2024-09-10T19:15:54.626+0000] {processor.py:183} INFO - Processing /opt/airflow/dags/load/load_to_mysql.py took 0.559 seconds
[2024-09-10T19:16:24.849+0000] {processor.py:161} INFO - Started process (PID=3671) to work on /opt/airflow/dags/load/load_to_mysql.py
[2024-09-10T19:16:24.853+0000] {processor.py:830} INFO - Processing file /opt/airflow/dags/load/load_to_mysql.py for tasks to queue
[2024-09-10T19:16:24.857+0000] {logging_mixin.py:188} INFO - [2024-09-10T19:16:24.856+0000] {dagbag.py:540} INFO - Filling up the DagBag from /opt/airflow/dags/load/load_to_mysql.py
[2024-09-10T19:16:26.024+0000] {processor.py:842} WARNING - No viable dags retrieved from /opt/airflow/dags/load/load_to_mysql.py
[2024-09-10T19:16:26.063+0000] {processor.py:183} INFO - Processing /opt/airflow/dags/load/load_to_mysql.py took 1.227 seconds
[2024-09-10T19:16:56.285+0000] {processor.py:161} INFO - Started process (PID=3718) to work on /opt/airflow/dags/load/load_to_mysql.py
[2024-09-10T19:16:56.288+0000] {processor.py:830} INFO - Processing file /opt/airflow/dags/load/load_to_mysql.py for tasks to queue
[2024-09-10T19:16:56.290+0000] {logging_mixin.py:188} INFO - [2024-09-10T19:16:56.290+0000] {dagbag.py:540} INFO - Filling up the DagBag from /opt/airflow/dags/load/load_to_mysql.py
[2024-09-10T19:16:56.917+0000] {processor.py:842} WARNING - No viable dags retrieved from /opt/airflow/dags/load/load_to_mysql.py
[2024-09-10T19:16:56.951+0000] {processor.py:183} INFO - Processing /opt/airflow/dags/load/load_to_mysql.py took 0.673 seconds
[2024-09-10T19:17:27.937+0000] {processor.py:161} INFO - Started process (PID=3760) to work on /opt/airflow/dags/load/load_to_mysql.py
[2024-09-10T19:17:27.939+0000] {processor.py:830} INFO - Processing file /opt/airflow/dags/load/load_to_mysql.py for tasks to queue
[2024-09-10T19:17:27.941+0000] {logging_mixin.py:188} INFO - [2024-09-10T19:17:27.940+0000] {dagbag.py:540} INFO - Filling up the DagBag from /opt/airflow/dags/load/load_to_mysql.py
[2024-09-10T19:17:28.360+0000] {processor.py:842} WARNING - No viable dags retrieved from /opt/airflow/dags/load/load_to_mysql.py
[2024-09-10T19:17:28.375+0000] {processor.py:183} INFO - Processing /opt/airflow/dags/load/load_to_mysql.py took 0.443 seconds
[2024-09-10T19:17:58.874+0000] {processor.py:161} INFO - Started process (PID=3789) to work on /opt/airflow/dags/load/load_to_mysql.py
[2024-09-10T19:17:58.876+0000] {processor.py:830} INFO - Processing file /opt/airflow/dags/load/load_to_mysql.py for tasks to queue
[2024-09-10T19:17:58.878+0000] {logging_mixin.py:188} INFO - [2024-09-10T19:17:58.877+0000] {dagbag.py:540} INFO - Filling up the DagBag from /opt/airflow/dags/load/load_to_mysql.py
[2024-09-10T19:17:59.281+0000] {processor.py:842} WARNING - No viable dags retrieved from /opt/airflow/dags/load/load_to_mysql.py
[2024-09-10T19:17:59.304+0000] {processor.py:183} INFO - Processing /opt/airflow/dags/load/load_to_mysql.py took 0.435 seconds
[2024-09-10T19:18:30.020+0000] {processor.py:161} INFO - Started process (PID=3818) to work on /opt/airflow/dags/load/load_to_mysql.py
[2024-09-10T19:18:30.021+0000] {processor.py:830} INFO - Processing file /opt/airflow/dags/load/load_to_mysql.py for tasks to queue
[2024-09-10T19:18:30.023+0000] {logging_mixin.py:188} INFO - [2024-09-10T19:18:30.022+0000] {dagbag.py:540} INFO - Filling up the DagBag from /opt/airflow/dags/load/load_to_mysql.py
[2024-09-10T19:18:30.357+0000] {processor.py:842} WARNING - No viable dags retrieved from /opt/airflow/dags/load/load_to_mysql.py
[2024-09-10T19:18:30.379+0000] {processor.py:183} INFO - Processing /opt/airflow/dags/load/load_to_mysql.py took 0.363 seconds
[2024-09-10T19:19:00.452+0000] {processor.py:161} INFO - Started process (PID=3848) to work on /opt/airflow/dags/load/load_to_mysql.py
[2024-09-10T19:19:00.454+0000] {processor.py:830} INFO - Processing file /opt/airflow/dags/load/load_to_mysql.py for tasks to queue
[2024-09-10T19:19:00.456+0000] {logging_mixin.py:188} INFO - [2024-09-10T19:19:00.456+0000] {dagbag.py:540} INFO - Filling up the DagBag from /opt/airflow/dags/load/load_to_mysql.py
[2024-09-10T19:19:00.911+0000] {processor.py:842} WARNING - No viable dags retrieved from /opt/airflow/dags/load/load_to_mysql.py
[2024-09-10T19:19:00.931+0000] {processor.py:183} INFO - Processing /opt/airflow/dags/load/load_to_mysql.py took 0.484 seconds
[2024-09-10T19:19:31.217+0000] {processor.py:161} INFO - Started process (PID=3878) to work on /opt/airflow/dags/load/load_to_mysql.py
[2024-09-10T19:19:31.219+0000] {processor.py:830} INFO - Processing file /opt/airflow/dags/load/load_to_mysql.py for tasks to queue
[2024-09-10T19:19:31.221+0000] {logging_mixin.py:188} INFO - [2024-09-10T19:19:31.221+0000] {dagbag.py:540} INFO - Filling up the DagBag from /opt/airflow/dags/load/load_to_mysql.py
[2024-09-10T19:19:31.773+0000] {processor.py:842} WARNING - No viable dags retrieved from /opt/airflow/dags/load/load_to_mysql.py
[2024-09-10T19:19:31.792+0000] {processor.py:183} INFO - Processing /opt/airflow/dags/load/load_to_mysql.py took 0.581 seconds
[2024-09-10T19:20:01.942+0000] {processor.py:161} INFO - Started process (PID=3907) to work on /opt/airflow/dags/load/load_to_mysql.py
[2024-09-10T19:20:01.944+0000] {processor.py:830} INFO - Processing file /opt/airflow/dags/load/load_to_mysql.py for tasks to queue
[2024-09-10T19:20:01.947+0000] {logging_mixin.py:188} INFO - [2024-09-10T19:20:01.946+0000] {dagbag.py:540} INFO - Filling up the DagBag from /opt/airflow/dags/load/load_to_mysql.py
[2024-09-10T19:20:02.503+0000] {processor.py:842} WARNING - No viable dags retrieved from /opt/airflow/dags/load/load_to_mysql.py
[2024-09-10T19:20:02.527+0000] {processor.py:183} INFO - Processing /opt/airflow/dags/load/load_to_mysql.py took 0.589 seconds
[2024-09-10T19:20:32.646+0000] {processor.py:161} INFO - Started process (PID=3965) to work on /opt/airflow/dags/load/load_to_mysql.py
[2024-09-10T19:20:32.648+0000] {processor.py:830} INFO - Processing file /opt/airflow/dags/load/load_to_mysql.py for tasks to queue
[2024-09-10T19:20:32.649+0000] {logging_mixin.py:188} INFO - [2024-09-10T19:20:32.649+0000] {dagbag.py:540} INFO - Filling up the DagBag from /opt/airflow/dags/load/load_to_mysql.py
[2024-09-10T19:20:32.883+0000] {processor.py:842} WARNING - No viable dags retrieved from /opt/airflow/dags/load/load_to_mysql.py
[2024-09-10T19:20:32.895+0000] {processor.py:183} INFO - Processing /opt/airflow/dags/load/load_to_mysql.py took 0.252 seconds
[2024-09-10T19:21:03.195+0000] {processor.py:161} INFO - Started process (PID=3994) to work on /opt/airflow/dags/load/load_to_mysql.py
[2024-09-10T19:21:03.196+0000] {processor.py:830} INFO - Processing file /opt/airflow/dags/load/load_to_mysql.py for tasks to queue
[2024-09-10T19:21:03.198+0000] {logging_mixin.py:188} INFO - [2024-09-10T19:21:03.197+0000] {dagbag.py:540} INFO - Filling up the DagBag from /opt/airflow/dags/load/load_to_mysql.py
[2024-09-10T19:21:03.437+0000] {processor.py:842} WARNING - No viable dags retrieved from /opt/airflow/dags/load/load_to_mysql.py
[2024-09-10T19:21:03.449+0000] {processor.py:183} INFO - Processing /opt/airflow/dags/load/load_to_mysql.py took 0.259 seconds
[2024-09-10T19:21:33.754+0000] {processor.py:161} INFO - Started process (PID=4023) to work on /opt/airflow/dags/load/load_to_mysql.py
[2024-09-10T19:21:33.756+0000] {processor.py:830} INFO - Processing file /opt/airflow/dags/load/load_to_mysql.py for tasks to queue
[2024-09-10T19:21:33.757+0000] {logging_mixin.py:188} INFO - [2024-09-10T19:21:33.757+0000] {dagbag.py:540} INFO - Filling up the DagBag from /opt/airflow/dags/load/load_to_mysql.py
[2024-09-10T19:21:34.114+0000] {processor.py:842} WARNING - No viable dags retrieved from /opt/airflow/dags/load/load_to_mysql.py
[2024-09-10T19:21:34.128+0000] {processor.py:183} INFO - Processing /opt/airflow/dags/load/load_to_mysql.py took 0.378 seconds
[2024-09-10T19:22:04.427+0000] {processor.py:161} INFO - Started process (PID=4055) to work on /opt/airflow/dags/load/load_to_mysql.py
[2024-09-10T19:22:04.428+0000] {processor.py:830} INFO - Processing file /opt/airflow/dags/load/load_to_mysql.py for tasks to queue
[2024-09-10T19:22:04.429+0000] {logging_mixin.py:188} INFO - [2024-09-10T19:22:04.429+0000] {dagbag.py:540} INFO - Filling up the DagBag from /opt/airflow/dags/load/load_to_mysql.py
[2024-09-10T19:22:04.833+0000] {processor.py:842} WARNING - No viable dags retrieved from /opt/airflow/dags/load/load_to_mysql.py
[2024-09-10T19:22:04.844+0000] {processor.py:183} INFO - Processing /opt/airflow/dags/load/load_to_mysql.py took 0.420 seconds
[2024-09-10T19:22:35.205+0000] {processor.py:161} INFO - Started process (PID=4089) to work on /opt/airflow/dags/load/load_to_mysql.py
[2024-09-10T19:22:35.206+0000] {processor.py:830} INFO - Processing file /opt/airflow/dags/load/load_to_mysql.py for tasks to queue
[2024-09-10T19:22:35.208+0000] {logging_mixin.py:188} INFO - [2024-09-10T19:22:35.207+0000] {dagbag.py:540} INFO - Filling up the DagBag from /opt/airflow/dags/load/load_to_mysql.py
[2024-09-10T19:22:35.704+0000] {processor.py:842} WARNING - No viable dags retrieved from /opt/airflow/dags/load/load_to_mysql.py
[2024-09-10T19:22:35.720+0000] {processor.py:183} INFO - Processing /opt/airflow/dags/load/load_to_mysql.py took 0.519 seconds
[2024-09-10T19:23:05.911+0000] {processor.py:161} INFO - Started process (PID=4118) to work on /opt/airflow/dags/load/load_to_mysql.py
[2024-09-10T19:23:05.913+0000] {processor.py:830} INFO - Processing file /opt/airflow/dags/load/load_to_mysql.py for tasks to queue
[2024-09-10T19:23:05.915+0000] {logging_mixin.py:188} INFO - [2024-09-10T19:23:05.914+0000] {dagbag.py:540} INFO - Filling up the DagBag from /opt/airflow/dags/load/load_to_mysql.py
[2024-09-10T19:23:06.446+0000] {processor.py:842} WARNING - No viable dags retrieved from /opt/airflow/dags/load/load_to_mysql.py
[2024-09-10T19:23:06.478+0000] {processor.py:183} INFO - Processing /opt/airflow/dags/load/load_to_mysql.py took 0.574 seconds
[2024-09-10T19:23:36.673+0000] {processor.py:161} INFO - Started process (PID=4147) to work on /opt/airflow/dags/load/load_to_mysql.py
[2024-09-10T19:23:36.674+0000] {processor.py:830} INFO - Processing file /opt/airflow/dags/load/load_to_mysql.py for tasks to queue
[2024-09-10T19:23:36.676+0000] {logging_mixin.py:188} INFO - [2024-09-10T19:23:36.676+0000] {dagbag.py:540} INFO - Filling up the DagBag from /opt/airflow/dags/load/load_to_mysql.py
[2024-09-10T19:23:37.188+0000] {processor.py:842} WARNING - No viable dags retrieved from /opt/airflow/dags/load/load_to_mysql.py
[2024-09-10T19:23:37.203+0000] {processor.py:183} INFO - Processing /opt/airflow/dags/load/load_to_mysql.py took 0.534 seconds
[2024-09-10T19:24:07.284+0000] {processor.py:161} INFO - Started process (PID=4176) to work on /opt/airflow/dags/load/load_to_mysql.py
[2024-09-10T19:24:07.286+0000] {processor.py:830} INFO - Processing file /opt/airflow/dags/load/load_to_mysql.py for tasks to queue
[2024-09-10T19:24:07.287+0000] {logging_mixin.py:188} INFO - [2024-09-10T19:24:07.287+0000] {dagbag.py:540} INFO - Filling up the DagBag from /opt/airflow/dags/load/load_to_mysql.py
[2024-09-10T19:24:07.690+0000] {processor.py:842} WARNING - No viable dags retrieved from /opt/airflow/dags/load/load_to_mysql.py
[2024-09-10T19:24:07.705+0000] {processor.py:183} INFO - Processing /opt/airflow/dags/load/load_to_mysql.py took 0.424 seconds
[2024-09-10T19:24:38.192+0000] {processor.py:161} INFO - Started process (PID=4206) to work on /opt/airflow/dags/load/load_to_mysql.py
[2024-09-10T19:24:38.193+0000] {processor.py:830} INFO - Processing file /opt/airflow/dags/load/load_to_mysql.py for tasks to queue
[2024-09-10T19:24:38.195+0000] {logging_mixin.py:188} INFO - [2024-09-10T19:24:38.195+0000] {dagbag.py:540} INFO - Filling up the DagBag from /opt/airflow/dags/load/load_to_mysql.py
[2024-09-10T19:24:38.665+0000] {processor.py:842} WARNING - No viable dags retrieved from /opt/airflow/dags/load/load_to_mysql.py
[2024-09-10T19:24:38.679+0000] {processor.py:183} INFO - Processing /opt/airflow/dags/load/load_to_mysql.py took 0.492 seconds
[2024-09-10T19:25:08.898+0000] {processor.py:161} INFO - Started process (PID=4235) to work on /opt/airflow/dags/load/load_to_mysql.py
[2024-09-10T19:25:08.900+0000] {processor.py:830} INFO - Processing file /opt/airflow/dags/load/load_to_mysql.py for tasks to queue
[2024-09-10T19:25:08.901+0000] {logging_mixin.py:188} INFO - [2024-09-10T19:25:08.901+0000] {dagbag.py:540} INFO - Filling up the DagBag from /opt/airflow/dags/load/load_to_mysql.py
[2024-09-10T19:25:09.366+0000] {processor.py:842} WARNING - No viable dags retrieved from /opt/airflow/dags/load/load_to_mysql.py
[2024-09-10T19:25:09.381+0000] {processor.py:183} INFO - Processing /opt/airflow/dags/load/load_to_mysql.py took 0.487 seconds
[2024-09-10T19:25:39.744+0000] {processor.py:161} INFO - Started process (PID=4264) to work on /opt/airflow/dags/load/load_to_mysql.py
[2024-09-10T19:25:39.745+0000] {processor.py:830} INFO - Processing file /opt/airflow/dags/load/load_to_mysql.py for tasks to queue
[2024-09-10T19:25:39.747+0000] {logging_mixin.py:188} INFO - [2024-09-10T19:25:39.747+0000] {dagbag.py:540} INFO - Filling up the DagBag from /opt/airflow/dags/load/load_to_mysql.py
[2024-09-10T19:25:40.189+0000] {processor.py:842} WARNING - No viable dags retrieved from /opt/airflow/dags/load/load_to_mysql.py
[2024-09-10T19:25:40.205+0000] {processor.py:183} INFO - Processing /opt/airflow/dags/load/load_to_mysql.py took 0.465 seconds
[2024-09-10T19:26:10.571+0000] {processor.py:161} INFO - Started process (PID=4310) to work on /opt/airflow/dags/load/load_to_mysql.py
[2024-09-10T19:26:10.572+0000] {processor.py:830} INFO - Processing file /opt/airflow/dags/load/load_to_mysql.py for tasks to queue
[2024-09-10T19:26:10.573+0000] {logging_mixin.py:188} INFO - [2024-09-10T19:26:10.573+0000] {dagbag.py:540} INFO - Filling up the DagBag from /opt/airflow/dags/load/load_to_mysql.py
[2024-09-10T19:26:10.905+0000] {processor.py:842} WARNING - No viable dags retrieved from /opt/airflow/dags/load/load_to_mysql.py
[2024-09-10T19:26:10.915+0000] {processor.py:183} INFO - Processing /opt/airflow/dags/load/load_to_mysql.py took 0.347 seconds
[2024-09-10T19:26:41.278+0000] {processor.py:161} INFO - Started process (PID=4339) to work on /opt/airflow/dags/load/load_to_mysql.py
[2024-09-10T19:26:41.280+0000] {processor.py:830} INFO - Processing file /opt/airflow/dags/load/load_to_mysql.py for tasks to queue
[2024-09-10T19:26:41.281+0000] {logging_mixin.py:188} INFO - [2024-09-10T19:26:41.281+0000] {dagbag.py:540} INFO - Filling up the DagBag from /opt/airflow/dags/load/load_to_mysql.py
[2024-09-10T19:26:41.645+0000] {processor.py:842} WARNING - No viable dags retrieved from /opt/airflow/dags/load/load_to_mysql.py
[2024-09-10T19:26:41.658+0000] {processor.py:183} INFO - Processing /opt/airflow/dags/load/load_to_mysql.py took 0.383 seconds
[2024-09-10T19:27:12.063+0000] {processor.py:161} INFO - Started process (PID=4368) to work on /opt/airflow/dags/load/load_to_mysql.py
[2024-09-10T19:27:12.065+0000] {processor.py:830} INFO - Processing file /opt/airflow/dags/load/load_to_mysql.py for tasks to queue
[2024-09-10T19:27:12.067+0000] {logging_mixin.py:188} INFO - [2024-09-10T19:27:12.066+0000] {dagbag.py:540} INFO - Filling up the DagBag from /opt/airflow/dags/load/load_to_mysql.py
[2024-09-10T19:27:12.413+0000] {processor.py:842} WARNING - No viable dags retrieved from /opt/airflow/dags/load/load_to_mysql.py
[2024-09-10T19:27:12.424+0000] {processor.py:183} INFO - Processing /opt/airflow/dags/load/load_to_mysql.py took 0.364 seconds
[2024-09-10T19:27:42.871+0000] {processor.py:161} INFO - Started process (PID=4409) to work on /opt/airflow/dags/load/load_to_mysql.py
[2024-09-10T19:27:42.873+0000] {processor.py:830} INFO - Processing file /opt/airflow/dags/load/load_to_mysql.py for tasks to queue
[2024-09-10T19:27:42.874+0000] {logging_mixin.py:188} INFO - [2024-09-10T19:27:42.874+0000] {dagbag.py:540} INFO - Filling up the DagBag from /opt/airflow/dags/load/load_to_mysql.py
[2024-09-10T19:27:43.181+0000] {processor.py:842} WARNING - No viable dags retrieved from /opt/airflow/dags/load/load_to_mysql.py
[2024-09-10T19:27:43.191+0000] {processor.py:183} INFO - Processing /opt/airflow/dags/load/load_to_mysql.py took 0.323 seconds
[2024-09-10T19:28:13.422+0000] {processor.py:161} INFO - Started process (PID=4438) to work on /opt/airflow/dags/load/load_to_mysql.py
[2024-09-10T19:28:13.424+0000] {processor.py:830} INFO - Processing file /opt/airflow/dags/load/load_to_mysql.py for tasks to queue
[2024-09-10T19:28:13.425+0000] {logging_mixin.py:188} INFO - [2024-09-10T19:28:13.425+0000] {dagbag.py:540} INFO - Filling up the DagBag from /opt/airflow/dags/load/load_to_mysql.py
[2024-09-10T19:28:13.777+0000] {processor.py:842} WARNING - No viable dags retrieved from /opt/airflow/dags/load/load_to_mysql.py
[2024-09-10T19:28:13.789+0000] {processor.py:183} INFO - Processing /opt/airflow/dags/load/load_to_mysql.py took 0.370 seconds
[2024-09-10T19:28:44.530+0000] {processor.py:161} INFO - Started process (PID=4473) to work on /opt/airflow/dags/load/load_to_mysql.py
[2024-09-10T19:28:44.532+0000] {processor.py:830} INFO - Processing file /opt/airflow/dags/load/load_to_mysql.py for tasks to queue
[2024-09-10T19:28:44.534+0000] {logging_mixin.py:188} INFO - [2024-09-10T19:28:44.533+0000] {dagbag.py:540} INFO - Filling up the DagBag from /opt/airflow/dags/load/load_to_mysql.py
[2024-09-10T19:28:45.020+0000] {processor.py:842} WARNING - No viable dags retrieved from /opt/airflow/dags/load/load_to_mysql.py
[2024-09-10T19:28:45.035+0000] {processor.py:183} INFO - Processing /opt/airflow/dags/load/load_to_mysql.py took 0.508 seconds
