[2024-09-12T12:38:54.220+0000] {taskinstance.py:1979} INFO - Dependencies all met for dep_context=non-requeueable deps ti=<TaskInstance: shopeefood_crawl_and_report.process_report manual__2024-09-12T12:27:30.647575+00:00 [queued]>
[2024-09-12T12:38:54.239+0000] {taskinstance.py:1979} INFO - Dependencies all met for dep_context=requeueable deps ti=<TaskInstance: shopeefood_crawl_and_report.process_report manual__2024-09-12T12:27:30.647575+00:00 [queued]>
[2024-09-12T12:38:54.240+0000] {taskinstance.py:2193} INFO - Starting attempt 1 of 2
[2024-09-12T12:38:54.271+0000] {taskinstance.py:2217} INFO - Executing <Task(PythonOperator): process_report> on 2024-09-12 12:27:30.647575+00:00
[2024-09-12T12:38:54.280+0000] {standard_task_runner.py:60} INFO - Started process 7371 to run task
[2024-09-12T12:38:54.286+0000] {standard_task_runner.py:87} INFO - Running: ['***', 'tasks', 'run', 'shopeefood_crawl_and_report', 'process_report', 'manual__2024-09-12T12:27:30.647575+00:00', '--job-id', '51', '--raw', '--subdir', 'DAGS_FOLDER/main_dag.py', '--cfg-path', '/tmp/tmp7ovlg9v3']
[2024-09-12T12:38:54.290+0000] {standard_task_runner.py:88} INFO - Job 51: Subtask process_report
[2024-09-12T12:38:54.386+0000] {task_command.py:423} INFO - Running <TaskInstance: shopeefood_crawl_and_report.process_report manual__2024-09-12T12:27:30.647575+00:00 [running]> on host bc7cb9c82b76
[2024-09-12T12:38:54.928+0000] {taskinstance.py:2513} INFO - Exporting env vars: AIRFLOW_CTX_DAG_OWNER='***' AIRFLOW_CTX_DAG_ID='shopeefood_crawl_and_report' AIRFLOW_CTX_TASK_ID='process_report' AIRFLOW_CTX_EXECUTION_DATE='2024-09-12T12:27:30.647575+00:00' AIRFLOW_CTX_TRY_NUMBER='1' AIRFLOW_CTX_DAG_RUN_ID='manual__2024-09-12T12:27:30.647575+00:00'
[2024-09-12T12:38:55.056+0000] {python.py:202} INFO - Done. Returned value was:          Khu vực  ...  Khoảng giá trung bình (Vnđ)
0        Ba Đình  ...             17,375 - 219,250
1    Bắc Từ Liêm  ...             25,429 - 147,857
2       Cầu Giấy  ...              27,808 - 78,885
3   Hai Bà Trưng  ...             30,905 - 125,905
4       Hoài Đức  ...              17,500 - 35,000
5      Hoàn Kiếm  ...              20,000 - 53,333
6      Hoàng Mai  ...             16,667 - 497,667
7        Hà Đông  ...              28,643 - 80,714
8      Long Biên  ...              23,750 - 42,500
9    Nam Từ Liêm  ...             21,400 - 207,900
10     Thanh Trì  ...             28,000 - 150,000
11    Thanh Xuân  ...              26,273 - 69,909
12        Tây Hồ  ...              30,000 - 60,000
13       Đống Đa  ...              24,833 - 90,667

[14 rows x 5 columns]
[2024-09-12T12:38:55.181+0000] {taskinstance.py:1149} INFO - Marking task as SUCCESS. dag_id=shopeefood_crawl_and_report, task_id=process_report, execution_date=20240912T122730, start_date=20240912T123854, end_date=20240912T123855
[2024-09-12T12:38:55.225+0000] {local_task_job_runner.py:234} INFO - Task exited with return code 0
[2024-09-12T12:38:55.271+0000] {taskinstance.py:3312} INFO - 1 downstream tasks scheduled from follow-on schedule check
