[2024-09-12T06:11:45.097+0000] {taskinstance.py:1979} INFO - Dependencies all met for dep_context=non-requeueable deps ti=<TaskInstance: shopeefood_crawl_and_report.send_report scheduled__2024-09-11T00:00:00+00:00 [queued]>
[2024-09-12T06:11:45.108+0000] {taskinstance.py:1979} INFO - Dependencies all met for dep_context=requeueable deps ti=<TaskInstance: shopeefood_crawl_and_report.send_report scheduled__2024-09-11T00:00:00+00:00 [queued]>
[2024-09-12T06:11:45.109+0000] {taskinstance.py:2193} INFO - Starting attempt 1 of 2
[2024-09-12T06:11:45.125+0000] {taskinstance.py:2217} INFO - Executing <Task(PythonOperator): send_report> on 2024-09-11 00:00:00+00:00
[2024-09-12T06:11:45.130+0000] {standard_task_runner.py:60} INFO - Started process 653 to run task
[2024-09-12T06:11:45.133+0000] {standard_task_runner.py:87} INFO - Running: ['***', 'tasks', 'run', 'shopeefood_crawl_and_report', 'send_report', 'scheduled__2024-09-11T00:00:00+00:00', '--job-id', '36', '--raw', '--subdir', 'DAGS_FOLDER/main_dag.py', '--cfg-path', '/tmp/tmpi6fizz8o']
[2024-09-12T06:11:45.135+0000] {standard_task_runner.py:88} INFO - Job 36: Subtask send_report
[2024-09-12T06:11:45.192+0000] {task_command.py:423} INFO - Running <TaskInstance: shopeefood_crawl_and_report.send_report scheduled__2024-09-11T00:00:00+00:00 [running]> on host f432431e979d
[2024-09-12T06:11:45.271+0000] {taskinstance.py:2513} INFO - Exporting env vars: AIRFLOW_CTX_DAG_OWNER='***' AIRFLOW_CTX_DAG_ID='shopeefood_crawl_and_report' AIRFLOW_CTX_TASK_ID='send_report' AIRFLOW_CTX_EXECUTION_DATE='2024-09-11T00:00:00+00:00' AIRFLOW_CTX_TRY_NUMBER='1' AIRFLOW_CTX_DAG_RUN_ID='scheduled__2024-09-11T00:00:00+00:00'
[2024-09-12T06:11:49.396+0000] {logging_mixin.py:188} INFO - Email vừa được gửi thành công!
[2024-09-12T06:11:49.398+0000] {python.py:202} INFO - Done. Returned value was: None
[2024-09-12T06:11:49.415+0000] {taskinstance.py:1149} INFO - Marking task as SUCCESS. dag_id=shopeefood_crawl_and_report, task_id=send_report, execution_date=20240911T000000, start_date=20240912T061145, end_date=20240912T061149
[2024-09-12T06:11:49.465+0000] {local_task_job_runner.py:234} INFO - Task exited with return code 0
[2024-09-12T06:11:49.488+0000] {taskinstance.py:3312} INFO - 1 downstream tasks scheduled from follow-on schedule check
[2024-09-12T08:12:10.213+0000] {taskinstance.py:1979} INFO - Dependencies all met for dep_context=non-requeueable deps ti=<TaskInstance: shopeefood_crawl_and_report.send_report scheduled__2024-09-11T00:00:00+00:00 [queued]>
[2024-09-12T08:12:10.227+0000] {taskinstance.py:1979} INFO - Dependencies all met for dep_context=requeueable deps ti=<TaskInstance: shopeefood_crawl_and_report.send_report scheduled__2024-09-11T00:00:00+00:00 [queued]>
[2024-09-12T08:12:10.228+0000] {taskinstance.py:2193} INFO - Starting attempt 1 of 2
[2024-09-12T08:12:10.246+0000] {taskinstance.py:2217} INFO - Executing <Task(PythonOperator): send_report> on 2024-09-11 00:00:00+00:00
[2024-09-12T08:12:10.253+0000] {standard_task_runner.py:60} INFO - Started process 955 to run task
[2024-09-12T08:12:10.257+0000] {standard_task_runner.py:87} INFO - Running: ['***', 'tasks', 'run', 'shopeefood_crawl_and_report', 'send_report', 'scheduled__2024-09-11T00:00:00+00:00', '--job-id', '8', '--raw', '--subdir', 'DAGS_FOLDER/main_dag.py', '--cfg-path', '/tmp/tmpa9pq85l_']
[2024-09-12T08:12:10.260+0000] {standard_task_runner.py:88} INFO - Job 8: Subtask send_report
[2024-09-12T08:12:10.318+0000] {task_command.py:423} INFO - Running <TaskInstance: shopeefood_crawl_and_report.send_report scheduled__2024-09-11T00:00:00+00:00 [running]> on host b944a8bf813f
[2024-09-12T08:12:10.410+0000] {taskinstance.py:2513} INFO - Exporting env vars: AIRFLOW_CTX_DAG_OWNER='***' AIRFLOW_CTX_DAG_ID='shopeefood_crawl_and_report' AIRFLOW_CTX_TASK_ID='send_report' AIRFLOW_CTX_EXECUTION_DATE='2024-09-11T00:00:00+00:00' AIRFLOW_CTX_TRY_NUMBER='1' AIRFLOW_CTX_DAG_RUN_ID='scheduled__2024-09-11T00:00:00+00:00'
[2024-09-12T08:12:13.539+0000] {logging_mixin.py:188} INFO - Email vừa được gửi thành công!
[2024-09-12T08:12:13.540+0000] {python.py:202} INFO - Done. Returned value was: None
[2024-09-12T08:12:13.548+0000] {taskinstance.py:1149} INFO - Marking task as SUCCESS. dag_id=shopeefood_crawl_and_report, task_id=send_report, execution_date=20240911T000000, start_date=20240912T081210, end_date=20240912T081213
[2024-09-12T08:12:13.612+0000] {local_task_job_runner.py:234} INFO - Task exited with return code 0
[2024-09-12T08:12:13.634+0000] {taskinstance.py:3312} INFO - 0 downstream tasks scheduled from follow-on schedule check
[2024-09-12T08:39:05.298+0000] {taskinstance.py:1979} INFO - Dependencies all met for dep_context=non-requeueable deps ti=<TaskInstance: shopeefood_crawl_and_report.send_report scheduled__2024-09-11T00:00:00+00:00 [queued]>
[2024-09-12T08:39:05.309+0000] {taskinstance.py:1979} INFO - Dependencies all met for dep_context=requeueable deps ti=<TaskInstance: shopeefood_crawl_and_report.send_report scheduled__2024-09-11T00:00:00+00:00 [queued]>
[2024-09-12T08:39:05.310+0000] {taskinstance.py:2193} INFO - Starting attempt 1 of 2
[2024-09-12T08:39:05.325+0000] {taskinstance.py:2217} INFO - Executing <Task(PythonOperator): send_report> on 2024-09-11 00:00:00+00:00
[2024-09-12T08:39:05.331+0000] {standard_task_runner.py:60} INFO - Started process 426 to run task
[2024-09-12T08:39:05.334+0000] {standard_task_runner.py:87} INFO - Running: ['***', 'tasks', 'run', 'shopeefood_crawl_and_report', 'send_report', 'scheduled__2024-09-11T00:00:00+00:00', '--job-id', '8', '--raw', '--subdir', 'DAGS_FOLDER/main_dag.py', '--cfg-path', '/tmp/tmpgk3h855i']
[2024-09-12T08:39:05.337+0000] {standard_task_runner.py:88} INFO - Job 8: Subtask send_report
[2024-09-12T08:39:05.391+0000] {task_command.py:423} INFO - Running <TaskInstance: shopeefood_crawl_and_report.send_report scheduled__2024-09-11T00:00:00+00:00 [running]> on host 329a68cb1c0e
[2024-09-12T08:39:05.464+0000] {taskinstance.py:2513} INFO - Exporting env vars: AIRFLOW_CTX_DAG_OWNER='***' AIRFLOW_CTX_DAG_ID='shopeefood_crawl_and_report' AIRFLOW_CTX_TASK_ID='send_report' AIRFLOW_CTX_EXECUTION_DATE='2024-09-11T00:00:00+00:00' AIRFLOW_CTX_TRY_NUMBER='1' AIRFLOW_CTX_DAG_RUN_ID='scheduled__2024-09-11T00:00:00+00:00'
[2024-09-12T08:39:09.212+0000] {logging_mixin.py:188} INFO - Email vừa được gửi thành công!
[2024-09-12T08:39:09.214+0000] {python.py:202} INFO - Done. Returned value was: None
[2024-09-12T08:39:09.226+0000] {taskinstance.py:1149} INFO - Marking task as SUCCESS. dag_id=shopeefood_crawl_and_report, task_id=send_report, execution_date=20240911T000000, start_date=20240912T083905, end_date=20240912T083909
[2024-09-12T08:39:09.256+0000] {local_task_job_runner.py:234} INFO - Task exited with return code 0
[2024-09-12T08:39:09.273+0000] {taskinstance.py:3312} INFO - 1 downstream tasks scheduled from follow-on schedule check
[2024-09-12T08:57:43.204+0000] {taskinstance.py:1979} INFO - Dependencies all met for dep_context=non-requeueable deps ti=<TaskInstance: shopeefood_crawl_and_report.send_report scheduled__2024-09-11T00:00:00+00:00 [queued]>
[2024-09-12T08:57:43.218+0000] {taskinstance.py:1979} INFO - Dependencies all met for dep_context=requeueable deps ti=<TaskInstance: shopeefood_crawl_and_report.send_report scheduled__2024-09-11T00:00:00+00:00 [queued]>
[2024-09-12T08:57:43.220+0000] {taskinstance.py:2193} INFO - Starting attempt 1 of 2
[2024-09-12T08:57:43.239+0000] {taskinstance.py:2217} INFO - Executing <Task(PythonOperator): send_report> on 2024-09-11 00:00:00+00:00
[2024-09-12T08:57:43.247+0000] {standard_task_runner.py:60} INFO - Started process 440 to run task
[2024-09-12T08:57:43.251+0000] {standard_task_runner.py:87} INFO - Running: ['***', 'tasks', 'run', 'shopeefood_crawl_and_report', 'send_report', 'scheduled__2024-09-11T00:00:00+00:00', '--job-id', '8', '--raw', '--subdir', 'DAGS_FOLDER/main_dag.py', '--cfg-path', '/tmp/tmp8fns8yvd']
[2024-09-12T08:57:43.255+0000] {standard_task_runner.py:88} INFO - Job 8: Subtask send_report
[2024-09-12T08:57:43.326+0000] {task_command.py:423} INFO - Running <TaskInstance: shopeefood_crawl_and_report.send_report scheduled__2024-09-11T00:00:00+00:00 [running]> on host cde7247848aa
[2024-09-12T08:57:43.420+0000] {taskinstance.py:2513} INFO - Exporting env vars: AIRFLOW_CTX_DAG_OWNER='***' AIRFLOW_CTX_DAG_ID='shopeefood_crawl_and_report' AIRFLOW_CTX_TASK_ID='send_report' AIRFLOW_CTX_EXECUTION_DATE='2024-09-11T00:00:00+00:00' AIRFLOW_CTX_TRY_NUMBER='1' AIRFLOW_CTX_DAG_RUN_ID='scheduled__2024-09-11T00:00:00+00:00'
[2024-09-12T08:57:47.412+0000] {logging_mixin.py:188} INFO - Email vừa được gửi thành công!
[2024-09-12T08:57:47.415+0000] {python.py:202} INFO - Done. Returned value was: None
[2024-09-12T08:57:47.426+0000] {taskinstance.py:1149} INFO - Marking task as SUCCESS. dag_id=shopeefood_crawl_and_report, task_id=send_report, execution_date=20240911T000000, start_date=20240912T085743, end_date=20240912T085747
[2024-09-12T08:57:47.452+0000] {local_task_job_runner.py:234} INFO - Task exited with return code 0
[2024-09-12T08:57:47.472+0000] {taskinstance.py:3312} INFO - 1 downstream tasks scheduled from follow-on schedule check
[2024-09-12T11:10:23.285+0000] {taskinstance.py:1979} INFO - Dependencies all met for dep_context=non-requeueable deps ti=<TaskInstance: shopeefood_crawl_and_report.send_report scheduled__2024-09-11T00:00:00+00:00 [queued]>
[2024-09-12T11:10:23.298+0000] {taskinstance.py:1979} INFO - Dependencies all met for dep_context=requeueable deps ti=<TaskInstance: shopeefood_crawl_and_report.send_report scheduled__2024-09-11T00:00:00+00:00 [queued]>
[2024-09-12T11:10:23.299+0000] {taskinstance.py:2193} INFO - Starting attempt 1 of 2
[2024-09-12T11:10:23.316+0000] {taskinstance.py:2217} INFO - Executing <Task(PythonOperator): send_report> on 2024-09-11 00:00:00+00:00
[2024-09-12T11:10:23.323+0000] {standard_task_runner.py:60} INFO - Started process 1059 to run task
[2024-09-12T11:10:23.327+0000] {standard_task_runner.py:87} INFO - Running: ['***', 'tasks', 'run', 'shopeefood_crawl_and_report', 'send_report', 'scheduled__2024-09-11T00:00:00+00:00', '--job-id', '8', '--raw', '--subdir', 'DAGS_FOLDER/main_dag.py', '--cfg-path', '/tmp/tmp86dx1qh0']
[2024-09-12T11:10:23.331+0000] {standard_task_runner.py:88} INFO - Job 8: Subtask send_report
[2024-09-12T11:10:23.397+0000] {task_command.py:423} INFO - Running <TaskInstance: shopeefood_crawl_and_report.send_report scheduled__2024-09-11T00:00:00+00:00 [running]> on host bc7cb9c82b76
[2024-09-12T11:10:23.500+0000] {taskinstance.py:2513} INFO - Exporting env vars: AIRFLOW_CTX_DAG_OWNER='***' AIRFLOW_CTX_DAG_ID='shopeefood_crawl_and_report' AIRFLOW_CTX_TASK_ID='send_report' AIRFLOW_CTX_EXECUTION_DATE='2024-09-11T00:00:00+00:00' AIRFLOW_CTX_TRY_NUMBER='1' AIRFLOW_CTX_DAG_RUN_ID='scheduled__2024-09-11T00:00:00+00:00'
[2024-09-12T11:10:27.723+0000] {logging_mixin.py:188} INFO - Email vừa được gửi thành công!
[2024-09-12T11:10:27.725+0000] {python.py:202} INFO - Done. Returned value was: None
[2024-09-12T11:10:27.737+0000] {taskinstance.py:1149} INFO - Marking task as SUCCESS. dag_id=shopeefood_crawl_and_report, task_id=send_report, execution_date=20240911T000000, start_date=20240912T111023, end_date=20240912T111027
[2024-09-12T11:10:27.782+0000] {local_task_job_runner.py:234} INFO - Task exited with return code 0
[2024-09-12T11:10:27.803+0000] {taskinstance.py:3312} INFO - 1 downstream tasks scheduled from follow-on schedule check
