[2024-09-12T09:30:06.765+0000] {taskinstance.py:1979} INFO - Dependencies all met for dep_context=non-requeueable deps ti=<TaskInstance: shopeefood_crawl_and_report.crawl_list_restaurant manual__2024-09-12T09:30:05.605148+00:00 [queued]>
[2024-09-12T09:30:06.773+0000] {taskinstance.py:1979} INFO - Dependencies all met for dep_context=requeueable deps ti=<TaskInstance: shopeefood_crawl_and_report.crawl_list_restaurant manual__2024-09-12T09:30:05.605148+00:00 [queued]>
[2024-09-12T09:30:06.774+0000] {taskinstance.py:2193} INFO - Starting attempt 1 of 2
[2024-09-12T09:30:06.786+0000] {taskinstance.py:2217} INFO - Executing <Task(PythonOperator): crawl_list_restaurant> on 2024-09-12 09:30:05.605148+00:00
[2024-09-12T09:30:06.791+0000] {standard_task_runner.py:60} INFO - Started process 2437 to run task
[2024-09-12T09:30:06.794+0000] {standard_task_runner.py:87} INFO - Running: ['***', 'tasks', 'run', 'shopeefood_crawl_and_report', 'crawl_list_restaurant', 'manual__2024-09-12T09:30:05.605148+00:00', '--job-id', '39', '--raw', '--subdir', 'DAGS_FOLDER/main_dag.py', '--cfg-path', '/tmp/tmpygmss6_q']
[2024-09-12T09:30:06.796+0000] {standard_task_runner.py:88} INFO - Job 39: Subtask crawl_list_restaurant
[2024-09-12T09:30:06.845+0000] {task_command.py:423} INFO - Running <TaskInstance: shopeefood_crawl_and_report.crawl_list_restaurant manual__2024-09-12T09:30:05.605148+00:00 [running]> on host cde7247848aa
[2024-09-12T09:30:06.915+0000] {taskinstance.py:2513} INFO - Exporting env vars: AIRFLOW_CTX_DAG_OWNER='***' AIRFLOW_CTX_DAG_ID='shopeefood_crawl_and_report' AIRFLOW_CTX_TASK_ID='crawl_list_restaurant' AIRFLOW_CTX_EXECUTION_DATE='2024-09-12T09:30:05.605148+00:00' AIRFLOW_CTX_TRY_NUMBER='1' AIRFLOW_CTX_DAG_RUN_ID='manual__2024-09-12T09:30:05.605148+00:00'
[2024-09-12T09:30:14.915+0000] {logging_mixin.py:188} INFO - Lỗi khi lấy thông tin cửa hàng: Message: no such element: Unable to locate element: {"method":"css selector","selector":".content-promotion"}
  (Session info: headless chrome=117.0.5938.132); For documentation on this error, please visit: https://www.selenium.dev/documentation/webdriver/troubleshooting/errors#no-such-element-exception
Stacktrace:
#0 0x5610549746b3 <unknown>
#1 0x56105464a1e7 <unknown>
#2 0x561054691566 <unknown>
#3 0x561054691651 <unknown>
#4 0x561054687046 <unknown>
#5 0x5610546b30ed <unknown>
#6 0x561054686f16 <unknown>
#7 0x5610546b328e <unknown>
#8 0x5610546cc322 <unknown>
#9 0x5610546b2e93 <unknown>
#10 0x561054685934 <unknown>
#11 0x56105468671e <unknown>
#12 0x561054939cb8 <unknown>
#13 0x56105493dbf0 <unknown>
#14 0x56105494819c <unknown>
#15 0x56105493e808 <unknown>
#16 0x56105490b27f <unknown>
#17 0x561054962e88 <unknown>
#18 0x561054963059 <unknown>
#19 0x561054973843 <unknown>
#20 0x7fa9749cf609 start_thread
[2024-09-12T09:30:19.652+0000] {python.py:202} INFO - Done. Returned value was: [['Bếp Việt - Cơm Văn Phòng - Đông Thiên', 'Giảm hết 10%', 'https://shopeefood.vn/ha-noi/bep-viet-com-van-phong-dong-thien'], ['Trà Sữa Tocotoco - Nguyễn Hoàng', 'Đồng giá 29k', 'https://shopeefood.vn/ha-noi/tra-sua-tocotoco-nguyen-hoang'], ['Bún Thủy - Trần Nhật Duật', 'Giảm món', 'https://shopeefood.vn/ha-noi/bun-thuy-tran-nhat-duat'], ['Texas Chicken - Aeon Mall Hà Đông', 'Giảm món', 'https://shopeefood.vn/ha-noi/texas-chicken-aeon-mall-ha-dong'], ['Long Wang Cơ Sở 1 - Dim Sum Hongkong - 84 Ngọc Khánh', 'Giảm món', 'https://shopeefood.vn/ha-noi/long-wang-co-so-1-dim-sum-hongkong-84-ngoc-khanh'], ['Korea House - Đồ Ăn Hàn Quốc Và Cơm Trộn - Ngõ Chùa Liên Phái', 'Giảm giá 20%', 'https://shopeefood.vn/ha-noi/korea-house-do-an-han-quoc-va-com-tron-ngo-chua-lien-phai'], ['Tiệm Gà Rán Óng Ánh - Chùa Láng', 'Giảm món', 'https://shopeefood.vn/ha-noi/tiem-ga-ran-ong-anh-chua-lang'], ['Trà Sữa Seko Tea - Mễ Trì Thượng', 'Giảm hết 50%', 'https://shopeefood.vn/ha-noi/seko-tea-tra-sua-dai-loan'], ['Royal Tea - Trà Sữa Trân Châu - Hồ Tùng Mậu', 'Giảm hết 40%', 'https://shopeefood.vn/ha-noi/royal-tea-tra-sua-tran-chau-ho-tung-mau'], ['Trà sữa LeeTee - Kem Trứng & Trà Hoa Quả - Láng Hạ', 'Giảm hết 40%', 'https://shopeefood.vn/ha-noi/tra-sua-leetee-kem-trung-tra-hoa-qua-lang-ha'], ['Trà Sữa Tocotoco - Thiên Đường Bảo Sơn', 'Giảm món', 'https://shopeefood.vn/ha-noi/tra-sua-tocotoco-thien-duong-bao-son'], ['Bánh Mì Bắp - Gà Popcorn & Bánh Mì Gà Nem - Trần Quang Diệu', 'Giảm hết 15%', 'https://shopeefood.vn/ha-noi/banh-mi-bap-ga-popcorn-banh-mi-ga-nem-tran-quang-dieu'], ['Master Tea 美茶 - Bồ Đề', 'Giảm món', 'https://shopeefood.vn/ha-noi/master-tea-%E7%BE%8E%E8%8C%B6-bo-de'], ['Trà Sữa Royaltea - Lê Lai', 'Giảm hết 50%', 'https://shopeefood.vn/ha-noi/tra-sua-royaltea-le-lai'], ['Bếp Mẹ Thỏ - Bún, Miến & Phở Trộn Online', 'Giảm hết 10%', 'https://shopeefood.vn/ha-noi/bep-me-tho-bun-mien-pho-tron-online'], ['Kem Dairy Queen - Royal City', 'Giảm món', 'https://shopeefood.vn/ha-noi/dairy-queen-royal-city'], ["Kem Swensen's - Times City", 'Giảm món', 'https://shopeefood.vn/ha-noi/kem-swensen-s-times-city'], ['Tiệm Cơm ChisnBa - Cơm Rang Zòn - Hai Bà Trưng', 'Giảm hết 15%', 'https://shopeefood.vn/ha-noi/tiem-com-chisnba-com-rang-zon-hai-ba-trung'], ['Trà Chanh Dương Dương - Mì Cay, Tokbokki - Shop Online', 'Giảm món', 'https://shopeefood.vn/ha-noi/tra-chanh-duong-duong-mi-cay-tokbokki-shop-online'], ['Gà Rán Five Star - 04 Yên Hòa', 'Giảm món', 'https://shopeefood.vn/ha-noi/ga-ran-five-star-04-yen-hoa'], ['Mỳ Cay Ngõ - Đồng Me', 'Giảm món', 'https://shopeefood.vn/ha-noi/my-cay-ngo-dong-me'], ['The Pizza Company - Đoàn Trần Nghiệp', 'Giảm món', 'https://shopeefood.vn/ha-noi/the-pizza-company-doan-tran-nghiep'], ['Tâm Anh - Nem Nướng Nha Trang - Ngõ Chùa Đối Diện 228 Mễ Trì Thượng', 'Giảm món', 'https://shopeefood.vn/ha-noi/tam-anh-nem-nuong-nha-trang-ngo-chua-doi-dien-228-me-tri-thuong'], ['YH.TANG - Đệ Nhất Trà Sữa Nướng - Trần Phú', 'Giảm hết 5%', 'https://shopeefood.vn/ha-noi/yh-tang-de-nhat-tra-sua-nuong-tran-phu'], ['Bonchon Chicken - Lạc Long Quân', 'Giảm món', 'https://shopeefood.vn/ha-noi/bonchon-chicken-lac-long-quan'], ['Bếp Mẹ Su - Phở Tíu - Shop Online - Lạc Long Quân', 'Giảm hết 22%', 'https://shopeefood.vn/ha-noi/bep-me-su-pho-tiu-shop-online-lac-long-quan'], ['Vịt 29 - Vịt Quay Bắc Kinh - Bạch Mai', 'Giảm món', 'https://shopeefood.vn/ha-noi/vit-29-vit-quay-bac-kinh-bach-mai'], ["Trà Sữa Taster's Choice - Hà Đông", 'Giảm món', 'https://shopeefood.vn/ha-noi/tra-sua-taster-s-choice-ha-dong'], ['Highlands Coffee - Trà, Cà Phê & Bánh - Eco Lake View', 'Giảm món', 'https://shopeefood.vn/ha-noi/highlands-coffee-tra-ca-phe-banh-eco-lake-view'], ['The Alley - Trà Sữa Đài Loan - 48 Trần Phú', 'Giảm món', 'https://shopeefood.vn/ha-noi/the-alley-tra-sua-dai-loan-tran-phu'], ['Trà Sữa Tocotoco - Phú Diễn', 'Giảm hết 30%', 'https://shopeefood.vn/ha-noi/tra-sua-tocotoco-phu-dien'], ['Nọng FOOD - Mì Trộn Indomie & Trà Chanh - Kim Giang', 'Giảm món', 'https://shopeefood.vn/ha-noi/noong-food-my-tron-indomie-tra-chanh-kim-giang'], ['PiPo Quán - Bánh Tráng Cuốn Thịt Heo', 'Giảm món', 'https://shopeefood.vn/ha-noi/pipo-quan-banh-trang-cuon-thit-heo'], ['Gà Rán KFC - Hồ Gươm Plaza', 'Giảm món', 'https://shopeefood.vn/ha-noi/kfc-ho-guom-plaza'], ['Bánh Tráng Trộn 98 - Chùa Láng', 'Giảm món', 'https://shopeefood.vn/ha-noi/banh-trang-tron-98-chua-lang'], ['Snap Food - Cơm, Bún & Bánh Mì Healthy - Tôn Đức Thắng', 'Giảm món', 'https://shopeefood.vn/ha-noi/snap-food-com-bun-banh-mi-healthy-ton-duc-thang'], ['TOUS les JOURS - Lý Thường Kiệt', 'Giảm món', 'https://shopeefood.vn/ha-noi/tous-les-jours-ly-thuong-kiet'], ['Anh Béo - Bún & Bánh Đa Trộn - Vĩnh Hưng', 'Giảm món', 'https://shopeefood.vn/ha-noi/anh-beo-bun-banh-da-tron-vinh-hung'], ['Ốc Hương Trang® - 139B Lê Hồng Phong', 'Giảm món', 'https://shopeefood.vn/ha-noi/oc-huong-trang-139b-le-hong-phong'], ['Guu Chicken - Cơm Gà & Gà Rán - Tam Khương', 'Giảm món', 'https://shopeefood.vn/ha-noi/guu-chicken-com-ga-ga-ran-tam-khuong'], ['Gugsumi - Bún Trộn Healthy - Khương Trung', 'Giảm món', 'https://shopeefood.vn/ha-noi/gugsumi-bun-tron-healthy-khuong-trung'], ['Cháo, Bánh Gối, Óc Hầm & Đồ Ăn Vặt - Trần Thái Tông', 'Giảm món', 'https://shopeefood.vn/ha-noi/chao-banh-goi-oc-ham-do-an-vat-tran-thai-tong'], ['Xôi Yến - Bách Khoa', 'Giảm món', 'https://shopeefood.vn/ha-noi/xoi-yen-bach-khoa'], ['Quán Ăn Hợp Tác Xã & Cơm Niêu - Tây Sơn', 'Giảm món', 'https://shopeefood.vn/ha-noi/quan-an-hop-tac-xa-com-nieu-tay-son'], ['Pepperonis Pizza - Lê Duẩn', 'Giảm món', 'https://shopeefood.vn/ha-noi/pepperonis-pizza-le-duan'], ['Hương Vị Việt - Gà Rán & Gà Ủ Muối - Bùi Xương Trạch', 'Giảm món', 'https://shopeefood.vn/ha-noi/huong-vi-viet-ga-ran-ga-u-muoi-bui-xuong-trach'], ['Gà Rán & Gà Ủ Muối Hoa Tiêu - Hoàng Ngân', 'Giảm món', 'https://shopeefood.vn/ha-noi/ga-ran-ga-u-muoi-hoa-tieu-hoang-ngan'], ['Cơm Thố Bách Khoa - Khâm Thiên', 'Giảm món', 'https://shopeefood.vn/ha-noi/com-tho-bach-khoa-kham-thien'], ['Bún Đậu Mai Dung', 'Giảm món', 'https://shopeefood.vn/ha-noi/bun-dau-mai-dung'], ['Bin Bon - Mì Trộn Indomie - Kim Giang', 'Giảm món', 'https://shopeefood.vn/ha-noi/bin-bon-mi-tron-indomie-kim-giang'], ["Al Fresco's - Pizza, Mỳ Ý, Sườn, Steak Bò Bít Tết - Hai Bà Trưng", 'Giảm món', 'https://shopeefood.vn/ha-noi/al-fresco-s-hai-ba-trung'], ['Anh Béo - Bún Miến Ngan - Trần Quốc Vượng', 'Giảm món', 'https://shopeefood.vn/ha-noi/anh-beo-bun-mien-ngan-tran-quoc-vuong'], ['Bún Đậu Mẹt Minh Thư - Văn Minh', 'Giảm món', 'https://shopeefood.vn/ha-noi/bun-dau-met-minh-thu-van-minh'], ['Minh Phương - Nem Nướng Nha Trang', 'Giảm món', 'https://shopeefood.vn/ha-noi/minh-phuong-nem-nuong-nha-trang'], ['Mì Trộn Indomie Gấu Bé - 5b 92/31 Nguyễn Khánh Toàn', 'Giảm món', 'https://shopeefood.vn/ha-noi/mi-tron-indomie-gau-be-5b-92-31-nguyen-khanh-toan'], ['Cô Ba - Nem Nướng Nha Trang - Minh Khai', 'Giảm món', 'https://shopeefood.vn/ha-noi/co-ba-nem-nuong-nha-trang-minh-khai'], ['Pizza Ông Tây - Đỗ Quang', 'Giảm món', 'https://shopeefood.vn/ha-noi/pizza-ong-tay-do-quang'], ['Hà Béo - Ăn Vặt Các Loại', 'Giảm món', 'https://shopeefood.vn/ha-noi/ha-beo-an-vat-cac-loai'], ['Tim Food - Mì Trộn Indomie & Đồ Ăn Vặt - Hồng Hà', 'Giảm món', 'https://shopeefood.vn/ha-noi/tim-food-mi-tron-indomie-do-an-vat-hong-ha']]
[2024-09-12T09:30:19.677+0000] {taskinstance.py:1149} INFO - Marking task as SUCCESS. dag_id=shopeefood_crawl_and_report, task_id=crawl_list_restaurant, execution_date=20240912T093005, start_date=20240912T093006, end_date=20240912T093019
[2024-09-12T09:30:19.700+0000] {local_task_job_runner.py:234} INFO - Task exited with return code 0
[2024-09-12T09:30:19.722+0000] {taskinstance.py:3312} INFO - 1 downstream tasks scheduled from follow-on schedule check
