[2024-09-12T11:24:46.941+0000] {taskinstance.py:1979} INFO - Dependencies all met for dep_context=non-requeueable deps ti=<TaskInstance: shopeefood_crawl_and_report.process_report manual__2024-09-12T11:20:26.972649+00:00 [queued]>
[2024-09-12T11:24:46.951+0000] {taskinstance.py:1979} INFO - Dependencies all met for dep_context=requeueable deps ti=<TaskInstance: shopeefood_crawl_and_report.process_report manual__2024-09-12T11:20:26.972649+00:00 [queued]>
[2024-09-12T11:24:46.952+0000] {taskinstance.py:2193} INFO - Starting attempt 1 of 2
[2024-09-12T11:24:46.967+0000] {taskinstance.py:2217} INFO - Executing <Task(PythonOperator): process_report> on 2024-09-12 11:20:26.972649+00:00
[2024-09-12T11:24:46.972+0000] {standard_task_runner.py:60} INFO - Started process 2088 to run task
[2024-09-12T11:24:46.975+0000] {standard_task_runner.py:87} INFO - Running: ['***', 'tasks', 'run', 'shopeefood_crawl_and_report', 'process_report', 'manual__2024-09-12T11:20:26.972649+00:00', '--job-id', '15', '--raw', '--subdir', 'DAGS_FOLDER/main_dag.py', '--cfg-path', '/tmp/tmpgip6_3e3']
[2024-09-12T11:24:46.977+0000] {standard_task_runner.py:88} INFO - Job 15: Subtask process_report
[2024-09-12T11:24:47.025+0000] {task_command.py:423} INFO - Running <TaskInstance: shopeefood_crawl_and_report.process_report manual__2024-09-12T11:20:26.972649+00:00 [running]> on host bc7cb9c82b76
[2024-09-12T11:24:47.201+0000] {taskinstance.py:2513} INFO - Exporting env vars: AIRFLOW_CTX_DAG_OWNER='***' AIRFLOW_CTX_DAG_ID='shopeefood_crawl_and_report' AIRFLOW_CTX_TASK_ID='process_report' AIRFLOW_CTX_EXECUTION_DATE='2024-09-12T11:20:26.972649+00:00' AIRFLOW_CTX_TRY_NUMBER='1' AIRFLOW_CTX_DAG_RUN_ID='manual__2024-09-12T11:20:26.972649+00:00'
[2024-09-12T11:24:47.259+0000] {python.py:202} INFO - Done. Returned value was:          Khu vực  ...  Khoảng giá trung bình (Vnđ)
0        Ba Đình  ...             18,750 - 106,250
1    Bắc Từ Liêm  ...             26,200 - 185,000
2       Cầu Giấy  ...              30,500 - 98,438
3        Gia Lâm  ...              12,000 - 30,000
4   Hai Bà Trưng  ...             32,235 - 143,118
5       Hoài Đức  ...              17,500 - 35,000
6      Hoàn Kiếm  ...              20,000 - 53,333
7      Hoàng Mai  ...             19,250 - 673,375
8        Hà Đông  ...              30,545 - 88,182
9      Long Biên  ...              26,667 - 43,333
10   Nam Từ Liêm  ...              20,400 - 84,000
11     Thanh Trì  ...             28,000 - 150,000
12    Thanh Xuân  ...              31,500 - 74,833
13        Tây Hồ  ...              30,000 - 60,000
14       Đống Đa  ...              20,536 - 92,286

[15 rows x 5 columns]
[2024-09-12T11:24:47.300+0000] {taskinstance.py:1149} INFO - Marking task as SUCCESS. dag_id=shopeefood_crawl_and_report, task_id=process_report, execution_date=20240912T112026, start_date=20240912T112446, end_date=20240912T112447
[2024-09-12T11:24:47.351+0000] {local_task_job_runner.py:234} INFO - Task exited with return code 0
[2024-09-12T11:24:47.377+0000] {taskinstance.py:3312} INFO - 1 downstream tasks scheduled from follow-on schedule check
