[2024-09-12T14:40:12.561+0000] {taskinstance.py:1979} INFO - Dependencies all met for dep_context=non-requeueable deps ti=<TaskInstance: shopeefood_crawl_and_report.process_report manual__2024-09-12T14:31:53.915083+00:00 [queued]>
[2024-09-12T14:40:12.582+0000] {taskinstance.py:1979} INFO - Dependencies all met for dep_context=requeueable deps ti=<TaskInstance: shopeefood_crawl_and_report.process_report manual__2024-09-12T14:31:53.915083+00:00 [queued]>
[2024-09-12T14:40:12.582+0000] {taskinstance.py:2193} INFO - Starting attempt 1 of 2
[2024-09-12T14:40:12.599+0000] {taskinstance.py:2217} INFO - Executing <Task(PythonOperator): process_report> on 2024-09-12 14:31:53.915083+00:00
[2024-09-12T14:40:12.611+0000] {standard_task_runner.py:60} INFO - Started process 15914 to run task
[2024-09-12T14:40:12.615+0000] {standard_task_runner.py:87} INFO - Running: ['***', 'tasks', 'run', 'shopeefood_crawl_and_report', 'process_report', 'manual__2024-09-12T14:31:53.915083+00:00', '--job-id', '100', '--raw', '--subdir', 'DAGS_FOLDER/main_dag.py', '--cfg-path', '/tmp/tmpqbwc10oc']
[2024-09-12T14:40:12.618+0000] {standard_task_runner.py:88} INFO - Job 100: Subtask process_report
[2024-09-12T14:40:12.675+0000] {task_command.py:423} INFO - Running <TaskInstance: shopeefood_crawl_and_report.process_report manual__2024-09-12T14:31:53.915083+00:00 [running]> on host bc7cb9c82b76
[2024-09-12T14:40:12.919+0000] {taskinstance.py:2513} INFO - Exporting env vars: AIRFLOW_CTX_DAG_OWNER='***' AIRFLOW_CTX_DAG_ID='shopeefood_crawl_and_report' AIRFLOW_CTX_TASK_ID='process_report' AIRFLOW_CTX_EXECUTION_DATE='2024-09-12T14:31:53.915083+00:00' AIRFLOW_CTX_TRY_NUMBER='1' AIRFLOW_CTX_DAG_RUN_ID='manual__2024-09-12T14:31:53.915083+00:00'
[2024-09-12T14:40:13.031+0000] {python.py:202} INFO - Done. Returned value was:          Khu vực  ...  Khoảng giá trung bình (Vnđ)
0        Ba Đình  ...              22,000 - 92,000
1    Bắc Từ Liêm  ...              23,667 - 56,667
2       Cầu Giấy  ...              33,833 - 81,667
3   Hai Bà Trưng  ...              30,571 - 71,429
4      Hoàng Mai  ...              20,000 - 50,000
5        Hà Đông  ...              27,500 - 42,500
6      Long Biên  ...              30,000 - 40,000
7    Nam Từ Liêm  ...             16,333 - 370,000
8     Thanh Xuân  ...              22,500 - 75,000
9         Tây Hồ  ...              5,000 - 500,000
10       Unknown  ...              26,667 - 68,333
11       Đống Đa  ...              25,182 - 79,273

[12 rows x 5 columns]
[2024-09-12T14:40:13.110+0000] {taskinstance.py:1149} INFO - Marking task as SUCCESS. dag_id=shopeefood_crawl_and_report, task_id=process_report, execution_date=20240912T143153, start_date=20240912T144012, end_date=20240912T144013
[2024-09-12T14:40:13.152+0000] {local_task_job_runner.py:234} INFO - Task exited with return code 0
[2024-09-12T14:40:13.184+0000] {taskinstance.py:3312} INFO - 1 downstream tasks scheduled from follow-on schedule check
