[2024-09-12T13:14:11.497+0000] {taskinstance.py:1979} INFO - Dependencies all met for dep_context=non-requeueable deps ti=<TaskInstance: shopeefood_crawl_and_report.process_report manual__2024-09-12T13:09:42.000661+00:00 [queued]>
[2024-09-12T13:14:11.511+0000] {taskinstance.py:1979} INFO - Dependencies all met for dep_context=requeueable deps ti=<TaskInstance: shopeefood_crawl_and_report.process_report manual__2024-09-12T13:09:42.000661+00:00 [queued]>
[2024-09-12T13:14:11.513+0000] {taskinstance.py:2193} INFO - Starting attempt 1 of 2
[2024-09-12T13:14:11.539+0000] {taskinstance.py:2217} INFO - Executing <Task(PythonOperator): process_report> on 2024-09-12 13:09:42.000661+00:00
[2024-09-12T13:14:11.547+0000] {standard_task_runner.py:60} INFO - Started process 9923 to run task
[2024-09-12T13:14:11.552+0000] {standard_task_runner.py:87} INFO - Running: ['***', 'tasks', 'run', 'shopeefood_crawl_and_report', 'process_report', 'manual__2024-09-12T13:09:42.000661+00:00', '--job-id', '76', '--raw', '--subdir', 'DAGS_FOLDER/main_dag.py', '--cfg-path', '/tmp/tmpdv5an880']
[2024-09-12T13:14:11.556+0000] {standard_task_runner.py:88} INFO - Job 76: Subtask process_report
[2024-09-12T13:14:11.628+0000] {task_command.py:423} INFO - Running <TaskInstance: shopeefood_crawl_and_report.process_report manual__2024-09-12T13:09:42.000661+00:00 [running]> on host bc7cb9c82b76
[2024-09-12T13:14:11.953+0000] {taskinstance.py:2513} INFO - Exporting env vars: AIRFLOW_CTX_DAG_OWNER='***' AIRFLOW_CTX_DAG_ID='shopeefood_crawl_and_report' AIRFLOW_CTX_TASK_ID='process_report' AIRFLOW_CTX_EXECUTION_DATE='2024-09-12T13:09:42.000661+00:00' AIRFLOW_CTX_TRY_NUMBER='1' AIRFLOW_CTX_DAG_RUN_ID='manual__2024-09-12T13:09:42.000661+00:00'
[2024-09-12T13:14:12.035+0000] {python.py:202} INFO - Done. Returned value was:          Khu vực  ...  Khoảng giá trung bình (Vnđ)
0        Ba Đình  ...             18,778 - 201,556
1    Bắc Từ Liêm  ...             28,000 - 164,167
2       Cầu Giấy  ...              27,889 - 78,556
3   Hai Bà Trưng  ...             30,864 - 121,773
4       Hoài Đức  ...              17,500 - 35,000
5      Hoàn Kiếm  ...              20,000 - 53,333
6      Hoàng Mai  ...              16,000 - 87,200
7        Hà Đông  ...              28,643 - 80,714
8      Long Biên  ...              26,667 - 43,333
9    Nam Từ Liêm  ...             21,400 - 207,900
10     Thanh Trì  ...             28,000 - 150,000
11    Thanh Xuân  ...              27,000 - 71,000
12        Tây Hồ  ...              30,000 - 60,000
13       Đống Đa  ...              24,833 - 91,778

[14 rows x 5 columns]
[2024-09-12T13:14:12.103+0000] {taskinstance.py:1149} INFO - Marking task as SUCCESS. dag_id=shopeefood_crawl_and_report, task_id=process_report, execution_date=20240912T130942, start_date=20240912T131411, end_date=20240912T131412
[2024-09-12T13:14:12.170+0000] {local_task_job_runner.py:234} INFO - Task exited with return code 0
[2024-09-12T13:14:12.204+0000] {taskinstance.py:3312} INFO - 1 downstream tasks scheduled from follow-on schedule check
