[2024-09-12T09:16:15.985+0000] {taskinstance.py:1979} INFO - Dependencies all met for dep_context=non-requeueable deps ti=<TaskInstance: shopeefood_crawl_and_report.crawl_list_restaurant manual__2024-09-12T09:16:14.482870+00:00 [queued]>
[2024-09-12T09:16:15.992+0000] {taskinstance.py:1979} INFO - Dependencies all met for dep_context=requeueable deps ti=<TaskInstance: shopeefood_crawl_and_report.crawl_list_restaurant manual__2024-09-12T09:16:14.482870+00:00 [queued]>
[2024-09-12T09:16:15.993+0000] {taskinstance.py:2193} INFO - Starting attempt 1 of 2
[2024-09-12T09:16:16.005+0000] {taskinstance.py:2217} INFO - Executing <Task(PythonOperator): crawl_list_restaurant> on 2024-09-12 09:16:14.482870+00:00
[2024-09-12T09:16:16.011+0000] {standard_task_runner.py:60} INFO - Started process 1592 to run task
[2024-09-12T09:16:16.016+0000] {standard_task_runner.py:87} INFO - Running: ['***', 'tasks', 'run', 'shopeefood_crawl_and_report', 'crawl_list_restaurant', 'manual__2024-09-12T09:16:14.482870+00:00', '--job-id', '25', '--raw', '--subdir', 'DAGS_FOLDER/main_dag.py', '--cfg-path', '/tmp/tmprhi1ibu5']
[2024-09-12T09:16:16.018+0000] {standard_task_runner.py:88} INFO - Job 25: Subtask crawl_list_restaurant
[2024-09-12T09:16:16.089+0000] {task_command.py:423} INFO - Running <TaskInstance: shopeefood_crawl_and_report.crawl_list_restaurant manual__2024-09-12T09:16:14.482870+00:00 [running]> on host cde7247848aa
[2024-09-12T09:16:16.167+0000] {taskinstance.py:2513} INFO - Exporting env vars: AIRFLOW_CTX_DAG_OWNER='***' AIRFLOW_CTX_DAG_ID='shopeefood_crawl_and_report' AIRFLOW_CTX_TASK_ID='crawl_list_restaurant' AIRFLOW_CTX_EXECUTION_DATE='2024-09-12T09:16:14.482870+00:00' AIRFLOW_CTX_TRY_NUMBER='1' AIRFLOW_CTX_DAG_RUN_ID='manual__2024-09-12T09:16:14.482870+00:00'
[2024-09-12T09:16:34.340+0000] {logging_mixin.py:188} INFO - Lỗi khi chờ đợi sản phẩm: Message:
[2024-09-12T09:16:34.376+0000] {logging_mixin.py:188} INFO - Lỗi khi chuyển trang hoặc crawl trang: Message: no such element: Unable to locate element: {"method":"css selector","selector":"a[href="#"] .icon-paging-next"}
  (Session info: headless chrome=117.0.5938.132); For documentation on this error, please visit: https://www.selenium.dev/documentation/webdriver/troubleshooting/errors#no-such-element-exception
Stacktrace:
#0 0x5618ceffb6b3 <unknown>
#1 0x5618cecd11e7 <unknown>
#2 0x5618ced18566 <unknown>
#3 0x5618ced18651 <unknown>
#4 0x5618ced55a74 <unknown>
#5 0x5618ced3a0ed <unknown>
#6 0x5618ced53322 <unknown>
#7 0x5618ced39e93 <unknown>
#8 0x5618ced0c934 <unknown>
#9 0x5618ced0d71e <unknown>
#10 0x5618cefc0cb8 <unknown>
#11 0x5618cefc4bf0 <unknown>
#12 0x5618cefcf19c <unknown>
#13 0x5618cefc5808 <unknown>
#14 0x5618cef9227f <unknown>
#15 0x5618cefe9e88 <unknown>
#16 0x5618cefea059 <unknown>
#17 0x5618ceffa843 <unknown>
#18 0x7f0298d39609 start_thread
[2024-09-12T09:16:34.546+0000] {python.py:202} INFO - Done. Returned value was: []
[2024-09-12T09:16:34.680+0000] {taskinstance.py:1149} INFO - Marking task as SUCCESS. dag_id=shopeefood_crawl_and_report, task_id=crawl_list_restaurant, execution_date=20240912T091614, start_date=20240912T091615, end_date=20240912T091634
[2024-09-12T09:16:34.705+0000] {local_task_job_runner.py:234} INFO - Task exited with return code 0
[2024-09-12T09:16:34.725+0000] {taskinstance.py:3312} INFO - 1 downstream tasks scheduled from follow-on schedule check
