[2024-09-12T15:33:20.406+0000] {taskinstance.py:1979} INFO - Dependencies all met for dep_context=non-requeueable deps ti=<TaskInstance: shopeefood_crawl_and_report.process_report manual__2024-09-12T15:18:36.597650+00:00 [queued]>
[2024-09-12T15:33:20.420+0000] {taskinstance.py:1979} INFO - Dependencies all met for dep_context=requeueable deps ti=<TaskInstance: shopeefood_crawl_and_report.process_report manual__2024-09-12T15:18:36.597650+00:00 [queued]>
[2024-09-12T15:33:20.421+0000] {taskinstance.py:2193} INFO - Starting attempt 1 of 2
[2024-09-12T15:33:20.439+0000] {taskinstance.py:2217} INFO - Executing <Task(PythonOperator): process_report> on 2024-09-12 15:18:36.597650+00:00
[2024-09-12T15:33:20.448+0000] {standard_task_runner.py:60} INFO - Started process 19149 to run task
[2024-09-12T15:33:20.452+0000] {standard_task_runner.py:87} INFO - Running: ['***', 'tasks', 'run', 'shopeefood_crawl_and_report', 'process_report', 'manual__2024-09-12T15:18:36.597650+00:00', '--job-id', '138', '--raw', '--subdir', 'DAGS_FOLDER/main_dag.py', '--cfg-path', '/tmp/tmp866p_k3z']
[2024-09-12T15:33:20.455+0000] {standard_task_runner.py:88} INFO - Job 138: Subtask process_report
[2024-09-12T15:33:20.515+0000] {task_command.py:423} INFO - Running <TaskInstance: shopeefood_crawl_and_report.process_report manual__2024-09-12T15:18:36.597650+00:00 [running]> on host bc7cb9c82b76
[2024-09-12T15:33:20.819+0000] {taskinstance.py:2513} INFO - Exporting env vars: AIRFLOW_CTX_DAG_OWNER='***' AIRFLOW_CTX_DAG_ID='shopeefood_crawl_and_report' AIRFLOW_CTX_TASK_ID='process_report' AIRFLOW_CTX_EXECUTION_DATE='2024-09-12T15:18:36.597650+00:00' AIRFLOW_CTX_TRY_NUMBER='1' AIRFLOW_CTX_DAG_RUN_ID='manual__2024-09-12T15:18:36.597650+00:00'
[2024-09-12T15:33:20.934+0000] {python.py:202} INFO - Done. Returned value was:          Khu vực  ...  Khoảng giá trung bình (Vnđ)
0        Ba Đình  ...              13,889 - 80,556
1    Bắc Từ Liêm  ...              23,300 - 60,500
2       Cầu Giấy  ...              26,000 - 69,192
3        Gia Lâm  ...              12,000 - 30,000
4   Hai Bà Trưng  ...              23,000 - 62,231
5       Hoài Đức  ...              17,500 - 35,000
6      Hoàn Kiếm  ...              20,000 - 55,000
7      Hoàng Mai  ...              20,125 - 60,438
8        Hà Đông  ...              23,381 - 69,524
9      Long Biên  ...              26,000 - 51,000
10   Nam Từ Liêm  ...             19,957 - 176,913
11     Thanh Trì  ...             18,200 - 146,000
12    Thanh Xuân  ...              28,048 - 62,571
13        Tây Hồ  ...             18,333 - 215,000
14       Đống Đa  ...             26,667 - 102,633

[15 rows x 5 columns]
[2024-09-12T15:33:20.987+0000] {taskinstance.py:1149} INFO - Marking task as SUCCESS. dag_id=shopeefood_crawl_and_report, task_id=process_report, execution_date=20240912T151836, start_date=20240912T153320, end_date=20240912T153320
[2024-09-12T15:33:21.029+0000] {local_task_job_runner.py:234} INFO - Task exited with return code 0
[2024-09-12T15:33:21.066+0000] {taskinstance.py:3312} INFO - 1 downstream tasks scheduled from follow-on schedule check
