[2024-09-12T08:57:41.579+0000] {taskinstance.py:1979} INFO - Dependencies all met for dep_context=non-requeueable deps ti=<TaskInstance: shopeefood_crawl_and_report.process_report manual__2024-09-12T08:55:41.646976+00:00 [queued]>
[2024-09-12T08:57:41.593+0000] {taskinstance.py:1979} INFO - Dependencies all met for dep_context=requeueable deps ti=<TaskInstance: shopeefood_crawl_and_report.process_report manual__2024-09-12T08:55:41.646976+00:00 [queued]>
[2024-09-12T08:57:41.594+0000] {taskinstance.py:2193} INFO - Starting attempt 1 of 2
[2024-09-12T08:57:41.615+0000] {taskinstance.py:2217} INFO - Executing <Task(PythonOperator): process_report> on 2024-09-12 08:55:41.646976+00:00
[2024-09-12T08:57:41.623+0000] {standard_task_runner.py:60} INFO - Started process 434 to run task
[2024-09-12T08:57:41.628+0000] {standard_task_runner.py:87} INFO - Running: ['***', 'tasks', 'run', 'shopeefood_crawl_and_report', 'process_report', 'manual__2024-09-12T08:55:41.646976+00:00', '--job-id', '7', '--raw', '--subdir', 'DAGS_FOLDER/main_dag.py', '--cfg-path', '/tmp/tmp7eca3qzc']
[2024-09-12T08:57:41.632+0000] {standard_task_runner.py:88} INFO - Job 7: Subtask process_report
[2024-09-12T08:57:41.706+0000] {task_command.py:423} INFO - Running <TaskInstance: shopeefood_crawl_and_report.process_report manual__2024-09-12T08:55:41.646976+00:00 [running]> on host cde7247848aa
[2024-09-12T08:57:41.807+0000] {taskinstance.py:2513} INFO - Exporting env vars: AIRFLOW_CTX_DAG_OWNER='***' AIRFLOW_CTX_DAG_ID='shopeefood_crawl_and_report' AIRFLOW_CTX_TASK_ID='process_report' AIRFLOW_CTX_EXECUTION_DATE='2024-09-12T08:55:41.646976+00:00' AIRFLOW_CTX_TRY_NUMBER='1' AIRFLOW_CTX_DAG_RUN_ID='manual__2024-09-12T08:55:41.646976+00:00'
[2024-09-12T08:57:42.062+0000] {python.py:202} INFO - Done. Returned value was:            Khu vực  ...  Khoảng giá trung bình (Vnđ)
0.0        Ba Đình  ...             17,250 - 169,750
1.0       Cầu Giấy  ...              20,000 - 63,333
2.0   Hai Bà Trưng  ...             62,000 - 470,000
3.0       Hoài Đức  ...              17,500 - 35,000
4.0      Hoàn Kiếm  ...              20,000 - 50,000
5.0      Hoàng Mai  ...              30,000 - 50,000
6.0        Hà Đông  ...             20,000 - 152,500
7.0      Long Biên  ...              30,000 - 50,000
8.0    Nam Từ Liêm  ...             22,333 - 256,333
9.0     Thanh Xuân  ...             50,000 - 100,000
NaN         Tây Hồ  ...                          NaN
10.0       Đống Đa  ...             32,500 - 152,500

[12 rows x 5 columns]
[2024-09-12T08:57:42.176+0000] {taskinstance.py:1149} INFO - Marking task as SUCCESS. dag_id=shopeefood_crawl_and_report, task_id=process_report, execution_date=20240912T085541, start_date=20240912T085741, end_date=20240912T085742
[2024-09-12T08:57:42.205+0000] {local_task_job_runner.py:234} INFO - Task exited with return code 0
[2024-09-12T08:57:42.235+0000] {taskinstance.py:3312} INFO - 1 downstream tasks scheduled from follow-on schedule check
